[0.632s] Invoking command in '/home/henrique/colcon_ws3/build/learning_tf2': CMAKE_PREFIX_PATH=${CMAKE_PREFIX_PATH}:/home/henrique/ros2_ws/install/temperature_system:/home/henrique/ros2_ws/install/temperature_monitor:/opt/ros/jazzy DEBUGINFOD_URLS=https://debuginfod.ubuntu.com /usr/bin/cmake --build /home/henrique/colcon_ws3/build/learning_tf2 -- -j2 -l2
[3.988s] [ 50%] Built target turtle_tf2_broadcaster
[5.493s] [100%] Built target turtle_tf2_listener_simple
[5.921s] Invoked command in '/home/henrique/colcon_ws3/build/learning_tf2' returned '0': CMAKE_PREFIX_PATH=${CMAKE_PREFIX_PATH}:/home/henrique/ros2_ws/install/temperature_system:/home/henrique/ros2_ws/install/temperature_monitor:/opt/ros/jazzy DEBUGINFOD_URLS=https://debuginfod.ubuntu.com /usr/bin/cmake --build /home/henrique/colcon_ws3/build/learning_tf2 -- -j2 -l2
[6.979s] Invoking command in '/home/henrique/colcon_ws3/build/learning_tf2': CMAKE_PREFIX_PATH=${CMAKE_PREFIX_PATH}:/home/henrique/ros2_ws/install/temperature_system:/home/henrique/ros2_ws/install/temperature_monitor:/opt/ros/jazzy DEBUGINFOD_URLS=https://debuginfod.ubuntu.com /usr/bin/cmake --install /home/henrique/colcon_ws3/build/learning_tf2
[7.586s] -- Install configuration: ""
[7.656s] -- Up-to-date: /home/henrique/colcon_ws3/install/learning_tf2/lib/learning_tf2/turtle_tf2_broadcaster
[7.727s] -- Up-to-date: /home/henrique/colcon_ws3/install/learning_tf2/lib/learning_tf2/turtle_tf2_listener_simple
[7.784s] -- Up-to-date: /home/henrique/colcon_ws3/install/learning_tf2/share/learning_tf2/launch
[7.840s] -- Up-to-date: /home/henrique/colcon_ws3/install/learning_tf2/share/learning_tf2/launch/tf2_broadcaster.launch.py
[7.891s] -- Up-to-date: /home/henrique/colcon_ws3/install/learning_tf2/share/learning_tf2/launch/turtle_tf2_demo2.launch.py
[7.934s] -- Up-to-date: /home/henrique/colcon_ws3/install/learning_tf2/share/learning_tf2/rviz
[7.935s] -- Up-to-date: /home/henrique/colcon_ws3/install/learning_tf2/share/learning_tf2/rviz/turtlesim_vis.rviz
[7.973s] -- Up-to-date: /home/henrique/colcon_ws3/install/learning_tf2/share/ament_index/resource_index/package_run_dependencies/learning_tf2
[7.974s] -- Up-to-date: /home/henrique/colcon_ws3/install/learning_tf2/share/ament_index/resource_index/parent_prefix_path/learning_tf2
[7.988s] -- Up-to-date: /home/henrique/colcon_ws3/install/learning_tf2/share/learning_tf2/environment/ament_prefix_path.sh
[7.988s] -- Up-to-date: /home/henrique/colcon_ws3/install/learning_tf2/share/learning_tf2/environment/ament_prefix_path.dsv
[7.992s] -- Up-to-date: /home/henrique/colcon_ws3/install/learning_tf2/share/learning_tf2/environment/path.sh
[8.005s] -- Up-to-date: /home/henrique/colcon_ws3/install/learning_tf2/share/learning_tf2/environment/path.dsv
[8.018s] -- Up-to-date: /home/henrique/colcon_ws3/install/learning_tf2/share/learning_tf2/local_setup.bash
[8.019s] -- Up-to-date: /home/henrique/colcon_ws3/install/learning_tf2/share/learning_tf2/local_setup.sh
[8.032s] -- Up-to-date: /home/henrique/colcon_ws3/install/learning_tf2/share/learning_tf2/local_setup.zsh
[8.041s] -- Up-to-date: /home/henrique/colcon_ws3/install/learning_tf2/share/learning_tf2/local_setup.dsv
[8.041s] -- Installing: /home/henrique/colcon_ws3/install/learning_tf2/share/learning_tf2/package.dsv
[8.054s] -- Up-to-date: /home/henrique/colcon_ws3/install/learning_tf2/share/ament_index/resource_index/packages/learning_tf2
[8.078s] -- Up-to-date: /home/henrique/colcon_ws3/install/learning_tf2/share/learning_tf2/cmake/ament_cmake_export_dependencies-extras.cmake
[8.087s] -- Up-to-date: /home/henrique/colcon_ws3/install/learning_tf2/share/learning_tf2/cmake/learning_tf2Config.cmake
[8.088s] -- Up-to-date: /home/henrique/colcon_ws3/install/learning_tf2/share/learning_tf2/cmake/learning_tf2Config-version.cmake
[8.110s] -- Up-to-date: /home/henrique/colcon_ws3/install/learning_tf2/share/learning_tf2/package.xml
[8.144s] Invoked command in '/home/henrique/colcon_ws3/build/learning_tf2' returned '0': CMAKE_PREFIX_PATH=${CMAKE_PREFIX_PATH}:/home/henrique/ros2_ws/install/temperature_system:/home/henrique/ros2_ws/install/temperature_monitor:/opt/ros/jazzy DEBUGINFOD_URLS=https://debuginfod.ubuntu.com /usr/bin/cmake --install /home/henrique/colcon_ws3/build/learning_tf2
