[ 50%] Built target publisher_class
[100%] Built target subscriber_class
-- Install configuration: ""
-- Up-to-date: /home/henrique/colcon_ws3/install/pubsub_custom_param/lib/pubsub_custom_param/publisher_class
-- Up-to-date: /home/henrique/colcon_ws3/install/pubsub_custom_param/lib/pubsub_custom_param/subscriber_class
-- Up-to-date: /home/henrique/colcon_ws3/install/pubsub_custom_param/share/pubsub_custom_param/launch
-- Up-to-date: /home/henrique/colcon_ws3/install/pubsub_custom_param/share/pubsub_custom_param/launch/pubsub_paramfile_launch.py
-- Up-to-date: /home/henrique/colcon_ws3/install/pubsub_custom_param/share/pubsub_custom_param/launch/pubsub_argument_launch.py
-- Up-to-date: /home/henrique/colcon_ws3/install/pubsub_custom_param/share/pubsub_custom_param/launch/pubsub_param_launch.py
-- Up-to-date: /home/henrique/colcon_ws3/install/pubsub_custom_param/share/pubsub_custom_param/launch/pubsub_launch.py
-- Up-to-date: /home/henrique/colcon_ws3/install/pubsub_custom_param/share/pubsub_custom_param/launch/pubsub_includer_launch.py
-- Up-to-date: /home/henrique/colcon_ws3/install/pubsub_custom_param/share/pubsub_custom_param/config
-- Up-to-date: /home/henrique/colcon_ws3/install/pubsub_custom_param/share/pubsub_custom_param/config/params.yaml
-- Up-to-date: /home/henrique/colcon_ws3/install/pubsub_custom_param/share/ament_index/resource_index/package_run_dependencies/pubsub_custom_param
-- Up-to-date: /home/henrique/colcon_ws3/install/pubsub_custom_param/share/ament_index/resource_index/parent_prefix_path/pubsub_custom_param
-- Up-to-date: /home/henrique/colcon_ws3/install/pubsub_custom_param/share/pubsub_custom_param/environment/ament_prefix_path.sh
-- Up-to-date: /home/henrique/colcon_ws3/install/pubsub_custom_param/share/pubsub_custom_param/environment/ament_prefix_path.dsv
-- Up-to-date: /home/henrique/colcon_ws3/install/pubsub_custom_param/share/pubsub_custom_param/environment/path.sh
-- Up-to-date: /home/henrique/colcon_ws3/install/pubsub_custom_param/share/pubsub_custom_param/environment/path.dsv
-- Up-to-date: /home/henrique/colcon_ws3/install/pubsub_custom_param/share/pubsub_custom_param/local_setup.bash
-- Up-to-date: /home/henrique/colcon_ws3/install/pubsub_custom_param/share/pubsub_custom_param/local_setup.sh
-- Up-to-date: /home/henrique/colcon_ws3/install/pubsub_custom_param/share/pubsub_custom_param/local_setup.zsh
-- Up-to-date: /home/henrique/colcon_ws3/install/pubsub_custom_param/share/pubsub_custom_param/local_setup.dsv
-- Installing: /home/henrique/colcon_ws3/install/pubsub_custom_param/share/pubsub_custom_param/package.dsv
-- Up-to-date: /home/henrique/colcon_ws3/install/pubsub_custom_param/share/ament_index/resource_index/packages/pubsub_custom_param
-- Up-to-date: /home/henrique/colcon_ws3/install/pubsub_custom_param/share/pubsub_custom_param/cmake/ament_cmake_export_dependencies-extras.cmake
-- Up-to-date: /home/henrique/colcon_ws3/install/pubsub_custom_param/share/pubsub_custom_param/cmake/pubsub_custom_paramConfig.cmake
-- Up-to-date: /home/henrique/colcon_ws3/install/pubsub_custom_param/share/pubsub_custom_param/cmake/pubsub_custom_paramConfig-version.cmake
-- Up-to-date: /home/henrique/colcon_ws3/install/pubsub_custom_param/share/pubsub_custom_param/package.xml
