[0.037s] Invoking command in '/home/henrique/colcon_ws3/build/pubsub_custom_param': CMAKE_PREFIX_PATH=/home/henrique/colcon_ws3/install/custom_interfaces:/home/henrique/colcon_ws3/install/urdf_tutorial:/home/henrique/colcon_ws3/install/rviz2_marker_demo:/home/henrique/colcon_ws3/install/pubsub_custom_param:/home/henrique/colcon_ws3/install/learning_tf2:/home/henrique/ros2_ws/install/simple_robot_description:/home/henrique/ros2_ws/install/my_robot_description:/opt/ros/jazzy/opt/gz_sim_vendor:/opt/ros/jazzy/opt/gz_sensors_vendor:/opt/ros/jazzy/opt/gz_physics_vendor:/opt/ros/jazzy/opt/sdformat_vendor:/opt/ros/jazzy/opt/gz_gui_vendor:/opt/ros/jazzy/opt/gz_transport_vendor:/opt/ros/jazzy/opt/gz_rendering_vendor:/opt/ros/jazzy/opt/gz_plugin_vendor:/opt/ros/jazzy/opt/gz_fuel_tools_vendor:/opt/ros/jazzy/opt/gz_msgs_vendor:/opt/ros/jazzy/opt/gz_common_vendor:/opt/ros/jazzy/opt/gz_math_vendor:/opt/ros/jazzy/opt/gz_utils_vendor:/opt/ros/jazzy/opt/gz_tools_vendor:/opt/ros/jazzy/opt/gz_ogre_next_vendor:/opt/ros/jazzy/opt/gz_dartsim_vendor:/opt/ros/jazzy/opt/gz_cmake_vendor:/home/henrique/ros2_ws/install/temperature_system:/home/henrique/ros2_ws/install/temperature_monitor:/opt/ros/jazzy DEBUGINFOD_URLS=https://debuginfod.ubuntu.com /usr/bin/cmake --build /home/henrique/colcon_ws3/build/pubsub_custom_param -- -j2 -l2
[0.187s] [ 50%] Built target publisher_class
[0.195s] [100%] Built target subscriber_class
[0.227s] Invoked command in '/home/henrique/colcon_ws3/build/pubsub_custom_param' returned '0': CMAKE_PREFIX_PATH=/home/henrique/colcon_ws3/install/custom_interfaces:/home/henrique/colcon_ws3/install/urdf_tutorial:/home/henrique/colcon_ws3/install/rviz2_marker_demo:/home/henrique/colcon_ws3/install/pubsub_custom_param:/home/henrique/colcon_ws3/install/learning_tf2:/home/henrique/ros2_ws/install/simple_robot_description:/home/henrique/ros2_ws/install/my_robot_description:/opt/ros/jazzy/opt/gz_sim_vendor:/opt/ros/jazzy/opt/gz_sensors_vendor:/opt/ros/jazzy/opt/gz_physics_vendor:/opt/ros/jazzy/opt/sdformat_vendor:/opt/ros/jazzy/opt/gz_gui_vendor:/opt/ros/jazzy/opt/gz_transport_vendor:/opt/ros/jazzy/opt/gz_rendering_vendor:/opt/ros/jazzy/opt/gz_plugin_vendor:/opt/ros/jazzy/opt/gz_fuel_tools_vendor:/opt/ros/jazzy/opt/gz_msgs_vendor:/opt/ros/jazzy/opt/gz_common_vendor:/opt/ros/jazzy/opt/gz_math_vendor:/opt/ros/jazzy/opt/gz_utils_vendor:/opt/ros/jazzy/opt/gz_tools_vendor:/opt/ros/jazzy/opt/gz_ogre_next_vendor:/opt/ros/jazzy/opt/gz_dartsim_vendor:/opt/ros/jazzy/opt/gz_cmake_vendor:/home/henrique/ros2_ws/install/temperature_system:/home/henrique/ros2_ws/install/temperature_monitor:/opt/ros/jazzy DEBUGINFOD_URLS=https://debuginfod.ubuntu.com /usr/bin/cmake --build /home/henrique/colcon_ws3/build/pubsub_custom_param -- -j2 -l2
[0.230s] Invoking command in '/home/henrique/colcon_ws3/build/pubsub_custom_param': CMAKE_PREFIX_PATH=/home/henrique/colcon_ws3/install/custom_interfaces:/home/henrique/colcon_ws3/install/urdf_tutorial:/home/henrique/colcon_ws3/install/rviz2_marker_demo:/home/henrique/colcon_ws3/install/pubsub_custom_param:/home/henrique/colcon_ws3/install/learning_tf2:/home/henrique/ros2_ws/install/simple_robot_description:/home/henrique/ros2_ws/install/my_robot_description:/opt/ros/jazzy/opt/gz_sim_vendor:/opt/ros/jazzy/opt/gz_sensors_vendor:/opt/ros/jazzy/opt/gz_physics_vendor:/opt/ros/jazzy/opt/sdformat_vendor:/opt/ros/jazzy/opt/gz_gui_vendor:/opt/ros/jazzy/opt/gz_transport_vendor:/opt/ros/jazzy/opt/gz_rendering_vendor:/opt/ros/jazzy/opt/gz_plugin_vendor:/opt/ros/jazzy/opt/gz_fuel_tools_vendor:/opt/ros/jazzy/opt/gz_msgs_vendor:/opt/ros/jazzy/opt/gz_common_vendor:/opt/ros/jazzy/opt/gz_math_vendor:/opt/ros/jazzy/opt/gz_utils_vendor:/opt/ros/jazzy/opt/gz_tools_vendor:/opt/ros/jazzy/opt/gz_ogre_next_vendor:/opt/ros/jazzy/opt/gz_dartsim_vendor:/opt/ros/jazzy/opt/gz_cmake_vendor:/home/henrique/ros2_ws/install/temperature_system:/home/henrique/ros2_ws/install/temperature_monitor:/opt/ros/jazzy DEBUGINFOD_URLS=https://debuginfod.ubuntu.com /usr/bin/cmake --install /home/henrique/colcon_ws3/build/pubsub_custom_param
[0.244s] -- Install configuration: ""
[0.244s] -- Up-to-date: /home/henrique/colcon_ws3/install/pubsub_custom_param/lib/pubsub_custom_param/publisher_class
[0.245s] -- Up-to-date: /home/henrique/colcon_ws3/install/pubsub_custom_param/lib/pubsub_custom_param/subscriber_class
[0.247s] -- Up-to-date: /home/henrique/colcon_ws3/install/pubsub_custom_param/share/pubsub_custom_param/launch
[0.247s] -- Up-to-date: /home/henrique/colcon_ws3/install/pubsub_custom_param/share/pubsub_custom_param/launch/pubsub_paramfile_launch.py
[0.247s] -- Up-to-date: /home/henrique/colcon_ws3/install/pubsub_custom_param/share/pubsub_custom_param/launch/pubsub_argument_launch.py
[0.247s] -- Up-to-date: /home/henrique/colcon_ws3/install/pubsub_custom_param/share/pubsub_custom_param/launch/pubsub_param_launch.py
[0.247s] -- Up-to-date: /home/henrique/colcon_ws3/install/pubsub_custom_param/share/pubsub_custom_param/launch/pubsub_launch.py
[0.248s] -- Up-to-date: /home/henrique/colcon_ws3/install/pubsub_custom_param/share/pubsub_custom_param/launch/pubsub_includer_launch.py
[0.248s] -- Up-to-date: /home/henrique/colcon_ws3/install/pubsub_custom_param/share/pubsub_custom_param/config
[0.248s] -- Up-to-date: /home/henrique/colcon_ws3/install/pubsub_custom_param/share/pubsub_custom_param/config/params.yaml
[0.248s] -- Up-to-date: /home/henrique/colcon_ws3/install/pubsub_custom_param/share/ament_index/resource_index/package_run_dependencies/pubsub_custom_param
[0.248s] -- Up-to-date: /home/henrique/colcon_ws3/install/pubsub_custom_param/share/ament_index/resource_index/parent_prefix_path/pubsub_custom_param
[0.248s] -- Up-to-date: /home/henrique/colcon_ws3/install/pubsub_custom_param/share/pubsub_custom_param/environment/ament_prefix_path.sh
[0.248s] -- Up-to-date: /home/henrique/colcon_ws3/install/pubsub_custom_param/share/pubsub_custom_param/environment/ament_prefix_path.dsv
[0.250s] -- Up-to-date: /home/henrique/colcon_ws3/install/pubsub_custom_param/share/pubsub_custom_param/environment/path.sh
[0.250s] -- Up-to-date: /home/henrique/colcon_ws3/install/pubsub_custom_param/share/pubsub_custom_param/environment/path.dsv
[0.250s] -- Up-to-date: /home/henrique/colcon_ws3/install/pubsub_custom_param/share/pubsub_custom_param/local_setup.bash
[0.250s] -- Up-to-date: /home/henrique/colcon_ws3/install/pubsub_custom_param/share/pubsub_custom_param/local_setup.sh
[0.250s] -- Up-to-date: /home/henrique/colcon_ws3/install/pubsub_custom_param/share/pubsub_custom_param/local_setup.zsh
[0.250s] -- Up-to-date: /home/henrique/colcon_ws3/install/pubsub_custom_param/share/pubsub_custom_param/local_setup.dsv
[0.250s] -- Installing: /home/henrique/colcon_ws3/install/pubsub_custom_param/share/pubsub_custom_param/package.dsv
[0.250s] -- Up-to-date: /home/henrique/colcon_ws3/install/pubsub_custom_param/share/ament_index/resource_index/packages/pubsub_custom_param
[0.250s] -- Up-to-date: /home/henrique/colcon_ws3/install/pubsub_custom_param/share/pubsub_custom_param/cmake/ament_cmake_export_dependencies-extras.cmake
[0.250s] -- Up-to-date: /home/henrique/colcon_ws3/install/pubsub_custom_param/share/pubsub_custom_param/cmake/pubsub_custom_paramConfig.cmake
[0.250s] -- Up-to-date: /home/henrique/colcon_ws3/install/pubsub_custom_param/share/pubsub_custom_param/cmake/pubsub_custom_paramConfig-version.cmake
[0.250s] -- Up-to-date: /home/henrique/colcon_ws3/install/pubsub_custom_param/share/pubsub_custom_param/package.xml
[0.255s] Invoked command in '/home/henrique/colcon_ws3/build/pubsub_custom_param' returned '0': CMAKE_PREFIX_PATH=/home/henrique/colcon_ws3/install/custom_interfaces:/home/henrique/colcon_ws3/install/urdf_tutorial:/home/henrique/colcon_ws3/install/rviz2_marker_demo:/home/henrique/colcon_ws3/install/pubsub_custom_param:/home/henrique/colcon_ws3/install/learning_tf2:/home/henrique/ros2_ws/install/simple_robot_description:/home/henrique/ros2_ws/install/my_robot_description:/opt/ros/jazzy/opt/gz_sim_vendor:/opt/ros/jazzy/opt/gz_sensors_vendor:/opt/ros/jazzy/opt/gz_physics_vendor:/opt/ros/jazzy/opt/sdformat_vendor:/opt/ros/jazzy/opt/gz_gui_vendor:/opt/ros/jazzy/opt/gz_transport_vendor:/opt/ros/jazzy/opt/gz_rendering_vendor:/opt/ros/jazzy/opt/gz_plugin_vendor:/opt/ros/jazzy/opt/gz_fuel_tools_vendor:/opt/ros/jazzy/opt/gz_msgs_vendor:/opt/ros/jazzy/opt/gz_common_vendor:/opt/ros/jazzy/opt/gz_math_vendor:/opt/ros/jazzy/opt/gz_utils_vendor:/opt/ros/jazzy/opt/gz_tools_vendor:/opt/ros/jazzy/opt/gz_ogre_next_vendor:/opt/ros/jazzy/opt/gz_dartsim_vendor:/opt/ros/jazzy/opt/gz_cmake_vendor:/home/henrique/ros2_ws/install/temperature_system:/home/henrique/ros2_ws/install/temperature_monitor:/opt/ros/jazzy DEBUGINFOD_URLS=https://debuginfod.ubuntu.com /usr/bin/cmake --install /home/henrique/colcon_ws3/build/pubsub_custom_param
