[0.464s] DEBUG:colcon:Command line arguments: ['/usr/bin/colcon', 'build', '--packages-up-to', 'rviz2_marker_demo']
[0.464s] DEBUG:colcon:Parsed command line arguments: Namespace(log_base=None, log_level=None, verb_name='build', build_base='build', install_base='install', merge_install=False, symlink_install=False, test_result_base=None, continue_on_error=False, executor='parallel', parallel_workers=2, event_handlers=None, ignore_user_meta=False, metas=['./colcon.meta'], base_paths=['.'], packages_ignore=None, packages_ignore_regex=None, paths=None, packages_up_to=['rviz2_marker_demo'], packages_up_to_regex=None, packages_above=None, packages_above_and_dependencies=None, packages_above_depth=None, packages_select_by_dep=None, packages_skip_by_dep=None, packages_skip_up_to=None, packages_select_build_failed=False, packages_skip_build_finished=False, packages_select_test_failures=False, packages_skip_test_passed=False, packages_select=None, packages_skip=None, packages_select_regex=None, packages_skip_regex=None, packages_start=None, packages_end=None, allow_overriding=[], cmake_args=None, cmake_target=None, cmake_target_skip_unavailable=False, cmake_clean_cache=False, cmake_clean_first=False, cmake_force_configure=False, ament_cmake_args=None, catkin_cmake_args=None, catkin_skip_building_tests=False, mixin_files=None, mixin=None, verb_parser=<colcon_mixin.mixin.mixin_argument.MixinArgumentDecorator object at 0x78914a79c3e0>, verb_extension=<colcon_core.verb.build.BuildVerb object at 0x78914a729e50>, main=<bound method BuildVerb.main of <colcon_core.verb.build.BuildVerb object at 0x78914a729e50>>, mixin_verb=('build',))
[0.656s] Level 1:colcon.colcon_core.package_discovery:discover_packages(colcon_meta) check parameters
[0.657s] Level 1:colcon.colcon_core.package_discovery:discover_packages(recursive) check parameters
[0.659s] Level 1:colcon.colcon_core.package_discovery:discover_packages(ignore) check parameters
[0.661s] Level 1:colcon.colcon_core.package_discovery:discover_packages(path) check parameters
[0.662s] Level 1:colcon.colcon_core.package_discovery:discover_packages(colcon_meta) discover
[0.662s] Level 1:colcon.colcon_core.package_discovery:discover_packages(recursive) discover
[0.663s] INFO:colcon.colcon_core.package_discovery:Crawling recursively for packages in '/home/henrique/colcon_ws3'
[0.664s] Level 1:colcon.colcon_core.package_identification:_identify(.) by extensions ['ignore', 'ignore_ament_install']
[0.664s] Level 1:colcon.colcon_core.package_identification:_identify(.) by extension 'ignore'
[0.667s] Level 1:colcon.colcon_core.package_identification:_identify(.) by extension 'ignore_ament_install'
[0.672s] Level 1:colcon.colcon_core.package_identification:_identify(.) by extensions ['colcon_pkg']
[0.672s] Level 1:colcon.colcon_core.package_identification:_identify(.) by extension 'colcon_pkg'
[0.672s] Level 1:colcon.colcon_core.package_identification:_identify(.) by extensions ['colcon_meta']
[0.681s] Level 1:colcon.colcon_core.package_identification:_identify(.) by extension 'colcon_meta'
[0.681s] Level 1:colcon.colcon_core.package_identification:_identify(.) by extensions ['ros']
[0.681s] Level 1:colcon.colcon_core.package_identification:_identify(.) by extension 'ros'
[0.827s] Level 1:colcon.colcon_core.package_identification:_identify(.) by extensions ['cmake', 'python']
[0.828s] Level 1:colcon.colcon_core.package_identification:_identify(.) by extension 'cmake'
[0.831s] Level 1:colcon.colcon_core.package_identification:_identify(.) by extension 'python'
[0.832s] Level 1:colcon.colcon_core.package_identification:_identify(.) by extensions ['python_setup_py']
[0.832s] Level 1:colcon.colcon_core.package_identification:_identify(.) by extension 'python_setup_py'
[0.835s] Level 1:colcon.colcon_core.package_identification:_identify(build) by extensions ['ignore', 'ignore_ament_install']
[0.838s] Level 1:colcon.colcon_core.package_identification:_identify(build) by extension 'ignore'
[0.838s] Level 1:colcon.colcon_core.package_identification:_identify(build) ignored
[0.841s] Level 1:colcon.colcon_core.package_identification:_identify(install) by extensions ['ignore', 'ignore_ament_install']
[0.842s] Level 1:colcon.colcon_core.package_identification:_identify(install) by extension 'ignore'
[0.842s] Level 1:colcon.colcon_core.package_identification:_identify(install) ignored
[0.842s] Level 1:colcon.colcon_core.package_identification:_identify(log) by extensions ['ignore', 'ignore_ament_install']
[0.845s] Level 1:colcon.colcon_core.package_identification:_identify(log) by extension 'ignore'
[0.845s] Level 1:colcon.colcon_core.package_identification:_identify(log) ignored
[0.845s] Level 1:colcon.colcon_core.package_identification:_identify(src) by extensions ['ignore', 'ignore_ament_install']
[0.845s] Level 1:colcon.colcon_core.package_identification:_identify(src) by extension 'ignore'
[0.845s] Level 1:colcon.colcon_core.package_identification:_identify(src) by extension 'ignore_ament_install'
[0.846s] Level 1:colcon.colcon_core.package_identification:_identify(src) by extensions ['colcon_pkg']
[0.846s] Level 1:colcon.colcon_core.package_identification:_identify(src) by extension 'colcon_pkg'
[0.846s] Level 1:colcon.colcon_core.package_identification:_identify(src) by extensions ['colcon_meta']
[0.848s] Level 1:colcon.colcon_core.package_identification:_identify(src) by extension 'colcon_meta'
[0.849s] Level 1:colcon.colcon_core.package_identification:_identify(src) by extensions ['ros']
[0.849s] Level 1:colcon.colcon_core.package_identification:_identify(src) by extension 'ros'
[0.849s] Level 1:colcon.colcon_core.package_identification:_identify(src) by extensions ['cmake', 'python']
[0.849s] Level 1:colcon.colcon_core.package_identification:_identify(src) by extension 'cmake'
[0.850s] Level 1:colcon.colcon_core.package_identification:_identify(src) by extension 'python'
[0.850s] Level 1:colcon.colcon_core.package_identification:_identify(src) by extensions ['python_setup_py']
[0.850s] Level 1:colcon.colcon_core.package_identification:_identify(src) by extension 'python_setup_py'
[0.850s] Level 1:colcon.colcon_core.package_identification:_identify(src/custom_interfaces) by extensions ['ignore', 'ignore_ament_install']
[0.850s] Level 1:colcon.colcon_core.package_identification:_identify(src/custom_interfaces) by extension 'ignore'
[0.852s] Level 1:colcon.colcon_core.package_identification:_identify(src/custom_interfaces) by extension 'ignore_ament_install'
[0.853s] Level 1:colcon.colcon_core.package_identification:_identify(src/custom_interfaces) by extensions ['colcon_pkg']
[0.854s] Level 1:colcon.colcon_core.package_identification:_identify(src/custom_interfaces) by extension 'colcon_pkg'
[0.854s] Level 1:colcon.colcon_core.package_identification:_identify(src/custom_interfaces) by extensions ['colcon_meta']
[0.854s] Level 1:colcon.colcon_core.package_identification:_identify(src/custom_interfaces) by extension 'colcon_meta'
[0.854s] Level 1:colcon.colcon_core.package_identification:_identify(src/custom_interfaces) by extensions ['ros']
[0.855s] Level 1:colcon.colcon_core.package_identification:_identify(src/custom_interfaces) by extension 'ros'
[0.870s] DEBUG:colcon.colcon_core.package_identification:Package 'src/custom_interfaces' with type 'ros.ament_cmake' and name 'custom_interfaces'
[0.870s] Level 1:colcon.colcon_core.package_identification:_identify(src/learning_tf2) by extensions ['ignore', 'ignore_ament_install']
[0.871s] Level 1:colcon.colcon_core.package_identification:_identify(src/learning_tf2) by extension 'ignore'
[0.872s] Level 1:colcon.colcon_core.package_identification:_identify(src/learning_tf2) by extension 'ignore_ament_install'
[0.872s] Level 1:colcon.colcon_core.package_identification:_identify(src/learning_tf2) by extensions ['colcon_pkg']
[0.872s] Level 1:colcon.colcon_core.package_identification:_identify(src/learning_tf2) by extension 'colcon_pkg'
[0.872s] Level 1:colcon.colcon_core.package_identification:_identify(src/learning_tf2) by extensions ['colcon_meta']
[0.872s] Level 1:colcon.colcon_core.package_identification:_identify(src/learning_tf2) by extension 'colcon_meta'
[0.873s] Level 1:colcon.colcon_core.package_identification:_identify(src/learning_tf2) by extensions ['ros']
[0.873s] Level 1:colcon.colcon_core.package_identification:_identify(src/learning_tf2) by extension 'ros'
[0.877s] DEBUG:colcon.colcon_core.package_identification:Package 'src/learning_tf2' with type 'ros.ament_cmake' and name 'learning_tf2'
[0.879s] Level 1:colcon.colcon_core.package_identification:_identify(src/pubsub) by extensions ['ignore', 'ignore_ament_install']
[0.879s] Level 1:colcon.colcon_core.package_identification:_identify(src/pubsub) by extension 'ignore'
[0.880s] Level 1:colcon.colcon_core.package_identification:_identify(src/pubsub) by extension 'ignore_ament_install'
[0.882s] Level 1:colcon.colcon_core.package_identification:_identify(src/pubsub) by extensions ['colcon_pkg']
[0.882s] Level 1:colcon.colcon_core.package_identification:_identify(src/pubsub) by extension 'colcon_pkg'
[0.882s] Level 1:colcon.colcon_core.package_identification:_identify(src/pubsub) by extensions ['colcon_meta']
[0.883s] Level 1:colcon.colcon_core.package_identification:_identify(src/pubsub) by extension 'colcon_meta'
[0.884s] Level 1:colcon.colcon_core.package_identification:_identify(src/pubsub) by extensions ['ros']
[0.884s] Level 1:colcon.colcon_core.package_identification:_identify(src/pubsub) by extension 'ros'
[0.887s] DEBUG:colcon.colcon_core.package_identification:Package 'src/pubsub' with type 'ros.ament_cmake' and name 'pubsub'
[0.888s] Level 1:colcon.colcon_core.package_identification:_identify(src/pubsub_custom) by extensions ['ignore', 'ignore_ament_install']
[0.891s] Level 1:colcon.colcon_core.package_identification:_identify(src/pubsub_custom) by extension 'ignore'
[0.891s] Level 1:colcon.colcon_core.package_identification:_identify(src/pubsub_custom) by extension 'ignore_ament_install'
[0.892s] Level 1:colcon.colcon_core.package_identification:_identify(src/pubsub_custom) by extensions ['colcon_pkg']
[0.893s] Level 1:colcon.colcon_core.package_identification:_identify(src/pubsub_custom) by extension 'colcon_pkg'
[0.893s] Level 1:colcon.colcon_core.package_identification:_identify(src/pubsub_custom) by extensions ['colcon_meta']
[0.893s] Level 1:colcon.colcon_core.package_identification:_identify(src/pubsub_custom) by extension 'colcon_meta'
[0.894s] Level 1:colcon.colcon_core.package_identification:_identify(src/pubsub_custom) by extensions ['ros']
[0.894s] Level 1:colcon.colcon_core.package_identification:_identify(src/pubsub_custom) by extension 'ros'
[0.895s] DEBUG:colcon.colcon_core.package_identification:Package 'src/pubsub_custom' with type 'ros.ament_cmake' and name 'pubsub_custom'
[0.897s] Level 1:colcon.colcon_core.package_identification:_identify(src/pubsub_custom_param) by extensions ['ignore', 'ignore_ament_install']
[0.898s] Level 1:colcon.colcon_core.package_identification:_identify(src/pubsub_custom_param) by extension 'ignore'
[0.899s] Level 1:colcon.colcon_core.package_identification:_identify(src/pubsub_custom_param) by extension 'ignore_ament_install'
[0.899s] Level 1:colcon.colcon_core.package_identification:_identify(src/pubsub_custom_param) by extensions ['colcon_pkg']
[0.899s] Level 1:colcon.colcon_core.package_identification:_identify(src/pubsub_custom_param) by extension 'colcon_pkg'
[0.899s] Level 1:colcon.colcon_core.package_identification:_identify(src/pubsub_custom_param) by extensions ['colcon_meta']
[0.899s] Level 1:colcon.colcon_core.package_identification:_identify(src/pubsub_custom_param) by extension 'colcon_meta'
[0.899s] Level 1:colcon.colcon_core.package_identification:_identify(src/pubsub_custom_param) by extensions ['ros']
[0.900s] Level 1:colcon.colcon_core.package_identification:_identify(src/pubsub_custom_param) by extension 'ros'
[0.901s] DEBUG:colcon.colcon_core.package_identification:Package 'src/pubsub_custom_param' with type 'ros.ament_cmake' and name 'pubsub_custom_param'
[0.902s] Level 1:colcon.colcon_core.package_identification:_identify(src/rviz2_marker_demo) by extensions ['ignore', 'ignore_ament_install']
[0.903s] Level 1:colcon.colcon_core.package_identification:_identify(src/rviz2_marker_demo) by extension 'ignore'
[0.904s] Level 1:colcon.colcon_core.package_identification:_identify(src/rviz2_marker_demo) by extension 'ignore_ament_install'
[0.905s] Level 1:colcon.colcon_core.package_identification:_identify(src/rviz2_marker_demo) by extensions ['colcon_pkg']
[0.905s] Level 1:colcon.colcon_core.package_identification:_identify(src/rviz2_marker_demo) by extension 'colcon_pkg'
[0.905s] Level 1:colcon.colcon_core.package_identification:_identify(src/rviz2_marker_demo) by extensions ['colcon_meta']
[0.905s] Level 1:colcon.colcon_core.package_identification:_identify(src/rviz2_marker_demo) by extension 'colcon_meta'
[0.907s] Level 1:colcon.colcon_core.package_identification:_identify(src/rviz2_marker_demo) by extensions ['ros']
[0.907s] Level 1:colcon.colcon_core.package_identification:_identify(src/rviz2_marker_demo) by extension 'ros'
[0.909s] DEBUG:colcon.colcon_core.package_identification:Package 'src/rviz2_marker_demo' with type 'ros.ament_cmake' and name 'rviz2_marker_demo'
[0.910s] Level 1:colcon.colcon_core.package_identification:_identify(src/urdf_tutorial) by extensions ['ignore', 'ignore_ament_install']
[0.911s] Level 1:colcon.colcon_core.package_identification:_identify(src/urdf_tutorial) by extension 'ignore'
[0.911s] Level 1:colcon.colcon_core.package_identification:_identify(src/urdf_tutorial) by extension 'ignore_ament_install'
[0.911s] Level 1:colcon.colcon_core.package_identification:_identify(src/urdf_tutorial) by extensions ['colcon_pkg']
[0.911s] Level 1:colcon.colcon_core.package_identification:_identify(src/urdf_tutorial) by extension 'colcon_pkg'
[0.911s] Level 1:colcon.colcon_core.package_identification:_identify(src/urdf_tutorial) by extensions ['colcon_meta']
[0.912s] Level 1:colcon.colcon_core.package_identification:_identify(src/urdf_tutorial) by extension 'colcon_meta'
[0.913s] Level 1:colcon.colcon_core.package_identification:_identify(src/urdf_tutorial) by extensions ['ros']
[0.914s] Level 1:colcon.colcon_core.package_identification:_identify(src/urdf_tutorial) by extension 'ros'
[0.915s] DEBUG:colcon.colcon_core.package_identification:Package 'src/urdf_tutorial' with type 'ros.ament_cmake' and name 'urdf_tutorial'
[0.915s] Level 1:colcon.colcon_core.package_discovery:discover_packages(recursive) using defaults
[0.915s] Level 1:colcon.colcon_core.package_discovery:discover_packages(ignore) discover
[0.916s] Level 1:colcon.colcon_core.package_discovery:discover_packages(ignore) using defaults
[0.917s] Level 1:colcon.colcon_core.package_discovery:discover_packages(path) discover
[0.917s] Level 1:colcon.colcon_core.package_discovery:discover_packages(path) using defaults
[1.000s] INFO:colcon.colcon_core.package_selection:Skipping package 'pubsub_custom_param' in 'src/pubsub_custom_param'
[1.000s] INFO:colcon.colcon_core.package_selection:Skipping package 'pubsub_custom' in 'src/pubsub_custom'
[1.000s] INFO:colcon.colcon_core.package_selection:Skipping package 'urdf_tutorial' in 'src/urdf_tutorial'
[1.000s] INFO:colcon.colcon_core.package_selection:Skipping package 'pubsub' in 'src/pubsub'
[1.000s] INFO:colcon.colcon_core.package_selection:Skipping package 'learning_tf2' in 'src/learning_tf2'
[1.000s] INFO:colcon.colcon_core.package_selection:Skipping package 'custom_interfaces' in 'src/custom_interfaces'
[1.002s] Level 1:colcon.colcon_core.package_discovery:discover_packages(prefix_path) check parameters
[1.002s] Level 1:colcon.colcon_core.package_discovery:discover_packages(prefix_path) discover
[1.025s] DEBUG:colcon.colcon_installed_package_information.package_discovery:Found 2 installed packages in /home/henrique/colcon_ws3/install
[1.027s] DEBUG:colcon.colcon_installed_package_information.package_discovery:Found 4 installed packages in /home/henrique/ros2_ws/install
[1.049s] DEBUG:colcon.colcon_installed_package_information.package_discovery:Found 311 installed packages in /opt/ros/jazzy
[1.085s] Level 1:colcon.colcon_core.package_discovery:discover_packages(prefix_path) using defaults
[1.574s] Level 5:colcon.colcon_core.verb:set package 'rviz2_marker_demo' build argument 'cmake_args' from command line to 'None'
[1.574s] Level 5:colcon.colcon_core.verb:set package 'rviz2_marker_demo' build argument 'cmake_target' from command line to 'None'
[1.574s] Level 5:colcon.colcon_core.verb:set package 'rviz2_marker_demo' build argument 'cmake_target_skip_unavailable' from command line to 'False'
[1.574s] Level 5:colcon.colcon_core.verb:set package 'rviz2_marker_demo' build argument 'cmake_clean_cache' from command line to 'False'
[1.574s] Level 5:colcon.colcon_core.verb:set package 'rviz2_marker_demo' build argument 'cmake_clean_first' from command line to 'False'
[1.574s] Level 5:colcon.colcon_core.verb:set package 'rviz2_marker_demo' build argument 'cmake_force_configure' from command line to 'False'
[1.575s] Level 5:colcon.colcon_core.verb:set package 'rviz2_marker_demo' build argument 'ament_cmake_args' from command line to 'None'
[1.575s] Level 5:colcon.colcon_core.verb:set package 'rviz2_marker_demo' build argument 'catkin_cmake_args' from command line to 'None'
[1.575s] Level 5:colcon.colcon_core.verb:set package 'rviz2_marker_demo' build argument 'catkin_skip_building_tests' from command line to 'False'
[1.575s] DEBUG:colcon.colcon_core.verb:Building package 'rviz2_marker_demo' with the following arguments: {'ament_cmake_args': None, 'build_base': '/home/henrique/colcon_ws3/build/rviz2_marker_demo', 'catkin_cmake_args': None, 'catkin_skip_building_tests': False, 'cmake_args': None, 'cmake_clean_cache': False, 'cmake_clean_first': False, 'cmake_force_configure': False, 'cmake_target': None, 'cmake_target_skip_unavailable': False, 'install_base': '/home/henrique/colcon_ws3/install/rviz2_marker_demo', 'merge_install': False, 'path': '/home/henrique/colcon_ws3/src/rviz2_marker_demo', 'symlink_install': False, 'test_result_base': None}
[1.576s] INFO:colcon.colcon_core.executor:Executing jobs using 'parallel' executor
[1.579s] DEBUG:colcon.colcon_parallel_executor.executor.parallel:run_until_complete
[1.583s] INFO:colcon.colcon_ros.task.ament_cmake.build:Building ROS package in '/home/henrique/colcon_ws3/src/rviz2_marker_demo' with build type 'ament_cmake'
[1.584s] INFO:colcon.colcon_cmake.task.cmake.build:Building CMake package in '/home/henrique/colcon_ws3/src/rviz2_marker_demo'
[1.624s] INFO:colcon.colcon_core.plugin_system:Skipping extension 'colcon_core.shell.bat': Not used on non-Windows systems
[1.627s] INFO:colcon.colcon_core.shell:Skip shell extension 'powershell' for command environment: Not usable outside of PowerShell
[1.628s] DEBUG:colcon.colcon_core.shell:Skip shell extension 'dsv' for command environment
[1.845s] DEBUG:colcon.colcon_core.event_handler.log_command:Invoking command in '/home/henrique/colcon_ws3/build/rviz2_marker_demo': CMAKE_PREFIX_PATH=${CMAKE_PREFIX_PATH}:/home/henrique/ros2_ws/install/temperature_system:/home/henrique/ros2_ws/install/temperature_monitor:/opt/ros/jazzy DEBUGINFOD_URLS=https://debuginfod.ubuntu.com /usr/bin/cmake /home/henrique/colcon_ws3/src/rviz2_marker_demo -DCMAKE_INSTALL_PREFIX=/home/henrique/colcon_ws3/install/rviz2_marker_demo
[12.150s] DEBUG:colcon.colcon_core.event_handler.log_command:Invoked command in '/home/henrique/colcon_ws3/build/rviz2_marker_demo' returned '0': CMAKE_PREFIX_PATH=${CMAKE_PREFIX_PATH}:/home/henrique/ros2_ws/install/temperature_system:/home/henrique/ros2_ws/install/temperature_monitor:/opt/ros/jazzy DEBUGINFOD_URLS=https://debuginfod.ubuntu.com /usr/bin/cmake /home/henrique/colcon_ws3/src/rviz2_marker_demo -DCMAKE_INSTALL_PREFIX=/home/henrique/colcon_ws3/install/rviz2_marker_demo
[12.159s] DEBUG:colcon.colcon_core.event_handler.log_command:Invoking command in '/home/henrique/colcon_ws3/build/rviz2_marker_demo': CMAKE_PREFIX_PATH=${CMAKE_PREFIX_PATH}:/home/henrique/ros2_ws/install/temperature_system:/home/henrique/ros2_ws/install/temperature_monitor:/opt/ros/jazzy DEBUGINFOD_URLS=https://debuginfod.ubuntu.com /usr/bin/cmake --build /home/henrique/colcon_ws3/build/rviz2_marker_demo -- -j2 -l2
[45.684s] DEBUG:colcon.colcon_core.event_handler.log_command:Invoked command in '/home/henrique/colcon_ws3/build/rviz2_marker_demo' returned '0': CMAKE_PREFIX_PATH=${CMAKE_PREFIX_PATH}:/home/henrique/ros2_ws/install/temperature_system:/home/henrique/ros2_ws/install/temperature_monitor:/opt/ros/jazzy DEBUGINFOD_URLS=https://debuginfod.ubuntu.com /usr/bin/cmake --build /home/henrique/colcon_ws3/build/rviz2_marker_demo -- -j2 -l2
[45.737s] DEBUG:colcon.colcon_core.event_handler.log_command:Invoking command in '/home/henrique/colcon_ws3/build/rviz2_marker_demo': CMAKE_PREFIX_PATH=${CMAKE_PREFIX_PATH}:/home/henrique/ros2_ws/install/temperature_system:/home/henrique/ros2_ws/install/temperature_monitor:/opt/ros/jazzy DEBUGINFOD_URLS=https://debuginfod.ubuntu.com /usr/bin/cmake --install /home/henrique/colcon_ws3/build/rviz2_marker_demo
[46.317s] Level 1:colcon.colcon_core.environment:create_environment_scripts_only(rviz2_marker_demo)
[46.318s] DEBUG:colcon.colcon_core.event_handler.log_command:Invoked command in '/home/henrique/colcon_ws3/build/rviz2_marker_demo' returned '0': CMAKE_PREFIX_PATH=${CMAKE_PREFIX_PATH}:/home/henrique/ros2_ws/install/temperature_system:/home/henrique/ros2_ws/install/temperature_monitor:/opt/ros/jazzy DEBUGINFOD_URLS=https://debuginfod.ubuntu.com /usr/bin/cmake --install /home/henrique/colcon_ws3/build/rviz2_marker_demo
[46.336s] Level 1:colcon.colcon_core.environment:checking '/home/henrique/colcon_ws3/install/rviz2_marker_demo' for CMake module files
[46.338s] Level 1:colcon.colcon_core.environment:checking '/home/henrique/colcon_ws3/install/rviz2_marker_demo' for CMake config files
[46.339s] Level 1:colcon.colcon_core.shell:create_environment_hook('rviz2_marker_demo', 'cmake_prefix_path')
[46.340s] INFO:colcon.colcon_core.shell:Creating environment hook '/home/henrique/colcon_ws3/install/rviz2_marker_demo/share/rviz2_marker_demo/hook/cmake_prefix_path.ps1'
[46.342s] INFO:colcon.colcon_core.shell:Creating environment descriptor '/home/henrique/colcon_ws3/install/rviz2_marker_demo/share/rviz2_marker_demo/hook/cmake_prefix_path.dsv'
[46.345s] INFO:colcon.colcon_core.shell:Creating environment hook '/home/henrique/colcon_ws3/install/rviz2_marker_demo/share/rviz2_marker_demo/hook/cmake_prefix_path.sh'
[46.348s] Level 1:colcon.colcon_core.environment:checking '/home/henrique/colcon_ws3/install/rviz2_marker_demo/lib'
[46.349s] Level 1:colcon.colcon_core.environment:checking '/home/henrique/colcon_ws3/install/rviz2_marker_demo/bin'
[46.351s] Level 1:colcon.colcon_core.environment:checking '/home/henrique/colcon_ws3/install/rviz2_marker_demo/lib/pkgconfig/rviz2_marker_demo.pc'
[46.352s] Level 1:colcon.colcon_core.environment:checking '/home/henrique/colcon_ws3/install/rviz2_marker_demo/lib/python3.12/site-packages'
[46.354s] Level 1:colcon.colcon_core.environment:checking '/home/henrique/colcon_ws3/install/rviz2_marker_demo/bin'
[46.355s] INFO:colcon.colcon_core.shell:Creating package script '/home/henrique/colcon_ws3/install/rviz2_marker_demo/share/rviz2_marker_demo/package.ps1'
[46.361s] INFO:colcon.colcon_core.shell:Creating package descriptor '/home/henrique/colcon_ws3/install/rviz2_marker_demo/share/rviz2_marker_demo/package.dsv'
[46.370s] INFO:colcon.colcon_core.shell:Creating package script '/home/henrique/colcon_ws3/install/rviz2_marker_demo/share/rviz2_marker_demo/package.sh'
[46.375s] INFO:colcon.colcon_core.shell:Creating package script '/home/henrique/colcon_ws3/install/rviz2_marker_demo/share/rviz2_marker_demo/package.bash'
[46.384s] INFO:colcon.colcon_core.shell:Creating package script '/home/henrique/colcon_ws3/install/rviz2_marker_demo/share/rviz2_marker_demo/package.zsh'
[46.388s] Level 1:colcon.colcon_core.environment:create_file_with_runtime_dependencies(/home/henrique/colcon_ws3/install/rviz2_marker_demo/share/colcon-core/packages/rviz2_marker_demo)
[46.390s] Level 1:colcon.colcon_core.environment:create_environment_scripts_only(rviz2_marker_demo)
[46.390s] Level 1:colcon.colcon_core.environment:checking '/home/henrique/colcon_ws3/install/rviz2_marker_demo' for CMake module files
[46.393s] Level 1:colcon.colcon_core.environment:checking '/home/henrique/colcon_ws3/install/rviz2_marker_demo' for CMake config files
[46.397s] Level 1:colcon.colcon_core.shell:create_environment_hook('rviz2_marker_demo', 'cmake_prefix_path')
[46.397s] INFO:colcon.colcon_core.shell:Creating environment hook '/home/henrique/colcon_ws3/install/rviz2_marker_demo/share/rviz2_marker_demo/hook/cmake_prefix_path.ps1'
[46.400s] INFO:colcon.colcon_core.shell:Creating environment descriptor '/home/henrique/colcon_ws3/install/rviz2_marker_demo/share/rviz2_marker_demo/hook/cmake_prefix_path.dsv'
[46.403s] INFO:colcon.colcon_core.shell:Creating environment hook '/home/henrique/colcon_ws3/install/rviz2_marker_demo/share/rviz2_marker_demo/hook/cmake_prefix_path.sh'
[46.406s] Level 1:colcon.colcon_core.environment:checking '/home/henrique/colcon_ws3/install/rviz2_marker_demo/lib'
[46.406s] Level 1:colcon.colcon_core.environment:checking '/home/henrique/colcon_ws3/install/rviz2_marker_demo/bin'
[46.407s] Level 1:colcon.colcon_core.environment:checking '/home/henrique/colcon_ws3/install/rviz2_marker_demo/lib/pkgconfig/rviz2_marker_demo.pc'
[46.407s] Level 1:colcon.colcon_core.environment:checking '/home/henrique/colcon_ws3/install/rviz2_marker_demo/lib/python3.12/site-packages'
[46.410s] Level 1:colcon.colcon_core.environment:checking '/home/henrique/colcon_ws3/install/rviz2_marker_demo/bin'
[46.411s] INFO:colcon.colcon_core.shell:Creating package script '/home/henrique/colcon_ws3/install/rviz2_marker_demo/share/rviz2_marker_demo/package.ps1'
[46.416s] INFO:colcon.colcon_core.shell:Creating package descriptor '/home/henrique/colcon_ws3/install/rviz2_marker_demo/share/rviz2_marker_demo/package.dsv'
[46.420s] INFO:colcon.colcon_core.shell:Creating package script '/home/henrique/colcon_ws3/install/rviz2_marker_demo/share/rviz2_marker_demo/package.sh'
[46.422s] INFO:colcon.colcon_core.shell:Creating package script '/home/henrique/colcon_ws3/install/rviz2_marker_demo/share/rviz2_marker_demo/package.bash'
[46.424s] INFO:colcon.colcon_core.shell:Creating package script '/home/henrique/colcon_ws3/install/rviz2_marker_demo/share/rviz2_marker_demo/package.zsh'
[46.428s] Level 1:colcon.colcon_core.environment:create_file_with_runtime_dependencies(/home/henrique/colcon_ws3/install/rviz2_marker_demo/share/colcon-core/packages/rviz2_marker_demo)
[46.431s] DEBUG:colcon.colcon_parallel_executor.executor.parallel:closing loop
[46.432s] DEBUG:colcon.colcon_parallel_executor.executor.parallel:loop closed
[46.433s] DEBUG:colcon.colcon_parallel_executor.executor.parallel:run_until_complete finished with '0'
[46.433s] DEBUG:colcon.colcon_core.event_reactor:joining thread
[46.524s] INFO:colcon.colcon_core.plugin_system:Skipping extension 'colcon_notification.desktop_notification.terminal_notifier': Not used on non-Darwin systems
[46.528s] INFO:colcon.colcon_core.plugin_system:Skipping extension 'colcon_notification.desktop_notification.win32': Not used on non-Windows systems
[46.530s] INFO:colcon.colcon_notification.desktop_notification:Sending desktop notification using 'notify2'
[46.804s] DEBUG:colcon.colcon_core.event_reactor:joined thread
[46.811s] INFO:colcon.colcon_core.shell:Creating prefix script '/home/henrique/colcon_ws3/install/local_setup.ps1'
[46.823s] INFO:colcon.colcon_core.shell:Creating prefix util module '/home/henrique/colcon_ws3/install/_local_setup_util_ps1.py'
[46.831s] INFO:colcon.colcon_core.shell:Creating prefix chain script '/home/henrique/colcon_ws3/install/setup.ps1'
[46.845s] INFO:colcon.colcon_core.shell:Creating prefix script '/home/henrique/colcon_ws3/install/local_setup.sh'
[46.860s] INFO:colcon.colcon_core.shell:Creating prefix util module '/home/henrique/colcon_ws3/install/_local_setup_util_sh.py'
[46.874s] INFO:colcon.colcon_core.shell:Creating prefix chain script '/home/henrique/colcon_ws3/install/setup.sh'
[46.887s] INFO:colcon.colcon_core.shell:Creating prefix script '/home/henrique/colcon_ws3/install/local_setup.bash'
[46.892s] INFO:colcon.colcon_core.shell:Creating prefix chain script '/home/henrique/colcon_ws3/install/setup.bash'
[46.900s] INFO:colcon.colcon_core.shell:Creating prefix script '/home/henrique/colcon_ws3/install/local_setup.zsh'
[46.903s] INFO:colcon.colcon_core.shell:Creating prefix chain script '/home/henrique/colcon_ws3/install/setup.zsh'
