[0.082s] Invoking command in '/home/henrique/colcon_ws3/build/custom_interfaces': CMAKE_PREFIX_PATH=${CMAKE_PREFIX_PATH}:/home/henrique/ros2_ws/install/temperature_system:/home/henrique/ros2_ws/install/temperature_monitor:/opt/ros/jazzy DEBUGINFOD_URLS=https://debuginfod.ubuntu.com /usr/bin/cmake --build /home/henrique/colcon_ws3/build/custom_interfaces -- -j2 -l2
[0.701s] [  2%] [34m[1mGenerating type hashes for ROS interfaces[0m
[1.299s] [  2%] Built target custom_interfaces__rosidl_generator_type_description
[1.587s] [  2%] Built target ament_cmake_python_copy_custom_interfaces
[1.774s] [  5%] [34m[1mGenerating C++ code for ROS interfaces[0m
[2.653s] [  5%] Built target custom_interfaces__cpp
[2.751s] [  8%] [34m[1mGenerating C code for ROS interfaces[0m
[4.250s] [ 11%] [32mBuilding C object CMakeFiles/custom_interfaces__rosidl_generator_c.dir/rosidl_generator_c/custom_interfaces/msg/detail/my_message__description.c.o[0m
[5.015s] [ 14%] [32mBuilding C object CMakeFiles/custom_interfaces__rosidl_generator_c.dir/rosidl_generator_c/custom_interfaces/msg/detail/my_message__functions.c.o[0m
[5.486s] [ 17%] [32mBuilding C object CMakeFiles/custom_interfaces__rosidl_generator_c.dir/rosidl_generator_c/custom_interfaces/msg/detail/my_message__type_support.c.o[0m
[5.813s] [ 20%] [32m[1mLinking C shared library libcustom_interfaces__rosidl_generator_c.so[0m
[6.400s] [ 20%] Built target custom_interfaces__rosidl_generator_c
[7.258s] running egg_info
[7.260s] creating custom_interfaces.egg-info
[7.318s] writing custom_interfaces.egg-info/PKG-INFO
[7.320s] writing dependency_links to custom_interfaces.egg-info/dependency_links.txt
[7.323s] writing top-level names to custom_interfaces.egg-info/top_level.txt
[7.325s] writing manifest file 'custom_interfaces.egg-info/SOURCES.txt'
[7.522s] reading manifest file 'custom_interfaces.egg-info/SOURCES.txt'
[7.524s] writing manifest file 'custom_interfaces.egg-info/SOURCES.txt'
[7.601s] [ 20%] Built target ament_cmake_python_build_custom_interfaces_egg
[7.715s] [ 23%] [34m[1mGenerating C++ type support dispatch for ROS interfaces[0m
[8.405s] [ 26%] [32mBuilding CXX object CMakeFiles/custom_interfaces__rosidl_typesupport_cpp.dir/rosidl_typesupport_cpp/custom_interfaces/msg/my_message__type_support.cpp.o[0m
[10.232s] [ 29%] [32m[1mLinking CXX shared library libcustom_interfaces__rosidl_typesupport_cpp.so[0m
[10.534s] [ 29%] Built target custom_interfaces__rosidl_typesupport_cpp
[10.635s] [ 32%] [34m[1mGenerating C type support for eProsima Fast-RTPS[0m
[11.358s] [ 35%] [32mBuilding CXX object CMakeFiles/custom_interfaces__rosidl_typesupport_fastrtps_c.dir/rosidl_typesupport_fastrtps_c/custom_interfaces/msg/detail/my_message__type_support_c.cpp.o[0m
[13.551s] [ 38%] [32m[1mLinking CXX shared library libcustom_interfaces__rosidl_typesupport_fastrtps_c.so[0m
[14.297s] [ 38%] Built target custom_interfaces__rosidl_typesupport_fastrtps_c
[14.425s] [ 41%] [34m[1mGenerating C++ type support for eProsima Fast-RTPS[0m
[16.199s] [ 44%] [32mBuilding CXX object CMakeFiles/custom_interfaces__rosidl_typesupport_fastrtps_cpp.dir/rosidl_typesupport_fastrtps_cpp/custom_interfaces/msg/detail/dds_fastrtps/my_message__type_support.cpp.o[0m
[18.301s] [ 47%] [32m[1mLinking CXX shared library libcustom_interfaces__rosidl_typesupport_fastrtps_cpp.so[0m
[18.733s] [ 47%] Built target custom_interfaces__rosidl_typesupport_fastrtps_cpp
[18.890s] [ 50%] [34m[1mGenerating C introspection for ROS interfaces[0m
[19.488s] Traceback (most recent call last):
[19.488s]   File "/opt/ros/jazzy/lib/rosidl_typesupport_introspection_c/rosidl_typesupport_introspection_c", line 31, in <module>
[19.495s]     sys.exit(main())
[19.500s]              ^^^^^^
[19.505s]   File "/opt/ros/jazzy/lib/rosidl_typesupport_introspection_c/rosidl_typesupport_introspection_c", line 27, in main
[19.507s]     generate_c(args.generator_arguments_file)
[19.507s]   File "/opt/ros/jazzy/lib/python3.12/site-packages/rosidl_typesupport_introspection_c/__init__.py", line 31, in generate_c
[19.508s]     return generate_files(generator_arguments_file, mapping)
[19.508s]            ^^^^^^^^^^^^^^^^^^^^^^^^^^^^^^^^^^^^^^^^^^^^^^^^^
[19.515s]   File "/opt/ros/jazzy/lib/python3.12/site-packages/rosidl_pycommon/__init__.py", line 102, in generate_files
[19.515s]     idl_file = parse_idl_file(locator)
[19.515s]                ^^^^^^^^^^^^^^^^^^^^^^^
[19.521s]   File "/opt/ros/jazzy/lib/python3.12/site-packages/rosidl_parser/parser.py", line 64, in parse_idl_file
[19.522s]     content = parse_idl_string(string, png_file=png_file)
[19.527s]               ^^^^^^^^^^^^^^^^^^^^^^^^^^^^^^^^^^^^^^^^^^^
[19.527s]   File "/opt/ros/jazzy/lib/python3.12/site-packages/rosidl_parser/parser.py", line 72, in parse_idl_string
[19.527s]     tree = get_ast_from_idl_string(idl_string)
[19.537s]            ^^^^^^^^^^^^^^^^^^^^^^^^^^^^^^^^^^^
[19.537s]   File "/opt/ros/jazzy/lib/python3.12/site-packages/rosidl_parser/parser.py", line 88, in get_ast_from_idl_string
[19.542s]     _parser = Lark(grammar, start='specification', maybe_placeholders=False)
[19.543s]               ^^^^^^^^^^^^^^^^^^^^^^^^^^^^^^^^^^^^^^^^^^^^^^^^^^^^^^^^^^^^^^
[19.543s]   File "/usr/lib/python3/dist-packages/lark/lark.py", line 360, in __init__
[19.543s]     self.grammar, used_files = load_grammar(grammar, self.source_path, self.options.import_paths, self.options.keep_all_tokens)
[19.548s]                                ^^^^^^^^^^^^^^^^^^^^^^^^^^^^^^^^^^^^^^^^^^^^^^^^^^^^^^^^^^^^^^^^^^^^^^^^^^^^^^^^^^^^^^^^^^^^^^^^
[19.549s]   File "/usr/lib/python3/dist-packages/lark/load_grammar.py", line 1415, in load_grammar
[19.549s]     builder.load_grammar(grammar, source)
[19.550s]   File "/usr/lib/python3/dist-packages/lark/load_grammar.py", line 1255, in load_grammar
[19.553s]     self.do_import(dotted_path, base_path, aliases, mangle)
[19.553s]   File "/usr/lib/python3/dist-packages/lark/load_grammar.py", line 1328, in do_import
[19.556s]     gb.load_grammar(text, joined_path, mangle)
[19.556s]   File "/usr/lib/python3/dist-packages/lark/load_grammar.py", line 1289, in load_grammar
[19.557s]     resolve_term_references(term_defs)
[19.557s]   File "/usr/lib/python3/dist-packages/lark/load_grammar.py", line 876, in resolve_term_references
[19.557s]     for exp in token_tree.find_data('value'):
[19.557s]                ^^^^^^^^^^^^^^^^^^^^^^^^^^^^^
[19.561s]   File "/usr/lib/python3/dist-packages/lark/tree.py", line 175, in find_data
[19.561s]     return self.find_pred(lambda t: t.data == data)
[19.561s]            ^^^^^^^^^^^^^^^^^^^^^^^^^^^^^^^^^^^^^^^^
[19.564s]   File "/usr/lib/python3/dist-packages/lark/tree.py", line 171, in find_pred
[19.564s]     return filter(pred, self.iter_subtrees())
[19.565s]                         ^^^^^^^^^^^^^^^^^^^^
[19.565s]   File "/usr/lib/python3/dist-packages/lark/tree.py", line 147, in iter_subtrees
[19.568s]     queue += [c for c in reversed(subtree.children)  # type: ignore[misc]
[19.568s]               ^
[19.568s] KeyboardInterrupt
[19.604s] gmake[2]: *** [CMakeFiles/custom_interfaces__rosidl_typesupport_introspection_c.dir/build.make:144: rosidl_typesupport_introspection_c/custom_interfaces/msg/detail/my_message__rosidl_typesupport_introspection_c.h] Interrupt
[19.613s] gmake[1]: *** [CMakeFiles/Makefile2:345: CMakeFiles/custom_interfaces__rosidl_typesupport_introspection_c.dir/all] Interrupt
[19.619s] gmake: *** [Makefile:146: all] Interrupt
