-- Found ament_cmake: 2.5.4 (/opt/ros/jazzy/share/ament_cmake/cmake)
-- Found rclcpp: 28.1.10 (/opt/ros/jazzy/share/rclcpp/cmake)
-- Found rosidl_generator_c: 4.6.5 (/opt/ros/jazzy/share/rosidl_generator_c/cmake)
-- Found rosidl_generator_cpp: 4.6.5 (/opt/ros/jazzy/share/rosidl_generator_cpp/cmake)
-- Using all available rosidl_typesupport_c: rosidl_typesupport_fastrtps_c;rosidl_typesupport_introspection_c
-- Using all available rosidl_typesupport_cpp: rosidl_typesupport_fastrtps_cpp;rosidl_typesupport_introspection_cpp
-- Found rmw_implementation_cmake: 7.3.2 (/opt/ros/jazzy/share/rmw_implementation_cmake/cmake)
-- Found rmw_fastrtps_cpp: 8.4.2 (/opt/ros/jazzy/share/rmw_fastrtps_cpp/cmake)
-- Using RMW implementation 'rmw_fastrtps_cpp' as default
-- Found std_msgs: 5.3.6 (/opt/ros/jazzy/share/std_msgs/cmake)
-- Found visualization_msgs: 5.3.6 (/opt/ros/jazzy/share/visualization_msgs/cmake)
-- Found tf2: 0.36.12 (/opt/ros/jazzy/share/tf2/cmake)
-- Found tf2_ros: 0.36.12 (/opt/ros/jazzy/share/tf2_ros/cmake)
-- Found ament_lint_auto: 0.17.2 (/opt/ros/jazzy/share/ament_lint_auto/cmake)
-- Added test 'copyright' to check source files copyright and LICENSE
-- Added test 'cppcheck' to perform static code analysis on C / C++ code
-- Configured cppcheck include dirs: 
-- Configured cppcheck exclude dirs and/or files: 
-- Added test 'cpplint' to check C / C++ code against the Google style
-- Configured cpplint exclude dirs and/or files: 
-- Added test 'flake8' to check Python code syntax and style conventions
-- Configured 'flake8' exclude dirs and/or files: 
-- Added test 'lint_cmake' to check CMake code style
-- Added test 'pep257' to check Python code against some of the docstring style conventions in PEP 257
-- Added test 'uncrustify' to check C / C++ code style
-- Configured uncrustify additional arguments: 
-- Added test 'xmllint' to check XML markup files
-- Configuring done (19.0s)
-- Generating done (0.3s)
-- Build files have been written to: /home/henrique/colcon_ws3/build/rviz2_marker_demo
[ 50%] [32mBuilding CXX object CMakeFiles/rviz_node.dir/src/rviz_node.cpp.o[0m
[100%] [32m[1mLinking CXX executable rviz_node[0m
[100%] Built target rviz_node
-- Install configuration: ""
-- Installing: /home/henrique/colcon_ws3/install/rviz2_marker_demo/lib/rviz2_marker_demo/rviz_node
-- Set non-toolchain portion of runtime path of "/home/henrique/colcon_ws3/install/rviz2_marker_demo/lib/rviz2_marker_demo/rviz_node" to ""
-- Up-to-date: /home/henrique/colcon_ws3/install/rviz2_marker_demo/share/rviz2_marker_demo/launch
-- Up-to-date: /home/henrique/colcon_ws3/install/rviz2_marker_demo/share/rviz2_marker_demo/launch/rviz_marker_demo.launch.py
-- Up-to-date: /home/henrique/colcon_ws3/install/rviz2_marker_demo/share/rviz2_marker_demo/rviz
-- Installing: /home/henrique/colcon_ws3/install/rviz2_marker_demo/share/rviz2_marker_demo/rviz/rviz2_marker_demo.rviz
-- Up-to-date: /home/henrique/colcon_ws3/install/rviz2_marker_demo/share/rviz2_marker_demo/objects
-- Up-to-date: /home/henrique/colcon_ws3/install/rviz2_marker_demo/share/rviz2_marker_demo/objects/fixtures
-- Up-to-date: /home/henrique/colcon_ws3/install/rviz2_marker_demo/share/rviz2_marker_demo/objects/fixtures/Wooden_Plate.stl
-- Up-to-date: /home/henrique/colcon_ws3/install/rviz2_marker_demo/share/rviz2_marker_demo/objects/fixtures/Wooden_Plate.dae
-- Up-to-date: /home/henrique/colcon_ws3/install/rviz2_marker_demo/share/rviz2_marker_demo/objects/plane
-- Up-to-date: /home/henrique/colcon_ws3/install/rviz2_marker_demo/share/rviz2_marker_demo/objects/plane/MotorGrill.stl
-- Up-to-date: /home/henrique/colcon_ws3/install/rviz2_marker_demo/share/rviz2_marker_demo/objects/plane/Propeller.stl
-- Up-to-date: /home/henrique/colcon_ws3/install/rviz2_marker_demo/share/rviz2_marker_demo/objects/plane/UpperBody.stl
-- Up-to-date: /home/henrique/colcon_ws3/install/rviz2_marker_demo/share/rviz2_marker_demo/objects/plane/TopWing.stl
-- Up-to-date: /home/henrique/colcon_ws3/install/rviz2_marker_demo/share/rviz2_marker_demo/objects/plane/Chassis.stl
-- Up-to-date: /home/henrique/colcon_ws3/install/rviz2_marker_demo/share/rviz2_marker_demo/objects/plane/RearWheelRight.stl
-- Up-to-date: /home/henrique/colcon_ws3/install/rviz2_marker_demo/share/rviz2_marker_demo/objects/plane/UpperBody.dae
-- Up-to-date: /home/henrique/colcon_ws3/install/rviz2_marker_demo/share/rviz2_marker_demo/objects/plane/RearWheelLeft.stl
-- Up-to-date: /home/henrique/colcon_ws3/install/rviz2_marker_demo/share/rviz2_marker_demo/objects/plane/TopWing.dae
-- Up-to-date: /home/henrique/colcon_ws3/install/rviz2_marker_demo/share/rviz2_marker_demo/objects/plane/FrontWheel.stl
-- Up-to-date: /home/henrique/colcon_ws3/install/rviz2_marker_demo/share/rviz2_marker_demo/objects/plane/UnderBody.stl
-- Up-to-date: /home/henrique/colcon_ws3/install/rviz2_marker_demo/share/rviz2_marker_demo/objects/plane/RearWing.stl
-- Up-to-date: /home/henrique/colcon_ws3/install/rviz2_marker_demo/share/rviz2_marker_demo/objects/plane/Window.stl
-- Up-to-date: /home/henrique/colcon_ws3/install/rviz2_marker_demo/share/rviz2_marker_demo/objects/plane/BottomWing.stl
-- Up-to-date: /home/henrique/colcon_ws3/install/rviz2_marker_demo/share/ament_index/resource_index/package_run_dependencies/rviz2_marker_demo
-- Installing: /home/henrique/colcon_ws3/install/rviz2_marker_demo/share/ament_index/resource_index/parent_prefix_path/rviz2_marker_demo
-- Up-to-date: /home/henrique/colcon_ws3/install/rviz2_marker_demo/share/rviz2_marker_demo/environment/ament_prefix_path.sh
-- Up-to-date: /home/henrique/colcon_ws3/install/rviz2_marker_demo/share/rviz2_marker_demo/environment/ament_prefix_path.dsv
-- Up-to-date: /home/henrique/colcon_ws3/install/rviz2_marker_demo/share/rviz2_marker_demo/environment/path.sh
-- Up-to-date: /home/henrique/colcon_ws3/install/rviz2_marker_demo/share/rviz2_marker_demo/environment/path.dsv
-- Up-to-date: /home/henrique/colcon_ws3/install/rviz2_marker_demo/share/rviz2_marker_demo/local_setup.bash
-- Up-to-date: /home/henrique/colcon_ws3/install/rviz2_marker_demo/share/rviz2_marker_demo/local_setup.sh
-- Up-to-date: /home/henrique/colcon_ws3/install/rviz2_marker_demo/share/rviz2_marker_demo/local_setup.zsh
-- Up-to-date: /home/henrique/colcon_ws3/install/rviz2_marker_demo/share/rviz2_marker_demo/local_setup.dsv
-- Installing: /home/henrique/colcon_ws3/install/rviz2_marker_demo/share/rviz2_marker_demo/package.dsv
-- Up-to-date: /home/henrique/colcon_ws3/install/rviz2_marker_demo/share/ament_index/resource_index/packages/rviz2_marker_demo
-- Installing: /home/henrique/colcon_ws3/install/rviz2_marker_demo/share/rviz2_marker_demo/cmake/ament_cmake_export_dependencies-extras.cmake
-- Up-to-date: /home/henrique/colcon_ws3/install/rviz2_marker_demo/share/rviz2_marker_demo/cmake/rviz2_marker_demoConfig.cmake
-- Up-to-date: /home/henrique/colcon_ws3/install/rviz2_marker_demo/share/rviz2_marker_demo/cmake/rviz2_marker_demoConfig-version.cmake
-- Up-to-date: /home/henrique/colcon_ws3/install/rviz2_marker_demo/share/rviz2_marker_demo/package.xml
