[0.137s] Invoking command in '/home/henrique/colcon_ws3/build/learning_tf2': CMAKE_PREFIX_PATH=${CMAKE_PREFIX_PATH}:/home/henrique/ros2_ws/install/temperature_system:/home/henrique/ros2_ws/install/temperature_monitor:/opt/ros/jazzy DEBUGINFOD_URLS=https://debuginfod.ubuntu.com /usr/bin/cmake --build /home/henrique/colcon_ws3/build/learning_tf2 -- -j2 -l2
[2.374s] [ 50%] Built target turtle_tf2_broadcaster
[3.055s] [100%] Built target turtle_tf2_listener_simple
[3.266s] Invoked command in '/home/henrique/colcon_ws3/build/learning_tf2' returned '0': CMAKE_PREFIX_PATH=${CMAKE_PREFIX_PATH}:/home/henrique/ros2_ws/install/temperature_system:/home/henrique/ros2_ws/install/temperature_monitor:/opt/ros/jazzy DEBUGINFOD_URLS=https://debuginfod.ubuntu.com /usr/bin/cmake --build /home/henrique/colcon_ws3/build/learning_tf2 -- -j2 -l2
[3.550s] Invoking command in '/home/henrique/colcon_ws3/build/learning_tf2': CMAKE_PREFIX_PATH=${CMAKE_PREFIX_PATH}:/home/henrique/ros2_ws/install/temperature_system:/home/henrique/ros2_ws/install/temperature_monitor:/opt/ros/jazzy DEBUGINFOD_URLS=https://debuginfod.ubuntu.com /usr/bin/cmake --install /home/henrique/colcon_ws3/build/learning_tf2
[3.680s] -- Install configuration: ""
[3.685s] -- Up-to-date: /home/henrique/colcon_ws3/install/learning_tf2/lib/learning_tf2/turtle_tf2_broadcaster
[3.703s] -- Up-to-date: /home/henrique/colcon_ws3/install/learning_tf2/lib/learning_tf2/turtle_tf2_listener_simple
[3.714s] -- Up-to-date: /home/henrique/colcon_ws3/install/learning_tf2/share/learning_tf2/launch
[3.714s] -- Up-to-date: /home/henrique/colcon_ws3/install/learning_tf2/share/learning_tf2/launch/tf2_broadcaster.launch.py
[3.726s] -- Up-to-date: /home/henrique/colcon_ws3/install/learning_tf2/share/learning_tf2/launch/turtle_tf2_demo2.launch.py
[3.726s] -- Up-to-date: /home/henrique/colcon_ws3/install/learning_tf2/share/learning_tf2/rviz
[3.727s] -- Up-to-date: /home/henrique/colcon_ws3/install/learning_tf2/share/learning_tf2/rviz/turtlesim_vis.rviz
[3.727s] -- Up-to-date: /home/henrique/colcon_ws3/install/learning_tf2/share/ament_index/resource_index/package_run_dependencies/learning_tf2
[3.735s] -- Up-to-date: /home/henrique/colcon_ws3/install/learning_tf2/share/ament_index/resource_index/parent_prefix_path/learning_tf2
[3.736s] -- Up-to-date: /home/henrique/colcon_ws3/install/learning_tf2/share/learning_tf2/environment/ament_prefix_path.sh
[3.736s] -- Up-to-date: /home/henrique/colcon_ws3/install/learning_tf2/share/learning_tf2/environment/ament_prefix_path.dsv
[3.736s] -- Up-to-date: /home/henrique/colcon_ws3/install/learning_tf2/share/learning_tf2/environment/path.sh
[3.749s] -- Up-to-date: /home/henrique/colcon_ws3/install/learning_tf2/share/learning_tf2/environment/path.dsv
[3.749s] -- Up-to-date: /home/henrique/colcon_ws3/install/learning_tf2/share/learning_tf2/local_setup.bash
[3.750s] -- Up-to-date: /home/henrique/colcon_ws3/install/learning_tf2/share/learning_tf2/local_setup.sh
[3.759s] -- Up-to-date: /home/henrique/colcon_ws3/install/learning_tf2/share/learning_tf2/local_setup.zsh
[3.759s] -- Up-to-date: /home/henrique/colcon_ws3/install/learning_tf2/share/learning_tf2/local_setup.dsv
[3.760s] -- Installing: /home/henrique/colcon_ws3/install/learning_tf2/share/learning_tf2/package.dsv
[3.760s] -- Up-to-date: /home/henrique/colcon_ws3/install/learning_tf2/share/ament_index/resource_index/packages/learning_tf2
[3.770s] -- Up-to-date: /home/henrique/colcon_ws3/install/learning_tf2/share/learning_tf2/cmake/ament_cmake_export_dependencies-extras.cmake
[3.770s] -- Up-to-date: /home/henrique/colcon_ws3/install/learning_tf2/share/learning_tf2/cmake/learning_tf2Config.cmake
[3.771s] -- Up-to-date: /home/henrique/colcon_ws3/install/learning_tf2/share/learning_tf2/cmake/learning_tf2Config-version.cmake
[3.771s] -- Up-to-date: /home/henrique/colcon_ws3/install/learning_tf2/share/learning_tf2/package.xml
[3.838s] Invoked command in '/home/henrique/colcon_ws3/build/learning_tf2' returned '0': CMAKE_PREFIX_PATH=${CMAKE_PREFIX_PATH}:/home/henrique/ros2_ws/install/temperature_system:/home/henrique/ros2_ws/install/temperature_monitor:/opt/ros/jazzy DEBUGINFOD_URLS=https://debuginfod.ubuntu.com /usr/bin/cmake --install /home/henrique/colcon_ws3/build/learning_tf2
