[0.149s] Invoking command in '/home/henrique/colcon_ws3/build/custom_interfaces': CMAKE_PREFIX_PATH=${CMAKE_PREFIX_PATH}:/home/henrique/ros2_ws/install/temperature_system:/home/henrique/ros2_ws/install/temperature_monitor:/opt/ros/jazzy DEBUGINFOD_URLS=https://debuginfod.ubuntu.com /usr/bin/cmake --build /home/henrique/colcon_ws3/build/custom_interfaces -- -j2 -l2
[2.017s] [  0%] Built target ament_cmake_python_copy_custom_interfaces
[2.097s] [  2%] Built target custom_interfaces__rosidl_generator_type_description
[2.297s] [  5%] Built target custom_interfaces__cpp
[2.767s] [ 20%] Built target custom_interfaces__rosidl_generator_c
[4.132s] running egg_info
[4.291s] writing custom_interfaces.egg-info/PKG-INFO
[4.292s] writing dependency_links to custom_interfaces.egg-info/dependency_links.txt
[4.296s] writing top-level names to custom_interfaces.egg-info/top_level.txt
[5.362s] reading manifest file 'custom_interfaces.egg-info/SOURCES.txt'
[5.363s] writing manifest file 'custom_interfaces.egg-info/SOURCES.txt'
[5.659s] [ 20%] Built target ament_cmake_python_build_custom_interfaces_egg
[6.343s] [ 29%] Built target custom_interfaces__rosidl_typesupport_cpp
[6.702s] [ 38%] Built target custom_interfaces__rosidl_typesupport_fastrtps_c
[7.048s] [ 47%] Built target custom_interfaces__rosidl_typesupport_fastrtps_cpp
[7.438s] [ 55%] Built target custom_interfaces__rosidl_typesupport_introspection_c
[7.826s] [ 64%] Built target custom_interfaces__rosidl_typesupport_c
[8.160s] [ 73%] Built target custom_interfaces__rosidl_typesupport_introspection_cpp
[8.399s] [ 73%] Built target custom_interfaces
[8.632s] [ 76%] Built target custom_interfaces__py
[9.167s] [ 82%] Built target custom_interfaces__rosidl_generator_py
[9.604s] [ 88%] Built target custom_interfaces_s__rosidl_typesupport_fastrtps_c
[9.825s] [ 94%] Built target custom_interfaces_s__rosidl_typesupport_introspection_c
[10.074s] [100%] Built target custom_interfaces_s__rosidl_typesupport_c
[10.193s] Invoked command in '/home/henrique/colcon_ws3/build/custom_interfaces' returned '0': CMAKE_PREFIX_PATH=${CMAKE_PREFIX_PATH}:/home/henrique/ros2_ws/install/temperature_system:/home/henrique/ros2_ws/install/temperature_monitor:/opt/ros/jazzy DEBUGINFOD_URLS=https://debuginfod.ubuntu.com /usr/bin/cmake --build /home/henrique/colcon_ws3/build/custom_interfaces -- -j2 -l2
[10.203s] Invoking command in '/home/henrique/colcon_ws3/build/custom_interfaces': CMAKE_PREFIX_PATH=${CMAKE_PREFIX_PATH}:/home/henrique/ros2_ws/install/temperature_system:/home/henrique/ros2_ws/install/temperature_monitor:/opt/ros/jazzy DEBUGINFOD_URLS=https://debuginfod.ubuntu.com /usr/bin/cmake --install /home/henrique/colcon_ws3/build/custom_interfaces
[10.277s] -- Install configuration: ""
[10.281s] -- Up-to-date: /home/henrique/colcon_ws3/install/custom_interfaces/share/ament_index/resource_index/rosidl_interfaces/custom_interfaces
[10.284s] -- Up-to-date: /home/henrique/colcon_ws3/install/custom_interfaces/share/custom_interfaces/msg/MyMessage.json
[10.288s] -- Up-to-date: /home/henrique/colcon_ws3/install/custom_interfaces/include/custom_interfaces/custom_interfaces
[10.289s] -- Up-to-date: /home/henrique/colcon_ws3/install/custom_interfaces/include/custom_interfaces/custom_interfaces/msg
[10.291s] -- Up-to-date: /home/henrique/colcon_ws3/install/custom_interfaces/include/custom_interfaces/custom_interfaces/msg/detail
[10.292s] -- Up-to-date: /home/henrique/colcon_ws3/install/custom_interfaces/include/custom_interfaces/custom_interfaces/msg/detail/my_message__functions.c
[10.294s] -- Up-to-date: /home/henrique/colcon_ws3/install/custom_interfaces/include/custom_interfaces/custom_interfaces/msg/detail/my_message__description.c
[10.295s] -- Up-to-date: /home/henrique/colcon_ws3/install/custom_interfaces/include/custom_interfaces/custom_interfaces/msg/detail/my_message__functions.h
[10.297s] -- Installing: /home/henrique/colcon_ws3/install/custom_interfaces/include/custom_interfaces/custom_interfaces/msg/detail/my_message__type_support.c
[10.298s] -- Up-to-date: /home/henrique/colcon_ws3/install/custom_interfaces/include/custom_interfaces/custom_interfaces/msg/detail/my_message__type_support.h
[10.298s] -- Up-to-date: /home/henrique/colcon_ws3/install/custom_interfaces/include/custom_interfaces/custom_interfaces/msg/detail/my_message__struct.h
[10.299s] -- Up-to-date: /home/henrique/colcon_ws3/install/custom_interfaces/include/custom_interfaces/custom_interfaces/msg/my_message.h
[10.299s] -- Up-to-date: /home/henrique/colcon_ws3/install/custom_interfaces/include/custom_interfaces/custom_interfaces/msg/rosidl_generator_c__visibility_control.h
[10.305s] -- Up-to-date: /home/henrique/colcon_ws3/install/custom_interfaces/share/custom_interfaces/environment/library_path.sh
[10.305s] -- Up-to-date: /home/henrique/colcon_ws3/install/custom_interfaces/share/custom_interfaces/environment/library_path.dsv
[10.311s] -- Up-to-date: /home/henrique/colcon_ws3/install/custom_interfaces/lib/libcustom_interfaces__rosidl_generator_c.so
[10.311s] -- Up-to-date: /home/henrique/colcon_ws3/install/custom_interfaces/include/custom_interfaces/custom_interfaces
[10.318s] -- Up-to-date: /home/henrique/colcon_ws3/install/custom_interfaces/include/custom_interfaces/custom_interfaces/msg
[10.322s] -- Up-to-date: /home/henrique/colcon_ws3/install/custom_interfaces/include/custom_interfaces/custom_interfaces/msg/detail
[10.328s] -- Up-to-date: /home/henrique/colcon_ws3/install/custom_interfaces/include/custom_interfaces/custom_interfaces/msg/detail/my_message__rosidl_typesupport_fastrtps_c.h
[10.330s] -- Up-to-date: /home/henrique/colcon_ws3/install/custom_interfaces/include/custom_interfaces/custom_interfaces/msg/rosidl_typesupport_fastrtps_c__visibility_control.h
[10.337s] -- Up-to-date: /home/henrique/colcon_ws3/install/custom_interfaces/lib/libcustom_interfaces__rosidl_typesupport_fastrtps_c.so
[10.343s] -- Up-to-date: /home/henrique/colcon_ws3/install/custom_interfaces/include/custom_interfaces/custom_interfaces
[10.344s] -- Up-to-date: /home/henrique/colcon_ws3/install/custom_interfaces/include/custom_interfaces/custom_interfaces/msg
[10.354s] -- Up-to-date: /home/henrique/colcon_ws3/install/custom_interfaces/include/custom_interfaces/custom_interfaces/msg/my_message.hpp
[10.368s] -- Up-to-date: /home/henrique/colcon_ws3/install/custom_interfaces/include/custom_interfaces/custom_interfaces/msg/detail
[10.373s] -- Up-to-date: /home/henrique/colcon_ws3/install/custom_interfaces/include/custom_interfaces/custom_interfaces/msg/detail/my_message__type_support.hpp
[10.376s] -- Up-to-date: /home/henrique/colcon_ws3/install/custom_interfaces/include/custom_interfaces/custom_interfaces/msg/detail/my_message__traits.hpp
[10.377s] -- Up-to-date: /home/henrique/colcon_ws3/install/custom_interfaces/include/custom_interfaces/custom_interfaces/msg/detail/my_message__builder.hpp
[10.377s] -- Up-to-date: /home/henrique/colcon_ws3/install/custom_interfaces/include/custom_interfaces/custom_interfaces/msg/detail/my_message__struct.hpp
[10.381s] -- Up-to-date: /home/henrique/colcon_ws3/install/custom_interfaces/include/custom_interfaces/custom_interfaces/msg/rosidl_generator_cpp__visibility_control.hpp
[10.382s] -- Up-to-date: /home/henrique/colcon_ws3/install/custom_interfaces/include/custom_interfaces/custom_interfaces
[10.382s] -- Up-to-date: /home/henrique/colcon_ws3/install/custom_interfaces/include/custom_interfaces/custom_interfaces/msg
[10.382s] -- Up-to-date: /home/henrique/colcon_ws3/install/custom_interfaces/include/custom_interfaces/custom_interfaces/msg/detail
[10.385s] -- Up-to-date: /home/henrique/colcon_ws3/install/custom_interfaces/include/custom_interfaces/custom_interfaces/msg/detail/my_message__rosidl_typesupport_fastrtps_cpp.hpp
[10.385s] -- Up-to-date: /home/henrique/colcon_ws3/install/custom_interfaces/include/custom_interfaces/custom_interfaces/msg/detail/dds_fastrtps
[10.386s] -- Up-to-date: /home/henrique/colcon_ws3/install/custom_interfaces/include/custom_interfaces/custom_interfaces/msg/rosidl_typesupport_fastrtps_cpp__visibility_control.h
[10.386s] -- Up-to-date: /home/henrique/colcon_ws3/install/custom_interfaces/lib/libcustom_interfaces__rosidl_typesupport_fastrtps_cpp.so
[10.386s] -- Up-to-date: /home/henrique/colcon_ws3/install/custom_interfaces/include/custom_interfaces/custom_interfaces
[10.389s] -- Up-to-date: /home/henrique/colcon_ws3/install/custom_interfaces/include/custom_interfaces/custom_interfaces/msg
[10.390s] -- Up-to-date: /home/henrique/colcon_ws3/install/custom_interfaces/include/custom_interfaces/custom_interfaces/msg/detail
[10.390s] -- Installing: /home/henrique/colcon_ws3/install/custom_interfaces/include/custom_interfaces/custom_interfaces/msg/detail/my_message__type_support.c
[10.391s] -- Up-to-date: /home/henrique/colcon_ws3/install/custom_interfaces/include/custom_interfaces/custom_interfaces/msg/detail/my_message__rosidl_typesupport_introspection_c.h
[10.393s] -- Up-to-date: /home/henrique/colcon_ws3/install/custom_interfaces/include/custom_interfaces/custom_interfaces/msg/rosidl_typesupport_introspection_c__visibility_control.h
[10.393s] -- Up-to-date: /home/henrique/colcon_ws3/install/custom_interfaces/lib/libcustom_interfaces__rosidl_typesupport_introspection_c.so
[10.394s] -- Up-to-date: /home/henrique/colcon_ws3/install/custom_interfaces/lib/libcustom_interfaces__rosidl_typesupport_c.so
[10.394s] -- Up-to-date: /home/henrique/colcon_ws3/install/custom_interfaces/include/custom_interfaces/custom_interfaces
[10.397s] -- Up-to-date: /home/henrique/colcon_ws3/install/custom_interfaces/include/custom_interfaces/custom_interfaces/msg
[10.398s] -- Up-to-date: /home/henrique/colcon_ws3/install/custom_interfaces/include/custom_interfaces/custom_interfaces/msg/detail
[10.398s] -- Up-to-date: /home/henrique/colcon_ws3/install/custom_interfaces/include/custom_interfaces/custom_interfaces/msg/detail/my_message__type_support.cpp
[10.398s] -- Up-to-date: /home/henrique/colcon_ws3/install/custom_interfaces/include/custom_interfaces/custom_interfaces/msg/detail/my_message__rosidl_typesupport_introspection_cpp.hpp
[10.401s] -- Up-to-date: /home/henrique/colcon_ws3/install/custom_interfaces/lib/libcustom_interfaces__rosidl_typesupport_introspection_cpp.so
[10.402s] -- Up-to-date: /home/henrique/colcon_ws3/install/custom_interfaces/lib/libcustom_interfaces__rosidl_typesupport_cpp.so
[10.406s] -- Up-to-date: /home/henrique/colcon_ws3/install/custom_interfaces/share/custom_interfaces/environment/pythonpath.sh
[10.413s] -- Up-to-date: /home/henrique/colcon_ws3/install/custom_interfaces/share/custom_interfaces/environment/pythonpath.dsv
[10.413s] -- Up-to-date: /home/henrique/colcon_ws3/install/custom_interfaces/lib/python3.12/site-packages/custom_interfaces-0.0.0-py3.12.egg-info
[10.416s] -- Installing: /home/henrique/colcon_ws3/install/custom_interfaces/lib/python3.12/site-packages/custom_interfaces-0.0.0-py3.12.egg-info/SOURCES.txt
[10.421s] -- Installing: /home/henrique/colcon_ws3/install/custom_interfaces/lib/python3.12/site-packages/custom_interfaces-0.0.0-py3.12.egg-info/top_level.txt
[10.422s] -- Installing: /home/henrique/colcon_ws3/install/custom_interfaces/lib/python3.12/site-packages/custom_interfaces-0.0.0-py3.12.egg-info/dependency_links.txt
[10.422s] -- Installing: /home/henrique/colcon_ws3/install/custom_interfaces/lib/python3.12/site-packages/custom_interfaces-0.0.0-py3.12.egg-info/PKG-INFO
[10.422s] -- Up-to-date: /home/henrique/colcon_ws3/install/custom_interfaces/lib/python3.12/site-packages/custom_interfaces
[10.423s] -- Up-to-date: /home/henrique/colcon_ws3/install/custom_interfaces/lib/python3.12/site-packages/custom_interfaces/custom_interfaces_s__rosidl_typesupport_fastrtps_c.so
[10.423s] -- Up-to-date: /home/henrique/colcon_ws3/install/custom_interfaces/lib/python3.12/site-packages/custom_interfaces/_custom_interfaces_s.ep.rosidl_typesupport_fastrtps_c.c
[10.430s] -- Up-to-date: /home/henrique/colcon_ws3/install/custom_interfaces/lib/python3.12/site-packages/custom_interfaces/custom_interfaces_s__rosidl_typesupport_c.so
[10.430s] -- Up-to-date: /home/henrique/colcon_ws3/install/custom_interfaces/lib/python3.12/site-packages/custom_interfaces/custom_interfaces_s__rosidl_typesupport_introspection_c.so
[10.431s] -- Up-to-date: /home/henrique/colcon_ws3/install/custom_interfaces/lib/python3.12/site-packages/custom_interfaces/__init__.py
[10.432s] -- Up-to-date: /home/henrique/colcon_ws3/install/custom_interfaces/lib/python3.12/site-packages/custom_interfaces/msg
[10.432s] -- Up-to-date: /home/henrique/colcon_ws3/install/custom_interfaces/lib/python3.12/site-packages/custom_interfaces/msg/_my_message_s.c
[10.433s] -- Up-to-date: /home/henrique/colcon_ws3/install/custom_interfaces/lib/python3.12/site-packages/custom_interfaces/msg/__init__.py
[10.433s] -- Up-to-date: /home/henrique/colcon_ws3/install/custom_interfaces/lib/python3.12/site-packages/custom_interfaces/msg/_my_message.py
[10.433s] -- Up-to-date: /home/henrique/colcon_ws3/install/custom_interfaces/lib/python3.12/site-packages/custom_interfaces/_custom_interfaces_s.ep.rosidl_typesupport_introspection_c.c
[10.434s] -- Up-to-date: /home/henrique/colcon_ws3/install/custom_interfaces/lib/python3.12/site-packages/custom_interfaces/_custom_interfaces_s.ep.rosidl_typesupport_c.c
[10.653s] Listing '/home/henrique/colcon_ws3/install/custom_interfaces/lib/python3.12/site-packages/custom_interfaces'...
[10.653s] Listing '/home/henrique/colcon_ws3/install/custom_interfaces/lib/python3.12/site-packages/custom_interfaces/msg'...
[10.681s] -- Up-to-date: /home/henrique/colcon_ws3/install/custom_interfaces/lib/python3.12/site-packages/custom_interfaces/custom_interfaces_s__rosidl_typesupport_fastrtps_c.so
[10.687s] -- Up-to-date: /home/henrique/colcon_ws3/install/custom_interfaces/lib/python3.12/site-packages/custom_interfaces/custom_interfaces_s__rosidl_typesupport_introspection_c.so
[10.690s] -- Up-to-date: /home/henrique/colcon_ws3/install/custom_interfaces/lib/python3.12/site-packages/custom_interfaces/custom_interfaces_s__rosidl_typesupport_c.so
[10.695s] -- Up-to-date: /home/henrique/colcon_ws3/install/custom_interfaces/lib/libcustom_interfaces__rosidl_generator_py.so
[10.698s] -- Up-to-date: /home/henrique/colcon_ws3/install/custom_interfaces/share/custom_interfaces/msg/MyMessage.idl
[10.698s] -- Up-to-date: /home/henrique/colcon_ws3/install/custom_interfaces/share/custom_interfaces/msg/MyMessage.msg
[10.701s] -- Up-to-date: /home/henrique/colcon_ws3/install/custom_interfaces/share/ament_index/resource_index/package_run_dependencies/custom_interfaces
[10.701s] -- Up-to-date: /home/henrique/colcon_ws3/install/custom_interfaces/share/ament_index/resource_index/parent_prefix_path/custom_interfaces
[10.704s] -- Up-to-date: /home/henrique/colcon_ws3/install/custom_interfaces/share/custom_interfaces/environment/ament_prefix_path.sh
[10.704s] -- Up-to-date: /home/henrique/colcon_ws3/install/custom_interfaces/share/custom_interfaces/environment/ament_prefix_path.dsv
[10.704s] -- Up-to-date: /home/henrique/colcon_ws3/install/custom_interfaces/share/custom_interfaces/environment/path.sh
[10.705s] -- Up-to-date: /home/henrique/colcon_ws3/install/custom_interfaces/share/custom_interfaces/environment/path.dsv
[10.705s] -- Up-to-date: /home/henrique/colcon_ws3/install/custom_interfaces/share/custom_interfaces/local_setup.bash
[10.711s] -- Up-to-date: /home/henrique/colcon_ws3/install/custom_interfaces/share/custom_interfaces/local_setup.sh
[10.712s] -- Up-to-date: /home/henrique/colcon_ws3/install/custom_interfaces/share/custom_interfaces/local_setup.zsh
[10.712s] -- Up-to-date: /home/henrique/colcon_ws3/install/custom_interfaces/share/custom_interfaces/local_setup.dsv
[10.713s] -- Installing: /home/henrique/colcon_ws3/install/custom_interfaces/share/custom_interfaces/package.dsv
[10.713s] -- Up-to-date: /home/henrique/colcon_ws3/install/custom_interfaces/share/ament_index/resource_index/packages/custom_interfaces
[10.716s] -- Up-to-date: /home/henrique/colcon_ws3/install/custom_interfaces/share/custom_interfaces/cmake/export_custom_interfaces__rosidl_generator_cExport.cmake
[10.716s] -- Up-to-date: /home/henrique/colcon_ws3/install/custom_interfaces/share/custom_interfaces/cmake/export_custom_interfaces__rosidl_generator_cExport-noconfig.cmake
[10.717s] -- Up-to-date: /home/henrique/colcon_ws3/install/custom_interfaces/share/custom_interfaces/cmake/export_custom_interfaces__rosidl_typesupport_fastrtps_cExport.cmake
[10.721s] -- Up-to-date: /home/henrique/colcon_ws3/install/custom_interfaces/share/custom_interfaces/cmake/export_custom_interfaces__rosidl_typesupport_fastrtps_cExport-noconfig.cmake
[10.722s] -- Up-to-date: /home/henrique/colcon_ws3/install/custom_interfaces/share/custom_interfaces/cmake/export_custom_interfaces__rosidl_generator_cppExport.cmake
[10.729s] -- Up-to-date: /home/henrique/colcon_ws3/install/custom_interfaces/share/custom_interfaces/cmake/export_custom_interfaces__rosidl_typesupport_fastrtps_cppExport.cmake
[10.730s] -- Up-to-date: /home/henrique/colcon_ws3/install/custom_interfaces/share/custom_interfaces/cmake/export_custom_interfaces__rosidl_typesupport_fastrtps_cppExport-noconfig.cmake
[10.730s] -- Up-to-date: /home/henrique/colcon_ws3/install/custom_interfaces/share/custom_interfaces/cmake/custom_interfaces__rosidl_typesupport_introspection_cExport.cmake
[10.734s] -- Up-to-date: /home/henrique/colcon_ws3/install/custom_interfaces/share/custom_interfaces/cmake/custom_interfaces__rosidl_typesupport_introspection_cExport-noconfig.cmake
[10.738s] -- Up-to-date: /home/henrique/colcon_ws3/install/custom_interfaces/share/custom_interfaces/cmake/custom_interfaces__rosidl_typesupport_cExport.cmake
[10.739s] -- Up-to-date: /home/henrique/colcon_ws3/install/custom_interfaces/share/custom_interfaces/cmake/custom_interfaces__rosidl_typesupport_cExport-noconfig.cmake
[10.739s] -- Up-to-date: /home/henrique/colcon_ws3/install/custom_interfaces/share/custom_interfaces/cmake/custom_interfaces__rosidl_typesupport_introspection_cppExport.cmake
[10.742s] -- Up-to-date: /home/henrique/colcon_ws3/install/custom_interfaces/share/custom_interfaces/cmake/custom_interfaces__rosidl_typesupport_introspection_cppExport-noconfig.cmake
[10.744s] -- Up-to-date: /home/henrique/colcon_ws3/install/custom_interfaces/share/custom_interfaces/cmake/custom_interfaces__rosidl_typesupport_cppExport.cmake
[10.744s] -- Up-to-date: /home/henrique/colcon_ws3/install/custom_interfaces/share/custom_interfaces/cmake/custom_interfaces__rosidl_typesupport_cppExport-noconfig.cmake
[10.748s] -- Up-to-date: /home/henrique/colcon_ws3/install/custom_interfaces/share/custom_interfaces/cmake/export_custom_interfaces__rosidl_generator_pyExport.cmake
[10.749s] -- Up-to-date: /home/henrique/colcon_ws3/install/custom_interfaces/share/custom_interfaces/cmake/export_custom_interfaces__rosidl_generator_pyExport-noconfig.cmake
[10.749s] -- Up-to-date: /home/henrique/colcon_ws3/install/custom_interfaces/share/custom_interfaces/cmake/rosidl_cmake-extras.cmake
[10.749s] -- Up-to-date: /home/henrique/colcon_ws3/install/custom_interfaces/share/custom_interfaces/cmake/ament_cmake_export_dependencies-extras.cmake
[10.750s] -- Up-to-date: /home/henrique/colcon_ws3/install/custom_interfaces/share/custom_interfaces/cmake/ament_cmake_export_include_directories-extras.cmake
[10.750s] -- Up-to-date: /home/henrique/colcon_ws3/install/custom_interfaces/share/custom_interfaces/cmake/ament_cmake_export_libraries-extras.cmake
[10.755s] -- Up-to-date: /home/henrique/colcon_ws3/install/custom_interfaces/share/custom_interfaces/cmake/ament_cmake_export_targets-extras.cmake
[10.755s] -- Up-to-date: /home/henrique/colcon_ws3/install/custom_interfaces/share/custom_interfaces/cmake/rosidl_cmake_export_typesupport_targets-extras.cmake
[10.756s] -- Up-to-date: /home/henrique/colcon_ws3/install/custom_interfaces/share/custom_interfaces/cmake/rosidl_cmake_export_typesupport_libraries-extras.cmake
[10.756s] -- Up-to-date: /home/henrique/colcon_ws3/install/custom_interfaces/share/custom_interfaces/cmake/custom_interfacesConfig.cmake
[10.759s] -- Up-to-date: /home/henrique/colcon_ws3/install/custom_interfaces/share/custom_interfaces/cmake/custom_interfacesConfig-version.cmake
[10.760s] -- Up-to-date: /home/henrique/colcon_ws3/install/custom_interfaces/share/custom_interfaces/package.xml
[10.760s] Invoked command in '/home/henrique/colcon_ws3/build/custom_interfaces' returned '0': CMAKE_PREFIX_PATH=${CMAKE_PREFIX_PATH}:/home/henrique/ros2_ws/install/temperature_system:/home/henrique/ros2_ws/install/temperature_monitor:/opt/ros/jazzy DEBUGINFOD_URLS=https://debuginfod.ubuntu.com /usr/bin/cmake --install /home/henrique/colcon_ws3/build/custom_interfaces
