[  2%] Built target custom_interfaces__rosidl_generator_type_description
[  2%] Built target ament_cmake_python_copy_custom_interfaces
[  5%] Built target custom_interfaces__cpp
[ 20%] Built target custom_interfaces__rosidl_generator_c
running egg_info
writing custom_interfaces.egg-info/PKG-INFO
writing dependency_links to custom_interfaces.egg-info/dependency_links.txt
writing top-level names to custom_interfaces.egg-info/top_level.txt
reading manifest file 'custom_interfaces.egg-info/SOURCES.txt'
writing manifest file 'custom_interfaces.egg-info/SOURCES.txt'
[ 20%] Built target ament_cmake_python_build_custom_interfaces_egg
[ 29%] Built target custom_interfaces__rosidl_typesupport_cpp
[ 38%] Built target custom_interfaces__rosidl_typesupport_fastrtps_c
[ 47%] Built target custom_interfaces__rosidl_typesupport_fastrtps_cpp
[ 55%] Built target custom_interfaces__rosidl_typesupport_introspection_c
[ 64%] Built target custom_interfaces__rosidl_typesupport_c
[ 73%] Built target custom_interfaces__rosidl_typesupport_introspection_cpp
[ 73%] Built target custom_interfaces
[ 76%] Built target custom_interfaces__py
[ 82%] Built target custom_interfaces__rosidl_generator_py
[ 88%] Built target custom_interfaces_s__rosidl_typesupport_fastrtps_c
[ 94%] Built target custom_interfaces_s__rosidl_typesupport_introspection_c
[100%] Built target custom_interfaces_s__rosidl_typesupport_c
