[0.122s] Invoking command in '/home/henrique/colcon_ws3/build/custom_interfaces': CMAKE_PREFIX_PATH=${CMAKE_PREFIX_PATH}:/home/henrique/ros2_ws/install/temperature_system:/home/henrique/ros2_ws/install/temperature_monitor:/opt/ros/jazzy DEBUGINFOD_URLS=https://debuginfod.ubuntu.com /usr/bin/cmake --build /home/henrique/colcon_ws3/build/custom_interfaces -- -j2 -l2
[1.374s] [  2%] Built target custom_interfaces__rosidl_generator_type_description
[1.800s] [  2%] Built target ament_cmake_python_copy_custom_interfaces
[2.143s] [  5%] Built target custom_interfaces__cpp
[2.518s] [ 20%] Built target custom_interfaces__rosidl_generator_c
[4.761s] running egg_info
[4.990s] writing custom_interfaces.egg-info/PKG-INFO
[5.010s] writing dependency_links to custom_interfaces.egg-info/dependency_links.txt
[5.016s] writing top-level names to custom_interfaces.egg-info/top_level.txt
[5.866s] reading manifest file 'custom_interfaces.egg-info/SOURCES.txt'
[5.872s] writing manifest file 'custom_interfaces.egg-info/SOURCES.txt'
[6.179s] [ 20%] Built target ament_cmake_python_build_custom_interfaces_egg
[6.514s] [ 29%] Built target custom_interfaces__rosidl_typesupport_cpp
[6.913s] [ 38%] Built target custom_interfaces__rosidl_typesupport_fastrtps_c
[7.420s] [ 47%] Built target custom_interfaces__rosidl_typesupport_fastrtps_cpp
[7.733s] [ 55%] Built target custom_interfaces__rosidl_typesupport_introspection_c
[7.956s] [ 64%] Built target custom_interfaces__rosidl_typesupport_c
[8.242s] [ 73%] Built target custom_interfaces__rosidl_typesupport_introspection_cpp
[8.514s] [ 73%] Built target custom_interfaces
[8.715s] [ 76%] Built target custom_interfaces__py
[8.878s] [ 82%] Built target custom_interfaces__rosidl_generator_py
[9.109s] [ 88%] Built target custom_interfaces_s__rosidl_typesupport_fastrtps_c
[9.346s] [ 94%] Built target custom_interfaces_s__rosidl_typesupport_introspection_c
[9.524s] [100%] Built target custom_interfaces_s__rosidl_typesupport_c
