[0.267s] DEBUG:colcon:Command line arguments: ['/usr/bin/colcon', 'build']
[0.268s] DEBUG:colcon:Parsed command line arguments: Namespace(log_base=None, log_level=None, verb_name='build', build_base='build', install_base='install', merge_install=False, symlink_install=False, test_result_base=None, continue_on_error=False, executor='parallel', parallel_workers=2, event_handlers=None, ignore_user_meta=False, metas=['./colcon.meta'], base_paths=['.'], packages_ignore=None, packages_ignore_regex=None, paths=None, packages_up_to=None, packages_up_to_regex=None, packages_above=None, packages_above_and_dependencies=None, packages_above_depth=None, packages_select_by_dep=None, packages_skip_by_dep=None, packages_skip_up_to=None, packages_select_build_failed=False, packages_skip_build_finished=False, packages_select_test_failures=False, packages_skip_test_passed=False, packages_select=None, packages_skip=None, packages_select_regex=None, packages_skip_regex=None, packages_start=None, packages_end=None, allow_overriding=[], cmake_args=None, cmake_target=None, cmake_target_skip_unavailable=False, cmake_clean_cache=False, cmake_clean_first=False, cmake_force_configure=False, ament_cmake_args=None, catkin_cmake_args=None, catkin_skip_building_tests=False, mixin_files=None, mixin=None, verb_parser=<colcon_mixin.mixin.mixin_argument.MixinArgumentDecorator object at 0x774fe9f8c590>, verb_extension=<colcon_core.verb.build.BuildVerb object at 0x774fe9f1a150>, main=<bound method BuildVerb.main of <colcon_core.verb.build.BuildVerb object at 0x774fe9f1a150>>, mixin_verb=('build',))
[0.400s] Level 1:colcon.colcon_core.package_discovery:discover_packages(colcon_meta) check parameters
[0.400s] Level 1:colcon.colcon_core.package_discovery:discover_packages(recursive) check parameters
[0.400s] Level 1:colcon.colcon_core.package_discovery:discover_packages(ignore) check parameters
[0.400s] Level 1:colcon.colcon_core.package_discovery:discover_packages(path) check parameters
[0.401s] Level 1:colcon.colcon_core.package_discovery:discover_packages(colcon_meta) discover
[0.402s] Level 1:colcon.colcon_core.package_discovery:discover_packages(recursive) discover
[0.403s] INFO:colcon.colcon_core.package_discovery:Crawling recursively for packages in '/home/henrique/colcon_ws3'
[0.403s] Level 1:colcon.colcon_core.package_identification:_identify(.) by extensions ['ignore', 'ignore_ament_install']
[0.404s] Level 1:colcon.colcon_core.package_identification:_identify(.) by extension 'ignore'
[0.404s] Level 1:colcon.colcon_core.package_identification:_identify(.) by extension 'ignore_ament_install'
[0.405s] Level 1:colcon.colcon_core.package_identification:_identify(.) by extensions ['colcon_pkg']
[0.405s] Level 1:colcon.colcon_core.package_identification:_identify(.) by extension 'colcon_pkg'
[0.405s] Level 1:colcon.colcon_core.package_identification:_identify(.) by extensions ['colcon_meta']
[0.405s] Level 1:colcon.colcon_core.package_identification:_identify(.) by extension 'colcon_meta'
[0.405s] Level 1:colcon.colcon_core.package_identification:_identify(.) by extensions ['ros']
[0.405s] Level 1:colcon.colcon_core.package_identification:_identify(.) by extension 'ros'
[0.469s] Level 1:colcon.colcon_core.package_identification:_identify(.) by extensions ['cmake', 'python']
[0.470s] Level 1:colcon.colcon_core.package_identification:_identify(.) by extension 'cmake'
[0.470s] Level 1:colcon.colcon_core.package_identification:_identify(.) by extension 'python'
[0.470s] Level 1:colcon.colcon_core.package_identification:_identify(.) by extensions ['python_setup_py']
[0.470s] Level 1:colcon.colcon_core.package_identification:_identify(.) by extension 'python_setup_py'
[0.471s] Level 1:colcon.colcon_core.package_identification:_identify(build) by extensions ['ignore', 'ignore_ament_install']
[0.471s] Level 1:colcon.colcon_core.package_identification:_identify(build) by extension 'ignore'
[0.471s] Level 1:colcon.colcon_core.package_identification:_identify(build) ignored
[0.472s] Level 1:colcon.colcon_core.package_identification:_identify(install) by extensions ['ignore', 'ignore_ament_install']
[0.472s] Level 1:colcon.colcon_core.package_identification:_identify(install) by extension 'ignore'
[0.472s] Level 1:colcon.colcon_core.package_identification:_identify(install) ignored
[0.472s] Level 1:colcon.colcon_core.package_identification:_identify(log) by extensions ['ignore', 'ignore_ament_install']
[0.473s] Level 1:colcon.colcon_core.package_identification:_identify(log) by extension 'ignore'
[0.473s] Level 1:colcon.colcon_core.package_identification:_identify(log) ignored
[0.473s] Level 1:colcon.colcon_core.package_identification:_identify(src) by extensions ['ignore', 'ignore_ament_install']
[0.473s] Level 1:colcon.colcon_core.package_identification:_identify(src) by extension 'ignore'
[0.473s] Level 1:colcon.colcon_core.package_identification:_identify(src) by extension 'ignore_ament_install'
[0.474s] Level 1:colcon.colcon_core.package_identification:_identify(src) by extensions ['colcon_pkg']
[0.474s] Level 1:colcon.colcon_core.package_identification:_identify(src) by extension 'colcon_pkg'
[0.474s] Level 1:colcon.colcon_core.package_identification:_identify(src) by extensions ['colcon_meta']
[0.474s] Level 1:colcon.colcon_core.package_identification:_identify(src) by extension 'colcon_meta'
[0.474s] Level 1:colcon.colcon_core.package_identification:_identify(src) by extensions ['ros']
[0.474s] Level 1:colcon.colcon_core.package_identification:_identify(src) by extension 'ros'
[0.475s] Level 1:colcon.colcon_core.package_identification:_identify(src) by extensions ['cmake', 'python']
[0.475s] Level 1:colcon.colcon_core.package_identification:_identify(src) by extension 'cmake'
[0.475s] Level 1:colcon.colcon_core.package_identification:_identify(src) by extension 'python'
[0.475s] Level 1:colcon.colcon_core.package_identification:_identify(src) by extensions ['python_setup_py']
[0.475s] Level 1:colcon.colcon_core.package_identification:_identify(src) by extension 'python_setup_py'
[0.476s] Level 1:colcon.colcon_core.package_identification:_identify(src/all_introduction_to_ros2_packages) by extensions ['ignore', 'ignore_ament_install']
[0.476s] Level 1:colcon.colcon_core.package_identification:_identify(src/all_introduction_to_ros2_packages) by extension 'ignore'
[0.476s] Level 1:colcon.colcon_core.package_identification:_identify(src/all_introduction_to_ros2_packages) by extension 'ignore_ament_install'
[0.476s] Level 1:colcon.colcon_core.package_identification:_identify(src/all_introduction_to_ros2_packages) by extensions ['colcon_pkg']
[0.476s] Level 1:colcon.colcon_core.package_identification:_identify(src/all_introduction_to_ros2_packages) by extension 'colcon_pkg'
[0.476s] Level 1:colcon.colcon_core.package_identification:_identify(src/all_introduction_to_ros2_packages) by extensions ['colcon_meta']
[0.477s] Level 1:colcon.colcon_core.package_identification:_identify(src/all_introduction_to_ros2_packages) by extension 'colcon_meta'
[0.477s] Level 1:colcon.colcon_core.package_identification:_identify(src/all_introduction_to_ros2_packages) by extensions ['ros']
[0.477s] Level 1:colcon.colcon_core.package_identification:_identify(src/all_introduction_to_ros2_packages) by extension 'ros'
[0.478s] Level 1:colcon.colcon_core.package_identification:_identify(src/all_introduction_to_ros2_packages) by extensions ['cmake', 'python']
[0.478s] Level 1:colcon.colcon_core.package_identification:_identify(src/all_introduction_to_ros2_packages) by extension 'cmake'
[0.478s] Level 1:colcon.colcon_core.package_identification:_identify(src/all_introduction_to_ros2_packages) by extension 'python'
[0.478s] Level 1:colcon.colcon_core.package_identification:_identify(src/all_introduction_to_ros2_packages) by extensions ['python_setup_py']
[0.479s] Level 1:colcon.colcon_core.package_identification:_identify(src/all_introduction_to_ros2_packages) by extension 'python_setup_py'
[0.479s] Level 1:colcon.colcon_core.package_identification:_identify(src/all_introduction_to_ros2_packages/custom_interfaces) by extensions ['ignore', 'ignore_ament_install']
[0.480s] Level 1:colcon.colcon_core.package_identification:_identify(src/all_introduction_to_ros2_packages/custom_interfaces) by extension 'ignore'
[0.480s] Level 1:colcon.colcon_core.package_identification:_identify(src/all_introduction_to_ros2_packages/custom_interfaces) by extension 'ignore_ament_install'
[0.480s] Level 1:colcon.colcon_core.package_identification:_identify(src/all_introduction_to_ros2_packages/custom_interfaces) by extensions ['colcon_pkg']
[0.481s] Level 1:colcon.colcon_core.package_identification:_identify(src/all_introduction_to_ros2_packages/custom_interfaces) by extension 'colcon_pkg'
[0.481s] Level 1:colcon.colcon_core.package_identification:_identify(src/all_introduction_to_ros2_packages/custom_interfaces) by extensions ['colcon_meta']
[0.481s] Level 1:colcon.colcon_core.package_identification:_identify(src/all_introduction_to_ros2_packages/custom_interfaces) by extension 'colcon_meta'
[0.481s] Level 1:colcon.colcon_core.package_identification:_identify(src/all_introduction_to_ros2_packages/custom_interfaces) by extensions ['ros']
[0.482s] Level 1:colcon.colcon_core.package_identification:_identify(src/all_introduction_to_ros2_packages/custom_interfaces) by extension 'ros'
[0.490s] DEBUG:colcon.colcon_core.package_identification:Package 'src/all_introduction_to_ros2_packages/custom_interfaces' with type 'ros.ament_cmake' and name 'custom_interfaces'
[0.491s] Level 1:colcon.colcon_core.package_identification:_identify(src/all_introduction_to_ros2_packages/learning_tf2) by extensions ['ignore', 'ignore_ament_install']
[0.491s] Level 1:colcon.colcon_core.package_identification:_identify(src/all_introduction_to_ros2_packages/learning_tf2) by extension 'ignore'
[0.491s] Level 1:colcon.colcon_core.package_identification:_identify(src/all_introduction_to_ros2_packages/learning_tf2) by extension 'ignore_ament_install'
[0.492s] Level 1:colcon.colcon_core.package_identification:_identify(src/all_introduction_to_ros2_packages/learning_tf2) by extensions ['colcon_pkg']
[0.492s] Level 1:colcon.colcon_core.package_identification:_identify(src/all_introduction_to_ros2_packages/learning_tf2) by extension 'colcon_pkg'
[0.492s] Level 1:colcon.colcon_core.package_identification:_identify(src/all_introduction_to_ros2_packages/learning_tf2) by extensions ['colcon_meta']
[0.492s] Level 1:colcon.colcon_core.package_identification:_identify(src/all_introduction_to_ros2_packages/learning_tf2) by extension 'colcon_meta'
[0.493s] Level 1:colcon.colcon_core.package_identification:_identify(src/all_introduction_to_ros2_packages/learning_tf2) by extensions ['ros']
[0.493s] Level 1:colcon.colcon_core.package_identification:_identify(src/all_introduction_to_ros2_packages/learning_tf2) by extension 'ros'
[0.495s] DEBUG:colcon.colcon_core.package_identification:Package 'src/all_introduction_to_ros2_packages/learning_tf2' with type 'ros.ament_cmake' and name 'learning_tf2'
[0.496s] Level 1:colcon.colcon_core.package_identification:_identify(src/all_introduction_to_ros2_packages/pubsub) by extensions ['ignore', 'ignore_ament_install']
[0.496s] Level 1:colcon.colcon_core.package_identification:_identify(src/all_introduction_to_ros2_packages/pubsub) by extension 'ignore'
[0.496s] Level 1:colcon.colcon_core.package_identification:_identify(src/all_introduction_to_ros2_packages/pubsub) by extension 'ignore_ament_install'
[0.497s] Level 1:colcon.colcon_core.package_identification:_identify(src/all_introduction_to_ros2_packages/pubsub) by extensions ['colcon_pkg']
[0.497s] Level 1:colcon.colcon_core.package_identification:_identify(src/all_introduction_to_ros2_packages/pubsub) by extension 'colcon_pkg'
[0.497s] Level 1:colcon.colcon_core.package_identification:_identify(src/all_introduction_to_ros2_packages/pubsub) by extensions ['colcon_meta']
[0.497s] Level 1:colcon.colcon_core.package_identification:_identify(src/all_introduction_to_ros2_packages/pubsub) by extension 'colcon_meta'
[0.497s] Level 1:colcon.colcon_core.package_identification:_identify(src/all_introduction_to_ros2_packages/pubsub) by extensions ['ros']
[0.498s] Level 1:colcon.colcon_core.package_identification:_identify(src/all_introduction_to_ros2_packages/pubsub) by extension 'ros'
[0.499s] DEBUG:colcon.colcon_core.package_identification:Package 'src/all_introduction_to_ros2_packages/pubsub' with type 'ros.ament_cmake' and name 'pubsub'
[0.500s] Level 1:colcon.colcon_core.package_identification:_identify(src/all_introduction_to_ros2_packages/pubsub_custom) by extensions ['ignore', 'ignore_ament_install']
[0.500s] Level 1:colcon.colcon_core.package_identification:_identify(src/all_introduction_to_ros2_packages/pubsub_custom) by extension 'ignore'
[0.500s] Level 1:colcon.colcon_core.package_identification:_identify(src/all_introduction_to_ros2_packages/pubsub_custom) by extension 'ignore_ament_install'
[0.500s] Level 1:colcon.colcon_core.package_identification:_identify(src/all_introduction_to_ros2_packages/pubsub_custom) by extensions ['colcon_pkg']
[0.500s] Level 1:colcon.colcon_core.package_identification:_identify(src/all_introduction_to_ros2_packages/pubsub_custom) by extension 'colcon_pkg'
[0.501s] Level 1:colcon.colcon_core.package_identification:_identify(src/all_introduction_to_ros2_packages/pubsub_custom) by extensions ['colcon_meta']
[0.501s] Level 1:colcon.colcon_core.package_identification:_identify(src/all_introduction_to_ros2_packages/pubsub_custom) by extension 'colcon_meta'
[0.501s] Level 1:colcon.colcon_core.package_identification:_identify(src/all_introduction_to_ros2_packages/pubsub_custom) by extensions ['ros']
[0.501s] Level 1:colcon.colcon_core.package_identification:_identify(src/all_introduction_to_ros2_packages/pubsub_custom) by extension 'ros'
[0.502s] DEBUG:colcon.colcon_core.package_identification:Package 'src/all_introduction_to_ros2_packages/pubsub_custom' with type 'ros.ament_cmake' and name 'pubsub_custom'
[0.503s] Level 1:colcon.colcon_core.package_identification:_identify(src/all_introduction_to_ros2_packages/pubsub_custom_param) by extensions ['ignore', 'ignore_ament_install']
[0.503s] Level 1:colcon.colcon_core.package_identification:_identify(src/all_introduction_to_ros2_packages/pubsub_custom_param) by extension 'ignore'
[0.503s] Level 1:colcon.colcon_core.package_identification:_identify(src/all_introduction_to_ros2_packages/pubsub_custom_param) by extension 'ignore_ament_install'
[0.503s] Level 1:colcon.colcon_core.package_identification:_identify(src/all_introduction_to_ros2_packages/pubsub_custom_param) by extensions ['colcon_pkg']
[0.504s] Level 1:colcon.colcon_core.package_identification:_identify(src/all_introduction_to_ros2_packages/pubsub_custom_param) by extension 'colcon_pkg'
[0.504s] Level 1:colcon.colcon_core.package_identification:_identify(src/all_introduction_to_ros2_packages/pubsub_custom_param) by extensions ['colcon_meta']
[0.504s] Level 1:colcon.colcon_core.package_identification:_identify(src/all_introduction_to_ros2_packages/pubsub_custom_param) by extension 'colcon_meta'
[0.504s] Level 1:colcon.colcon_core.package_identification:_identify(src/all_introduction_to_ros2_packages/pubsub_custom_param) by extensions ['ros']
[0.504s] Level 1:colcon.colcon_core.package_identification:_identify(src/all_introduction_to_ros2_packages/pubsub_custom_param) by extension 'ros'
[0.505s] DEBUG:colcon.colcon_core.package_identification:Package 'src/all_introduction_to_ros2_packages/pubsub_custom_param' with type 'ros.ament_cmake' and name 'pubsub_custom_param'
[0.506s] Level 1:colcon.colcon_core.package_identification:_identify(src/all_introduction_to_ros2_packages/urdf_tutorial) by extensions ['ignore', 'ignore_ament_install']
[0.506s] Level 1:colcon.colcon_core.package_identification:_identify(src/all_introduction_to_ros2_packages/urdf_tutorial) by extension 'ignore'
[0.506s] Level 1:colcon.colcon_core.package_identification:_identify(src/all_introduction_to_ros2_packages/urdf_tutorial) by extension 'ignore_ament_install'
[0.506s] Level 1:colcon.colcon_core.package_identification:_identify(src/all_introduction_to_ros2_packages/urdf_tutorial) by extensions ['colcon_pkg']
[0.506s] Level 1:colcon.colcon_core.package_identification:_identify(src/all_introduction_to_ros2_packages/urdf_tutorial) by extension 'colcon_pkg'
[0.506s] Level 1:colcon.colcon_core.package_identification:_identify(src/all_introduction_to_ros2_packages/urdf_tutorial) by extensions ['colcon_meta']
[0.507s] Level 1:colcon.colcon_core.package_identification:_identify(src/all_introduction_to_ros2_packages/urdf_tutorial) by extension 'colcon_meta'
[0.507s] Level 1:colcon.colcon_core.package_identification:_identify(src/all_introduction_to_ros2_packages/urdf_tutorial) by extensions ['ros']
[0.507s] Level 1:colcon.colcon_core.package_identification:_identify(src/all_introduction_to_ros2_packages/urdf_tutorial) by extension 'ros'
[0.509s] DEBUG:colcon.colcon_core.package_identification:Package 'src/all_introduction_to_ros2_packages/urdf_tutorial' with type 'ros.ament_cmake' and name 'urdf_tutorial'
[0.509s] Level 1:colcon.colcon_core.package_identification:_identify(src/rviz2_marker_demo) by extensions ['ignore', 'ignore_ament_install']
[0.510s] Level 1:colcon.colcon_core.package_identification:_identify(src/rviz2_marker_demo) by extension 'ignore'
[0.510s] Level 1:colcon.colcon_core.package_identification:_identify(src/rviz2_marker_demo) by extension 'ignore_ament_install'
[0.510s] Level 1:colcon.colcon_core.package_identification:_identify(src/rviz2_marker_demo) by extensions ['colcon_pkg']
[0.510s] Level 1:colcon.colcon_core.package_identification:_identify(src/rviz2_marker_demo) by extension 'colcon_pkg'
[0.510s] Level 1:colcon.colcon_core.package_identification:_identify(src/rviz2_marker_demo) by extensions ['colcon_meta']
[0.510s] Level 1:colcon.colcon_core.package_identification:_identify(src/rviz2_marker_demo) by extension 'colcon_meta'
[0.511s] Level 1:colcon.colcon_core.package_identification:_identify(src/rviz2_marker_demo) by extensions ['ros']
[0.511s] Level 1:colcon.colcon_core.package_identification:_identify(src/rviz2_marker_demo) by extension 'ros'
[0.512s] DEBUG:colcon.colcon_core.package_identification:Package 'src/rviz2_marker_demo' with type 'ros.ament_cmake' and name 'rviz2_marker_demo'
[0.512s] Level 1:colcon.colcon_core.package_discovery:discover_packages(recursive) using defaults
[0.512s] Level 1:colcon.colcon_core.package_discovery:discover_packages(ignore) discover
[0.512s] Level 1:colcon.colcon_core.package_discovery:discover_packages(ignore) using defaults
[0.513s] Level 1:colcon.colcon_core.package_discovery:discover_packages(path) discover
[0.513s] Level 1:colcon.colcon_core.package_discovery:discover_packages(path) using defaults
[0.554s] Level 1:colcon.colcon_core.package_discovery:discover_packages(prefix_path) check parameters
[0.554s] Level 1:colcon.colcon_core.package_discovery:discover_packages(prefix_path) discover
[0.560s] DEBUG:colcon.colcon_installed_package_information.package_discovery:Found 4 installed packages in /home/henrique/ros2_ws/install
[0.566s] DEBUG:colcon.colcon_installed_package_information.package_discovery:Found 311 installed packages in /opt/ros/jazzy
[0.569s] Level 1:colcon.colcon_core.package_discovery:discover_packages(prefix_path) using defaults
[0.671s] Level 5:colcon.colcon_core.verb:set package 'custom_interfaces' build argument 'cmake_args' from command line to 'None'
[0.671s] Level 5:colcon.colcon_core.verb:set package 'custom_interfaces' build argument 'cmake_target' from command line to 'None'
[0.671s] Level 5:colcon.colcon_core.verb:set package 'custom_interfaces' build argument 'cmake_target_skip_unavailable' from command line to 'False'
[0.671s] Level 5:colcon.colcon_core.verb:set package 'custom_interfaces' build argument 'cmake_clean_cache' from command line to 'False'
[0.671s] Level 5:colcon.colcon_core.verb:set package 'custom_interfaces' build argument 'cmake_clean_first' from command line to 'False'
[0.672s] Level 5:colcon.colcon_core.verb:set package 'custom_interfaces' build argument 'cmake_force_configure' from command line to 'False'
[0.672s] Level 5:colcon.colcon_core.verb:set package 'custom_interfaces' build argument 'ament_cmake_args' from command line to 'None'
[0.672s] Level 5:colcon.colcon_core.verb:set package 'custom_interfaces' build argument 'catkin_cmake_args' from command line to 'None'
[0.672s] Level 5:colcon.colcon_core.verb:set package 'custom_interfaces' build argument 'catkin_skip_building_tests' from command line to 'False'
[0.672s] DEBUG:colcon.colcon_core.verb:Building package 'custom_interfaces' with the following arguments: {'ament_cmake_args': None, 'build_base': '/home/henrique/colcon_ws3/build/custom_interfaces', 'catkin_cmake_args': None, 'catkin_skip_building_tests': False, 'cmake_args': None, 'cmake_clean_cache': False, 'cmake_clean_first': False, 'cmake_force_configure': False, 'cmake_target': None, 'cmake_target_skip_unavailable': False, 'install_base': '/home/henrique/colcon_ws3/install/custom_interfaces', 'merge_install': False, 'path': '/home/henrique/colcon_ws3/src/all_introduction_to_ros2_packages/custom_interfaces', 'symlink_install': False, 'test_result_base': None}
[0.673s] Level 5:colcon.colcon_core.verb:set package 'learning_tf2' build argument 'cmake_args' from command line to 'None'
[0.673s] Level 5:colcon.colcon_core.verb:set package 'learning_tf2' build argument 'cmake_target' from command line to 'None'
[0.673s] Level 5:colcon.colcon_core.verb:set package 'learning_tf2' build argument 'cmake_target_skip_unavailable' from command line to 'False'
[0.673s] Level 5:colcon.colcon_core.verb:set package 'learning_tf2' build argument 'cmake_clean_cache' from command line to 'False'
[0.673s] Level 5:colcon.colcon_core.verb:set package 'learning_tf2' build argument 'cmake_clean_first' from command line to 'False'
[0.674s] Level 5:colcon.colcon_core.verb:set package 'learning_tf2' build argument 'cmake_force_configure' from command line to 'False'
[0.674s] Level 5:colcon.colcon_core.verb:set package 'learning_tf2' build argument 'ament_cmake_args' from command line to 'None'
[0.674s] Level 5:colcon.colcon_core.verb:set package 'learning_tf2' build argument 'catkin_cmake_args' from command line to 'None'
[0.674s] Level 5:colcon.colcon_core.verb:set package 'learning_tf2' build argument 'catkin_skip_building_tests' from command line to 'False'
[0.674s] DEBUG:colcon.colcon_core.verb:Building package 'learning_tf2' with the following arguments: {'ament_cmake_args': None, 'build_base': '/home/henrique/colcon_ws3/build/learning_tf2', 'catkin_cmake_args': None, 'catkin_skip_building_tests': False, 'cmake_args': None, 'cmake_clean_cache': False, 'cmake_clean_first': False, 'cmake_force_configure': False, 'cmake_target': None, 'cmake_target_skip_unavailable': False, 'install_base': '/home/henrique/colcon_ws3/install/learning_tf2', 'merge_install': False, 'path': '/home/henrique/colcon_ws3/src/all_introduction_to_ros2_packages/learning_tf2', 'symlink_install': False, 'test_result_base': None}
[0.675s] Level 5:colcon.colcon_core.verb:set package 'pubsub' build argument 'cmake_args' from command line to 'None'
[0.675s] Level 5:colcon.colcon_core.verb:set package 'pubsub' build argument 'cmake_target' from command line to 'None'
[0.675s] Level 5:colcon.colcon_core.verb:set package 'pubsub' build argument 'cmake_target_skip_unavailable' from command line to 'False'
[0.675s] Level 5:colcon.colcon_core.verb:set package 'pubsub' build argument 'cmake_clean_cache' from command line to 'False'
[0.675s] Level 5:colcon.colcon_core.verb:set package 'pubsub' build argument 'cmake_clean_first' from command line to 'False'
[0.675s] Level 5:colcon.colcon_core.verb:set package 'pubsub' build argument 'cmake_force_configure' from command line to 'False'
[0.675s] Level 5:colcon.colcon_core.verb:set package 'pubsub' build argument 'ament_cmake_args' from command line to 'None'
[0.676s] Level 5:colcon.colcon_core.verb:set package 'pubsub' build argument 'catkin_cmake_args' from command line to 'None'
[0.676s] Level 5:colcon.colcon_core.verb:set package 'pubsub' build argument 'catkin_skip_building_tests' from command line to 'False'
[0.676s] DEBUG:colcon.colcon_core.verb:Building package 'pubsub' with the following arguments: {'ament_cmake_args': None, 'build_base': '/home/henrique/colcon_ws3/build/pubsub', 'catkin_cmake_args': None, 'catkin_skip_building_tests': False, 'cmake_args': None, 'cmake_clean_cache': False, 'cmake_clean_first': False, 'cmake_force_configure': False, 'cmake_target': None, 'cmake_target_skip_unavailable': False, 'install_base': '/home/henrique/colcon_ws3/install/pubsub', 'merge_install': False, 'path': '/home/henrique/colcon_ws3/src/all_introduction_to_ros2_packages/pubsub', 'symlink_install': False, 'test_result_base': None}
[0.676s] Level 5:colcon.colcon_core.verb:set package 'rviz2_marker_demo' build argument 'cmake_args' from command line to 'None'
[0.676s] Level 5:colcon.colcon_core.verb:set package 'rviz2_marker_demo' build argument 'cmake_target' from command line to 'None'
[0.677s] Level 5:colcon.colcon_core.verb:set package 'rviz2_marker_demo' build argument 'cmake_target_skip_unavailable' from command line to 'False'
[0.677s] Level 5:colcon.colcon_core.verb:set package 'rviz2_marker_demo' build argument 'cmake_clean_cache' from command line to 'False'
[0.677s] Level 5:colcon.colcon_core.verb:set package 'rviz2_marker_demo' build argument 'cmake_clean_first' from command line to 'False'
[0.677s] Level 5:colcon.colcon_core.verb:set package 'rviz2_marker_demo' build argument 'cmake_force_configure' from command line to 'False'
[0.677s] Level 5:colcon.colcon_core.verb:set package 'rviz2_marker_demo' build argument 'ament_cmake_args' from command line to 'None'
[0.677s] Level 5:colcon.colcon_core.verb:set package 'rviz2_marker_demo' build argument 'catkin_cmake_args' from command line to 'None'
[0.677s] Level 5:colcon.colcon_core.verb:set package 'rviz2_marker_demo' build argument 'catkin_skip_building_tests' from command line to 'False'
[0.678s] DEBUG:colcon.colcon_core.verb:Building package 'rviz2_marker_demo' with the following arguments: {'ament_cmake_args': None, 'build_base': '/home/henrique/colcon_ws3/build/rviz2_marker_demo', 'catkin_cmake_args': None, 'catkin_skip_building_tests': False, 'cmake_args': None, 'cmake_clean_cache': False, 'cmake_clean_first': False, 'cmake_force_configure': False, 'cmake_target': None, 'cmake_target_skip_unavailable': False, 'install_base': '/home/henrique/colcon_ws3/install/rviz2_marker_demo', 'merge_install': False, 'path': '/home/henrique/colcon_ws3/src/rviz2_marker_demo', 'symlink_install': False, 'test_result_base': None}
[0.678s] Level 5:colcon.colcon_core.verb:set package 'urdf_tutorial' build argument 'cmake_args' from command line to 'None'
[0.678s] Level 5:colcon.colcon_core.verb:set package 'urdf_tutorial' build argument 'cmake_target' from command line to 'None'
[0.678s] Level 5:colcon.colcon_core.verb:set package 'urdf_tutorial' build argument 'cmake_target_skip_unavailable' from command line to 'False'
[0.678s] Level 5:colcon.colcon_core.verb:set package 'urdf_tutorial' build argument 'cmake_clean_cache' from command line to 'False'
[0.679s] Level 5:colcon.colcon_core.verb:set package 'urdf_tutorial' build argument 'cmake_clean_first' from command line to 'False'
[0.679s] Level 5:colcon.colcon_core.verb:set package 'urdf_tutorial' build argument 'cmake_force_configure' from command line to 'False'
[0.679s] Level 5:colcon.colcon_core.verb:set package 'urdf_tutorial' build argument 'ament_cmake_args' from command line to 'None'
[0.679s] Level 5:colcon.colcon_core.verb:set package 'urdf_tutorial' build argument 'catkin_cmake_args' from command line to 'None'
[0.679s] Level 5:colcon.colcon_core.verb:set package 'urdf_tutorial' build argument 'catkin_skip_building_tests' from command line to 'False'
[0.679s] DEBUG:colcon.colcon_core.verb:Building package 'urdf_tutorial' with the following arguments: {'ament_cmake_args': None, 'build_base': '/home/henrique/colcon_ws3/build/urdf_tutorial', 'catkin_cmake_args': None, 'catkin_skip_building_tests': False, 'cmake_args': None, 'cmake_clean_cache': False, 'cmake_clean_first': False, 'cmake_force_configure': False, 'cmake_target': None, 'cmake_target_skip_unavailable': False, 'install_base': '/home/henrique/colcon_ws3/install/urdf_tutorial', 'merge_install': False, 'path': '/home/henrique/colcon_ws3/src/all_introduction_to_ros2_packages/urdf_tutorial', 'symlink_install': False, 'test_result_base': None}
[0.680s] Level 5:colcon.colcon_core.verb:set package 'pubsub_custom' build argument 'cmake_args' from command line to 'None'
[0.680s] Level 5:colcon.colcon_core.verb:set package 'pubsub_custom' build argument 'cmake_target' from command line to 'None'
[0.680s] Level 5:colcon.colcon_core.verb:set package 'pubsub_custom' build argument 'cmake_target_skip_unavailable' from command line to 'False'
[0.680s] Level 5:colcon.colcon_core.verb:set package 'pubsub_custom' build argument 'cmake_clean_cache' from command line to 'False'
[0.680s] Level 5:colcon.colcon_core.verb:set package 'pubsub_custom' build argument 'cmake_clean_first' from command line to 'False'
[0.680s] Level 5:colcon.colcon_core.verb:set package 'pubsub_custom' build argument 'cmake_force_configure' from command line to 'False'
[0.681s] Level 5:colcon.colcon_core.verb:set package 'pubsub_custom' build argument 'ament_cmake_args' from command line to 'None'
[0.681s] Level 5:colcon.colcon_core.verb:set package 'pubsub_custom' build argument 'catkin_cmake_args' from command line to 'None'
[0.681s] Level 5:colcon.colcon_core.verb:set package 'pubsub_custom' build argument 'catkin_skip_building_tests' from command line to 'False'
[0.681s] DEBUG:colcon.colcon_core.verb:Building package 'pubsub_custom' with the following arguments: {'ament_cmake_args': None, 'build_base': '/home/henrique/colcon_ws3/build/pubsub_custom', 'catkin_cmake_args': None, 'catkin_skip_building_tests': False, 'cmake_args': None, 'cmake_clean_cache': False, 'cmake_clean_first': False, 'cmake_force_configure': False, 'cmake_target': None, 'cmake_target_skip_unavailable': False, 'install_base': '/home/henrique/colcon_ws3/install/pubsub_custom', 'merge_install': False, 'path': '/home/henrique/colcon_ws3/src/all_introduction_to_ros2_packages/pubsub_custom', 'symlink_install': False, 'test_result_base': None}
[0.682s] Level 5:colcon.colcon_core.verb:set package 'pubsub_custom_param' build argument 'cmake_args' from command line to 'None'
[0.682s] Level 5:colcon.colcon_core.verb:set package 'pubsub_custom_param' build argument 'cmake_target' from command line to 'None'
[0.682s] Level 5:colcon.colcon_core.verb:set package 'pubsub_custom_param' build argument 'cmake_target_skip_unavailable' from command line to 'False'
[0.682s] Level 5:colcon.colcon_core.verb:set package 'pubsub_custom_param' build argument 'cmake_clean_cache' from command line to 'False'
[0.682s] Level 5:colcon.colcon_core.verb:set package 'pubsub_custom_param' build argument 'cmake_clean_first' from command line to 'False'
[0.682s] Level 5:colcon.colcon_core.verb:set package 'pubsub_custom_param' build argument 'cmake_force_configure' from command line to 'False'
[0.682s] Level 5:colcon.colcon_core.verb:set package 'pubsub_custom_param' build argument 'ament_cmake_args' from command line to 'None'
[0.682s] Level 5:colcon.colcon_core.verb:set package 'pubsub_custom_param' build argument 'catkin_cmake_args' from command line to 'None'
[0.683s] Level 5:colcon.colcon_core.verb:set package 'pubsub_custom_param' build argument 'catkin_skip_building_tests' from command line to 'False'
[0.683s] DEBUG:colcon.colcon_core.verb:Building package 'pubsub_custom_param' with the following arguments: {'ament_cmake_args': None, 'build_base': '/home/henrique/colcon_ws3/build/pubsub_custom_param', 'catkin_cmake_args': None, 'catkin_skip_building_tests': False, 'cmake_args': None, 'cmake_clean_cache': False, 'cmake_clean_first': False, 'cmake_force_configure': False, 'cmake_target': None, 'cmake_target_skip_unavailable': False, 'install_base': '/home/henrique/colcon_ws3/install/pubsub_custom_param', 'merge_install': False, 'path': '/home/henrique/colcon_ws3/src/all_introduction_to_ros2_packages/pubsub_custom_param', 'symlink_install': False, 'test_result_base': None}
[0.683s] INFO:colcon.colcon_core.executor:Executing jobs using 'parallel' executor
[0.690s] DEBUG:colcon.colcon_parallel_executor.executor.parallel:run_until_complete
[0.695s] INFO:colcon.colcon_ros.task.ament_cmake.build:Building ROS package in '/home/henrique/colcon_ws3/src/all_introduction_to_ros2_packages/custom_interfaces' with build type 'ament_cmake'
[0.696s] INFO:colcon.colcon_cmake.task.cmake.build:Building CMake package in '/home/henrique/colcon_ws3/src/all_introduction_to_ros2_packages/custom_interfaces'
[0.713s] INFO:colcon.colcon_core.plugin_system:Skipping extension 'colcon_core.shell.bat': Not used on non-Windows systems
[0.714s] INFO:colcon.colcon_core.shell:Skip shell extension 'powershell' for command environment: Not usable outside of PowerShell
[0.714s] DEBUG:colcon.colcon_core.shell:Skip shell extension 'dsv' for command environment
[0.729s] INFO:colcon.colcon_ros.task.ament_cmake.build:Building ROS package in '/home/henrique/colcon_ws3/src/all_introduction_to_ros2_packages/learning_tf2' with build type 'ament_cmake'
[0.730s] INFO:colcon.colcon_cmake.task.cmake.build:Building CMake package in '/home/henrique/colcon_ws3/src/all_introduction_to_ros2_packages/learning_tf2'
[0.737s] INFO:colcon.colcon_core.shell:Skip shell extension 'powershell' for command environment: Not usable outside of PowerShell
[0.737s] DEBUG:colcon.colcon_core.shell:Skip shell extension 'dsv' for command environment
[0.786s] DEBUG:colcon.colcon_core.event_handler.log_command:Invoking command in '/home/henrique/colcon_ws3/build/custom_interfaces': CMAKE_PREFIX_PATH=${CMAKE_PREFIX_PATH}:/home/henrique/ros2_ws/install/temperature_system:/home/henrique/ros2_ws/install/temperature_monitor:/opt/ros/jazzy DEBUGINFOD_URLS=https://debuginfod.ubuntu.com /usr/bin/cmake --build /home/henrique/colcon_ws3/build/custom_interfaces -- -j2 -l2
[0.826s] DEBUG:colcon.colcon_core.event_handler.log_command:Invoking command in '/home/henrique/colcon_ws3/build/learning_tf2': CMAKE_PREFIX_PATH=${CMAKE_PREFIX_PATH}:/home/henrique/ros2_ws/install/temperature_system:/home/henrique/ros2_ws/install/temperature_monitor:/opt/ros/jazzy DEBUGINFOD_URLS=https://debuginfod.ubuntu.com /usr/bin/cmake --build /home/henrique/colcon_ws3/build/learning_tf2 -- -j2 -l2
[0.994s] DEBUG:colcon.colcon_core.event_handler.log_command:Invoked command in '/home/henrique/colcon_ws3/build/custom_interfaces' returned '2': CMAKE_PREFIX_PATH=${CMAKE_PREFIX_PATH}:/home/henrique/ros2_ws/install/temperature_system:/home/henrique/ros2_ws/install/temperature_monitor:/opt/ros/jazzy DEBUGINFOD_URLS=https://debuginfod.ubuntu.com /usr/bin/cmake --build /home/henrique/colcon_ws3/build/custom_interfaces -- -j2 -l2
[0.997s] Level 1:colcon.colcon_core.environment:create_environment_scripts_only(custom_interfaces)
[1.015s] Level 1:colcon.colcon_core.environment:checking '/home/henrique/colcon_ws3/install/custom_interfaces' for CMake module files
[1.019s] Level 1:colcon.colcon_core.environment:checking '/home/henrique/colcon_ws3/install/custom_interfaces' for CMake config files
[1.021s] Level 1:colcon.colcon_core.environment:checking '/home/henrique/colcon_ws3/install/custom_interfaces/bin'
[1.021s] Level 1:colcon.colcon_core.environment:checking '/home/henrique/colcon_ws3/install/custom_interfaces/lib/pkgconfig/custom_interfaces.pc'
[1.026s] Level 1:colcon.colcon_core.environment:checking '/home/henrique/colcon_ws3/install/custom_interfaces/lib/python3.12/site-packages'
[1.027s] Level 1:colcon.colcon_core.environment:checking '/home/henrique/colcon_ws3/install/custom_interfaces/bin'
[1.027s] INFO:colcon.colcon_core.shell:Creating package script '/home/henrique/colcon_ws3/install/custom_interfaces/share/custom_interfaces/package.ps1'
[1.030s] INFO:colcon.colcon_core.shell:Creating package descriptor '/home/henrique/colcon_ws3/install/custom_interfaces/share/custom_interfaces/package.dsv'
[1.036s] INFO:colcon.colcon_core.shell:Creating package script '/home/henrique/colcon_ws3/install/custom_interfaces/share/custom_interfaces/package.sh'
[1.037s] INFO:colcon.colcon_core.shell:Creating package script '/home/henrique/colcon_ws3/install/custom_interfaces/share/custom_interfaces/package.bash'
[1.042s] INFO:colcon.colcon_core.shell:Creating package script '/home/henrique/colcon_ws3/install/custom_interfaces/share/custom_interfaces/package.zsh'
[1.048s] Level 1:colcon.colcon_core.environment:create_file_with_runtime_dependencies(/home/henrique/colcon_ws3/install/custom_interfaces/share/colcon-core/packages/custom_interfaces)
[2.032s] DEBUG:colcon.colcon_parallel_executor.executor.parallel:closing loop
[2.036s] DEBUG:colcon.colcon_parallel_executor.executor.parallel:loop closed
[2.036s] DEBUG:colcon.colcon_parallel_executor.executor.parallel:run_until_complete finished with '2'
[2.037s] DEBUG:colcon.colcon_core.event_reactor:joining thread
[2.079s] INFO:colcon.colcon_core.plugin_system:Skipping extension 'colcon_notification.desktop_notification.terminal_notifier': Not used on non-Darwin systems
[2.080s] INFO:colcon.colcon_core.plugin_system:Skipping extension 'colcon_notification.desktop_notification.win32': Not used on non-Windows systems
[2.080s] INFO:colcon.colcon_notification.desktop_notification:Sending desktop notification using 'notify2'
[2.158s] DEBUG:colcon.colcon_core.event_reactor:joined thread
[2.161s] INFO:colcon.colcon_core.shell:Creating prefix script '/home/henrique/colcon_ws3/install/local_setup.ps1'
[2.164s] INFO:colcon.colcon_core.shell:Creating prefix util module '/home/henrique/colcon_ws3/install/_local_setup_util_ps1.py'
[2.168s] INFO:colcon.colcon_core.shell:Creating prefix chain script '/home/henrique/colcon_ws3/install/setup.ps1'
[2.175s] INFO:colcon.colcon_core.shell:Creating prefix script '/home/henrique/colcon_ws3/install/local_setup.sh'
[2.177s] INFO:colcon.colcon_core.shell:Creating prefix util module '/home/henrique/colcon_ws3/install/_local_setup_util_sh.py'
[2.180s] INFO:colcon.colcon_core.shell:Creating prefix chain script '/home/henrique/colcon_ws3/install/setup.sh'
[2.185s] INFO:colcon.colcon_core.shell:Creating prefix script '/home/henrique/colcon_ws3/install/local_setup.bash'
[2.187s] INFO:colcon.colcon_core.shell:Creating prefix chain script '/home/henrique/colcon_ws3/install/setup.bash'
[2.192s] INFO:colcon.colcon_core.shell:Creating prefix script '/home/henrique/colcon_ws3/install/local_setup.zsh'
[2.195s] INFO:colcon.colcon_core.shell:Creating prefix chain script '/home/henrique/colcon_ws3/install/setup.zsh'
