[0.270s] Invoking command in '/home/henrique/colcon_ws3/build/urdf_tutorial': CMAKE_PREFIX_PATH=${CMAKE_PREFIX_PATH}:/home/henrique/ros2_ws/install/temperature_system:/home/henrique/ros2_ws/install/temperature_monitor:/opt/ros/jazzy DEBUGINFOD_URLS=https://debuginfod.ubuntu.com /usr/bin/cmake --build /home/henrique/colcon_ws3/build/urdf_tutorial -- -j2 -l2
[0.785s] -- Found ament_cmake: 2.5.4 (/opt/ros/jazzy/share/ament_cmake/cmake)
[3.720s] -- Found rclcpp: 28.1.10 (/opt/ros/jazzy/share/rclcpp/cmake)
[3.931s] -- Found rosidl_generator_c: 4.6.5 (/opt/ros/jazzy/share/rosidl_generator_c/cmake)
[4.068s] -- Found rosidl_generator_cpp: 4.6.5 (/opt/ros/jazzy/share/rosidl_generator_cpp/cmake)
[4.221s] -- Using all available rosidl_typesupport_c: rosidl_typesupport_fastrtps_c;rosidl_typesupport_introspection_c
[4.367s] -- Using all available rosidl_typesupport_cpp: rosidl_typesupport_fastrtps_cpp;rosidl_typesupport_introspection_cpp
[4.738s] -- Found rmw_implementation_cmake: 7.3.2 (/opt/ros/jazzy/share/rmw_implementation_cmake/cmake)
[4.745s] -- Found rmw_fastrtps_cpp: 8.4.2 (/opt/ros/jazzy/share/rmw_fastrtps_cpp/cmake)
[5.105s] -- Using RMW implementation 'rmw_fastrtps_cpp' as default
[5.467s] -- Found std_msgs: 5.3.6 (/opt/ros/jazzy/share/std_msgs/cmake)
[5.516s] -- Found ament_lint_auto: 0.17.2 (/opt/ros/jazzy/share/ament_lint_auto/cmake)
[6.101s] -- Added test 'copyright' to check source files copyright and LICENSE
[6.120s] -- Added test 'flake8' to check Python code syntax and style conventions
[6.123s] -- Configured 'flake8' exclude dirs and/or files: 
[6.126s] -- Added test 'lint_cmake' to check CMake code style
[6.129s] -- Added test 'pep257' to check Python code against some of the docstring style conventions in PEP 257
[6.138s] -- Added test 'xmllint' to check XML markup files
[6.155s] -- Configuring done (5.4s)
[6.256s] -- Generating done (0.1s)
[6.330s] -- Build files have been written to: /home/henrique/colcon_ws3/build/urdf_tutorial
[6.622s] Invoked command in '/home/henrique/colcon_ws3/build/urdf_tutorial' returned '0': CMAKE_PREFIX_PATH=${CMAKE_PREFIX_PATH}:/home/henrique/ros2_ws/install/temperature_system:/home/henrique/ros2_ws/install/temperature_monitor:/opt/ros/jazzy DEBUGINFOD_URLS=https://debuginfod.ubuntu.com /usr/bin/cmake --build /home/henrique/colcon_ws3/build/urdf_tutorial -- -j2 -l2
[6.642s] Invoking command in '/home/henrique/colcon_ws3/build/urdf_tutorial': CMAKE_PREFIX_PATH=${CMAKE_PREFIX_PATH}:/home/henrique/ros2_ws/install/temperature_system:/home/henrique/ros2_ws/install/temperature_monitor:/opt/ros/jazzy DEBUGINFOD_URLS=https://debuginfod.ubuntu.com /usr/bin/cmake --install /home/henrique/colcon_ws3/build/urdf_tutorial
[6.752s] -- Install configuration: ""
[6.755s] -- Up-to-date: /home/henrique/colcon_ws3/install/urdf_tutorial/share/urdf_tutorial/launch
[6.760s] -- Up-to-date: /home/henrique/colcon_ws3/install/urdf_tutorial/share/urdf_tutorial/launch/ur_visualization.launch.py
[6.760s] -- Up-to-date: /home/henrique/colcon_ws3/install/urdf_tutorial/share/urdf_tutorial/launch/pantilt_visualization.launch.py
[6.763s] -- Up-to-date: /home/henrique/colcon_ws3/install/urdf_tutorial/share/urdf_tutorial/launch/exercise_3b.launch.py
[6.765s] -- Up-to-date: /home/henrique/colcon_ws3/install/urdf_tutorial/share/urdf_tutorial/config
[6.767s] -- Up-to-date: /home/henrique/colcon_ws3/install/urdf_tutorial/share/urdf_tutorial/config/pawn_marker.yaml
[6.768s] -- Up-to-date: /home/henrique/colcon_ws3/install/urdf_tutorial/share/urdf_tutorial/urdf
[6.768s] -- Up-to-date: /home/henrique/colcon_ws3/install/urdf_tutorial/share/urdf_tutorial/urdf/ur.urdf.xacro
[6.776s] -- Up-to-date: /home/henrique/colcon_ws3/install/urdf_tutorial/share/urdf_tutorial/urdf/pan_tilt.xacro
[6.776s] -- Up-to-date: /home/henrique/colcon_ws3/install/urdf_tutorial/share/urdf_tutorial/urdf/pan_tilt.urdf
[6.776s] -- Up-to-date: /home/henrique/colcon_ws3/install/urdf_tutorial/share/urdf_tutorial/rviz
[6.777s] -- Up-to-date: /home/henrique/colcon_ws3/install/urdf_tutorial/share/urdf_tutorial/rviz/display_urdf.rviz
[6.777s] -- Up-to-date: /home/henrique/colcon_ws3/install/urdf_tutorial/share/urdf_tutorial/rviz/ur_visualization.rviz
[6.790s] -- Up-to-date: /home/henrique/colcon_ws3/install/urdf_tutorial/share/ament_index/resource_index/package_run_dependencies/urdf_tutorial
[6.791s] -- Installing: /home/henrique/colcon_ws3/install/urdf_tutorial/share/ament_index/resource_index/parent_prefix_path/urdf_tutorial
[6.792s] -- Up-to-date: /home/henrique/colcon_ws3/install/urdf_tutorial/share/urdf_tutorial/environment/ament_prefix_path.sh
[6.797s] -- Up-to-date: /home/henrique/colcon_ws3/install/urdf_tutorial/share/urdf_tutorial/environment/ament_prefix_path.dsv
[6.798s] -- Up-to-date: /home/henrique/colcon_ws3/install/urdf_tutorial/share/urdf_tutorial/environment/path.sh
[6.798s] -- Up-to-date: /home/henrique/colcon_ws3/install/urdf_tutorial/share/urdf_tutorial/environment/path.dsv
[6.798s] -- Up-to-date: /home/henrique/colcon_ws3/install/urdf_tutorial/share/urdf_tutorial/local_setup.bash
[6.799s] -- Up-to-date: /home/henrique/colcon_ws3/install/urdf_tutorial/share/urdf_tutorial/local_setup.sh
[6.814s] -- Up-to-date: /home/henrique/colcon_ws3/install/urdf_tutorial/share/urdf_tutorial/local_setup.zsh
[6.818s] -- Up-to-date: /home/henrique/colcon_ws3/install/urdf_tutorial/share/urdf_tutorial/local_setup.dsv
[6.818s] -- Installing: /home/henrique/colcon_ws3/install/urdf_tutorial/share/urdf_tutorial/package.dsv
[6.825s] -- Up-to-date: /home/henrique/colcon_ws3/install/urdf_tutorial/share/ament_index/resource_index/packages/urdf_tutorial
[6.826s] -- Up-to-date: /home/henrique/colcon_ws3/install/urdf_tutorial/share/urdf_tutorial/cmake/ament_cmake_export_dependencies-extras.cmake
[6.826s] -- Up-to-date: /home/henrique/colcon_ws3/install/urdf_tutorial/share/urdf_tutorial/cmake/urdf_tutorialConfig.cmake
[6.829s] -- Up-to-date: /home/henrique/colcon_ws3/install/urdf_tutorial/share/urdf_tutorial/cmake/urdf_tutorialConfig-version.cmake
[6.829s] -- Up-to-date: /home/henrique/colcon_ws3/install/urdf_tutorial/share/urdf_tutorial/package.xml
[6.839s] Invoked command in '/home/henrique/colcon_ws3/build/urdf_tutorial' returned '0': CMAKE_PREFIX_PATH=${CMAKE_PREFIX_PATH}:/home/henrique/ros2_ws/install/temperature_system:/home/henrique/ros2_ws/install/temperature_monitor:/opt/ros/jazzy DEBUGINFOD_URLS=https://debuginfod.ubuntu.com /usr/bin/cmake --install /home/henrique/colcon_ws3/build/urdf_tutorial
