[0.064s] Invoking command in '/home/henrique/colcon_ws3/build/rviz2_marker_demo': CMAKE_PREFIX_PATH=${CMAKE_PREFIX_PATH}:/home/henrique/ros2_ws/install/temperature_system:/home/henrique/ros2_ws/install/temperature_monitor:/opt/ros/jazzy DEBUGINFOD_URLS=https://debuginfod.ubuntu.com /usr/bin/cmake --build /home/henrique/colcon_ws3/build/rviz2_marker_demo -- -j2 -l2
[0.727s] [100%] Built target rviz_node
[0.840s] Invoked command in '/home/henrique/colcon_ws3/build/rviz2_marker_demo' returned '0': CMAKE_PREFIX_PATH=${CMAKE_PREFIX_PATH}:/home/henrique/ros2_ws/install/temperature_system:/home/henrique/ros2_ws/install/temperature_monitor:/opt/ros/jazzy DEBUGINFOD_URLS=https://debuginfod.ubuntu.com /usr/bin/cmake --build /home/henrique/colcon_ws3/build/rviz2_marker_demo -- -j2 -l2
[0.843s] Invoking command in '/home/henrique/colcon_ws3/build/rviz2_marker_demo': CMAKE_PREFIX_PATH=${CMAKE_PREFIX_PATH}:/home/henrique/ros2_ws/install/temperature_system:/home/henrique/ros2_ws/install/temperature_monitor:/opt/ros/jazzy DEBUGINFOD_URLS=https://debuginfod.ubuntu.com /usr/bin/cmake --install /home/henrique/colcon_ws3/build/rviz2_marker_demo
[0.925s] -- Install configuration: ""
[0.925s] -- Up-to-date: /home/henrique/colcon_ws3/install/rviz2_marker_demo/lib/rviz2_marker_demo/rviz_node
[0.925s] -- Up-to-date: /home/henrique/colcon_ws3/install/rviz2_marker_demo/share/rviz2_marker_demo/launch
[0.926s] -- Up-to-date: /home/henrique/colcon_ws3/install/rviz2_marker_demo/share/rviz2_marker_demo/launch/rviz_marker_demo.launch.py
[0.926s] -- Up-to-date: /home/henrique/colcon_ws3/install/rviz2_marker_demo/share/rviz2_marker_demo/rviz
[0.926s] -- Installing: /home/henrique/colcon_ws3/install/rviz2_marker_demo/share/rviz2_marker_demo/rviz/rviz2_marker_demo.rviz
[0.926s] -- Up-to-date: /home/henrique/colcon_ws3/install/rviz2_marker_demo/share/rviz2_marker_demo/objects
[0.926s] -- Up-to-date: /home/henrique/colcon_ws3/install/rviz2_marker_demo/share/rviz2_marker_demo/objects/fixtures
[0.926s] -- Up-to-date: /home/henrique/colcon_ws3/install/rviz2_marker_demo/share/rviz2_marker_demo/objects/fixtures/Wooden_Plate.stl
[0.927s] -- Up-to-date: /home/henrique/colcon_ws3/install/rviz2_marker_demo/share/rviz2_marker_demo/objects/fixtures/Wooden_Plate.dae
[0.927s] -- Up-to-date: /home/henrique/colcon_ws3/install/rviz2_marker_demo/share/rviz2_marker_demo/objects/plane
[0.927s] -- Up-to-date: /home/henrique/colcon_ws3/install/rviz2_marker_demo/share/rviz2_marker_demo/objects/plane/MotorGrill.stl
[0.927s] -- Up-to-date: /home/henrique/colcon_ws3/install/rviz2_marker_demo/share/rviz2_marker_demo/objects/plane/Propeller.stl
[0.927s] -- Up-to-date: /home/henrique/colcon_ws3/install/rviz2_marker_demo/share/rviz2_marker_demo/objects/plane/UpperBody.stl
[0.927s] -- Up-to-date: /home/henrique/colcon_ws3/install/rviz2_marker_demo/share/rviz2_marker_demo/objects/plane/TopWing.stl
[0.927s] -- Up-to-date: /home/henrique/colcon_ws3/install/rviz2_marker_demo/share/rviz2_marker_demo/objects/plane/Chassis.stl
[0.927s] -- Up-to-date: /home/henrique/colcon_ws3/install/rviz2_marker_demo/share/rviz2_marker_demo/objects/plane/RearWheelRight.stl
[0.927s] -- Up-to-date: /home/henrique/colcon_ws3/install/rviz2_marker_demo/share/rviz2_marker_demo/objects/plane/UpperBody.dae
[0.927s] -- Up-to-date: /home/henrique/colcon_ws3/install/rviz2_marker_demo/share/rviz2_marker_demo/objects/plane/RearWheelLeft.stl
[0.927s] -- Up-to-date: /home/henrique/colcon_ws3/install/rviz2_marker_demo/share/rviz2_marker_demo/objects/plane/TopWing.dae
[0.927s] -- Up-to-date: /home/henrique/colcon_ws3/install/rviz2_marker_demo/share/rviz2_marker_demo/objects/plane/FrontWheel.stl
[0.928s] -- Up-to-date: /home/henrique/colcon_ws3/install/rviz2_marker_demo/share/rviz2_marker_demo/objects/plane/UnderBody.stl
[0.928s] -- Up-to-date: /home/henrique/colcon_ws3/install/rviz2_marker_demo/share/rviz2_marker_demo/objects/plane/RearWing.stl
[0.928s] -- Up-to-date: /home/henrique/colcon_ws3/install/rviz2_marker_demo/share/rviz2_marker_demo/objects/plane/Window.stl
[0.928s] -- Up-to-date: /home/henrique/colcon_ws3/install/rviz2_marker_demo/share/rviz2_marker_demo/objects/plane/BottomWing.stl
[0.930s] -- Up-to-date: /home/henrique/colcon_ws3/install/rviz2_marker_demo/share/ament_index/resource_index/package_run_dependencies/rviz2_marker_demo
[0.930s] -- Up-to-date: /home/henrique/colcon_ws3/install/rviz2_marker_demo/share/ament_index/resource_index/parent_prefix_path/rviz2_marker_demo
[0.930s] -- Up-to-date: /home/henrique/colcon_ws3/install/rviz2_marker_demo/share/rviz2_marker_demo/environment/ament_prefix_path.sh
[0.930s] -- Up-to-date: /home/henrique/colcon_ws3/install/rviz2_marker_demo/share/rviz2_marker_demo/environment/ament_prefix_path.dsv
[0.930s] -- Up-to-date: /home/henrique/colcon_ws3/install/rviz2_marker_demo/share/rviz2_marker_demo/environment/path.sh
[0.930s] -- Up-to-date: /home/henrique/colcon_ws3/install/rviz2_marker_demo/share/rviz2_marker_demo/environment/path.dsv
[0.930s] -- Up-to-date: /home/henrique/colcon_ws3/install/rviz2_marker_demo/share/rviz2_marker_demo/local_setup.bash
[0.930s] -- Up-to-date: /home/henrique/colcon_ws3/install/rviz2_marker_demo/share/rviz2_marker_demo/local_setup.sh
[0.932s] -- Up-to-date: /home/henrique/colcon_ws3/install/rviz2_marker_demo/share/rviz2_marker_demo/local_setup.zsh
[0.932s] -- Up-to-date: /home/henrique/colcon_ws3/install/rviz2_marker_demo/share/rviz2_marker_demo/local_setup.dsv
[0.932s] -- Installing: /home/henrique/colcon_ws3/install/rviz2_marker_demo/share/rviz2_marker_demo/package.dsv
[0.932s] -- Up-to-date: /home/henrique/colcon_ws3/install/rviz2_marker_demo/share/ament_index/resource_index/packages/rviz2_marker_demo
[0.932s] -- Up-to-date: /home/henrique/colcon_ws3/install/rviz2_marker_demo/share/rviz2_marker_demo/cmake/ament_cmake_export_dependencies-extras.cmake
[0.932s] -- Up-to-date: /home/henrique/colcon_ws3/install/rviz2_marker_demo/share/rviz2_marker_demo/cmake/rviz2_marker_demoConfig.cmake
[0.935s] -- Up-to-date: /home/henrique/colcon_ws3/install/rviz2_marker_demo/share/rviz2_marker_demo/cmake/rviz2_marker_demoConfig-version.cmake
[0.935s] -- Up-to-date: /home/henrique/colcon_ws3/install/rviz2_marker_demo/share/rviz2_marker_demo/package.xml
[0.938s] Invoked command in '/home/henrique/colcon_ws3/build/rviz2_marker_demo' returned '0': CMAKE_PREFIX_PATH=${CMAKE_PREFIX_PATH}:/home/henrique/ros2_ws/install/temperature_system:/home/henrique/ros2_ws/install/temperature_monitor:/opt/ros/jazzy DEBUGINFOD_URLS=https://debuginfod.ubuntu.com /usr/bin/cmake --install /home/henrique/colcon_ws3/build/rviz2_marker_demo
