[0.084s] Invoking command in '/home/henrique/colcon_ws3/build/urdf_tutorial': CMAKE_PREFIX_PATH=${CMAKE_PREFIX_PATH}:/home/henrique/ros2_ws/install/temperature_system:/home/henrique/ros2_ws/install/temperature_monitor:/opt/ros/jazzy DEBUGINFOD_URLS=https://debuginfod.ubuntu.com /usr/bin/cmake --build /home/henrique/colcon_ws3/build/urdf_tutorial -- -j2 -l2
[0.441s] Invoked command in '/home/henrique/colcon_ws3/build/urdf_tutorial' returned '0': CMAKE_PREFIX_PATH=${CMAKE_PREFIX_PATH}:/home/henrique/ros2_ws/install/temperature_system:/home/henrique/ros2_ws/install/temperature_monitor:/opt/ros/jazzy DEBUGINFOD_URLS=https://debuginfod.ubuntu.com /usr/bin/cmake --build /home/henrique/colcon_ws3/build/urdf_tutorial -- -j2 -l2
[0.536s] Invoking command in '/home/henrique/colcon_ws3/build/urdf_tutorial': CMAKE_PREFIX_PATH=${CMAKE_PREFIX_PATH}:/home/henrique/ros2_ws/install/temperature_system:/home/henrique/ros2_ws/install/temperature_monitor:/opt/ros/jazzy DEBUGINFOD_URLS=https://debuginfod.ubuntu.com /usr/bin/cmake --install /home/henrique/colcon_ws3/build/urdf_tutorial
[0.616s] -- Install configuration: ""
[0.619s] -- Up-to-date: /home/henrique/colcon_ws3/install/urdf_tutorial/share/urdf_tutorial/launch
[0.619s] -- Up-to-date: /home/henrique/colcon_ws3/install/urdf_tutorial/share/urdf_tutorial/launch/ur_visualization.launch.py
[0.620s] -- Up-to-date: /home/henrique/colcon_ws3/install/urdf_tutorial/share/urdf_tutorial/launch/pantilt_visualization.launch.py
[0.620s] -- Up-to-date: /home/henrique/colcon_ws3/install/urdf_tutorial/share/urdf_tutorial/config
[0.620s] -- Up-to-date: /home/henrique/colcon_ws3/install/urdf_tutorial/share/urdf_tutorial/config/pawn_marker.yaml
[0.625s] -- Up-to-date: /home/henrique/colcon_ws3/install/urdf_tutorial/share/urdf_tutorial/urdf
[0.627s] -- Up-to-date: /home/henrique/colcon_ws3/install/urdf_tutorial/share/urdf_tutorial/urdf/ur.urdf.xacro
[0.627s] -- Up-to-date: /home/henrique/colcon_ws3/install/urdf_tutorial/share/urdf_tutorial/urdf/pan_tilt.xacro
[0.631s] -- Up-to-date: /home/henrique/colcon_ws3/install/urdf_tutorial/share/urdf_tutorial/urdf/pan_tilt.urdf
[0.632s] -- Up-to-date: /home/henrique/colcon_ws3/install/urdf_tutorial/share/urdf_tutorial/rviz
[0.632s] -- Up-to-date: /home/henrique/colcon_ws3/install/urdf_tutorial/share/urdf_tutorial/rviz/display_urdf.rviz
[0.632s] -- Up-to-date: /home/henrique/colcon_ws3/install/urdf_tutorial/share/urdf_tutorial/rviz/ur_visualization.rviz
[0.635s] -- Up-to-date: /home/henrique/colcon_ws3/install/urdf_tutorial/share/ament_index/resource_index/package_run_dependencies/urdf_tutorial
[0.636s] -- Up-to-date: /home/henrique/colcon_ws3/install/urdf_tutorial/share/ament_index/resource_index/parent_prefix_path/urdf_tutorial
[0.636s] -- Up-to-date: /home/henrique/colcon_ws3/install/urdf_tutorial/share/urdf_tutorial/environment/ament_prefix_path.sh
[0.636s] -- Up-to-date: /home/henrique/colcon_ws3/install/urdf_tutorial/share/urdf_tutorial/environment/ament_prefix_path.dsv
[0.643s] -- Up-to-date: /home/henrique/colcon_ws3/install/urdf_tutorial/share/urdf_tutorial/environment/path.sh
[0.643s] -- Up-to-date: /home/henrique/colcon_ws3/install/urdf_tutorial/share/urdf_tutorial/environment/path.dsv
[0.650s] -- Up-to-date: /home/henrique/colcon_ws3/install/urdf_tutorial/share/urdf_tutorial/local_setup.bash
[0.650s] -- Up-to-date: /home/henrique/colcon_ws3/install/urdf_tutorial/share/urdf_tutorial/local_setup.sh
[0.650s] -- Up-to-date: /home/henrique/colcon_ws3/install/urdf_tutorial/share/urdf_tutorial/local_setup.zsh
[0.651s] -- Up-to-date: /home/henrique/colcon_ws3/install/urdf_tutorial/share/urdf_tutorial/local_setup.dsv
[0.651s] -- Installing: /home/henrique/colcon_ws3/install/urdf_tutorial/share/urdf_tutorial/package.dsv
[0.652s] -- Up-to-date: /home/henrique/colcon_ws3/install/urdf_tutorial/share/ament_index/resource_index/packages/urdf_tutorial
[0.653s] -- Up-to-date: /home/henrique/colcon_ws3/install/urdf_tutorial/share/urdf_tutorial/cmake/ament_cmake_export_dependencies-extras.cmake
[0.653s] -- Up-to-date: /home/henrique/colcon_ws3/install/urdf_tutorial/share/urdf_tutorial/cmake/urdf_tutorialConfig.cmake
[0.657s] -- Up-to-date: /home/henrique/colcon_ws3/install/urdf_tutorial/share/urdf_tutorial/cmake/urdf_tutorialConfig-version.cmake
[0.658s] -- Up-to-date: /home/henrique/colcon_ws3/install/urdf_tutorial/share/urdf_tutorial/package.xml
[0.658s] Invoked command in '/home/henrique/colcon_ws3/build/urdf_tutorial' returned '0': CMAKE_PREFIX_PATH=${CMAKE_PREFIX_PATH}:/home/henrique/ros2_ws/install/temperature_system:/home/henrique/ros2_ws/install/temperature_monitor:/opt/ros/jazzy DEBUGINFOD_URLS=https://debuginfod.ubuntu.com /usr/bin/cmake --install /home/henrique/colcon_ws3/build/urdf_tutorial
