[0.416s] DEBUG:colcon:Command line arguments: ['/usr/bin/colcon', 'build', '--packages-up-to', 'urdf_tutorial']
[0.416s] DEBUG:colcon:Parsed command line arguments: Namespace(log_base=None, log_level=None, verb_name='build', build_base='build', install_base='install', merge_install=False, symlink_install=False, test_result_base=None, continue_on_error=False, executor='parallel', parallel_workers=2, event_handlers=None, ignore_user_meta=False, metas=['./colcon.meta'], base_paths=['.'], packages_ignore=None, packages_ignore_regex=None, paths=None, packages_up_to=['urdf_tutorial'], packages_up_to_regex=None, packages_above=None, packages_above_and_dependencies=None, packages_above_depth=None, packages_select_by_dep=None, packages_skip_by_dep=None, packages_skip_up_to=None, packages_select_build_failed=False, packages_skip_build_finished=False, packages_select_test_failures=False, packages_skip_test_passed=False, packages_select=None, packages_skip=None, packages_select_regex=None, packages_skip_regex=None, packages_start=None, packages_end=None, allow_overriding=[], cmake_args=None, cmake_target=None, cmake_target_skip_unavailable=False, cmake_clean_cache=False, cmake_clean_first=False, cmake_force_configure=False, ament_cmake_args=None, catkin_cmake_args=None, catkin_skip_building_tests=False, mixin_files=None, mixin=None, verb_parser=<colcon_mixin.mixin.mixin_argument.MixinArgumentDecorator object at 0x7278c15a0560>, verb_extension=<colcon_core.verb.build.BuildVerb object at 0x7278c152e060>, main=<bound method BuildVerb.main of <colcon_core.verb.build.BuildVerb object at 0x7278c152e060>>, mixin_verb=('build',))
[0.632s] Level 1:colcon.colcon_core.package_discovery:discover_packages(colcon_meta) check parameters
[0.634s] Level 1:colcon.colcon_core.package_discovery:discover_packages(recursive) check parameters
[0.636s] Level 1:colcon.colcon_core.package_discovery:discover_packages(ignore) check parameters
[0.637s] Level 1:colcon.colcon_core.package_discovery:discover_packages(path) check parameters
[0.637s] Level 1:colcon.colcon_core.package_discovery:discover_packages(colcon_meta) discover
[0.637s] Level 1:colcon.colcon_core.package_discovery:discover_packages(recursive) discover
[0.638s] INFO:colcon.colcon_core.package_discovery:Crawling recursively for packages in '/home/henrique/colcon_ws3'
[0.638s] Level 1:colcon.colcon_core.package_identification:_identify(.) by extensions ['ignore', 'ignore_ament_install']
[0.639s] Level 1:colcon.colcon_core.package_identification:_identify(.) by extension 'ignore'
[0.640s] Level 1:colcon.colcon_core.package_identification:_identify(.) by extension 'ignore_ament_install'
[0.640s] Level 1:colcon.colcon_core.package_identification:_identify(.) by extensions ['colcon_pkg']
[0.641s] Level 1:colcon.colcon_core.package_identification:_identify(.) by extension 'colcon_pkg'
[0.641s] Level 1:colcon.colcon_core.package_identification:_identify(.) by extensions ['colcon_meta']
[0.641s] Level 1:colcon.colcon_core.package_identification:_identify(.) by extension 'colcon_meta'
[0.642s] Level 1:colcon.colcon_core.package_identification:_identify(.) by extensions ['ros']
[0.642s] Level 1:colcon.colcon_core.package_identification:_identify(.) by extension 'ros'
[0.720s] Level 1:colcon.colcon_core.package_identification:_identify(.) by extensions ['cmake', 'python']
[0.720s] Level 1:colcon.colcon_core.package_identification:_identify(.) by extension 'cmake'
[0.721s] Level 1:colcon.colcon_core.package_identification:_identify(.) by extension 'python'
[0.721s] Level 1:colcon.colcon_core.package_identification:_identify(.) by extensions ['python_setup_py']
[0.722s] Level 1:colcon.colcon_core.package_identification:_identify(.) by extension 'python_setup_py'
[0.723s] Level 1:colcon.colcon_core.package_identification:_identify(build) by extensions ['ignore', 'ignore_ament_install']
[0.723s] Level 1:colcon.colcon_core.package_identification:_identify(build) by extension 'ignore'
[0.724s] Level 1:colcon.colcon_core.package_identification:_identify(build) ignored
[0.724s] Level 1:colcon.colcon_core.package_identification:_identify(install) by extensions ['ignore', 'ignore_ament_install']
[0.725s] Level 1:colcon.colcon_core.package_identification:_identify(install) by extension 'ignore'
[0.726s] Level 1:colcon.colcon_core.package_identification:_identify(install) ignored
[0.726s] Level 1:colcon.colcon_core.package_identification:_identify(log) by extensions ['ignore', 'ignore_ament_install']
[0.727s] Level 1:colcon.colcon_core.package_identification:_identify(log) by extension 'ignore'
[0.727s] Level 1:colcon.colcon_core.package_identification:_identify(log) ignored
[0.728s] Level 1:colcon.colcon_core.package_identification:_identify(src) by extensions ['ignore', 'ignore_ament_install']
[0.729s] Level 1:colcon.colcon_core.package_identification:_identify(src) by extension 'ignore'
[0.729s] Level 1:colcon.colcon_core.package_identification:_identify(src) by extension 'ignore_ament_install'
[0.730s] Level 1:colcon.colcon_core.package_identification:_identify(src) by extensions ['colcon_pkg']
[0.730s] Level 1:colcon.colcon_core.package_identification:_identify(src) by extension 'colcon_pkg'
[0.731s] Level 1:colcon.colcon_core.package_identification:_identify(src) by extensions ['colcon_meta']
[0.731s] Level 1:colcon.colcon_core.package_identification:_identify(src) by extension 'colcon_meta'
[0.732s] Level 1:colcon.colcon_core.package_identification:_identify(src) by extensions ['ros']
[0.732s] Level 1:colcon.colcon_core.package_identification:_identify(src) by extension 'ros'
[0.733s] Level 1:colcon.colcon_core.package_identification:_identify(src) by extensions ['cmake', 'python']
[0.736s] Level 1:colcon.colcon_core.package_identification:_identify(src) by extension 'cmake'
[0.736s] Level 1:colcon.colcon_core.package_identification:_identify(src) by extension 'python'
[0.736s] Level 1:colcon.colcon_core.package_identification:_identify(src) by extensions ['python_setup_py']
[0.737s] Level 1:colcon.colcon_core.package_identification:_identify(src) by extension 'python_setup_py'
[0.738s] Level 1:colcon.colcon_core.package_identification:_identify(src/all_introduction_to_ros2_packages) by extensions ['ignore', 'ignore_ament_install']
[0.738s] Level 1:colcon.colcon_core.package_identification:_identify(src/all_introduction_to_ros2_packages) by extension 'ignore'
[0.739s] Level 1:colcon.colcon_core.package_identification:_identify(src/all_introduction_to_ros2_packages) by extension 'ignore_ament_install'
[0.739s] Level 1:colcon.colcon_core.package_identification:_identify(src/all_introduction_to_ros2_packages) by extensions ['colcon_pkg']
[0.739s] Level 1:colcon.colcon_core.package_identification:_identify(src/all_introduction_to_ros2_packages) by extension 'colcon_pkg'
[0.740s] Level 1:colcon.colcon_core.package_identification:_identify(src/all_introduction_to_ros2_packages) by extensions ['colcon_meta']
[0.740s] Level 1:colcon.colcon_core.package_identification:_identify(src/all_introduction_to_ros2_packages) by extension 'colcon_meta'
[0.740s] Level 1:colcon.colcon_core.package_identification:_identify(src/all_introduction_to_ros2_packages) by extensions ['ros']
[0.741s] Level 1:colcon.colcon_core.package_identification:_identify(src/all_introduction_to_ros2_packages) by extension 'ros'
[0.741s] Level 1:colcon.colcon_core.package_identification:_identify(src/all_introduction_to_ros2_packages) by extensions ['cmake', 'python']
[0.741s] Level 1:colcon.colcon_core.package_identification:_identify(src/all_introduction_to_ros2_packages) by extension 'cmake'
[0.742s] Level 1:colcon.colcon_core.package_identification:_identify(src/all_introduction_to_ros2_packages) by extension 'python'
[0.742s] Level 1:colcon.colcon_core.package_identification:_identify(src/all_introduction_to_ros2_packages) by extensions ['python_setup_py']
[0.742s] Level 1:colcon.colcon_core.package_identification:_identify(src/all_introduction_to_ros2_packages) by extension 'python_setup_py'
[0.743s] Level 1:colcon.colcon_core.package_identification:_identify(src/all_introduction_to_ros2_packages/custom_interfaces) by extensions ['ignore', 'ignore_ament_install']
[0.743s] Level 1:colcon.colcon_core.package_identification:_identify(src/all_introduction_to_ros2_packages/custom_interfaces) by extension 'ignore'
[0.744s] Level 1:colcon.colcon_core.package_identification:_identify(src/all_introduction_to_ros2_packages/custom_interfaces) by extension 'ignore_ament_install'
[0.744s] Level 1:colcon.colcon_core.package_identification:_identify(src/all_introduction_to_ros2_packages/custom_interfaces) by extensions ['colcon_pkg']
[0.744s] Level 1:colcon.colcon_core.package_identification:_identify(src/all_introduction_to_ros2_packages/custom_interfaces) by extension 'colcon_pkg'
[0.745s] Level 1:colcon.colcon_core.package_identification:_identify(src/all_introduction_to_ros2_packages/custom_interfaces) by extensions ['colcon_meta']
[0.745s] Level 1:colcon.colcon_core.package_identification:_identify(src/all_introduction_to_ros2_packages/custom_interfaces) by extension 'colcon_meta'
[0.745s] Level 1:colcon.colcon_core.package_identification:_identify(src/all_introduction_to_ros2_packages/custom_interfaces) by extensions ['ros']
[0.745s] Level 1:colcon.colcon_core.package_identification:_identify(src/all_introduction_to_ros2_packages/custom_interfaces) by extension 'ros'
[0.766s] DEBUG:colcon.colcon_core.package_identification:Package 'src/all_introduction_to_ros2_packages/custom_interfaces' with type 'ros.ament_cmake' and name 'custom_interfaces'
[0.767s] Level 1:colcon.colcon_core.package_identification:_identify(src/all_introduction_to_ros2_packages/learning_tf2) by extensions ['ignore', 'ignore_ament_install']
[0.767s] Level 1:colcon.colcon_core.package_identification:_identify(src/all_introduction_to_ros2_packages/learning_tf2) by extension 'ignore'
[0.768s] Level 1:colcon.colcon_core.package_identification:_identify(src/all_introduction_to_ros2_packages/learning_tf2) by extension 'ignore_ament_install'
[0.769s] Level 1:colcon.colcon_core.package_identification:_identify(src/all_introduction_to_ros2_packages/learning_tf2) by extensions ['colcon_pkg']
[0.770s] Level 1:colcon.colcon_core.package_identification:_identify(src/all_introduction_to_ros2_packages/learning_tf2) by extension 'colcon_pkg'
[0.770s] Level 1:colcon.colcon_core.package_identification:_identify(src/all_introduction_to_ros2_packages/learning_tf2) by extensions ['colcon_meta']
[0.770s] Level 1:colcon.colcon_core.package_identification:_identify(src/all_introduction_to_ros2_packages/learning_tf2) by extension 'colcon_meta'
[0.771s] Level 1:colcon.colcon_core.package_identification:_identify(src/all_introduction_to_ros2_packages/learning_tf2) by extensions ['ros']
[0.771s] Level 1:colcon.colcon_core.package_identification:_identify(src/all_introduction_to_ros2_packages/learning_tf2) by extension 'ros'
[0.776s] DEBUG:colcon.colcon_core.package_identification:Package 'src/all_introduction_to_ros2_packages/learning_tf2' with type 'ros.ament_cmake' and name 'learning_tf2'
[0.777s] Level 1:colcon.colcon_core.package_identification:_identify(src/all_introduction_to_ros2_packages/pubsub_custom_param) by extensions ['ignore', 'ignore_ament_install']
[0.777s] Level 1:colcon.colcon_core.package_identification:_identify(src/all_introduction_to_ros2_packages/pubsub_custom_param) by extension 'ignore'
[0.778s] Level 1:colcon.colcon_core.package_identification:_identify(src/all_introduction_to_ros2_packages/pubsub_custom_param) by extension 'ignore_ament_install'
[0.778s] Level 1:colcon.colcon_core.package_identification:_identify(src/all_introduction_to_ros2_packages/pubsub_custom_param) by extensions ['colcon_pkg']
[0.779s] Level 1:colcon.colcon_core.package_identification:_identify(src/all_introduction_to_ros2_packages/pubsub_custom_param) by extension 'colcon_pkg'
[0.779s] Level 1:colcon.colcon_core.package_identification:_identify(src/all_introduction_to_ros2_packages/pubsub_custom_param) by extensions ['colcon_meta']
[0.779s] Level 1:colcon.colcon_core.package_identification:_identify(src/all_introduction_to_ros2_packages/pubsub_custom_param) by extension 'colcon_meta'
[0.780s] Level 1:colcon.colcon_core.package_identification:_identify(src/all_introduction_to_ros2_packages/pubsub_custom_param) by extensions ['ros']
[0.780s] Level 1:colcon.colcon_core.package_identification:_identify(src/all_introduction_to_ros2_packages/pubsub_custom_param) by extension 'ros'
[0.784s] DEBUG:colcon.colcon_core.package_identification:Package 'src/all_introduction_to_ros2_packages/pubsub_custom_param' with type 'ros.ament_cmake' and name 'pubsub_custom_param'
[0.785s] Level 1:colcon.colcon_core.package_identification:_identify(src/all_introduction_to_ros2_packages/urdf_tutorial) by extensions ['ignore', 'ignore_ament_install']
[0.786s] Level 1:colcon.colcon_core.package_identification:_identify(src/all_introduction_to_ros2_packages/urdf_tutorial) by extension 'ignore'
[0.786s] Level 1:colcon.colcon_core.package_identification:_identify(src/all_introduction_to_ros2_packages/urdf_tutorial) by extension 'ignore_ament_install'
[0.787s] Level 1:colcon.colcon_core.package_identification:_identify(src/all_introduction_to_ros2_packages/urdf_tutorial) by extensions ['colcon_pkg']
[0.787s] Level 1:colcon.colcon_core.package_identification:_identify(src/all_introduction_to_ros2_packages/urdf_tutorial) by extension 'colcon_pkg'
[0.787s] Level 1:colcon.colcon_core.package_identification:_identify(src/all_introduction_to_ros2_packages/urdf_tutorial) by extensions ['colcon_meta']
[0.787s] Level 1:colcon.colcon_core.package_identification:_identify(src/all_introduction_to_ros2_packages/urdf_tutorial) by extension 'colcon_meta'
[0.790s] Level 1:colcon.colcon_core.package_identification:_identify(src/all_introduction_to_ros2_packages/urdf_tutorial) by extensions ['ros']
[0.790s] Level 1:colcon.colcon_core.package_identification:_identify(src/all_introduction_to_ros2_packages/urdf_tutorial) by extension 'ros'
[0.793s] DEBUG:colcon.colcon_core.package_identification:Package 'src/all_introduction_to_ros2_packages/urdf_tutorial' with type 'ros.ament_cmake' and name 'urdf_tutorial'
[0.793s] Level 1:colcon.colcon_core.package_identification:_identify(src/rviz2_marker_demo) by extensions ['ignore', 'ignore_ament_install']
[0.794s] Level 1:colcon.colcon_core.package_identification:_identify(src/rviz2_marker_demo) by extension 'ignore'
[0.794s] Level 1:colcon.colcon_core.package_identification:_identify(src/rviz2_marker_demo) by extension 'ignore_ament_install'
[0.795s] Level 1:colcon.colcon_core.package_identification:_identify(src/rviz2_marker_demo) by extensions ['colcon_pkg']
[0.795s] Level 1:colcon.colcon_core.package_identification:_identify(src/rviz2_marker_demo) by extension 'colcon_pkg'
[0.796s] Level 1:colcon.colcon_core.package_identification:_identify(src/rviz2_marker_demo) by extensions ['colcon_meta']
[0.800s] Level 1:colcon.colcon_core.package_identification:_identify(src/rviz2_marker_demo) by extension 'colcon_meta'
[0.801s] Level 1:colcon.colcon_core.package_identification:_identify(src/rviz2_marker_demo) by extensions ['ros']
[0.801s] Level 1:colcon.colcon_core.package_identification:_identify(src/rviz2_marker_demo) by extension 'ros'
[0.819s] DEBUG:colcon.colcon_core.package_identification:Package 'src/rviz2_marker_demo' with type 'ros.ament_cmake' and name 'rviz2_marker_demo'
[0.819s] Level 1:colcon.colcon_core.package_discovery:discover_packages(recursive) using defaults
[0.820s] Level 1:colcon.colcon_core.package_discovery:discover_packages(ignore) discover
[0.820s] Level 1:colcon.colcon_core.package_discovery:discover_packages(ignore) using defaults
[0.820s] Level 1:colcon.colcon_core.package_discovery:discover_packages(path) discover
[0.821s] Level 1:colcon.colcon_core.package_discovery:discover_packages(path) using defaults
[0.893s] INFO:colcon.colcon_core.package_selection:Skipping package 'pubsub_custom_param' in 'src/all_introduction_to_ros2_packages/pubsub_custom_param'
[0.893s] INFO:colcon.colcon_core.package_selection:Skipping package 'rviz2_marker_demo' in 'src/rviz2_marker_demo'
[0.893s] INFO:colcon.colcon_core.package_selection:Skipping package 'learning_tf2' in 'src/all_introduction_to_ros2_packages/learning_tf2'
[0.893s] INFO:colcon.colcon_core.package_selection:Skipping package 'custom_interfaces' in 'src/all_introduction_to_ros2_packages/custom_interfaces'
[0.894s] Level 1:colcon.colcon_core.package_discovery:discover_packages(prefix_path) check parameters
[0.895s] Level 1:colcon.colcon_core.package_discovery:discover_packages(prefix_path) discover
[0.914s] DEBUG:colcon.colcon_installed_package_information.package_discovery:Found 4 installed packages in /home/henrique/colcon_ws3/install
[0.918s] DEBUG:colcon.colcon_installed_package_information.package_discovery:Found 4 installed packages in /home/henrique/ros2_ws/install
[0.936s] DEBUG:colcon.colcon_installed_package_information.package_discovery:Found 311 installed packages in /opt/ros/jazzy
[0.939s] Level 1:colcon.colcon_core.package_discovery:discover_packages(prefix_path) using defaults
[1.363s] Level 5:colcon.colcon_core.verb:set package 'urdf_tutorial' build argument 'cmake_args' from command line to 'None'
[1.364s] Level 5:colcon.colcon_core.verb:set package 'urdf_tutorial' build argument 'cmake_target' from command line to 'None'
[1.364s] Level 5:colcon.colcon_core.verb:set package 'urdf_tutorial' build argument 'cmake_target_skip_unavailable' from command line to 'False'
[1.364s] Level 5:colcon.colcon_core.verb:set package 'urdf_tutorial' build argument 'cmake_clean_cache' from command line to 'False'
[1.364s] Level 5:colcon.colcon_core.verb:set package 'urdf_tutorial' build argument 'cmake_clean_first' from command line to 'False'
[1.364s] Level 5:colcon.colcon_core.verb:set package 'urdf_tutorial' build argument 'cmake_force_configure' from command line to 'False'
[1.364s] Level 5:colcon.colcon_core.verb:set package 'urdf_tutorial' build argument 'ament_cmake_args' from command line to 'None'
[1.364s] Level 5:colcon.colcon_core.verb:set package 'urdf_tutorial' build argument 'catkin_cmake_args' from command line to 'None'
[1.365s] Level 5:colcon.colcon_core.verb:set package 'urdf_tutorial' build argument 'catkin_skip_building_tests' from command line to 'False'
[1.365s] DEBUG:colcon.colcon_core.verb:Building package 'urdf_tutorial' with the following arguments: {'ament_cmake_args': None, 'build_base': '/home/henrique/colcon_ws3/build/urdf_tutorial', 'catkin_cmake_args': None, 'catkin_skip_building_tests': False, 'cmake_args': None, 'cmake_clean_cache': False, 'cmake_clean_first': False, 'cmake_force_configure': False, 'cmake_target': None, 'cmake_target_skip_unavailable': False, 'install_base': '/home/henrique/colcon_ws3/install/urdf_tutorial', 'merge_install': False, 'path': '/home/henrique/colcon_ws3/src/all_introduction_to_ros2_packages/urdf_tutorial', 'symlink_install': False, 'test_result_base': None}
[1.371s] INFO:colcon.colcon_core.executor:Executing jobs using 'parallel' executor
[1.387s] DEBUG:colcon.colcon_parallel_executor.executor.parallel:run_until_complete
[1.391s] INFO:colcon.colcon_ros.task.ament_cmake.build:Building ROS package in '/home/henrique/colcon_ws3/src/all_introduction_to_ros2_packages/urdf_tutorial' with build type 'ament_cmake'
[1.392s] INFO:colcon.colcon_cmake.task.cmake.build:Building CMake package in '/home/henrique/colcon_ws3/src/all_introduction_to_ros2_packages/urdf_tutorial'
[1.412s] INFO:colcon.colcon_core.plugin_system:Skipping extension 'colcon_core.shell.bat': Not used on non-Windows systems
[1.412s] INFO:colcon.colcon_core.shell:Skip shell extension 'powershell' for command environment: Not usable outside of PowerShell
[1.413s] DEBUG:colcon.colcon_core.shell:Skip shell extension 'dsv' for command environment
[1.483s] DEBUG:colcon.colcon_core.event_handler.log_command:Invoking command in '/home/henrique/colcon_ws3/build/urdf_tutorial': CMAKE_PREFIX_PATH=${CMAKE_PREFIX_PATH}:/home/henrique/ros2_ws/install/temperature_system:/home/henrique/ros2_ws/install/temperature_monitor:/opt/ros/jazzy DEBUGINFOD_URLS=https://debuginfod.ubuntu.com /usr/bin/cmake --build /home/henrique/colcon_ws3/build/urdf_tutorial -- -j2 -l2
[1.713s] DEBUG:colcon.colcon_core.event_handler.log_command:Invoked command in '/home/henrique/colcon_ws3/build/urdf_tutorial' returned '2': CMAKE_PREFIX_PATH=${CMAKE_PREFIX_PATH}:/home/henrique/ros2_ws/install/temperature_system:/home/henrique/ros2_ws/install/temperature_monitor:/opt/ros/jazzy DEBUGINFOD_URLS=https://debuginfod.ubuntu.com /usr/bin/cmake --build /home/henrique/colcon_ws3/build/urdf_tutorial -- -j2 -l2
[1.717s] Level 1:colcon.colcon_core.environment:create_environment_scripts_only(urdf_tutorial)
[1.741s] Level 1:colcon.colcon_core.environment:checking '/home/henrique/colcon_ws3/install/urdf_tutorial' for CMake module files
[1.743s] Level 1:colcon.colcon_core.environment:checking '/home/henrique/colcon_ws3/install/urdf_tutorial' for CMake config files
[1.745s] Level 1:colcon.colcon_core.shell:create_environment_hook('urdf_tutorial', 'cmake_prefix_path')
[1.745s] INFO:colcon.colcon_core.shell:Creating environment hook '/home/henrique/colcon_ws3/install/urdf_tutorial/share/urdf_tutorial/hook/cmake_prefix_path.ps1'
[1.750s] INFO:colcon.colcon_core.shell:Creating environment descriptor '/home/henrique/colcon_ws3/install/urdf_tutorial/share/urdf_tutorial/hook/cmake_prefix_path.dsv'
[1.753s] INFO:colcon.colcon_core.shell:Creating environment hook '/home/henrique/colcon_ws3/install/urdf_tutorial/share/urdf_tutorial/hook/cmake_prefix_path.sh'
[1.758s] Level 1:colcon.colcon_core.environment:checking '/home/henrique/colcon_ws3/install/urdf_tutorial/bin'
[1.758s] Level 1:colcon.colcon_core.environment:checking '/home/henrique/colcon_ws3/install/urdf_tutorial/lib/pkgconfig/urdf_tutorial.pc'
[1.760s] Level 1:colcon.colcon_core.environment:checking '/home/henrique/colcon_ws3/install/urdf_tutorial/lib/python3.12/site-packages'
[1.761s] Level 1:colcon.colcon_core.environment:checking '/home/henrique/colcon_ws3/install/urdf_tutorial/bin'
[1.762s] INFO:colcon.colcon_core.shell:Creating package script '/home/henrique/colcon_ws3/install/urdf_tutorial/share/urdf_tutorial/package.ps1'
[1.767s] INFO:colcon.colcon_core.shell:Creating package descriptor '/home/henrique/colcon_ws3/install/urdf_tutorial/share/urdf_tutorial/package.dsv'
[1.772s] INFO:colcon.colcon_core.shell:Creating package script '/home/henrique/colcon_ws3/install/urdf_tutorial/share/urdf_tutorial/package.sh'
[1.776s] INFO:colcon.colcon_core.shell:Creating package script '/home/henrique/colcon_ws3/install/urdf_tutorial/share/urdf_tutorial/package.bash'
[1.780s] INFO:colcon.colcon_core.shell:Creating package script '/home/henrique/colcon_ws3/install/urdf_tutorial/share/urdf_tutorial/package.zsh'
[1.783s] Level 1:colcon.colcon_core.environment:create_file_with_runtime_dependencies(/home/henrique/colcon_ws3/install/urdf_tutorial/share/colcon-core/packages/urdf_tutorial)
[1.802s] DEBUG:colcon.colcon_parallel_executor.executor.parallel:closing loop
[1.809s] DEBUG:colcon.colcon_parallel_executor.executor.parallel:loop closed
[1.814s] DEBUG:colcon.colcon_parallel_executor.executor.parallel:run_until_complete finished with '2'
[1.815s] DEBUG:colcon.colcon_core.event_reactor:joining thread
[1.856s] INFO:colcon.colcon_core.plugin_system:Skipping extension 'colcon_notification.desktop_notification.terminal_notifier': Not used on non-Darwin systems
[1.857s] INFO:colcon.colcon_core.plugin_system:Skipping extension 'colcon_notification.desktop_notification.win32': Not used on non-Windows systems
[1.857s] INFO:colcon.colcon_notification.desktop_notification:Sending desktop notification using 'notify2'
[1.933s] DEBUG:colcon.colcon_core.event_reactor:joined thread
[1.934s] INFO:colcon.colcon_core.shell:Creating prefix script '/home/henrique/colcon_ws3/install/local_setup.ps1'
[1.949s] INFO:colcon.colcon_core.shell:Creating prefix util module '/home/henrique/colcon_ws3/install/_local_setup_util_ps1.py'
[1.956s] INFO:colcon.colcon_core.shell:Creating prefix chain script '/home/henrique/colcon_ws3/install/setup.ps1'
[1.968s] INFO:colcon.colcon_core.shell:Creating prefix script '/home/henrique/colcon_ws3/install/local_setup.sh'
[1.973s] INFO:colcon.colcon_core.shell:Creating prefix util module '/home/henrique/colcon_ws3/install/_local_setup_util_sh.py'
[1.976s] INFO:colcon.colcon_core.shell:Creating prefix chain script '/home/henrique/colcon_ws3/install/setup.sh'
[1.998s] INFO:colcon.colcon_core.shell:Creating prefix script '/home/henrique/colcon_ws3/install/local_setup.bash'
[2.009s] INFO:colcon.colcon_core.shell:Creating prefix chain script '/home/henrique/colcon_ws3/install/setup.bash'
[2.042s] INFO:colcon.colcon_core.shell:Creating prefix script '/home/henrique/colcon_ws3/install/local_setup.zsh'
[2.047s] INFO:colcon.colcon_core.shell:Creating prefix chain script '/home/henrique/colcon_ws3/install/setup.zsh'
