[0.155s] Invoking command in '/home/henrique/colcon_ws3/build/urdf_tutorial': CMAKE_PREFIX_PATH=${CMAKE_PREFIX_PATH}:/home/henrique/ros2_ws/install/temperature_system:/home/henrique/ros2_ws/install/temperature_monitor:/opt/ros/jazzy DEBUGINFOD_URLS=https://debuginfod.ubuntu.com /usr/bin/cmake --build /home/henrique/colcon_ws3/build/urdf_tutorial -- -j2 -l2
[0.898s] Invoked command in '/home/henrique/colcon_ws3/build/urdf_tutorial' returned '0': CMAKE_PREFIX_PATH=${CMAKE_PREFIX_PATH}:/home/henrique/ros2_ws/install/temperature_system:/home/henrique/ros2_ws/install/temperature_monitor:/opt/ros/jazzy DEBUGINFOD_URLS=https://debuginfod.ubuntu.com /usr/bin/cmake --build /home/henrique/colcon_ws3/build/urdf_tutorial -- -j2 -l2
[0.963s] Invoking command in '/home/henrique/colcon_ws3/build/urdf_tutorial': CMAKE_PREFIX_PATH=${CMAKE_PREFIX_PATH}:/home/henrique/ros2_ws/install/temperature_system:/home/henrique/ros2_ws/install/temperature_monitor:/opt/ros/jazzy DEBUGINFOD_URLS=https://debuginfod.ubuntu.com /usr/bin/cmake --install /home/henrique/colcon_ws3/build/urdf_tutorial
[1.023s] -- Install configuration: ""
[1.023s] -- Up-to-date: /home/henrique/colcon_ws3/install/urdf_tutorial/share/urdf_tutorial/launch
[1.025s] -- Up-to-date: /home/henrique/colcon_ws3/install/urdf_tutorial/share/urdf_tutorial/launch/ur_visualization.launch.py
[1.026s] -- Installing: /home/henrique/colcon_ws3/install/urdf_tutorial/share/urdf_tutorial/launch/pantilt_visualization.launch.py
[1.034s] -- Up-to-date: /home/henrique/colcon_ws3/install/urdf_tutorial/share/urdf_tutorial/launch/exercise_3b.launch.py
[1.035s] -- Up-to-date: /home/henrique/colcon_ws3/install/urdf_tutorial/share/urdf_tutorial/config
[1.035s] -- Up-to-date: /home/henrique/colcon_ws3/install/urdf_tutorial/share/urdf_tutorial/config/pawn_marker.yaml
[1.035s] -- Up-to-date: /home/henrique/colcon_ws3/install/urdf_tutorial/share/urdf_tutorial/urdf
[1.037s] -- Installing: /home/henrique/colcon_ws3/install/urdf_tutorial/share/urdf_tutorial/urdf/ur_urdf.xacro
[1.041s] -- Up-to-date: /home/henrique/colcon_ws3/install/urdf_tutorial/share/urdf_tutorial/urdf/pan_tilt.xacro
[1.042s] -- Up-to-date: /home/henrique/colcon_ws3/install/urdf_tutorial/share/urdf_tutorial/urdf/pan_tilt.urdf
[1.045s] -- Up-to-date: /home/henrique/colcon_ws3/install/urdf_tutorial/share/urdf_tutorial/rviz
[1.046s] -- Up-to-date: /home/henrique/colcon_ws3/install/urdf_tutorial/share/urdf_tutorial/rviz/display_urdf.rviz
[1.047s] -- Up-to-date: /home/henrique/colcon_ws3/install/urdf_tutorial/share/urdf_tutorial/rviz/ur_visualization.rviz
[1.047s] -- Up-to-date: /home/henrique/colcon_ws3/install/urdf_tutorial/share/ament_index/resource_index/package_run_dependencies/urdf_tutorial
[1.049s] -- Up-to-date: /home/henrique/colcon_ws3/install/urdf_tutorial/share/ament_index/resource_index/parent_prefix_path/urdf_tutorial
[1.050s] -- Up-to-date: /home/henrique/colcon_ws3/install/urdf_tutorial/share/urdf_tutorial/environment/ament_prefix_path.sh
[1.051s] -- Up-to-date: /home/henrique/colcon_ws3/install/urdf_tutorial/share/urdf_tutorial/environment/ament_prefix_path.dsv
[1.051s] -- Up-to-date: /home/henrique/colcon_ws3/install/urdf_tutorial/share/urdf_tutorial/environment/path.sh
[1.052s] -- Up-to-date: /home/henrique/colcon_ws3/install/urdf_tutorial/share/urdf_tutorial/environment/path.dsv
[1.052s] -- Up-to-date: /home/henrique/colcon_ws3/install/urdf_tutorial/share/urdf_tutorial/local_setup.bash
[1.052s] -- Up-to-date: /home/henrique/colcon_ws3/install/urdf_tutorial/share/urdf_tutorial/local_setup.sh
[1.055s] -- Up-to-date: /home/henrique/colcon_ws3/install/urdf_tutorial/share/urdf_tutorial/local_setup.zsh
[1.055s] -- Up-to-date: /home/henrique/colcon_ws3/install/urdf_tutorial/share/urdf_tutorial/local_setup.dsv
[1.055s] -- Installing: /home/henrique/colcon_ws3/install/urdf_tutorial/share/urdf_tutorial/package.dsv
[1.057s] -- Up-to-date: /home/henrique/colcon_ws3/install/urdf_tutorial/share/ament_index/resource_index/packages/urdf_tutorial
[1.057s] -- Up-to-date: /home/henrique/colcon_ws3/install/urdf_tutorial/share/urdf_tutorial/cmake/ament_cmake_export_dependencies-extras.cmake
[1.062s] -- Up-to-date: /home/henrique/colcon_ws3/install/urdf_tutorial/share/urdf_tutorial/cmake/urdf_tutorialConfig.cmake
[1.063s] -- Up-to-date: /home/henrique/colcon_ws3/install/urdf_tutorial/share/urdf_tutorial/cmake/urdf_tutorialConfig-version.cmake
[1.063s] -- Up-to-date: /home/henrique/colcon_ws3/install/urdf_tutorial/share/urdf_tutorial/package.xml
[1.073s] Invoked command in '/home/henrique/colcon_ws3/build/urdf_tutorial' returned '0': CMAKE_PREFIX_PATH=${CMAKE_PREFIX_PATH}:/home/henrique/ros2_ws/install/temperature_system:/home/henrique/ros2_ws/install/temperature_monitor:/opt/ros/jazzy DEBUGINFOD_URLS=https://debuginfod.ubuntu.com /usr/bin/cmake --install /home/henrique/colcon_ws3/build/urdf_tutorial
