[  2%] Built target custom_interfaces__rosidl_generator_type_description
[  2%] Built target ament_cmake_python_copy_custom_interfaces
[ 17%] Built target custom_interfaces__rosidl_generator_c
[ 20%] Built target custom_interfaces__cpp
[ 29%] Built target custom_interfaces__rosidl_typesupport_cpp
[ 38%] Built target custom_interfaces__rosidl_typesupport_fastrtps_c
[ 47%] Built target custom_interfaces__rosidl_typesupport_fastrtps_cpp
[ 50%] [34m[1mGenerating C introspection for ROS interfaces[0m
running egg_info
writing custom_interfaces.egg-info/PKG-INFO
writing dependency_links to custom_interfaces.egg-info/dependency_links.txt
writing top-level names to custom_interfaces.egg-info/top_level.txt
reading manifest file 'custom_interfaces.egg-info/SOURCES.txt'
writing manifest file 'custom_interfaces.egg-info/SOURCES.txt'
[ 50%] Built target ament_cmake_python_build_custom_interfaces_egg
[ 52%] [32mBuilding C object CMakeFiles/custom_interfaces__rosidl_typesupport_introspection_c.dir/rosidl_typesupport_introspection_c/custom_interfaces/msg/detail/my_message__type_support.c.o[0m
[ 55%] [32m[1mLinking C shared library libcustom_interfaces__rosidl_typesupport_introspection_c.so[0m
[ 55%] Built target custom_interfaces__rosidl_typesupport_introspection_c
[ 58%] [34m[1mGenerating C type support dispatch for ROS interfaces[0m
[ 61%] [32mBuilding CXX object CMakeFiles/custom_interfaces__rosidl_typesupport_c.dir/rosidl_typesupport_c/custom_interfaces/msg/my_message__type_support.cpp.o[0m
[ 64%] [32m[1mLinking CXX shared library libcustom_interfaces__rosidl_typesupport_c.so[0m
[ 64%] Built target custom_interfaces__rosidl_typesupport_c
[ 67%] [34m[1mGenerating C++ introspection for ROS interfaces[0m
[ 70%] [32mBuilding CXX object CMakeFiles/custom_interfaces__rosidl_typesupport_introspection_cpp.dir/rosidl_typesupport_introspection_cpp/custom_interfaces/msg/detail/my_message__type_support.cpp.o[0m
[ 73%] [32m[1mLinking CXX shared library libcustom_interfaces__rosidl_typesupport_introspection_cpp.so[0m
[ 73%] Built target custom_interfaces__rosidl_typesupport_introspection_cpp
[ 73%] Built target custom_interfaces
[ 76%] [34m[1mGenerating Python code for ROS interfaces[0m
[ 76%] Built target custom_interfaces__py
[ 79%] [32mBuilding C object CMakeFiles/custom_interfaces__rosidl_generator_py.dir/rosidl_generator_py/custom_interfaces/msg/_my_message_s.c.o[0m
[ 82%] [32m[1mLinking C shared library libcustom_interfaces__rosidl_generator_py.so[0m
[ 82%] Built target custom_interfaces__rosidl_generator_py
[ 85%] [32mBuilding C object CMakeFiles/custom_interfaces_s__rosidl_typesupport_fastrtps_c.dir/rosidl_generator_py/custom_interfaces/_custom_interfaces_s.ep.rosidl_typesupport_fastrtps_c.c.o[0m
[ 88%] [32m[1mLinking C shared module rosidl_generator_py/custom_interfaces/custom_interfaces_s__rosidl_typesupport_fastrtps_c.so[0m
[ 88%] Built target custom_interfaces_s__rosidl_typesupport_fastrtps_c
[ 91%] [32mBuilding C object CMakeFiles/custom_interfaces_s__rosidl_typesupport_introspection_c.dir/rosidl_generator_py/custom_interfaces/_custom_interfaces_s.ep.rosidl_typesupport_introspection_c.c.o[0m
[ 94%] [32m[1mLinking C shared module rosidl_generator_py/custom_interfaces/custom_interfaces_s__rosidl_typesupport_introspection_c.so[0m
[ 94%] Built target custom_interfaces_s__rosidl_typesupport_introspection_c
[ 97%] [32mBuilding C object CMakeFiles/custom_interfaces_s__rosidl_typesupport_c.dir/rosidl_generator_py/custom_interfaces/_custom_interfaces_s.ep.rosidl_typesupport_c.c.o[0m
[100%] [32m[1mLinking C shared module rosidl_generator_py/custom_interfaces/custom_interfaces_s__rosidl_typesupport_c.so[0m
[100%] Built target custom_interfaces_s__rosidl_typesupport_c
-- Install configuration: ""
-- Installing: /home/henrique/colcon_ws3/install/custom_interfaces/share/ament_index/resource_index/rosidl_interfaces/custom_interfaces
-- Installing: /home/henrique/colcon_ws3/install/custom_interfaces/share/custom_interfaces/msg/MyMessage.json
-- Installing: /home/henrique/colcon_ws3/install/custom_interfaces/include/custom_interfaces/custom_interfaces
-- Installing: /home/henrique/colcon_ws3/install/custom_interfaces/include/custom_interfaces/custom_interfaces/msg
-- Installing: /home/henrique/colcon_ws3/install/custom_interfaces/include/custom_interfaces/custom_interfaces/msg/detail
-- Installing: /home/henrique/colcon_ws3/install/custom_interfaces/include/custom_interfaces/custom_interfaces/msg/detail/my_message__functions.c
-- Installing: /home/henrique/colcon_ws3/install/custom_interfaces/include/custom_interfaces/custom_interfaces/msg/detail/my_message__description.c
-- Installing: /home/henrique/colcon_ws3/install/custom_interfaces/include/custom_interfaces/custom_interfaces/msg/detail/my_message__functions.h
-- Installing: /home/henrique/colcon_ws3/install/custom_interfaces/include/custom_interfaces/custom_interfaces/msg/detail/my_message__type_support.c
-- Installing: /home/henrique/colcon_ws3/install/custom_interfaces/include/custom_interfaces/custom_interfaces/msg/detail/my_message__type_support.h
-- Installing: /home/henrique/colcon_ws3/install/custom_interfaces/include/custom_interfaces/custom_interfaces/msg/detail/my_message__struct.h
-- Installing: /home/henrique/colcon_ws3/install/custom_interfaces/include/custom_interfaces/custom_interfaces/msg/my_message.h
-- Installing: /home/henrique/colcon_ws3/install/custom_interfaces/include/custom_interfaces/custom_interfaces/msg/rosidl_generator_c__visibility_control.h
-- Installing: /home/henrique/colcon_ws3/install/custom_interfaces/share/custom_interfaces/environment/library_path.sh
-- Installing: /home/henrique/colcon_ws3/install/custom_interfaces/share/custom_interfaces/environment/library_path.dsv
-- Installing: /home/henrique/colcon_ws3/install/custom_interfaces/lib/libcustom_interfaces__rosidl_generator_c.so
-- Set non-toolchain portion of runtime path of "/home/henrique/colcon_ws3/install/custom_interfaces/lib/libcustom_interfaces__rosidl_generator_c.so" to ""
-- Up-to-date: /home/henrique/colcon_ws3/install/custom_interfaces/include/custom_interfaces/custom_interfaces
-- Up-to-date: /home/henrique/colcon_ws3/install/custom_interfaces/include/custom_interfaces/custom_interfaces/msg
-- Up-to-date: /home/henrique/colcon_ws3/install/custom_interfaces/include/custom_interfaces/custom_interfaces/msg/detail
-- Installing: /home/henrique/colcon_ws3/install/custom_interfaces/include/custom_interfaces/custom_interfaces/msg/detail/my_message__rosidl_typesupport_fastrtps_c.h
-- Installing: /home/henrique/colcon_ws3/install/custom_interfaces/include/custom_interfaces/custom_interfaces/msg/rosidl_typesupport_fastrtps_c__visibility_control.h
-- Installing: /home/henrique/colcon_ws3/install/custom_interfaces/lib/libcustom_interfaces__rosidl_typesupport_fastrtps_c.so
-- Set non-toolchain portion of runtime path of "/home/henrique/colcon_ws3/install/custom_interfaces/lib/libcustom_interfaces__rosidl_typesupport_fastrtps_c.so" to ""
-- Up-to-date: /home/henrique/colcon_ws3/install/custom_interfaces/include/custom_interfaces/custom_interfaces
-- Up-to-date: /home/henrique/colcon_ws3/install/custom_interfaces/include/custom_interfaces/custom_interfaces/msg
-- Installing: /home/henrique/colcon_ws3/install/custom_interfaces/include/custom_interfaces/custom_interfaces/msg/my_message.hpp
-- Up-to-date: /home/henrique/colcon_ws3/install/custom_interfaces/include/custom_interfaces/custom_interfaces/msg/detail
-- Installing: /home/henrique/colcon_ws3/install/custom_interfaces/include/custom_interfaces/custom_interfaces/msg/detail/my_message__type_support.hpp
-- Installing: /home/henrique/colcon_ws3/install/custom_interfaces/include/custom_interfaces/custom_interfaces/msg/detail/my_message__traits.hpp
-- Installing: /home/henrique/colcon_ws3/install/custom_interfaces/include/custom_interfaces/custom_interfaces/msg/detail/my_message__builder.hpp
-- Installing: /home/henrique/colcon_ws3/install/custom_interfaces/include/custom_interfaces/custom_interfaces/msg/detail/my_message__struct.hpp
-- Installing: /home/henrique/colcon_ws3/install/custom_interfaces/include/custom_interfaces/custom_interfaces/msg/rosidl_generator_cpp__visibility_control.hpp
-- Up-to-date: /home/henrique/colcon_ws3/install/custom_interfaces/include/custom_interfaces/custom_interfaces
-- Up-to-date: /home/henrique/colcon_ws3/install/custom_interfaces/include/custom_interfaces/custom_interfaces/msg
-- Up-to-date: /home/henrique/colcon_ws3/install/custom_interfaces/include/custom_interfaces/custom_interfaces/msg/detail
-- Installing: /home/henrique/colcon_ws3/install/custom_interfaces/include/custom_interfaces/custom_interfaces/msg/detail/my_message__rosidl_typesupport_fastrtps_cpp.hpp
-- Installing: /home/henrique/colcon_ws3/install/custom_interfaces/include/custom_interfaces/custom_interfaces/msg/detail/dds_fastrtps
-- Installing: /home/henrique/colcon_ws3/install/custom_interfaces/include/custom_interfaces/custom_interfaces/msg/rosidl_typesupport_fastrtps_cpp__visibility_control.h
-- Installing: /home/henrique/colcon_ws3/install/custom_interfaces/lib/libcustom_interfaces__rosidl_typesupport_fastrtps_cpp.so
-- Set non-toolchain portion of runtime path of "/home/henrique/colcon_ws3/install/custom_interfaces/lib/libcustom_interfaces__rosidl_typesupport_fastrtps_cpp.so" to ""
-- Up-to-date: /home/henrique/colcon_ws3/install/custom_interfaces/include/custom_interfaces/custom_interfaces
-- Up-to-date: /home/henrique/colcon_ws3/install/custom_interfaces/include/custom_interfaces/custom_interfaces/msg
-- Up-to-date: /home/henrique/colcon_ws3/install/custom_interfaces/include/custom_interfaces/custom_interfaces/msg/detail
-- Installing: /home/henrique/colcon_ws3/install/custom_interfaces/include/custom_interfaces/custom_interfaces/msg/detail/my_message__type_support.c
-- Installing: /home/henrique/colcon_ws3/install/custom_interfaces/include/custom_interfaces/custom_interfaces/msg/detail/my_message__rosidl_typesupport_introspection_c.h
-- Installing: /home/henrique/colcon_ws3/install/custom_interfaces/include/custom_interfaces/custom_interfaces/msg/rosidl_typesupport_introspection_c__visibility_control.h
-- Installing: /home/henrique/colcon_ws3/install/custom_interfaces/lib/libcustom_interfaces__rosidl_typesupport_introspection_c.so
-- Set non-toolchain portion of runtime path of "/home/henrique/colcon_ws3/install/custom_interfaces/lib/libcustom_interfaces__rosidl_typesupport_introspection_c.so" to ""
-- Installing: /home/henrique/colcon_ws3/install/custom_interfaces/lib/libcustom_interfaces__rosidl_typesupport_c.so
-- Set non-toolchain portion of runtime path of "/home/henrique/colcon_ws3/install/custom_interfaces/lib/libcustom_interfaces__rosidl_typesupport_c.so" to ""
-- Up-to-date: /home/henrique/colcon_ws3/install/custom_interfaces/include/custom_interfaces/custom_interfaces
-- Up-to-date: /home/henrique/colcon_ws3/install/custom_interfaces/include/custom_interfaces/custom_interfaces/msg
-- Up-to-date: /home/henrique/colcon_ws3/install/custom_interfaces/include/custom_interfaces/custom_interfaces/msg/detail
-- Installing: /home/henrique/colcon_ws3/install/custom_interfaces/include/custom_interfaces/custom_interfaces/msg/detail/my_message__type_support.cpp
-- Installing: /home/henrique/colcon_ws3/install/custom_interfaces/include/custom_interfaces/custom_interfaces/msg/detail/my_message__rosidl_typesupport_introspection_cpp.hpp
-- Installing: /home/henrique/colcon_ws3/install/custom_interfaces/lib/libcustom_interfaces__rosidl_typesupport_introspection_cpp.so
-- Set non-toolchain portion of runtime path of "/home/henrique/colcon_ws3/install/custom_interfaces/lib/libcustom_interfaces__rosidl_typesupport_introspection_cpp.so" to ""
-- Installing: /home/henrique/colcon_ws3/install/custom_interfaces/lib/libcustom_interfaces__rosidl_typesupport_cpp.so
-- Set non-toolchain portion of runtime path of "/home/henrique/colcon_ws3/install/custom_interfaces/lib/libcustom_interfaces__rosidl_typesupport_cpp.so" to ""
-- Installing: /home/henrique/colcon_ws3/install/custom_interfaces/share/custom_interfaces/environment/pythonpath.sh
-- Installing: /home/henrique/colcon_ws3/install/custom_interfaces/share/custom_interfaces/environment/pythonpath.dsv
-- Installing: /home/henrique/colcon_ws3/install/custom_interfaces/lib/python3.12/site-packages/custom_interfaces-0.0.0-py3.12.egg-info
-- Installing: /home/henrique/colcon_ws3/install/custom_interfaces/lib/python3.12/site-packages/custom_interfaces-0.0.0-py3.12.egg-info/SOURCES.txt
-- Installing: /home/henrique/colcon_ws3/install/custom_interfaces/lib/python3.12/site-packages/custom_interfaces-0.0.0-py3.12.egg-info/top_level.txt
-- Installing: /home/henrique/colcon_ws3/install/custom_interfaces/lib/python3.12/site-packages/custom_interfaces-0.0.0-py3.12.egg-info/dependency_links.txt
-- Installing: /home/henrique/colcon_ws3/install/custom_interfaces/lib/python3.12/site-packages/custom_interfaces-0.0.0-py3.12.egg-info/PKG-INFO
-- Installing: /home/henrique/colcon_ws3/install/custom_interfaces/lib/python3.12/site-packages/custom_interfaces
-- Installing: /home/henrique/colcon_ws3/install/custom_interfaces/lib/python3.12/site-packages/custom_interfaces/custom_interfaces_s__rosidl_typesupport_fastrtps_c.so
-- Installing: /home/henrique/colcon_ws3/install/custom_interfaces/lib/python3.12/site-packages/custom_interfaces/_custom_interfaces_s.ep.rosidl_typesupport_fastrtps_c.c
-- Installing: /home/henrique/colcon_ws3/install/custom_interfaces/lib/python3.12/site-packages/custom_interfaces/custom_interfaces_s__rosidl_typesupport_c.so
-- Installing: /home/henrique/colcon_ws3/install/custom_interfaces/lib/python3.12/site-packages/custom_interfaces/custom_interfaces_s__rosidl_typesupport_introspection_c.so
-- Installing: /home/henrique/colcon_ws3/install/custom_interfaces/lib/python3.12/site-packages/custom_interfaces/__init__.py
-- Installing: /home/henrique/colcon_ws3/install/custom_interfaces/lib/python3.12/site-packages/custom_interfaces/msg
-- Installing: /home/henrique/colcon_ws3/install/custom_interfaces/lib/python3.12/site-packages/custom_interfaces/msg/_my_message_s.c
-- Installing: /home/henrique/colcon_ws3/install/custom_interfaces/lib/python3.12/site-packages/custom_interfaces/msg/__init__.py
-- Installing: /home/henrique/colcon_ws3/install/custom_interfaces/lib/python3.12/site-packages/custom_interfaces/msg/_my_message.py
-- Installing: /home/henrique/colcon_ws3/install/custom_interfaces/lib/python3.12/site-packages/custom_interfaces/_custom_interfaces_s.ep.rosidl_typesupport_introspection_c.c
-- Installing: /home/henrique/colcon_ws3/install/custom_interfaces/lib/python3.12/site-packages/custom_interfaces/_custom_interfaces_s.ep.rosidl_typesupport_c.c
Listing '/home/henrique/colcon_ws3/install/custom_interfaces/lib/python3.12/site-packages/custom_interfaces'...
Compiling '/home/henrique/colcon_ws3/install/custom_interfaces/lib/python3.12/site-packages/custom_interfaces/__init__.py'...
Listing '/home/henrique/colcon_ws3/install/custom_interfaces/lib/python3.12/site-packages/custom_interfaces/msg'...
Compiling '/home/henrique/colcon_ws3/install/custom_interfaces/lib/python3.12/site-packages/custom_interfaces/msg/__init__.py'...
Compiling '/home/henrique/colcon_ws3/install/custom_interfaces/lib/python3.12/site-packages/custom_interfaces/msg/_my_message.py'...
-- Installing: /home/henrique/colcon_ws3/install/custom_interfaces/lib/python3.12/site-packages/custom_interfaces/custom_interfaces_s__rosidl_typesupport_fastrtps_c.so
-- Set non-toolchain portion of runtime path of "/home/henrique/colcon_ws3/install/custom_interfaces/lib/python3.12/site-packages/custom_interfaces/custom_interfaces_s__rosidl_typesupport_fastrtps_c.so" to ""
-- Installing: /home/henrique/colcon_ws3/install/custom_interfaces/lib/python3.12/site-packages/custom_interfaces/custom_interfaces_s__rosidl_typesupport_introspection_c.so
-- Set non-toolchain portion of runtime path of "/home/henrique/colcon_ws3/install/custom_interfaces/lib/python3.12/site-packages/custom_interfaces/custom_interfaces_s__rosidl_typesupport_introspection_c.so" to ""
-- Installing: /home/henrique/colcon_ws3/install/custom_interfaces/lib/python3.12/site-packages/custom_interfaces/custom_interfaces_s__rosidl_typesupport_c.so
-- Set non-toolchain portion of runtime path of "/home/henrique/colcon_ws3/install/custom_interfaces/lib/python3.12/site-packages/custom_interfaces/custom_interfaces_s__rosidl_typesupport_c.so" to ""
-- Installing: /home/henrique/colcon_ws3/install/custom_interfaces/lib/libcustom_interfaces__rosidl_generator_py.so
-- Set non-toolchain portion of runtime path of "/home/henrique/colcon_ws3/install/custom_interfaces/lib/libcustom_interfaces__rosidl_generator_py.so" to ""
-- Installing: /home/henrique/colcon_ws3/install/custom_interfaces/share/custom_interfaces/msg/MyMessage.idl
-- Installing: /home/henrique/colcon_ws3/install/custom_interfaces/share/custom_interfaces/msg/MyMessage.msg
-- Installing: /home/henrique/colcon_ws3/install/custom_interfaces/share/ament_index/resource_index/package_run_dependencies/custom_interfaces
-- Installing: /home/henrique/colcon_ws3/install/custom_interfaces/share/ament_index/resource_index/parent_prefix_path/custom_interfaces
-- Installing: /home/henrique/colcon_ws3/install/custom_interfaces/share/custom_interfaces/environment/ament_prefix_path.sh
-- Installing: /home/henrique/colcon_ws3/install/custom_interfaces/share/custom_interfaces/environment/ament_prefix_path.dsv
-- Installing: /home/henrique/colcon_ws3/install/custom_interfaces/share/custom_interfaces/environment/path.sh
-- Installing: /home/henrique/colcon_ws3/install/custom_interfaces/share/custom_interfaces/environment/path.dsv
-- Installing: /home/henrique/colcon_ws3/install/custom_interfaces/share/custom_interfaces/local_setup.bash
-- Installing: /home/henrique/colcon_ws3/install/custom_interfaces/share/custom_interfaces/local_setup.sh
-- Installing: /home/henrique/colcon_ws3/install/custom_interfaces/share/custom_interfaces/local_setup.zsh
-- Installing: /home/henrique/colcon_ws3/install/custom_interfaces/share/custom_interfaces/local_setup.dsv
-- Installing: /home/henrique/colcon_ws3/install/custom_interfaces/share/custom_interfaces/package.dsv
-- Installing: /home/henrique/colcon_ws3/install/custom_interfaces/share/ament_index/resource_index/packages/custom_interfaces
-- Installing: /home/henrique/colcon_ws3/install/custom_interfaces/share/custom_interfaces/cmake/export_custom_interfaces__rosidl_generator_cExport.cmake
-- Installing: /home/henrique/colcon_ws3/install/custom_interfaces/share/custom_interfaces/cmake/export_custom_interfaces__rosidl_generator_cExport-noconfig.cmake
-- Installing: /home/henrique/colcon_ws3/install/custom_interfaces/share/custom_interfaces/cmake/export_custom_interfaces__rosidl_typesupport_fastrtps_cExport.cmake
-- Installing: /home/henrique/colcon_ws3/install/custom_interfaces/share/custom_interfaces/cmake/export_custom_interfaces__rosidl_typesupport_fastrtps_cExport-noconfig.cmake
-- Installing: /home/henrique/colcon_ws3/install/custom_interfaces/share/custom_interfaces/cmake/export_custom_interfaces__rosidl_generator_cppExport.cmake
-- Installing: /home/henrique/colcon_ws3/install/custom_interfaces/share/custom_interfaces/cmake/export_custom_interfaces__rosidl_typesupport_fastrtps_cppExport.cmake
-- Installing: /home/henrique/colcon_ws3/install/custom_interfaces/share/custom_interfaces/cmake/export_custom_interfaces__rosidl_typesupport_fastrtps_cppExport-noconfig.cmake
-- Installing: /home/henrique/colcon_ws3/install/custom_interfaces/share/custom_interfaces/cmake/custom_interfaces__rosidl_typesupport_introspection_cExport.cmake
-- Installing: /home/henrique/colcon_ws3/install/custom_interfaces/share/custom_interfaces/cmake/custom_interfaces__rosidl_typesupport_introspection_cExport-noconfig.cmake
-- Installing: /home/henrique/colcon_ws3/install/custom_interfaces/share/custom_interfaces/cmake/custom_interfaces__rosidl_typesupport_cExport.cmake
-- Installing: /home/henrique/colcon_ws3/install/custom_interfaces/share/custom_interfaces/cmake/custom_interfaces__rosidl_typesupport_cExport-noconfig.cmake
-- Installing: /home/henrique/colcon_ws3/install/custom_interfaces/share/custom_interfaces/cmake/custom_interfaces__rosidl_typesupport_introspection_cppExport.cmake
-- Installing: /home/henrique/colcon_ws3/install/custom_interfaces/share/custom_interfaces/cmake/custom_interfaces__rosidl_typesupport_introspection_cppExport-noconfig.cmake
-- Installing: /home/henrique/colcon_ws3/install/custom_interfaces/share/custom_interfaces/cmake/custom_interfaces__rosidl_typesupport_cppExport.cmake
-- Installing: /home/henrique/colcon_ws3/install/custom_interfaces/share/custom_interfaces/cmake/custom_interfaces__rosidl_typesupport_cppExport-noconfig.cmake
-- Installing: /home/henrique/colcon_ws3/install/custom_interfaces/share/custom_interfaces/cmake/export_custom_interfaces__rosidl_generator_pyExport.cmake
-- Installing: /home/henrique/colcon_ws3/install/custom_interfaces/share/custom_interfaces/cmake/export_custom_interfaces__rosidl_generator_pyExport-noconfig.cmake
-- Installing: /home/henrique/colcon_ws3/install/custom_interfaces/share/custom_interfaces/cmake/rosidl_cmake-extras.cmake
-- Installing: /home/henrique/colcon_ws3/install/custom_interfaces/share/custom_interfaces/cmake/ament_cmake_export_dependencies-extras.cmake
-- Installing: /home/henrique/colcon_ws3/install/custom_interfaces/share/custom_interfaces/cmake/ament_cmake_export_include_directories-extras.cmake
-- Installing: /home/henrique/colcon_ws3/install/custom_interfaces/share/custom_interfaces/cmake/ament_cmake_export_libraries-extras.cmake
-- Installing: /home/henrique/colcon_ws3/install/custom_interfaces/share/custom_interfaces/cmake/ament_cmake_export_targets-extras.cmake
-- Installing: /home/henrique/colcon_ws3/install/custom_interfaces/share/custom_interfaces/cmake/rosidl_cmake_export_typesupport_targets-extras.cmake
-- Installing: /home/henrique/colcon_ws3/install/custom_interfaces/share/custom_interfaces/cmake/rosidl_cmake_export_typesupport_libraries-extras.cmake
-- Installing: /home/henrique/colcon_ws3/install/custom_interfaces/share/custom_interfaces/cmake/custom_interfacesConfig.cmake
-- Installing: /home/henrique/colcon_ws3/install/custom_interfaces/share/custom_interfaces/cmake/custom_interfacesConfig-version.cmake
-- Installing: /home/henrique/colcon_ws3/install/custom_interfaces/share/custom_interfaces/package.xml
