[0.151s] Invoking command in '/home/henrique/colcon_ws3/build/custom_interfaces': CMAKE_PREFIX_PATH=${CMAKE_PREFIX_PATH}:/home/henrique/ros2_ws/install/temperature_system:/home/henrique/ros2_ws/install/temperature_monitor:/opt/ros/jazzy DEBUGINFOD_URLS=https://debuginfod.ubuntu.com /usr/bin/cmake --build /home/henrique/colcon_ws3/build/custom_interfaces -- -j2 -l2
[1.988s] [  2%] Built target custom_interfaces__rosidl_generator_type_description
[2.009s] [  2%] Built target ament_cmake_python_copy_custom_interfaces
[2.325s] [ 17%] Built target custom_interfaces__rosidl_generator_c
[2.362s] [ 20%] Built target custom_interfaces__cpp
[2.850s] [ 29%] Built target custom_interfaces__rosidl_typesupport_cpp
[3.229s] [ 38%] Built target custom_interfaces__rosidl_typesupport_fastrtps_c
[3.725s] [ 47%] Built target custom_interfaces__rosidl_typesupport_fastrtps_cpp
[3.847s] [ 50%] [34m[1mGenerating C introspection for ROS interfaces[0m
[4.249s] running egg_info
[4.440s] writing custom_interfaces.egg-info/PKG-INFO
[4.447s] writing dependency_links to custom_interfaces.egg-info/dependency_links.txt
[4.451s] writing top-level names to custom_interfaces.egg-info/top_level.txt
[5.125s] reading manifest file 'custom_interfaces.egg-info/SOURCES.txt'
[5.129s] writing manifest file 'custom_interfaces.egg-info/SOURCES.txt'
[5.548s] [ 50%] Built target ament_cmake_python_build_custom_interfaces_egg
[6.144s] [ 52%] [32mBuilding C object CMakeFiles/custom_interfaces__rosidl_typesupport_introspection_c.dir/rosidl_typesupport_introspection_c/custom_interfaces/msg/detail/my_message__type_support.c.o[0m
[7.175s] [ 55%] [32m[1mLinking C shared library libcustom_interfaces__rosidl_typesupport_introspection_c.so[0m
[7.734s] [ 55%] Built target custom_interfaces__rosidl_typesupport_introspection_c
[7.841s] [ 58%] [34m[1mGenerating C type support dispatch for ROS interfaces[0m
[9.015s] [ 61%] [32mBuilding CXX object CMakeFiles/custom_interfaces__rosidl_typesupport_c.dir/rosidl_typesupport_c/custom_interfaces/msg/my_message__type_support.cpp.o[0m
[9.986s] [ 64%] [32m[1mLinking CXX shared library libcustom_interfaces__rosidl_typesupport_c.so[0m
[10.354s] [ 64%] Built target custom_interfaces__rosidl_typesupport_c
[10.484s] [ 67%] [34m[1mGenerating C++ introspection for ROS interfaces[0m
[11.192s] [ 70%] [32mBuilding CXX object CMakeFiles/custom_interfaces__rosidl_typesupport_introspection_cpp.dir/rosidl_typesupport_introspection_cpp/custom_interfaces/msg/detail/my_message__type_support.cpp.o[0m
[12.504s] [ 73%] [32m[1mLinking CXX shared library libcustom_interfaces__rosidl_typesupport_introspection_cpp.so[0m
[12.995s] [ 73%] Built target custom_interfaces__rosidl_typesupport_introspection_cpp
[13.121s] [ 73%] Built target custom_interfaces
[13.255s] [ 76%] [34m[1mGenerating Python code for ROS interfaces[0m
[14.061s] [ 76%] Built target custom_interfaces__py
[14.362s] [ 79%] [32mBuilding C object CMakeFiles/custom_interfaces__rosidl_generator_py.dir/rosidl_generator_py/custom_interfaces/msg/_my_message_s.c.o[0m
[15.758s] [ 82%] [32m[1mLinking C shared library libcustom_interfaces__rosidl_generator_py.so[0m
[15.998s] [ 82%] Built target custom_interfaces__rosidl_generator_py
[16.137s] [ 85%] [32mBuilding C object CMakeFiles/custom_interfaces_s__rosidl_typesupport_fastrtps_c.dir/rosidl_generator_py/custom_interfaces/_custom_interfaces_s.ep.rosidl_typesupport_fastrtps_c.c.o[0m
[16.737s] [ 88%] [32m[1mLinking C shared module rosidl_generator_py/custom_interfaces/custom_interfaces_s__rosidl_typesupport_fastrtps_c.so[0m
[17.077s] [ 88%] Built target custom_interfaces_s__rosidl_typesupport_fastrtps_c
[17.319s] [ 91%] [32mBuilding C object CMakeFiles/custom_interfaces_s__rosidl_typesupport_introspection_c.dir/rosidl_generator_py/custom_interfaces/_custom_interfaces_s.ep.rosidl_typesupport_introspection_c.c.o[0m
[17.972s] [ 94%] [32m[1mLinking C shared module rosidl_generator_py/custom_interfaces/custom_interfaces_s__rosidl_typesupport_introspection_c.so[0m
[18.321s] [ 94%] Built target custom_interfaces_s__rosidl_typesupport_introspection_c
[18.544s] [ 97%] [32mBuilding C object CMakeFiles/custom_interfaces_s__rosidl_typesupport_c.dir/rosidl_generator_py/custom_interfaces/_custom_interfaces_s.ep.rosidl_typesupport_c.c.o[0m
[19.047s] [100%] [32m[1mLinking C shared module rosidl_generator_py/custom_interfaces/custom_interfaces_s__rosidl_typesupport_c.so[0m
[19.310s] [100%] Built target custom_interfaces_s__rosidl_typesupport_c
[19.375s] Invoked command in '/home/henrique/colcon_ws3/build/custom_interfaces' returned '0': CMAKE_PREFIX_PATH=${CMAKE_PREFIX_PATH}:/home/henrique/ros2_ws/install/temperature_system:/home/henrique/ros2_ws/install/temperature_monitor:/opt/ros/jazzy DEBUGINFOD_URLS=https://debuginfod.ubuntu.com /usr/bin/cmake --build /home/henrique/colcon_ws3/build/custom_interfaces -- -j2 -l2
[19.379s] Invoking command in '/home/henrique/colcon_ws3/build/custom_interfaces': CMAKE_PREFIX_PATH=${CMAKE_PREFIX_PATH}:/home/henrique/ros2_ws/install/temperature_system:/home/henrique/ros2_ws/install/temperature_monitor:/opt/ros/jazzy DEBUGINFOD_URLS=https://debuginfod.ubuntu.com /usr/bin/cmake --install /home/henrique/colcon_ws3/build/custom_interfaces
[19.463s] -- Install configuration: ""
[19.468s] -- Installing: /home/henrique/colcon_ws3/install/custom_interfaces/share/ament_index/resource_index/rosidl_interfaces/custom_interfaces
[19.471s] -- Installing: /home/henrique/colcon_ws3/install/custom_interfaces/share/custom_interfaces/msg/MyMessage.json
[19.472s] -- Installing: /home/henrique/colcon_ws3/install/custom_interfaces/include/custom_interfaces/custom_interfaces
[19.476s] -- Installing: /home/henrique/colcon_ws3/install/custom_interfaces/include/custom_interfaces/custom_interfaces/msg
[19.477s] -- Installing: /home/henrique/colcon_ws3/install/custom_interfaces/include/custom_interfaces/custom_interfaces/msg/detail
[19.477s] -- Installing: /home/henrique/colcon_ws3/install/custom_interfaces/include/custom_interfaces/custom_interfaces/msg/detail/my_message__functions.c
[19.481s] -- Installing: /home/henrique/colcon_ws3/install/custom_interfaces/include/custom_interfaces/custom_interfaces/msg/detail/my_message__description.c
[19.483s] -- Installing: /home/henrique/colcon_ws3/install/custom_interfaces/include/custom_interfaces/custom_interfaces/msg/detail/my_message__functions.h
[19.486s] -- Installing: /home/henrique/colcon_ws3/install/custom_interfaces/include/custom_interfaces/custom_interfaces/msg/detail/my_message__type_support.c
[19.489s] -- Installing: /home/henrique/colcon_ws3/install/custom_interfaces/include/custom_interfaces/custom_interfaces/msg/detail/my_message__type_support.h
[19.490s] -- Installing: /home/henrique/colcon_ws3/install/custom_interfaces/include/custom_interfaces/custom_interfaces/msg/detail/my_message__struct.h
[19.494s] -- Installing: /home/henrique/colcon_ws3/install/custom_interfaces/include/custom_interfaces/custom_interfaces/msg/my_message.h
[19.501s] -- Installing: /home/henrique/colcon_ws3/install/custom_interfaces/include/custom_interfaces/custom_interfaces/msg/rosidl_generator_c__visibility_control.h
[19.507s] -- Installing: /home/henrique/colcon_ws3/install/custom_interfaces/share/custom_interfaces/environment/library_path.sh
[19.514s] -- Installing: /home/henrique/colcon_ws3/install/custom_interfaces/share/custom_interfaces/environment/library_path.dsv
[19.520s] -- Installing: /home/henrique/colcon_ws3/install/custom_interfaces/lib/libcustom_interfaces__rosidl_generator_c.so
[19.550s] -- Set non-toolchain portion of runtime path of "/home/henrique/colcon_ws3/install/custom_interfaces/lib/libcustom_interfaces__rosidl_generator_c.so" to ""
[19.551s] -- Up-to-date: /home/henrique/colcon_ws3/install/custom_interfaces/include/custom_interfaces/custom_interfaces
[19.552s] -- Up-to-date: /home/henrique/colcon_ws3/install/custom_interfaces/include/custom_interfaces/custom_interfaces/msg
[19.553s] -- Up-to-date: /home/henrique/colcon_ws3/install/custom_interfaces/include/custom_interfaces/custom_interfaces/msg/detail
[19.553s] -- Installing: /home/henrique/colcon_ws3/install/custom_interfaces/include/custom_interfaces/custom_interfaces/msg/detail/my_message__rosidl_typesupport_fastrtps_c.h
[19.559s] -- Installing: /home/henrique/colcon_ws3/install/custom_interfaces/include/custom_interfaces/custom_interfaces/msg/rosidl_typesupport_fastrtps_c__visibility_control.h
[19.563s] -- Installing: /home/henrique/colcon_ws3/install/custom_interfaces/lib/libcustom_interfaces__rosidl_typesupport_fastrtps_c.so
[19.574s] -- Set non-toolchain portion of runtime path of "/home/henrique/colcon_ws3/install/custom_interfaces/lib/libcustom_interfaces__rosidl_typesupport_fastrtps_c.so" to ""
[19.575s] -- Up-to-date: /home/henrique/colcon_ws3/install/custom_interfaces/include/custom_interfaces/custom_interfaces
[19.575s] -- Up-to-date: /home/henrique/colcon_ws3/install/custom_interfaces/include/custom_interfaces/custom_interfaces/msg
[19.578s] -- Installing: /home/henrique/colcon_ws3/install/custom_interfaces/include/custom_interfaces/custom_interfaces/msg/my_message.hpp
[19.578s] -- Up-to-date: /home/henrique/colcon_ws3/install/custom_interfaces/include/custom_interfaces/custom_interfaces/msg/detail
[19.579s] -- Installing: /home/henrique/colcon_ws3/install/custom_interfaces/include/custom_interfaces/custom_interfaces/msg/detail/my_message__type_support.hpp
[19.582s] -- Installing: /home/henrique/colcon_ws3/install/custom_interfaces/include/custom_interfaces/custom_interfaces/msg/detail/my_message__traits.hpp
[19.587s] -- Installing: /home/henrique/colcon_ws3/install/custom_interfaces/include/custom_interfaces/custom_interfaces/msg/detail/my_message__builder.hpp
[19.591s] -- Installing: /home/henrique/colcon_ws3/install/custom_interfaces/include/custom_interfaces/custom_interfaces/msg/detail/my_message__struct.hpp
[19.596s] -- Installing: /home/henrique/colcon_ws3/install/custom_interfaces/include/custom_interfaces/custom_interfaces/msg/rosidl_generator_cpp__visibility_control.hpp
[19.601s] -- Up-to-date: /home/henrique/colcon_ws3/install/custom_interfaces/include/custom_interfaces/custom_interfaces
[19.609s] -- Up-to-date: /home/henrique/colcon_ws3/install/custom_interfaces/include/custom_interfaces/custom_interfaces/msg
[19.614s] -- Up-to-date: /home/henrique/colcon_ws3/install/custom_interfaces/include/custom_interfaces/custom_interfaces/msg/detail
[19.620s] -- Installing: /home/henrique/colcon_ws3/install/custom_interfaces/include/custom_interfaces/custom_interfaces/msg/detail/my_message__rosidl_typesupport_fastrtps_cpp.hpp
[19.634s] -- Installing: /home/henrique/colcon_ws3/install/custom_interfaces/include/custom_interfaces/custom_interfaces/msg/detail/dds_fastrtps
[19.636s] -- Installing: /home/henrique/colcon_ws3/install/custom_interfaces/include/custom_interfaces/custom_interfaces/msg/rosidl_typesupport_fastrtps_cpp__visibility_control.h
[19.643s] -- Installing: /home/henrique/colcon_ws3/install/custom_interfaces/lib/libcustom_interfaces__rosidl_typesupport_fastrtps_cpp.so
[19.661s] -- Set non-toolchain portion of runtime path of "/home/henrique/colcon_ws3/install/custom_interfaces/lib/libcustom_interfaces__rosidl_typesupport_fastrtps_cpp.so" to ""
[19.662s] -- Up-to-date: /home/henrique/colcon_ws3/install/custom_interfaces/include/custom_interfaces/custom_interfaces
[19.666s] -- Up-to-date: /home/henrique/colcon_ws3/install/custom_interfaces/include/custom_interfaces/custom_interfaces/msg
[19.669s] -- Up-to-date: /home/henrique/colcon_ws3/install/custom_interfaces/include/custom_interfaces/custom_interfaces/msg/detail
[19.669s] -- Installing: /home/henrique/colcon_ws3/install/custom_interfaces/include/custom_interfaces/custom_interfaces/msg/detail/my_message__type_support.c
[19.671s] -- Installing: /home/henrique/colcon_ws3/install/custom_interfaces/include/custom_interfaces/custom_interfaces/msg/detail/my_message__rosidl_typesupport_introspection_c.h
[19.673s] -- Installing: /home/henrique/colcon_ws3/install/custom_interfaces/include/custom_interfaces/custom_interfaces/msg/rosidl_typesupport_introspection_c__visibility_control.h
[19.677s] -- Installing: /home/henrique/colcon_ws3/install/custom_interfaces/lib/libcustom_interfaces__rosidl_typesupport_introspection_c.so
[19.682s] -- Set non-toolchain portion of runtime path of "/home/henrique/colcon_ws3/install/custom_interfaces/lib/libcustom_interfaces__rosidl_typesupport_introspection_c.so" to ""
[19.684s] -- Installing: /home/henrique/colcon_ws3/install/custom_interfaces/lib/libcustom_interfaces__rosidl_typesupport_c.so
[19.689s] -- Set non-toolchain portion of runtime path of "/home/henrique/colcon_ws3/install/custom_interfaces/lib/libcustom_interfaces__rosidl_typesupport_c.so" to ""
[19.690s] -- Up-to-date: /home/henrique/colcon_ws3/install/custom_interfaces/include/custom_interfaces/custom_interfaces
[19.692s] -- Up-to-date: /home/henrique/colcon_ws3/install/custom_interfaces/include/custom_interfaces/custom_interfaces/msg
[19.694s] -- Up-to-date: /home/henrique/colcon_ws3/install/custom_interfaces/include/custom_interfaces/custom_interfaces/msg/detail
[19.694s] -- Installing: /home/henrique/colcon_ws3/install/custom_interfaces/include/custom_interfaces/custom_interfaces/msg/detail/my_message__type_support.cpp
[19.696s] -- Installing: /home/henrique/colcon_ws3/install/custom_interfaces/include/custom_interfaces/custom_interfaces/msg/detail/my_message__rosidl_typesupport_introspection_cpp.hpp
[19.697s] -- Installing: /home/henrique/colcon_ws3/install/custom_interfaces/lib/libcustom_interfaces__rosidl_typesupport_introspection_cpp.so
[19.702s] -- Set non-toolchain portion of runtime path of "/home/henrique/colcon_ws3/install/custom_interfaces/lib/libcustom_interfaces__rosidl_typesupport_introspection_cpp.so" to ""
[19.704s] -- Installing: /home/henrique/colcon_ws3/install/custom_interfaces/lib/libcustom_interfaces__rosidl_typesupport_cpp.so
[19.710s] -- Set non-toolchain portion of runtime path of "/home/henrique/colcon_ws3/install/custom_interfaces/lib/libcustom_interfaces__rosidl_typesupport_cpp.so" to ""
[19.713s] -- Installing: /home/henrique/colcon_ws3/install/custom_interfaces/share/custom_interfaces/environment/pythonpath.sh
[19.714s] -- Installing: /home/henrique/colcon_ws3/install/custom_interfaces/share/custom_interfaces/environment/pythonpath.dsv
[19.719s] -- Installing: /home/henrique/colcon_ws3/install/custom_interfaces/lib/python3.12/site-packages/custom_interfaces-0.0.0-py3.12.egg-info
[19.720s] -- Installing: /home/henrique/colcon_ws3/install/custom_interfaces/lib/python3.12/site-packages/custom_interfaces-0.0.0-py3.12.egg-info/SOURCES.txt
[19.724s] -- Installing: /home/henrique/colcon_ws3/install/custom_interfaces/lib/python3.12/site-packages/custom_interfaces-0.0.0-py3.12.egg-info/top_level.txt
[19.725s] -- Installing: /home/henrique/colcon_ws3/install/custom_interfaces/lib/python3.12/site-packages/custom_interfaces-0.0.0-py3.12.egg-info/dependency_links.txt
[19.728s] -- Installing: /home/henrique/colcon_ws3/install/custom_interfaces/lib/python3.12/site-packages/custom_interfaces-0.0.0-py3.12.egg-info/PKG-INFO
[19.731s] -- Installing: /home/henrique/colcon_ws3/install/custom_interfaces/lib/python3.12/site-packages/custom_interfaces
[19.732s] -- Installing: /home/henrique/colcon_ws3/install/custom_interfaces/lib/python3.12/site-packages/custom_interfaces/custom_interfaces_s__rosidl_typesupport_fastrtps_c.so
[19.738s] -- Installing: /home/henrique/colcon_ws3/install/custom_interfaces/lib/python3.12/site-packages/custom_interfaces/_custom_interfaces_s.ep.rosidl_typesupport_fastrtps_c.c
[19.742s] -- Installing: /home/henrique/colcon_ws3/install/custom_interfaces/lib/python3.12/site-packages/custom_interfaces/custom_interfaces_s__rosidl_typesupport_c.so
[19.745s] -- Installing: /home/henrique/colcon_ws3/install/custom_interfaces/lib/python3.12/site-packages/custom_interfaces/custom_interfaces_s__rosidl_typesupport_introspection_c.so
[19.751s] -- Installing: /home/henrique/colcon_ws3/install/custom_interfaces/lib/python3.12/site-packages/custom_interfaces/__init__.py
[19.755s] -- Installing: /home/henrique/colcon_ws3/install/custom_interfaces/lib/python3.12/site-packages/custom_interfaces/msg
[19.756s] -- Installing: /home/henrique/colcon_ws3/install/custom_interfaces/lib/python3.12/site-packages/custom_interfaces/msg/_my_message_s.c
[19.769s] -- Installing: /home/henrique/colcon_ws3/install/custom_interfaces/lib/python3.12/site-packages/custom_interfaces/msg/__init__.py
[19.775s] -- Installing: /home/henrique/colcon_ws3/install/custom_interfaces/lib/python3.12/site-packages/custom_interfaces/msg/_my_message.py
[19.776s] -- Installing: /home/henrique/colcon_ws3/install/custom_interfaces/lib/python3.12/site-packages/custom_interfaces/_custom_interfaces_s.ep.rosidl_typesupport_introspection_c.c
[19.779s] -- Installing: /home/henrique/colcon_ws3/install/custom_interfaces/lib/python3.12/site-packages/custom_interfaces/_custom_interfaces_s.ep.rosidl_typesupport_c.c
[20.014s] Listing '/home/henrique/colcon_ws3/install/custom_interfaces/lib/python3.12/site-packages/custom_interfaces'...
[20.018s] Compiling '/home/henrique/colcon_ws3/install/custom_interfaces/lib/python3.12/site-packages/custom_interfaces/__init__.py'...
[20.018s] Listing '/home/henrique/colcon_ws3/install/custom_interfaces/lib/python3.12/site-packages/custom_interfaces/msg'...
[20.021s] Compiling '/home/henrique/colcon_ws3/install/custom_interfaces/lib/python3.12/site-packages/custom_interfaces/msg/__init__.py'...
[20.021s] Compiling '/home/henrique/colcon_ws3/install/custom_interfaces/lib/python3.12/site-packages/custom_interfaces/msg/_my_message.py'...
[20.063s] -- Installing: /home/henrique/colcon_ws3/install/custom_interfaces/lib/python3.12/site-packages/custom_interfaces/custom_interfaces_s__rosidl_typesupport_fastrtps_c.so
[20.075s] -- Set non-toolchain portion of runtime path of "/home/henrique/colcon_ws3/install/custom_interfaces/lib/python3.12/site-packages/custom_interfaces/custom_interfaces_s__rosidl_typesupport_fastrtps_c.so" to ""
[20.077s] -- Installing: /home/henrique/colcon_ws3/install/custom_interfaces/lib/python3.12/site-packages/custom_interfaces/custom_interfaces_s__rosidl_typesupport_introspection_c.so
[20.092s] -- Set non-toolchain portion of runtime path of "/home/henrique/colcon_ws3/install/custom_interfaces/lib/python3.12/site-packages/custom_interfaces/custom_interfaces_s__rosidl_typesupport_introspection_c.so" to ""
[20.092s] -- Installing: /home/henrique/colcon_ws3/install/custom_interfaces/lib/python3.12/site-packages/custom_interfaces/custom_interfaces_s__rosidl_typesupport_c.so
[20.099s] -- Set non-toolchain portion of runtime path of "/home/henrique/colcon_ws3/install/custom_interfaces/lib/python3.12/site-packages/custom_interfaces/custom_interfaces_s__rosidl_typesupport_c.so" to ""
[20.100s] -- Installing: /home/henrique/colcon_ws3/install/custom_interfaces/lib/libcustom_interfaces__rosidl_generator_py.so
[20.104s] -- Set non-toolchain portion of runtime path of "/home/henrique/colcon_ws3/install/custom_interfaces/lib/libcustom_interfaces__rosidl_generator_py.so" to ""
[20.106s] -- Installing: /home/henrique/colcon_ws3/install/custom_interfaces/share/custom_interfaces/msg/MyMessage.idl
[20.106s] -- Installing: /home/henrique/colcon_ws3/install/custom_interfaces/share/custom_interfaces/msg/MyMessage.msg
[20.108s] -- Installing: /home/henrique/colcon_ws3/install/custom_interfaces/share/ament_index/resource_index/package_run_dependencies/custom_interfaces
[20.113s] -- Installing: /home/henrique/colcon_ws3/install/custom_interfaces/share/ament_index/resource_index/parent_prefix_path/custom_interfaces
[20.117s] -- Installing: /home/henrique/colcon_ws3/install/custom_interfaces/share/custom_interfaces/environment/ament_prefix_path.sh
[20.121s] -- Installing: /home/henrique/colcon_ws3/install/custom_interfaces/share/custom_interfaces/environment/ament_prefix_path.dsv
[20.123s] -- Installing: /home/henrique/colcon_ws3/install/custom_interfaces/share/custom_interfaces/environment/path.sh
[20.126s] -- Installing: /home/henrique/colcon_ws3/install/custom_interfaces/share/custom_interfaces/environment/path.dsv
[20.132s] -- Installing: /home/henrique/colcon_ws3/install/custom_interfaces/share/custom_interfaces/local_setup.bash
[20.135s] -- Installing: /home/henrique/colcon_ws3/install/custom_interfaces/share/custom_interfaces/local_setup.sh
[20.139s] -- Installing: /home/henrique/colcon_ws3/install/custom_interfaces/share/custom_interfaces/local_setup.zsh
[20.145s] -- Installing: /home/henrique/colcon_ws3/install/custom_interfaces/share/custom_interfaces/local_setup.dsv
[20.149s] -- Installing: /home/henrique/colcon_ws3/install/custom_interfaces/share/custom_interfaces/package.dsv
[20.151s] -- Installing: /home/henrique/colcon_ws3/install/custom_interfaces/share/ament_index/resource_index/packages/custom_interfaces
[20.158s] -- Installing: /home/henrique/colcon_ws3/install/custom_interfaces/share/custom_interfaces/cmake/export_custom_interfaces__rosidl_generator_cExport.cmake
[20.163s] -- Installing: /home/henrique/colcon_ws3/install/custom_interfaces/share/custom_interfaces/cmake/export_custom_interfaces__rosidl_generator_cExport-noconfig.cmake
[20.170s] -- Installing: /home/henrique/colcon_ws3/install/custom_interfaces/share/custom_interfaces/cmake/export_custom_interfaces__rosidl_typesupport_fastrtps_cExport.cmake
[20.173s] -- Installing: /home/henrique/colcon_ws3/install/custom_interfaces/share/custom_interfaces/cmake/export_custom_interfaces__rosidl_typesupport_fastrtps_cExport-noconfig.cmake
[20.175s] -- Installing: /home/henrique/colcon_ws3/install/custom_interfaces/share/custom_interfaces/cmake/export_custom_interfaces__rosidl_generator_cppExport.cmake
[20.184s] -- Installing: /home/henrique/colcon_ws3/install/custom_interfaces/share/custom_interfaces/cmake/export_custom_interfaces__rosidl_typesupport_fastrtps_cppExport.cmake
[20.189s] -- Installing: /home/henrique/colcon_ws3/install/custom_interfaces/share/custom_interfaces/cmake/export_custom_interfaces__rosidl_typesupport_fastrtps_cppExport-noconfig.cmake
[20.192s] -- Installing: /home/henrique/colcon_ws3/install/custom_interfaces/share/custom_interfaces/cmake/custom_interfaces__rosidl_typesupport_introspection_cExport.cmake
[20.198s] -- Installing: /home/henrique/colcon_ws3/install/custom_interfaces/share/custom_interfaces/cmake/custom_interfaces__rosidl_typesupport_introspection_cExport-noconfig.cmake
[20.206s] -- Installing: /home/henrique/colcon_ws3/install/custom_interfaces/share/custom_interfaces/cmake/custom_interfaces__rosidl_typesupport_cExport.cmake
[20.212s] -- Installing: /home/henrique/colcon_ws3/install/custom_interfaces/share/custom_interfaces/cmake/custom_interfaces__rosidl_typesupport_cExport-noconfig.cmake
[20.219s] -- Installing: /home/henrique/colcon_ws3/install/custom_interfaces/share/custom_interfaces/cmake/custom_interfaces__rosidl_typesupport_introspection_cppExport.cmake
[20.225s] -- Installing: /home/henrique/colcon_ws3/install/custom_interfaces/share/custom_interfaces/cmake/custom_interfaces__rosidl_typesupport_introspection_cppExport-noconfig.cmake
[20.234s] -- Installing: /home/henrique/colcon_ws3/install/custom_interfaces/share/custom_interfaces/cmake/custom_interfaces__rosidl_typesupport_cppExport.cmake
[20.241s] -- Installing: /home/henrique/colcon_ws3/install/custom_interfaces/share/custom_interfaces/cmake/custom_interfaces__rosidl_typesupport_cppExport-noconfig.cmake
[20.249s] -- Installing: /home/henrique/colcon_ws3/install/custom_interfaces/share/custom_interfaces/cmake/export_custom_interfaces__rosidl_generator_pyExport.cmake
[20.261s] -- Installing: /home/henrique/colcon_ws3/install/custom_interfaces/share/custom_interfaces/cmake/export_custom_interfaces__rosidl_generator_pyExport-noconfig.cmake
[20.264s] -- Installing: /home/henrique/colcon_ws3/install/custom_interfaces/share/custom_interfaces/cmake/rosidl_cmake-extras.cmake
[20.269s] -- Installing: /home/henrique/colcon_ws3/install/custom_interfaces/share/custom_interfaces/cmake/ament_cmake_export_dependencies-extras.cmake
[20.275s] -- Installing: /home/henrique/colcon_ws3/install/custom_interfaces/share/custom_interfaces/cmake/ament_cmake_export_include_directories-extras.cmake
[20.275s] -- Installing: /home/henrique/colcon_ws3/install/custom_interfaces/share/custom_interfaces/cmake/ament_cmake_export_libraries-extras.cmake
[20.281s] -- Installing: /home/henrique/colcon_ws3/install/custom_interfaces/share/custom_interfaces/cmake/ament_cmake_export_targets-extras.cmake
[20.281s] -- Installing: /home/henrique/colcon_ws3/install/custom_interfaces/share/custom_interfaces/cmake/rosidl_cmake_export_typesupport_targets-extras.cmake
[20.284s] -- Installing: /home/henrique/colcon_ws3/install/custom_interfaces/share/custom_interfaces/cmake/rosidl_cmake_export_typesupport_libraries-extras.cmake
[20.292s] -- Installing: /home/henrique/colcon_ws3/install/custom_interfaces/share/custom_interfaces/cmake/custom_interfacesConfig.cmake
[20.298s] -- Installing: /home/henrique/colcon_ws3/install/custom_interfaces/share/custom_interfaces/cmake/custom_interfacesConfig-version.cmake
[20.300s] -- Installing: /home/henrique/colcon_ws3/install/custom_interfaces/share/custom_interfaces/package.xml
[20.327s] Invoked command in '/home/henrique/colcon_ws3/build/custom_interfaces' returned '0': CMAKE_PREFIX_PATH=${CMAKE_PREFIX_PATH}:/home/henrique/ros2_ws/install/temperature_system:/home/henrique/ros2_ws/install/temperature_monitor:/opt/ros/jazzy DEBUGINFOD_URLS=https://debuginfod.ubuntu.com /usr/bin/cmake --install /home/henrique/colcon_ws3/build/custom_interfaces
