[1.794s] DEBUG:colcon:Command line arguments: ['/usr/bin/colcon', 'build', '--packages-up-to', 'urdf_tutorial']
[1.796s] DEBUG:colcon:Parsed command line arguments: Namespace(log_base=None, log_level=None, verb_name='build', build_base='build', install_base='install', merge_install=False, symlink_install=False, test_result_base=None, continue_on_error=False, executor='parallel', parallel_workers=2, event_handlers=None, ignore_user_meta=False, metas=['./colcon.meta'], base_paths=['.'], packages_ignore=None, packages_ignore_regex=None, paths=None, packages_up_to=['urdf_tutorial'], packages_up_to_regex=None, packages_above=None, packages_above_and_dependencies=None, packages_above_depth=None, packages_select_by_dep=None, packages_skip_by_dep=None, packages_skip_up_to=None, packages_select_build_failed=False, packages_skip_build_finished=False, packages_select_test_failures=False, packages_skip_test_passed=False, packages_select=None, packages_skip=None, packages_select_regex=None, packages_skip_regex=None, packages_start=None, packages_end=None, allow_overriding=[], cmake_args=None, cmake_target=None, cmake_target_skip_unavailable=False, cmake_clean_cache=False, cmake_clean_first=False, cmake_force_configure=False, ament_cmake_args=None, catkin_cmake_args=None, catkin_skip_building_tests=False, mixin_files=None, mixin=None, verb_parser=<colcon_mixin.mixin.mixin_argument.MixinArgumentDecorator object at 0x790bbdda4140>, verb_extension=<colcon_core.verb.build.BuildVerb object at 0x790bbdd29f10>, main=<bound method BuildVerb.main of <colcon_core.verb.build.BuildVerb object at 0x790bbdd29f10>>, mixin_verb=('build',))
[2.587s] Level 1:colcon.colcon_core.package_discovery:discover_packages(colcon_meta) check parameters
[2.587s] Level 1:colcon.colcon_core.package_discovery:discover_packages(recursive) check parameters
[2.587s] Level 1:colcon.colcon_core.package_discovery:discover_packages(ignore) check parameters
[2.587s] Level 1:colcon.colcon_core.package_discovery:discover_packages(path) check parameters
[2.587s] Level 1:colcon.colcon_core.package_discovery:discover_packages(colcon_meta) discover
[2.587s] Level 1:colcon.colcon_core.package_discovery:discover_packages(recursive) discover
[2.588s] INFO:colcon.colcon_core.package_discovery:Crawling recursively for packages in '/home/henrique/colcon_ws3'
[2.588s] Level 1:colcon.colcon_core.package_identification:_identify(.) by extensions ['ignore', 'ignore_ament_install']
[2.589s] Level 1:colcon.colcon_core.package_identification:_identify(.) by extension 'ignore'
[2.589s] Level 1:colcon.colcon_core.package_identification:_identify(.) by extension 'ignore_ament_install'
[2.592s] Level 1:colcon.colcon_core.package_identification:_identify(.) by extensions ['colcon_pkg']
[2.592s] Level 1:colcon.colcon_core.package_identification:_identify(.) by extension 'colcon_pkg'
[2.592s] Level 1:colcon.colcon_core.package_identification:_identify(.) by extensions ['colcon_meta']
[2.592s] Level 1:colcon.colcon_core.package_identification:_identify(.) by extension 'colcon_meta'
[2.592s] Level 1:colcon.colcon_core.package_identification:_identify(.) by extensions ['ros']
[2.593s] Level 1:colcon.colcon_core.package_identification:_identify(.) by extension 'ros'
[3.091s] Level 1:colcon.colcon_core.package_identification:_identify(.) by extensions ['cmake', 'python']
[3.091s] Level 1:colcon.colcon_core.package_identification:_identify(.) by extension 'cmake'
[3.091s] Level 1:colcon.colcon_core.package_identification:_identify(.) by extension 'python'
[3.091s] Level 1:colcon.colcon_core.package_identification:_identify(.) by extensions ['python_setup_py']
[3.091s] Level 1:colcon.colcon_core.package_identification:_identify(.) by extension 'python_setup_py'
[3.091s] Level 1:colcon.colcon_core.package_identification:_identify(build) by extensions ['ignore', 'ignore_ament_install']
[3.091s] Level 1:colcon.colcon_core.package_identification:_identify(build) by extension 'ignore'
[3.091s] Level 1:colcon.colcon_core.package_identification:_identify(build) ignored
[3.092s] Level 1:colcon.colcon_core.package_identification:_identify(install) by extensions ['ignore', 'ignore_ament_install']
[3.092s] Level 1:colcon.colcon_core.package_identification:_identify(install) by extension 'ignore'
[3.093s] Level 1:colcon.colcon_core.package_identification:_identify(install) ignored
[3.093s] Level 1:colcon.colcon_core.package_identification:_identify(log) by extensions ['ignore', 'ignore_ament_install']
[3.093s] Level 1:colcon.colcon_core.package_identification:_identify(log) by extension 'ignore'
[3.093s] Level 1:colcon.colcon_core.package_identification:_identify(log) ignored
[3.093s] Level 1:colcon.colcon_core.package_identification:_identify(src) by extensions ['ignore', 'ignore_ament_install']
[3.093s] Level 1:colcon.colcon_core.package_identification:_identify(src) by extension 'ignore'
[3.093s] Level 1:colcon.colcon_core.package_identification:_identify(src) by extension 'ignore_ament_install'
[3.094s] Level 1:colcon.colcon_core.package_identification:_identify(src) by extensions ['colcon_pkg']
[3.094s] Level 1:colcon.colcon_core.package_identification:_identify(src) by extension 'colcon_pkg'
[3.094s] Level 1:colcon.colcon_core.package_identification:_identify(src) by extensions ['colcon_meta']
[3.094s] Level 1:colcon.colcon_core.package_identification:_identify(src) by extension 'colcon_meta'
[3.094s] Level 1:colcon.colcon_core.package_identification:_identify(src) by extensions ['ros']
[3.094s] Level 1:colcon.colcon_core.package_identification:_identify(src) by extension 'ros'
[3.094s] Level 1:colcon.colcon_core.package_identification:_identify(src) by extensions ['cmake', 'python']
[3.094s] Level 1:colcon.colcon_core.package_identification:_identify(src) by extension 'cmake'
[3.094s] Level 1:colcon.colcon_core.package_identification:_identify(src) by extension 'python'
[3.094s] Level 1:colcon.colcon_core.package_identification:_identify(src) by extensions ['python_setup_py']
[3.094s] Level 1:colcon.colcon_core.package_identification:_identify(src) by extension 'python_setup_py'
[3.094s] Level 1:colcon.colcon_core.package_identification:_identify(src/all_introduction_to_ros2_packages) by extensions ['ignore', 'ignore_ament_install']
[3.094s] Level 1:colcon.colcon_core.package_identification:_identify(src/all_introduction_to_ros2_packages) by extension 'ignore'
[3.095s] Level 1:colcon.colcon_core.package_identification:_identify(src/all_introduction_to_ros2_packages) by extension 'ignore_ament_install'
[3.095s] Level 1:colcon.colcon_core.package_identification:_identify(src/all_introduction_to_ros2_packages) by extensions ['colcon_pkg']
[3.095s] Level 1:colcon.colcon_core.package_identification:_identify(src/all_introduction_to_ros2_packages) by extension 'colcon_pkg'
[3.095s] Level 1:colcon.colcon_core.package_identification:_identify(src/all_introduction_to_ros2_packages) by extensions ['colcon_meta']
[3.095s] Level 1:colcon.colcon_core.package_identification:_identify(src/all_introduction_to_ros2_packages) by extension 'colcon_meta'
[3.095s] Level 1:colcon.colcon_core.package_identification:_identify(src/all_introduction_to_ros2_packages) by extensions ['ros']
[3.095s] Level 1:colcon.colcon_core.package_identification:_identify(src/all_introduction_to_ros2_packages) by extension 'ros'
[3.095s] Level 1:colcon.colcon_core.package_identification:_identify(src/all_introduction_to_ros2_packages) by extensions ['cmake', 'python']
[3.095s] Level 1:colcon.colcon_core.package_identification:_identify(src/all_introduction_to_ros2_packages) by extension 'cmake'
[3.095s] Level 1:colcon.colcon_core.package_identification:_identify(src/all_introduction_to_ros2_packages) by extension 'python'
[3.095s] Level 1:colcon.colcon_core.package_identification:_identify(src/all_introduction_to_ros2_packages) by extensions ['python_setup_py']
[3.095s] Level 1:colcon.colcon_core.package_identification:_identify(src/all_introduction_to_ros2_packages) by extension 'python_setup_py'
[3.095s] Level 1:colcon.colcon_core.package_identification:_identify(src/all_introduction_to_ros2_packages/learning_tf2) by extensions ['ignore', 'ignore_ament_install']
[3.096s] Level 1:colcon.colcon_core.package_identification:_identify(src/all_introduction_to_ros2_packages/learning_tf2) by extension 'ignore'
[3.097s] Level 1:colcon.colcon_core.package_identification:_identify(src/all_introduction_to_ros2_packages/learning_tf2) by extension 'ignore_ament_install'
[3.097s] Level 1:colcon.colcon_core.package_identification:_identify(src/all_introduction_to_ros2_packages/learning_tf2) by extensions ['colcon_pkg']
[3.097s] Level 1:colcon.colcon_core.package_identification:_identify(src/all_introduction_to_ros2_packages/learning_tf2) by extension 'colcon_pkg'
[3.097s] Level 1:colcon.colcon_core.package_identification:_identify(src/all_introduction_to_ros2_packages/learning_tf2) by extensions ['colcon_meta']
[3.097s] Level 1:colcon.colcon_core.package_identification:_identify(src/all_introduction_to_ros2_packages/learning_tf2) by extension 'colcon_meta'
[3.097s] Level 1:colcon.colcon_core.package_identification:_identify(src/all_introduction_to_ros2_packages/learning_tf2) by extensions ['ros']
[3.097s] Level 1:colcon.colcon_core.package_identification:_identify(src/all_introduction_to_ros2_packages/learning_tf2) by extension 'ros'
[3.139s] DEBUG:colcon.colcon_core.package_identification:Package 'src/all_introduction_to_ros2_packages/learning_tf2' with type 'ros.ament_cmake' and name 'learning_tf2'
[3.141s] Level 1:colcon.colcon_core.package_identification:_identify(src/all_introduction_to_ros2_packages/pubsub_custom_param) by extensions ['ignore', 'ignore_ament_install']
[3.142s] Level 1:colcon.colcon_core.package_identification:_identify(src/all_introduction_to_ros2_packages/pubsub_custom_param) by extension 'ignore'
[3.142s] Level 1:colcon.colcon_core.package_identification:_identify(src/all_introduction_to_ros2_packages/pubsub_custom_param) by extension 'ignore_ament_install'
[3.142s] Level 1:colcon.colcon_core.package_identification:_identify(src/all_introduction_to_ros2_packages/pubsub_custom_param) by extensions ['colcon_pkg']
[3.142s] Level 1:colcon.colcon_core.package_identification:_identify(src/all_introduction_to_ros2_packages/pubsub_custom_param) by extension 'colcon_pkg'
[3.142s] Level 1:colcon.colcon_core.package_identification:_identify(src/all_introduction_to_ros2_packages/pubsub_custom_param) by extensions ['colcon_meta']
[3.142s] Level 1:colcon.colcon_core.package_identification:_identify(src/all_introduction_to_ros2_packages/pubsub_custom_param) by extension 'colcon_meta'
[3.143s] Level 1:colcon.colcon_core.package_identification:_identify(src/all_introduction_to_ros2_packages/pubsub_custom_param) by extensions ['ros']
[3.143s] Level 1:colcon.colcon_core.package_identification:_identify(src/all_introduction_to_ros2_packages/pubsub_custom_param) by extension 'ros'
[3.146s] DEBUG:colcon.colcon_core.package_identification:Package 'src/all_introduction_to_ros2_packages/pubsub_custom_param' with type 'ros.ament_cmake' and name 'pubsub_custom_param'
[3.146s] Level 1:colcon.colcon_core.package_identification:_identify(src/custom_interfaces) by extensions ['ignore', 'ignore_ament_install']
[3.146s] Level 1:colcon.colcon_core.package_identification:_identify(src/custom_interfaces) by extension 'ignore'
[3.147s] Level 1:colcon.colcon_core.package_identification:_identify(src/custom_interfaces) by extension 'ignore_ament_install'
[3.147s] Level 1:colcon.colcon_core.package_identification:_identify(src/custom_interfaces) by extensions ['colcon_pkg']
[3.147s] Level 1:colcon.colcon_core.package_identification:_identify(src/custom_interfaces) by extension 'colcon_pkg'
[3.147s] Level 1:colcon.colcon_core.package_identification:_identify(src/custom_interfaces) by extensions ['colcon_meta']
[3.148s] Level 1:colcon.colcon_core.package_identification:_identify(src/custom_interfaces) by extension 'colcon_meta'
[3.148s] Level 1:colcon.colcon_core.package_identification:_identify(src/custom_interfaces) by extensions ['ros']
[3.148s] Level 1:colcon.colcon_core.package_identification:_identify(src/custom_interfaces) by extension 'ros'
[3.151s] DEBUG:colcon.colcon_core.package_identification:Package 'src/custom_interfaces' with type 'ros.ament_cmake' and name 'custom_interfaces'
[3.151s] Level 1:colcon.colcon_core.package_identification:_identify(src/rviz2_marker_demo) by extensions ['ignore', 'ignore_ament_install']
[3.151s] Level 1:colcon.colcon_core.package_identification:_identify(src/rviz2_marker_demo) by extension 'ignore'
[3.152s] Level 1:colcon.colcon_core.package_identification:_identify(src/rviz2_marker_demo) by extension 'ignore_ament_install'
[3.152s] Level 1:colcon.colcon_core.package_identification:_identify(src/rviz2_marker_demo) by extensions ['colcon_pkg']
[3.152s] Level 1:colcon.colcon_core.package_identification:_identify(src/rviz2_marker_demo) by extension 'colcon_pkg'
[3.152s] Level 1:colcon.colcon_core.package_identification:_identify(src/rviz2_marker_demo) by extensions ['colcon_meta']
[3.152s] Level 1:colcon.colcon_core.package_identification:_identify(src/rviz2_marker_demo) by extension 'colcon_meta'
[3.152s] Level 1:colcon.colcon_core.package_identification:_identify(src/rviz2_marker_demo) by extensions ['ros']
[3.152s] Level 1:colcon.colcon_core.package_identification:_identify(src/rviz2_marker_demo) by extension 'ros'
[3.155s] DEBUG:colcon.colcon_core.package_identification:Package 'src/rviz2_marker_demo' with type 'ros.ament_cmake' and name 'rviz2_marker_demo'
[3.156s] Level 1:colcon.colcon_core.package_identification:_identify(src/urdf_tutorial) by extensions ['ignore', 'ignore_ament_install']
[3.156s] Level 1:colcon.colcon_core.package_identification:_identify(src/urdf_tutorial) by extension 'ignore'
[3.156s] Level 1:colcon.colcon_core.package_identification:_identify(src/urdf_tutorial) by extension 'ignore_ament_install'
[3.156s] Level 1:colcon.colcon_core.package_identification:_identify(src/urdf_tutorial) by extensions ['colcon_pkg']
[3.156s] Level 1:colcon.colcon_core.package_identification:_identify(src/urdf_tutorial) by extension 'colcon_pkg'
[3.157s] Level 1:colcon.colcon_core.package_identification:_identify(src/urdf_tutorial) by extensions ['colcon_meta']
[3.157s] Level 1:colcon.colcon_core.package_identification:_identify(src/urdf_tutorial) by extension 'colcon_meta'
[3.157s] Level 1:colcon.colcon_core.package_identification:_identify(src/urdf_tutorial) by extensions ['ros']
[3.157s] Level 1:colcon.colcon_core.package_identification:_identify(src/urdf_tutorial) by extension 'ros'
[3.160s] DEBUG:colcon.colcon_core.package_identification:Package 'src/urdf_tutorial' with type 'ros.ament_cmake' and name 'urdf_tutorial'
[3.160s] Level 1:colcon.colcon_core.package_discovery:discover_packages(recursive) using defaults
[3.160s] Level 1:colcon.colcon_core.package_discovery:discover_packages(ignore) discover
[3.160s] Level 1:colcon.colcon_core.package_discovery:discover_packages(ignore) using defaults
[3.160s] Level 1:colcon.colcon_core.package_discovery:discover_packages(path) discover
[3.160s] Level 1:colcon.colcon_core.package_discovery:discover_packages(path) using defaults
[3.539s] INFO:colcon.colcon_core.package_selection:Skipping package 'pubsub_custom_param' in 'src/all_introduction_to_ros2_packages/pubsub_custom_param'
[3.539s] INFO:colcon.colcon_core.package_selection:Skipping package 'rviz2_marker_demo' in 'src/rviz2_marker_demo'
[3.540s] INFO:colcon.colcon_core.package_selection:Skipping package 'learning_tf2' in 'src/all_introduction_to_ros2_packages/learning_tf2'
[3.540s] INFO:colcon.colcon_core.package_selection:Skipping package 'custom_interfaces' in 'src/custom_interfaces'
[3.544s] Level 1:colcon.colcon_core.package_discovery:discover_packages(prefix_path) check parameters
[3.545s] Level 1:colcon.colcon_core.package_discovery:discover_packages(prefix_path) discover
[3.583s] DEBUG:colcon.colcon_installed_package_information.package_discovery:Found 5 installed packages in /home/henrique/colcon_ws3/install
[3.591s] DEBUG:colcon.colcon_installed_package_information.package_discovery:Found 4 installed packages in /home/henrique/ros2_ws/install
[3.612s] DEBUG:colcon.colcon_installed_package_information.package_discovery:Found 311 installed packages in /opt/ros/jazzy
[3.637s] Level 1:colcon.colcon_core.package_discovery:discover_packages(prefix_path) using defaults
[4.192s] Level 5:colcon.colcon_core.verb:set package 'urdf_tutorial' build argument 'cmake_args' from command line to 'None'
[4.192s] Level 5:colcon.colcon_core.verb:set package 'urdf_tutorial' build argument 'cmake_target' from command line to 'None'
[4.193s] Level 5:colcon.colcon_core.verb:set package 'urdf_tutorial' build argument 'cmake_target_skip_unavailable' from command line to 'False'
[4.194s] Level 5:colcon.colcon_core.verb:set package 'urdf_tutorial' build argument 'cmake_clean_cache' from command line to 'False'
[4.194s] Level 5:colcon.colcon_core.verb:set package 'urdf_tutorial' build argument 'cmake_clean_first' from command line to 'False'
[4.194s] Level 5:colcon.colcon_core.verb:set package 'urdf_tutorial' build argument 'cmake_force_configure' from command line to 'False'
[4.194s] Level 5:colcon.colcon_core.verb:set package 'urdf_tutorial' build argument 'ament_cmake_args' from command line to 'None'
[4.194s] Level 5:colcon.colcon_core.verb:set package 'urdf_tutorial' build argument 'catkin_cmake_args' from command line to 'None'
[4.194s] Level 5:colcon.colcon_core.verb:set package 'urdf_tutorial' build argument 'catkin_skip_building_tests' from command line to 'False'
[4.194s] DEBUG:colcon.colcon_core.verb:Building package 'urdf_tutorial' with the following arguments: {'ament_cmake_args': None, 'build_base': '/home/henrique/colcon_ws3/build/urdf_tutorial', 'catkin_cmake_args': None, 'catkin_skip_building_tests': False, 'cmake_args': None, 'cmake_clean_cache': False, 'cmake_clean_first': False, 'cmake_force_configure': False, 'cmake_target': None, 'cmake_target_skip_unavailable': False, 'install_base': '/home/henrique/colcon_ws3/install/urdf_tutorial', 'merge_install': False, 'path': '/home/henrique/colcon_ws3/src/urdf_tutorial', 'symlink_install': False, 'test_result_base': None}
[4.194s] INFO:colcon.colcon_core.executor:Executing jobs using 'parallel' executor
[4.201s] DEBUG:colcon.colcon_parallel_executor.executor.parallel:run_until_complete
[4.204s] INFO:colcon.colcon_ros.task.ament_cmake.build:Building ROS package in '/home/henrique/colcon_ws3/src/urdf_tutorial' with build type 'ament_cmake'
[4.205s] INFO:colcon.colcon_cmake.task.cmake.build:Building CMake package in '/home/henrique/colcon_ws3/src/urdf_tutorial'
[4.246s] INFO:colcon.colcon_core.plugin_system:Skipping extension 'colcon_core.shell.bat': Not used on non-Windows systems
[4.247s] INFO:colcon.colcon_core.shell:Skip shell extension 'powershell' for command environment: Not usable outside of PowerShell
[4.247s] DEBUG:colcon.colcon_core.shell:Skip shell extension 'dsv' for command environment
[4.336s] DEBUG:colcon.colcon_core.event_handler.log_command:Invoking command in '/home/henrique/colcon_ws3/build/urdf_tutorial': CMAKE_PREFIX_PATH=${CMAKE_PREFIX_PATH}:/home/henrique/ros2_ws/install/temperature_system:/home/henrique/ros2_ws/install/temperature_monitor:/opt/ros/jazzy DEBUGINFOD_URLS=https://debuginfod.ubuntu.com /usr/bin/cmake --build /home/henrique/colcon_ws3/build/urdf_tutorial -- -j2 -l2
[5.415s] DEBUG:colcon.colcon_core.event_handler.log_command:Invoked command in '/home/henrique/colcon_ws3/build/urdf_tutorial' returned '0': CMAKE_PREFIX_PATH=${CMAKE_PREFIX_PATH}:/home/henrique/ros2_ws/install/temperature_system:/home/henrique/ros2_ws/install/temperature_monitor:/opt/ros/jazzy DEBUGINFOD_URLS=https://debuginfod.ubuntu.com /usr/bin/cmake --build /home/henrique/colcon_ws3/build/urdf_tutorial -- -j2 -l2
[5.467s] DEBUG:colcon.colcon_core.event_handler.log_command:Invoking command in '/home/henrique/colcon_ws3/build/urdf_tutorial': CMAKE_PREFIX_PATH=${CMAKE_PREFIX_PATH}:/home/henrique/ros2_ws/install/temperature_system:/home/henrique/ros2_ws/install/temperature_monitor:/opt/ros/jazzy DEBUGINFOD_URLS=https://debuginfod.ubuntu.com /usr/bin/cmake --install /home/henrique/colcon_ws3/build/urdf_tutorial
[5.577s] Level 1:colcon.colcon_core.environment:create_environment_scripts_only(urdf_tutorial)
[5.578s] DEBUG:colcon.colcon_core.event_handler.log_command:Invoked command in '/home/henrique/colcon_ws3/build/urdf_tutorial' returned '0': CMAKE_PREFIX_PATH=${CMAKE_PREFIX_PATH}:/home/henrique/ros2_ws/install/temperature_system:/home/henrique/ros2_ws/install/temperature_monitor:/opt/ros/jazzy DEBUGINFOD_URLS=https://debuginfod.ubuntu.com /usr/bin/cmake --install /home/henrique/colcon_ws3/build/urdf_tutorial
[5.610s] Level 1:colcon.colcon_core.environment:checking '/home/henrique/colcon_ws3/install/urdf_tutorial' for CMake module files
[5.611s] Level 1:colcon.colcon_core.environment:checking '/home/henrique/colcon_ws3/install/urdf_tutorial' for CMake config files
[5.613s] Level 1:colcon.colcon_core.shell:create_environment_hook('urdf_tutorial', 'cmake_prefix_path')
[5.613s] INFO:colcon.colcon_core.shell:Creating environment hook '/home/henrique/colcon_ws3/install/urdf_tutorial/share/urdf_tutorial/hook/cmake_prefix_path.ps1'
[5.618s] INFO:colcon.colcon_core.shell:Creating environment descriptor '/home/henrique/colcon_ws3/install/urdf_tutorial/share/urdf_tutorial/hook/cmake_prefix_path.dsv'
[5.622s] INFO:colcon.colcon_core.shell:Creating environment hook '/home/henrique/colcon_ws3/install/urdf_tutorial/share/urdf_tutorial/hook/cmake_prefix_path.sh'
[5.627s] Level 1:colcon.colcon_core.environment:checking '/home/henrique/colcon_ws3/install/urdf_tutorial/bin'
[5.627s] Level 1:colcon.colcon_core.environment:checking '/home/henrique/colcon_ws3/install/urdf_tutorial/lib/pkgconfig/urdf_tutorial.pc'
[5.628s] Level 1:colcon.colcon_core.environment:checking '/home/henrique/colcon_ws3/install/urdf_tutorial/lib/python3.12/site-packages'
[5.629s] Level 1:colcon.colcon_core.environment:checking '/home/henrique/colcon_ws3/install/urdf_tutorial/bin'
[5.630s] INFO:colcon.colcon_core.shell:Creating package script '/home/henrique/colcon_ws3/install/urdf_tutorial/share/urdf_tutorial/package.ps1'
[5.640s] INFO:colcon.colcon_core.shell:Creating package descriptor '/home/henrique/colcon_ws3/install/urdf_tutorial/share/urdf_tutorial/package.dsv'
[5.642s] INFO:colcon.colcon_core.shell:Creating package script '/home/henrique/colcon_ws3/install/urdf_tutorial/share/urdf_tutorial/package.sh'
[5.646s] INFO:colcon.colcon_core.shell:Creating package script '/home/henrique/colcon_ws3/install/urdf_tutorial/share/urdf_tutorial/package.bash'
[5.650s] INFO:colcon.colcon_core.shell:Creating package script '/home/henrique/colcon_ws3/install/urdf_tutorial/share/urdf_tutorial/package.zsh'
[5.654s] Level 1:colcon.colcon_core.environment:create_file_with_runtime_dependencies(/home/henrique/colcon_ws3/install/urdf_tutorial/share/colcon-core/packages/urdf_tutorial)
[5.659s] Level 1:colcon.colcon_core.environment:create_environment_scripts_only(urdf_tutorial)
[5.660s] Level 1:colcon.colcon_core.environment:checking '/home/henrique/colcon_ws3/install/urdf_tutorial' for CMake module files
[5.661s] Level 1:colcon.colcon_core.environment:checking '/home/henrique/colcon_ws3/install/urdf_tutorial' for CMake config files
[5.662s] Level 1:colcon.colcon_core.shell:create_environment_hook('urdf_tutorial', 'cmake_prefix_path')
[5.663s] INFO:colcon.colcon_core.shell:Creating environment hook '/home/henrique/colcon_ws3/install/urdf_tutorial/share/urdf_tutorial/hook/cmake_prefix_path.ps1'
[5.665s] INFO:colcon.colcon_core.shell:Creating environment descriptor '/home/henrique/colcon_ws3/install/urdf_tutorial/share/urdf_tutorial/hook/cmake_prefix_path.dsv'
[5.666s] INFO:colcon.colcon_core.shell:Creating environment hook '/home/henrique/colcon_ws3/install/urdf_tutorial/share/urdf_tutorial/hook/cmake_prefix_path.sh'
[5.668s] Level 1:colcon.colcon_core.environment:checking '/home/henrique/colcon_ws3/install/urdf_tutorial/bin'
[5.669s] Level 1:colcon.colcon_core.environment:checking '/home/henrique/colcon_ws3/install/urdf_tutorial/lib/pkgconfig/urdf_tutorial.pc'
[5.669s] Level 1:colcon.colcon_core.environment:checking '/home/henrique/colcon_ws3/install/urdf_tutorial/lib/python3.12/site-packages'
[5.670s] Level 1:colcon.colcon_core.environment:checking '/home/henrique/colcon_ws3/install/urdf_tutorial/bin'
[5.671s] INFO:colcon.colcon_core.shell:Creating package script '/home/henrique/colcon_ws3/install/urdf_tutorial/share/urdf_tutorial/package.ps1'
[5.673s] INFO:colcon.colcon_core.shell:Creating package descriptor '/home/henrique/colcon_ws3/install/urdf_tutorial/share/urdf_tutorial/package.dsv'
[5.675s] INFO:colcon.colcon_core.shell:Creating package script '/home/henrique/colcon_ws3/install/urdf_tutorial/share/urdf_tutorial/package.sh'
[5.676s] INFO:colcon.colcon_core.shell:Creating package script '/home/henrique/colcon_ws3/install/urdf_tutorial/share/urdf_tutorial/package.bash'
[5.678s] INFO:colcon.colcon_core.shell:Creating package script '/home/henrique/colcon_ws3/install/urdf_tutorial/share/urdf_tutorial/package.zsh'
[5.679s] Level 1:colcon.colcon_core.environment:create_file_with_runtime_dependencies(/home/henrique/colcon_ws3/install/urdf_tutorial/share/colcon-core/packages/urdf_tutorial)
[5.681s] DEBUG:colcon.colcon_parallel_executor.executor.parallel:closing loop
[5.685s] DEBUG:colcon.colcon_parallel_executor.executor.parallel:loop closed
[5.685s] DEBUG:colcon.colcon_parallel_executor.executor.parallel:run_until_complete finished with '0'
[5.685s] DEBUG:colcon.colcon_core.event_reactor:joining thread
[5.771s] INFO:colcon.colcon_core.plugin_system:Skipping extension 'colcon_notification.desktop_notification.terminal_notifier': Not used on non-Darwin systems
[5.772s] INFO:colcon.colcon_core.plugin_system:Skipping extension 'colcon_notification.desktop_notification.win32': Not used on non-Windows systems
[5.772s] INFO:colcon.colcon_notification.desktop_notification:Sending desktop notification using 'notify2'
[6.030s] DEBUG:colcon.colcon_core.event_reactor:joined thread
[6.031s] INFO:colcon.colcon_core.shell:Creating prefix script '/home/henrique/colcon_ws3/install/local_setup.ps1'
[6.037s] INFO:colcon.colcon_core.shell:Creating prefix util module '/home/henrique/colcon_ws3/install/_local_setup_util_ps1.py'
[6.052s] INFO:colcon.colcon_core.shell:Creating prefix chain script '/home/henrique/colcon_ws3/install/setup.ps1'
[6.062s] INFO:colcon.colcon_core.shell:Creating prefix script '/home/henrique/colcon_ws3/install/local_setup.sh'
[6.066s] INFO:colcon.colcon_core.shell:Creating prefix util module '/home/henrique/colcon_ws3/install/_local_setup_util_sh.py'
[6.071s] INFO:colcon.colcon_core.shell:Creating prefix chain script '/home/henrique/colcon_ws3/install/setup.sh'
[6.081s] INFO:colcon.colcon_core.shell:Creating prefix script '/home/henrique/colcon_ws3/install/local_setup.bash'
[6.084s] INFO:colcon.colcon_core.shell:Creating prefix chain script '/home/henrique/colcon_ws3/install/setup.bash'
[6.087s] INFO:colcon.colcon_core.shell:Creating prefix script '/home/henrique/colcon_ws3/install/local_setup.zsh'
[6.089s] INFO:colcon.colcon_core.shell:Creating prefix chain script '/home/henrique/colcon_ws3/install/setup.zsh'
