[0.126s] Invoking command in '/home/henrique/colcon_ws3/build/learning_tf2': CMAKE_PREFIX_PATH=${CMAKE_PREFIX_PATH}:/home/henrique/ros2_ws/install/temperature_system:/home/henrique/ros2_ws/install/temperature_monitor:/opt/ros/jazzy DEBUGINFOD_URLS=https://debuginfod.ubuntu.com /usr/bin/cmake --build /home/henrique/colcon_ws3/build/learning_tf2 -- -j2 -l2
[1.938s] [ 50%] Built target turtle_tf2_broadcaster
[1.962s] [100%] Built target turtle_tf2_listener_simple
[2.067s] Invoked command in '/home/henrique/colcon_ws3/build/learning_tf2' returned '0': CMAKE_PREFIX_PATH=${CMAKE_PREFIX_PATH}:/home/henrique/ros2_ws/install/temperature_system:/home/henrique/ros2_ws/install/temperature_monitor:/opt/ros/jazzy DEBUGINFOD_URLS=https://debuginfod.ubuntu.com /usr/bin/cmake --build /home/henrique/colcon_ws3/build/learning_tf2 -- -j2 -l2
[2.279s] Invoking command in '/home/henrique/colcon_ws3/build/learning_tf2': CMAKE_PREFIX_PATH=${CMAKE_PREFIX_PATH}:/home/henrique/ros2_ws/install/temperature_system:/home/henrique/ros2_ws/install/temperature_monitor:/opt/ros/jazzy DEBUGINFOD_URLS=https://debuginfod.ubuntu.com /usr/bin/cmake --install /home/henrique/colcon_ws3/build/learning_tf2
[2.455s] -- Install configuration: ""
[2.460s] -- Up-to-date: /home/henrique/colcon_ws3/install/learning_tf2/lib/learning_tf2/turtle_tf2_broadcaster
[2.476s] -- Up-to-date: /home/henrique/colcon_ws3/install/learning_tf2/lib/learning_tf2/turtle_tf2_listener_simple
[2.489s] -- Up-to-date: /home/henrique/colcon_ws3/install/learning_tf2/share/learning_tf2/launch
[2.499s] -- Up-to-date: /home/henrique/colcon_ws3/install/learning_tf2/share/learning_tf2/launch/tf2_broadcaster.launch.py
[2.504s] -- Up-to-date: /home/henrique/colcon_ws3/install/learning_tf2/share/learning_tf2/launch/turtle_tf2_demo2.launch.py
[2.505s] -- Up-to-date: /home/henrique/colcon_ws3/install/learning_tf2/share/learning_tf2/rviz
[2.516s] -- Up-to-date: /home/henrique/colcon_ws3/install/learning_tf2/share/learning_tf2/rviz/turtlesim_vis.rviz
[2.517s] -- Up-to-date: /home/henrique/colcon_ws3/install/learning_tf2/share/ament_index/resource_index/package_run_dependencies/learning_tf2
[2.517s] -- Up-to-date: /home/henrique/colcon_ws3/install/learning_tf2/share/ament_index/resource_index/parent_prefix_path/learning_tf2
[2.518s] -- Up-to-date: /home/henrique/colcon_ws3/install/learning_tf2/share/learning_tf2/environment/ament_prefix_path.sh
[2.518s] -- Up-to-date: /home/henrique/colcon_ws3/install/learning_tf2/share/learning_tf2/environment/ament_prefix_path.dsv
[2.518s] -- Up-to-date: /home/henrique/colcon_ws3/install/learning_tf2/share/learning_tf2/environment/path.sh
[2.528s] -- Up-to-date: /home/henrique/colcon_ws3/install/learning_tf2/share/learning_tf2/environment/path.dsv
[2.529s] -- Up-to-date: /home/henrique/colcon_ws3/install/learning_tf2/share/learning_tf2/local_setup.bash
[2.529s] -- Up-to-date: /home/henrique/colcon_ws3/install/learning_tf2/share/learning_tf2/local_setup.sh
[2.530s] -- Up-to-date: /home/henrique/colcon_ws3/install/learning_tf2/share/learning_tf2/local_setup.zsh
[2.530s] -- Up-to-date: /home/henrique/colcon_ws3/install/learning_tf2/share/learning_tf2/local_setup.dsv
[2.530s] -- Installing: /home/henrique/colcon_ws3/install/learning_tf2/share/learning_tf2/package.dsv
[2.535s] -- Up-to-date: /home/henrique/colcon_ws3/install/learning_tf2/share/ament_index/resource_index/packages/learning_tf2
[2.536s] -- Up-to-date: /home/henrique/colcon_ws3/install/learning_tf2/share/learning_tf2/cmake/ament_cmake_export_dependencies-extras.cmake
[2.536s] -- Up-to-date: /home/henrique/colcon_ws3/install/learning_tf2/share/learning_tf2/cmake/learning_tf2Config.cmake
[2.536s] -- Up-to-date: /home/henrique/colcon_ws3/install/learning_tf2/share/learning_tf2/cmake/learning_tf2Config-version.cmake
[2.537s] -- Up-to-date: /home/henrique/colcon_ws3/install/learning_tf2/share/learning_tf2/package.xml
[2.555s] Invoked command in '/home/henrique/colcon_ws3/build/learning_tf2' returned '0': CMAKE_PREFIX_PATH=${CMAKE_PREFIX_PATH}:/home/henrique/ros2_ws/install/temperature_system:/home/henrique/ros2_ws/install/temperature_monitor:/opt/ros/jazzy DEBUGINFOD_URLS=https://debuginfod.ubuntu.com /usr/bin/cmake --install /home/henrique/colcon_ws3/build/learning_tf2
