[0.117s] Invoking command in '/home/henrique/colcon_ws3/build/pubsub_custom_param': AMENT_PREFIX_PATH=/home/henrique/colcon_ws3/install/custom_interfaces:${AMENT_PREFIX_PATH} CMAKE_PREFIX_PATH=/home/henrique/colcon_ws3/install/custom_interfaces:/home/henrique/ros2_ws/install/simple_robot_description:/home/henrique/ros2_ws/install/my_robot_description:/opt/ros/jazzy/opt/gz_sim_vendor:/opt/ros/jazzy/opt/gz_sensors_vendor:/opt/ros/jazzy/opt/gz_physics_vendor:/opt/ros/jazzy/opt/sdformat_vendor:/opt/ros/jazzy/opt/gz_gui_vendor:/opt/ros/jazzy/opt/gz_transport_vendor:/opt/ros/jazzy/opt/gz_rendering_vendor:/opt/ros/jazzy/opt/gz_plugin_vendor:/opt/ros/jazzy/opt/gz_fuel_tools_vendor:/opt/ros/jazzy/opt/gz_msgs_vendor:/opt/ros/jazzy/opt/gz_common_vendor:/opt/ros/jazzy/opt/gz_math_vendor:/opt/ros/jazzy/opt/gz_utils_vendor:/opt/ros/jazzy/opt/gz_tools_vendor:/opt/ros/jazzy/opt/gz_ogre_next_vendor:/opt/ros/jazzy/opt/gz_dartsim_vendor:/opt/ros/jazzy/opt/gz_cmake_vendor:/home/henrique/ros2_ws/install/temperature_system:/home/henrique/ros2_ws/install/temperature_monitor:/opt/ros/jazzy DEBUGINFOD_URLS=https://debuginfod.ubuntu.com LD_LIBRARY_PATH=/home/henrique/colcon_ws3/install/custom_interfaces/lib:${LD_LIBRARY_PATH} PYTHONPATH=/home/henrique/colcon_ws3/install/custom_interfaces/lib/python3.12/site-packages:${PYTHONPATH} /usr/bin/cmake --build /home/henrique/colcon_ws3/build/pubsub_custom_param -- -j2 -l2
[0.997s] [ 50%] Built target publisher_class
[1.366s] [100%] Built target subscriber_class
[1.444s] Invoked command in '/home/henrique/colcon_ws3/build/pubsub_custom_param' returned '0': AMENT_PREFIX_PATH=/home/henrique/colcon_ws3/install/custom_interfaces:${AMENT_PREFIX_PATH} CMAKE_PREFIX_PATH=/home/henrique/colcon_ws3/install/custom_interfaces:/home/henrique/ros2_ws/install/simple_robot_description:/home/henrique/ros2_ws/install/my_robot_description:/opt/ros/jazzy/opt/gz_sim_vendor:/opt/ros/jazzy/opt/gz_sensors_vendor:/opt/ros/jazzy/opt/gz_physics_vendor:/opt/ros/jazzy/opt/sdformat_vendor:/opt/ros/jazzy/opt/gz_gui_vendor:/opt/ros/jazzy/opt/gz_transport_vendor:/opt/ros/jazzy/opt/gz_rendering_vendor:/opt/ros/jazzy/opt/gz_plugin_vendor:/opt/ros/jazzy/opt/gz_fuel_tools_vendor:/opt/ros/jazzy/opt/gz_msgs_vendor:/opt/ros/jazzy/opt/gz_common_vendor:/opt/ros/jazzy/opt/gz_math_vendor:/opt/ros/jazzy/opt/gz_utils_vendor:/opt/ros/jazzy/opt/gz_tools_vendor:/opt/ros/jazzy/opt/gz_ogre_next_vendor:/opt/ros/jazzy/opt/gz_dartsim_vendor:/opt/ros/jazzy/opt/gz_cmake_vendor:/home/henrique/ros2_ws/install/temperature_system:/home/henrique/ros2_ws/install/temperature_monitor:/opt/ros/jazzy DEBUGINFOD_URLS=https://debuginfod.ubuntu.com LD_LIBRARY_PATH=/home/henrique/colcon_ws3/install/custom_interfaces/lib:${LD_LIBRARY_PATH} PYTHONPATH=/home/henrique/colcon_ws3/install/custom_interfaces/lib/python3.12/site-packages:${PYTHONPATH} /usr/bin/cmake --build /home/henrique/colcon_ws3/build/pubsub_custom_param -- -j2 -l2
[1.471s] Invoking command in '/home/henrique/colcon_ws3/build/pubsub_custom_param': AMENT_PREFIX_PATH=/home/henrique/colcon_ws3/install/custom_interfaces:${AMENT_PREFIX_PATH} CMAKE_PREFIX_PATH=/home/henrique/colcon_ws3/install/custom_interfaces:/home/henrique/ros2_ws/install/simple_robot_description:/home/henrique/ros2_ws/install/my_robot_description:/opt/ros/jazzy/opt/gz_sim_vendor:/opt/ros/jazzy/opt/gz_sensors_vendor:/opt/ros/jazzy/opt/gz_physics_vendor:/opt/ros/jazzy/opt/sdformat_vendor:/opt/ros/jazzy/opt/gz_gui_vendor:/opt/ros/jazzy/opt/gz_transport_vendor:/opt/ros/jazzy/opt/gz_rendering_vendor:/opt/ros/jazzy/opt/gz_plugin_vendor:/opt/ros/jazzy/opt/gz_fuel_tools_vendor:/opt/ros/jazzy/opt/gz_msgs_vendor:/opt/ros/jazzy/opt/gz_common_vendor:/opt/ros/jazzy/opt/gz_math_vendor:/opt/ros/jazzy/opt/gz_utils_vendor:/opt/ros/jazzy/opt/gz_tools_vendor:/opt/ros/jazzy/opt/gz_ogre_next_vendor:/opt/ros/jazzy/opt/gz_dartsim_vendor:/opt/ros/jazzy/opt/gz_cmake_vendor:/home/henrique/ros2_ws/install/temperature_system:/home/henrique/ros2_ws/install/temperature_monitor:/opt/ros/jazzy DEBUGINFOD_URLS=https://debuginfod.ubuntu.com LD_LIBRARY_PATH=/home/henrique/colcon_ws3/install/custom_interfaces/lib:${LD_LIBRARY_PATH} PYTHONPATH=/home/henrique/colcon_ws3/install/custom_interfaces/lib/python3.12/site-packages:${PYTHONPATH} /usr/bin/cmake --install /home/henrique/colcon_ws3/build/pubsub_custom_param
[1.590s] -- Install configuration: ""
[1.612s] -- Up-to-date: /home/henrique/colcon_ws3/install/pubsub_custom_param/lib/pubsub_custom_param/publisher_class
[1.637s] -- Up-to-date: /home/henrique/colcon_ws3/install/pubsub_custom_param/lib/pubsub_custom_param/subscriber_class
[1.637s] -- Up-to-date: /home/henrique/colcon_ws3/install/pubsub_custom_param/share/pubsub_custom_param/launch
[1.637s] -- Up-to-date: /home/henrique/colcon_ws3/install/pubsub_custom_param/share/pubsub_custom_param/launch/pubsub_paramfile_launch.py
[1.637s] -- Up-to-date: /home/henrique/colcon_ws3/install/pubsub_custom_param/share/pubsub_custom_param/launch/pubsub_argument_launch.py
[1.645s] -- Up-to-date: /home/henrique/colcon_ws3/install/pubsub_custom_param/share/pubsub_custom_param/launch/pubsub_param_launch.py
[1.645s] -- Up-to-date: /home/henrique/colcon_ws3/install/pubsub_custom_param/share/pubsub_custom_param/launch/pubsub_launch.py
[1.667s] -- Up-to-date: /home/henrique/colcon_ws3/install/pubsub_custom_param/share/pubsub_custom_param/launch/pubsub_includer_launch.py
[1.668s] -- Up-to-date: /home/henrique/colcon_ws3/install/pubsub_custom_param/share/pubsub_custom_param/config
[1.668s] -- Up-to-date: /home/henrique/colcon_ws3/install/pubsub_custom_param/share/pubsub_custom_param/config/params.yaml
[1.668s] -- Up-to-date: /home/henrique/colcon_ws3/install/pubsub_custom_param/share/ament_index/resource_index/package_run_dependencies/pubsub_custom_param
[1.668s] -- Up-to-date: /home/henrique/colcon_ws3/install/pubsub_custom_param/share/ament_index/resource_index/parent_prefix_path/pubsub_custom_param
[1.679s] -- Up-to-date: /home/henrique/colcon_ws3/install/pubsub_custom_param/share/pubsub_custom_param/environment/ament_prefix_path.sh
[1.680s] -- Up-to-date: /home/henrique/colcon_ws3/install/pubsub_custom_param/share/pubsub_custom_param/environment/ament_prefix_path.dsv
[1.680s] -- Up-to-date: /home/henrique/colcon_ws3/install/pubsub_custom_param/share/pubsub_custom_param/environment/path.sh
[1.689s] -- Up-to-date: /home/henrique/colcon_ws3/install/pubsub_custom_param/share/pubsub_custom_param/environment/path.dsv
[1.692s] -- Up-to-date: /home/henrique/colcon_ws3/install/pubsub_custom_param/share/pubsub_custom_param/local_setup.bash
[1.692s] -- Up-to-date: /home/henrique/colcon_ws3/install/pubsub_custom_param/share/pubsub_custom_param/local_setup.sh
[1.693s] -- Up-to-date: /home/henrique/colcon_ws3/install/pubsub_custom_param/share/pubsub_custom_param/local_setup.zsh
[1.693s] -- Up-to-date: /home/henrique/colcon_ws3/install/pubsub_custom_param/share/pubsub_custom_param/local_setup.dsv
[1.708s] -- Installing: /home/henrique/colcon_ws3/install/pubsub_custom_param/share/pubsub_custom_param/package.dsv
[1.708s] -- Up-to-date: /home/henrique/colcon_ws3/install/pubsub_custom_param/share/ament_index/resource_index/packages/pubsub_custom_param
[1.709s] -- Up-to-date: /home/henrique/colcon_ws3/install/pubsub_custom_param/share/pubsub_custom_param/cmake/ament_cmake_export_dependencies-extras.cmake
[1.709s] -- Up-to-date: /home/henrique/colcon_ws3/install/pubsub_custom_param/share/pubsub_custom_param/cmake/pubsub_custom_paramConfig.cmake
[1.721s] -- Up-to-date: /home/henrique/colcon_ws3/install/pubsub_custom_param/share/pubsub_custom_param/cmake/pubsub_custom_paramConfig-version.cmake
[1.721s] -- Up-to-date: /home/henrique/colcon_ws3/install/pubsub_custom_param/share/pubsub_custom_param/package.xml
[1.771s] Invoked command in '/home/henrique/colcon_ws3/build/pubsub_custom_param' returned '0': AMENT_PREFIX_PATH=/home/henrique/colcon_ws3/install/custom_interfaces:${AMENT_PREFIX_PATH} CMAKE_PREFIX_PATH=/home/henrique/colcon_ws3/install/custom_interfaces:/home/henrique/ros2_ws/install/simple_robot_description:/home/henrique/ros2_ws/install/my_robot_description:/opt/ros/jazzy/opt/gz_sim_vendor:/opt/ros/jazzy/opt/gz_sensors_vendor:/opt/ros/jazzy/opt/gz_physics_vendor:/opt/ros/jazzy/opt/sdformat_vendor:/opt/ros/jazzy/opt/gz_gui_vendor:/opt/ros/jazzy/opt/gz_transport_vendor:/opt/ros/jazzy/opt/gz_rendering_vendor:/opt/ros/jazzy/opt/gz_plugin_vendor:/opt/ros/jazzy/opt/gz_fuel_tools_vendor:/opt/ros/jazzy/opt/gz_msgs_vendor:/opt/ros/jazzy/opt/gz_common_vendor:/opt/ros/jazzy/opt/gz_math_vendor:/opt/ros/jazzy/opt/gz_utils_vendor:/opt/ros/jazzy/opt/gz_tools_vendor:/opt/ros/jazzy/opt/gz_ogre_next_vendor:/opt/ros/jazzy/opt/gz_dartsim_vendor:/opt/ros/jazzy/opt/gz_cmake_vendor:/home/henrique/ros2_ws/install/temperature_system:/home/henrique/ros2_ws/install/temperature_monitor:/opt/ros/jazzy DEBUGINFOD_URLS=https://debuginfod.ubuntu.com LD_LIBRARY_PATH=/home/henrique/colcon_ws3/install/custom_interfaces/lib:${LD_LIBRARY_PATH} PYTHONPATH=/home/henrique/colcon_ws3/install/custom_interfaces/lib/python3.12/site-packages:${PYTHONPATH} /usr/bin/cmake --install /home/henrique/colcon_ws3/build/pubsub_custom_param
