[0.149s] Invoking command in '/home/henrique/colcon_ws3/build/custom_interfaces': CMAKE_PREFIX_PATH=${CMAKE_PREFIX_PATH}:/home/henrique/ros2_ws/install/temperature_system:/home/henrique/ros2_ws/install/temperature_monitor:/opt/ros/jazzy DEBUGINFOD_URLS=https://debuginfod.ubuntu.com /usr/bin/cmake /home/henrique/colcon_ws3/src/custom_interfaces -DCMAKE_INSTALL_PREFIX=/home/henrique/colcon_ws3/install/custom_interfaces
[1.000s] -- The C compiler identification is GNU 13.3.0
[1.359s] -- The CXX compiler identification is GNU 13.3.0
[1.459s] -- Detecting C compiler ABI info
[2.083s] -- Detecting C compiler ABI info - done
[2.117s] -- Check for working C compiler: /usr/bin/cc - skipped
[2.119s] -- Detecting C compile features
[2.124s] -- Detecting C compile features - done
[2.181s] -- Detecting CXX compiler ABI info
[2.795s] -- Detecting CXX compiler ABI info - done
[2.824s] -- Check for working CXX compiler: /usr/bin/c++ - skipped
[2.828s] -- Detecting CXX compile features
[2.829s] -- Detecting CXX compile features - done
[2.864s] -- Found ament_cmake: 2.5.4 (/opt/ros/jazzy/share/ament_cmake/cmake)
[3.704s] -- Found Python3: /usr/bin/python3 (found version "3.12.3") found components: Interpreter 
[4.668s] -- Found rclcpp: 28.1.10 (/opt/ros/jazzy/share/rclcpp/cmake)
[5.081s] -- Found rosidl_generator_c: 4.6.5 (/opt/ros/jazzy/share/rosidl_generator_c/cmake)
[5.253s] -- Found rosidl_generator_cpp: 4.6.5 (/opt/ros/jazzy/share/rosidl_generator_cpp/cmake)
[5.450s] -- Using all available rosidl_typesupport_c: rosidl_typesupport_fastrtps_c;rosidl_typesupport_introspection_c
[5.644s] -- Using all available rosidl_typesupport_cpp: rosidl_typesupport_fastrtps_cpp;rosidl_typesupport_introspection_cpp
[6.245s] -- Found rmw_implementation_cmake: 7.3.2 (/opt/ros/jazzy/share/rmw_implementation_cmake/cmake)
[6.314s] -- Found rmw_fastrtps_cpp: 8.4.2 (/opt/ros/jazzy/share/rmw_fastrtps_cpp/cmake)
[7.085s] -- Found OpenSSL: /usr/lib/x86_64-linux-gnu/libcrypto.so (found version "3.0.13")  
[7.147s] -- Found FastRTPS: /opt/ros/jazzy/include (Required is at least version "2.13") 
[7.256s] -- Using RMW implementation 'rmw_fastrtps_cpp' as default
[7.673s] -- Found geometry_msgs: 5.3.6 (/opt/ros/jazzy/share/geometry_msgs/cmake)
[7.912s] -- Found rosidl_default_generators: 1.6.0 (/opt/ros/jazzy/share/rosidl_default_generators/cmake)
[8.112s] -- Found rosidl_adapter: 4.6.5 (/opt/ros/jazzy/share/rosidl_adapter/cmake)
[10.951s] -- Found ament_cmake_ros: 0.12.0 (/opt/ros/jazzy/share/ament_cmake_ros/cmake)
[14.953s] -- Using all available rosidl_typesupport_c: rosidl_typesupport_fastrtps_c;rosidl_typesupport_introspection_c
[16.432s] -- Using all available rosidl_typesupport_cpp: rosidl_typesupport_fastrtps_cpp;rosidl_typesupport_introspection_cpp
[16.614s] -- Found python_cmake_module: 0.11.1 (/opt/ros/jazzy/share/python_cmake_module/cmake)
[18.282s] -- Found PythonExtra: /usr/bin/python3  
[21.701s] -- Found Python3: /usr/bin/python3 (found version "3.12.3") found components: Interpreter Development NumPy Development.Module Development.Embed 
[21.991s] -- Found ament_lint_auto: 0.17.2 (/opt/ros/jazzy/share/ament_lint_auto/cmake)
[22.389s] -- Added test 'lint_cmake' to check CMake code style
[22.407s] -- Added test 'xmllint' to check XML markup files
[22.444s] -- Configuring done (22.2s)
[22.715s] -- Generating done (0.2s)
[22.760s] -- Build files have been written to: /home/henrique/colcon_ws3/build/custom_interfaces
