[ 25%] [32mBuilding CXX object CMakeFiles/turtle_tf2_listener_simple.dir/src/turtle_tf2_listener_simple.cpp.o[0m
[ 50%] [32mBuilding CXX object CMakeFiles/turtle_tf2_broadcaster.dir/src/turtle_tf2_broadcaster.cpp.o[0m
[ 75%] [32m[1mLinking CXX executable turtle_tf2_listener_simple[0m
[ 75%] Built target turtle_tf2_listener_simple
[100%] [32m[1mLinking CXX executable turtle_tf2_broadcaster[0m
[100%] Built target turtle_tf2_broadcaster
-- Install configuration: ""
-- Installing: /home/henrique/colcon_ws3/install/learning_tf2/lib/learning_tf2/turtle_tf2_broadcaster
-- Set non-toolchain portion of runtime path of "/home/henrique/colcon_ws3/install/learning_tf2/lib/learning_tf2/turtle_tf2_broadcaster" to ""
-- Installing: /home/henrique/colcon_ws3/install/learning_tf2/lib/learning_tf2/turtle_tf2_listener_simple
-- Set non-toolchain portion of runtime path of "/home/henrique/colcon_ws3/install/learning_tf2/lib/learning_tf2/turtle_tf2_listener_simple" to ""
-- Installing: /home/henrique/colcon_ws3/install/learning_tf2/share/learning_tf2/launch
-- Installing: /home/henrique/colcon_ws3/install/learning_tf2/share/learning_tf2/launch/tf2_broadcaster.launch.py
-- Installing: /home/henrique/colcon_ws3/install/learning_tf2/share/learning_tf2/launch/turtle_tf2_demo2.launch.py
-- Installing: /home/henrique/colcon_ws3/install/learning_tf2/share/learning_tf2/rviz
-- Installing: /home/henrique/colcon_ws3/install/learning_tf2/share/learning_tf2/rviz/turtlesim_vis.rviz
-- Installing: /home/henrique/colcon_ws3/install/learning_tf2/share/ament_index/resource_index/package_run_dependencies/learning_tf2
-- Installing: /home/henrique/colcon_ws3/install/learning_tf2/share/ament_index/resource_index/parent_prefix_path/learning_tf2
-- Installing: /home/henrique/colcon_ws3/install/learning_tf2/share/learning_tf2/environment/ament_prefix_path.sh
-- Installing: /home/henrique/colcon_ws3/install/learning_tf2/share/learning_tf2/environment/ament_prefix_path.dsv
-- Installing: /home/henrique/colcon_ws3/install/learning_tf2/share/learning_tf2/environment/path.sh
-- Installing: /home/henrique/colcon_ws3/install/learning_tf2/share/learning_tf2/environment/path.dsv
-- Installing: /home/henrique/colcon_ws3/install/learning_tf2/share/learning_tf2/local_setup.bash
-- Installing: /home/henrique/colcon_ws3/install/learning_tf2/share/learning_tf2/local_setup.sh
-- Installing: /home/henrique/colcon_ws3/install/learning_tf2/share/learning_tf2/local_setup.zsh
-- Installing: /home/henrique/colcon_ws3/install/learning_tf2/share/learning_tf2/local_setup.dsv
-- Installing: /home/henrique/colcon_ws3/install/learning_tf2/share/learning_tf2/package.dsv
-- Installing: /home/henrique/colcon_ws3/install/learning_tf2/share/ament_index/resource_index/packages/learning_tf2
-- Installing: /home/henrique/colcon_ws3/install/learning_tf2/share/learning_tf2/cmake/ament_cmake_export_dependencies-extras.cmake
-- Installing: /home/henrique/colcon_ws3/install/learning_tf2/share/learning_tf2/cmake/learning_tf2Config.cmake
-- Installing: /home/henrique/colcon_ws3/install/learning_tf2/share/learning_tf2/cmake/learning_tf2Config-version.cmake
-- Installing: /home/henrique/colcon_ws3/install/learning_tf2/share/learning_tf2/package.xml
