[0.029s] Invoking command in '/home/henrique/colcon_ws3/build/learning_tf2': CMAKE_PREFIX_PATH=${CMAKE_PREFIX_PATH}:/home/henrique/ros2_ws/install/temperature_system:/home/henrique/ros2_ws/install/temperature_monitor:/opt/ros/jazzy DEBUGINFOD_URLS=https://debuginfod.ubuntu.com /usr/bin/cmake --build /home/henrique/colcon_ws3/build/learning_tf2 -- -j2 -l2
[0.157s] [ 25%] [32mBuilding CXX object CMakeFiles/turtle_tf2_listener_simple.dir/src/turtle_tf2_listener_simple.cpp.o[0m
[0.160s] [ 50%] [32mBuilding CXX object CMakeFiles/turtle_tf2_broadcaster.dir/src/turtle_tf2_broadcaster.cpp.o[0m
[16.549s] [ 75%] [32m[1mLinking CXX executable turtle_tf2_listener_simple[0m
[17.118s] [ 75%] Built target turtle_tf2_listener_simple
[20.361s] [100%] [32m[1mLinking CXX executable turtle_tf2_broadcaster[0m
[20.920s] [100%] Built target turtle_tf2_broadcaster
[20.945s] Invoked command in '/home/henrique/colcon_ws3/build/learning_tf2' returned '0': CMAKE_PREFIX_PATH=${CMAKE_PREFIX_PATH}:/home/henrique/ros2_ws/install/temperature_system:/home/henrique/ros2_ws/install/temperature_monitor:/opt/ros/jazzy DEBUGINFOD_URLS=https://debuginfod.ubuntu.com /usr/bin/cmake --build /home/henrique/colcon_ws3/build/learning_tf2 -- -j2 -l2
[20.964s] Invoking command in '/home/henrique/colcon_ws3/build/learning_tf2': CMAKE_PREFIX_PATH=${CMAKE_PREFIX_PATH}:/home/henrique/ros2_ws/install/temperature_system:/home/henrique/ros2_ws/install/temperature_monitor:/opt/ros/jazzy DEBUGINFOD_URLS=https://debuginfod.ubuntu.com /usr/bin/cmake --install /home/henrique/colcon_ws3/build/learning_tf2
[20.980s] -- Install configuration: ""
[20.981s] -- Installing: /home/henrique/colcon_ws3/install/learning_tf2/lib/learning_tf2/turtle_tf2_broadcaster
[20.986s] -- Set non-toolchain portion of runtime path of "/home/henrique/colcon_ws3/install/learning_tf2/lib/learning_tf2/turtle_tf2_broadcaster" to ""
[20.987s] -- Installing: /home/henrique/colcon_ws3/install/learning_tf2/lib/learning_tf2/turtle_tf2_listener_simple
[20.989s] -- Set non-toolchain portion of runtime path of "/home/henrique/colcon_ws3/install/learning_tf2/lib/learning_tf2/turtle_tf2_listener_simple" to ""
[20.989s] -- Installing: /home/henrique/colcon_ws3/install/learning_tf2/share/learning_tf2/launch
[20.990s] -- Installing: /home/henrique/colcon_ws3/install/learning_tf2/share/learning_tf2/launch/tf2_broadcaster.launch.py
[20.990s] -- Installing: /home/henrique/colcon_ws3/install/learning_tf2/share/learning_tf2/launch/turtle_tf2_demo2.launch.py
[20.990s] -- Installing: /home/henrique/colcon_ws3/install/learning_tf2/share/learning_tf2/rviz
[20.990s] -- Installing: /home/henrique/colcon_ws3/install/learning_tf2/share/learning_tf2/rviz/turtlesim_vis.rviz
[20.992s] -- Installing: /home/henrique/colcon_ws3/install/learning_tf2/share/ament_index/resource_index/package_run_dependencies/learning_tf2
[20.992s] -- Installing: /home/henrique/colcon_ws3/install/learning_tf2/share/ament_index/resource_index/parent_prefix_path/learning_tf2
[20.992s] -- Installing: /home/henrique/colcon_ws3/install/learning_tf2/share/learning_tf2/environment/ament_prefix_path.sh
[20.993s] -- Installing: /home/henrique/colcon_ws3/install/learning_tf2/share/learning_tf2/environment/ament_prefix_path.dsv
[20.993s] -- Installing: /home/henrique/colcon_ws3/install/learning_tf2/share/learning_tf2/environment/path.sh
[20.993s] -- Installing: /home/henrique/colcon_ws3/install/learning_tf2/share/learning_tf2/environment/path.dsv
[20.993s] -- Installing: /home/henrique/colcon_ws3/install/learning_tf2/share/learning_tf2/local_setup.bash
[20.994s] -- Installing: /home/henrique/colcon_ws3/install/learning_tf2/share/learning_tf2/local_setup.sh
[20.994s] -- Installing: /home/henrique/colcon_ws3/install/learning_tf2/share/learning_tf2/local_setup.zsh
[20.996s] -- Installing: /home/henrique/colcon_ws3/install/learning_tf2/share/learning_tf2/local_setup.dsv
[20.996s] -- Installing: /home/henrique/colcon_ws3/install/learning_tf2/share/learning_tf2/package.dsv
[20.996s] -- Installing: /home/henrique/colcon_ws3/install/learning_tf2/share/ament_index/resource_index/packages/learning_tf2
[20.997s] -- Installing: /home/henrique/colcon_ws3/install/learning_tf2/share/learning_tf2/cmake/ament_cmake_export_dependencies-extras.cmake
[20.997s] -- Installing: /home/henrique/colcon_ws3/install/learning_tf2/share/learning_tf2/cmake/learning_tf2Config.cmake
[20.997s] -- Installing: /home/henrique/colcon_ws3/install/learning_tf2/share/learning_tf2/cmake/learning_tf2Config-version.cmake
[20.998s] -- Installing: /home/henrique/colcon_ws3/install/learning_tf2/share/learning_tf2/package.xml
[20.999s] Invoked command in '/home/henrique/colcon_ws3/build/learning_tf2' returned '0': CMAKE_PREFIX_PATH=${CMAKE_PREFIX_PATH}:/home/henrique/ros2_ws/install/temperature_system:/home/henrique/ros2_ws/install/temperature_monitor:/opt/ros/jazzy DEBUGINFOD_URLS=https://debuginfod.ubuntu.com /usr/bin/cmake --install /home/henrique/colcon_ws3/build/learning_tf2
