[0.048s] Invoking command in '/home/henrique/colcon_ws3/build/learning_tf2': CMAKE_PREFIX_PATH=${CMAKE_PREFIX_PATH}:/home/henrique/ros2_ws/install/temperature_system:/home/henrique/ros2_ws/install/temperature_monitor:/opt/ros/jazzy DEBUGINFOD_URLS=https://debuginfod.ubuntu.com /usr/bin/cmake --build /home/henrique/colcon_ws3/build/learning_tf2 -- -j2 -l2
[0.476s] [ 50%] Built target turtle_tf2_broadcaster
[0.488s] [100%] Built target turtle_tf2_listener_simple
[0.599s] Invoked command in '/home/henrique/colcon_ws3/build/learning_tf2' returned '0': CMAKE_PREFIX_PATH=${CMAKE_PREFIX_PATH}:/home/henrique/ros2_ws/install/temperature_system:/home/henrique/ros2_ws/install/temperature_monitor:/opt/ros/jazzy DEBUGINFOD_URLS=https://debuginfod.ubuntu.com /usr/bin/cmake --build /home/henrique/colcon_ws3/build/learning_tf2 -- -j2 -l2
[0.694s] Invoking command in '/home/henrique/colcon_ws3/build/learning_tf2': CMAKE_PREFIX_PATH=${CMAKE_PREFIX_PATH}:/home/henrique/ros2_ws/install/temperature_system:/home/henrique/ros2_ws/install/temperature_monitor:/opt/ros/jazzy DEBUGINFOD_URLS=https://debuginfod.ubuntu.com /usr/bin/cmake --install /home/henrique/colcon_ws3/build/learning_tf2
[0.785s] -- Install configuration: ""
[0.792s] -- Up-to-date: /home/henrique/colcon_ws3/install/learning_tf2/lib/learning_tf2/turtle_tf2_broadcaster
[0.809s] -- Up-to-date: /home/henrique/colcon_ws3/install/learning_tf2/lib/learning_tf2/turtle_tf2_listener_simple
[0.820s] -- Up-to-date: /home/henrique/colcon_ws3/install/learning_tf2/share/learning_tf2/launch
[0.832s] -- Up-to-date: /home/henrique/colcon_ws3/install/learning_tf2/share/learning_tf2/launch/tf2_broadcaster.launch.py
[0.834s] -- Up-to-date: /home/henrique/colcon_ws3/install/learning_tf2/share/learning_tf2/launch/turtle_tf2_demo2.launch.py
[0.834s] -- Up-to-date: /home/henrique/colcon_ws3/install/learning_tf2/share/learning_tf2/rviz
[0.864s] -- Up-to-date: /home/henrique/colcon_ws3/install/learning_tf2/share/learning_tf2/rviz/turtlesim_vis.rviz
[0.865s] -- Up-to-date: /home/henrique/colcon_ws3/install/learning_tf2/share/ament_index/resource_index/package_run_dependencies/learning_tf2
[0.865s] -- Up-to-date: /home/henrique/colcon_ws3/install/learning_tf2/share/ament_index/resource_index/parent_prefix_path/learning_tf2
[0.866s] -- Up-to-date: /home/henrique/colcon_ws3/install/learning_tf2/share/learning_tf2/environment/ament_prefix_path.sh
[0.872s] -- Up-to-date: /home/henrique/colcon_ws3/install/learning_tf2/share/learning_tf2/environment/ament_prefix_path.dsv
[0.873s] -- Up-to-date: /home/henrique/colcon_ws3/install/learning_tf2/share/learning_tf2/environment/path.sh
[0.873s] -- Up-to-date: /home/henrique/colcon_ws3/install/learning_tf2/share/learning_tf2/environment/path.dsv
[0.874s] -- Up-to-date: /home/henrique/colcon_ws3/install/learning_tf2/share/learning_tf2/local_setup.bash
[0.883s] -- Up-to-date: /home/henrique/colcon_ws3/install/learning_tf2/share/learning_tf2/local_setup.sh
[0.891s] -- Up-to-date: /home/henrique/colcon_ws3/install/learning_tf2/share/learning_tf2/local_setup.zsh
[0.892s] -- Up-to-date: /home/henrique/colcon_ws3/install/learning_tf2/share/learning_tf2/local_setup.dsv
[0.892s] -- Installing: /home/henrique/colcon_ws3/install/learning_tf2/share/learning_tf2/package.dsv
[0.892s] -- Up-to-date: /home/henrique/colcon_ws3/install/learning_tf2/share/ament_index/resource_index/packages/learning_tf2
[0.893s] -- Up-to-date: /home/henrique/colcon_ws3/install/learning_tf2/share/learning_tf2/cmake/ament_cmake_export_dependencies-extras.cmake
[0.896s] -- Up-to-date: /home/henrique/colcon_ws3/install/learning_tf2/share/learning_tf2/cmake/learning_tf2Config.cmake
[0.896s] -- Up-to-date: /home/henrique/colcon_ws3/install/learning_tf2/share/learning_tf2/cmake/learning_tf2Config-version.cmake
[0.897s] -- Up-to-date: /home/henrique/colcon_ws3/install/learning_tf2/share/learning_tf2/package.xml
[0.901s] Invoked command in '/home/henrique/colcon_ws3/build/learning_tf2' returned '0': CMAKE_PREFIX_PATH=${CMAKE_PREFIX_PATH}:/home/henrique/ros2_ws/install/temperature_system:/home/henrique/ros2_ws/install/temperature_monitor:/opt/ros/jazzy DEBUGINFOD_URLS=https://debuginfod.ubuntu.com /usr/bin/cmake --install /home/henrique/colcon_ws3/build/learning_tf2
