[0.093s] Invoking command in '/home/henrique/colcon_ws3/build/custom_interfaces': CMAKE_PREFIX_PATH=${CMAKE_PREFIX_PATH}:/home/henrique/ros2_ws/install/temperature_system:/home/henrique/ros2_ws/install/temperature_monitor:/opt/ros/jazzy DEBUGINFOD_URLS=https://debuginfod.ubuntu.com /usr/bin/cmake --build /home/henrique/colcon_ws3/build/custom_interfaces -- -j2 -l2
[2.285s] [  2%] Built target custom_interfaces__rosidl_generator_type_description
[2.876s] [  2%] Built target ament_cmake_python_copy_custom_interfaces
[3.389s] [  5%] Built target custom_interfaces__cpp
[4.281s] [ 20%] Built target custom_interfaces__rosidl_generator_c
[9.370s] running egg_info
[10.194s] writing custom_interfaces.egg-info/PKG-INFO
[10.207s] writing dependency_links to custom_interfaces.egg-info/dependency_links.txt
[10.221s] writing top-level names to custom_interfaces.egg-info/top_level.txt
[11.468s] reading manifest file 'custom_interfaces.egg-info/SOURCES.txt'
[11.477s] writing manifest file 'custom_interfaces.egg-info/SOURCES.txt'
[12.552s] [ 20%] Built target ament_cmake_python_build_custom_interfaces_egg
[13.731s] [ 29%] Built target custom_interfaces__rosidl_typesupport_cpp
[14.819s] [ 38%] Built target custom_interfaces__rosidl_typesupport_fastrtps_c
[15.794s] [ 47%] Built target custom_interfaces__rosidl_typesupport_fastrtps_cpp
[16.253s] [ 55%] Built target custom_interfaces__rosidl_typesupport_introspection_c
[16.620s] [ 64%] Built target custom_interfaces__rosidl_typesupport_c
[17.015s] [ 73%] Built target custom_interfaces__rosidl_typesupport_introspection_cpp
[17.327s] [ 73%] Built target custom_interfaces
[17.635s] [ 76%] Built target custom_interfaces__py
[18.004s] [ 82%] Built target custom_interfaces__rosidl_generator_py
[18.299s] [ 88%] Built target custom_interfaces_s__rosidl_typesupport_fastrtps_c
[18.628s] [ 94%] Built target custom_interfaces_s__rosidl_typesupport_introspection_c
[18.851s] [100%] Built target custom_interfaces_s__rosidl_typesupport_c
[18.995s] Invoked command in '/home/henrique/colcon_ws3/build/custom_interfaces' returned '0': CMAKE_PREFIX_PATH=${CMAKE_PREFIX_PATH}:/home/henrique/ros2_ws/install/temperature_system:/home/henrique/ros2_ws/install/temperature_monitor:/opt/ros/jazzy DEBUGINFOD_URLS=https://debuginfod.ubuntu.com /usr/bin/cmake --build /home/henrique/colcon_ws3/build/custom_interfaces -- -j2 -l2
[19.000s] Invoking command in '/home/henrique/colcon_ws3/build/custom_interfaces': CMAKE_PREFIX_PATH=${CMAKE_PREFIX_PATH}:/home/henrique/ros2_ws/install/temperature_system:/home/henrique/ros2_ws/install/temperature_monitor:/opt/ros/jazzy DEBUGINFOD_URLS=https://debuginfod.ubuntu.com /usr/bin/cmake --install /home/henrique/colcon_ws3/build/custom_interfaces
[19.061s] -- Install configuration: ""
[19.061s] -- Up-to-date: /home/henrique/colcon_ws3/install/custom_interfaces/share/ament_index/resource_index/rosidl_interfaces/custom_interfaces
[19.067s] -- Up-to-date: /home/henrique/colcon_ws3/install/custom_interfaces/share/custom_interfaces/msg/MyMessage.json
[19.072s] -- Up-to-date: /home/henrique/colcon_ws3/install/custom_interfaces/include/custom_interfaces/custom_interfaces
[19.077s] -- Up-to-date: /home/henrique/colcon_ws3/install/custom_interfaces/include/custom_interfaces/custom_interfaces/msg
[19.077s] -- Up-to-date: /home/henrique/colcon_ws3/install/custom_interfaces/include/custom_interfaces/custom_interfaces/msg/detail
[19.088s] -- Up-to-date: /home/henrique/colcon_ws3/install/custom_interfaces/include/custom_interfaces/custom_interfaces/msg/detail/my_message__functions.c
[19.092s] -- Up-to-date: /home/henrique/colcon_ws3/install/custom_interfaces/include/custom_interfaces/custom_interfaces/msg/detail/my_message__description.c
[19.092s] -- Up-to-date: /home/henrique/colcon_ws3/install/custom_interfaces/include/custom_interfaces/custom_interfaces/msg/detail/my_message__functions.h
[19.099s] -- Installing: /home/henrique/colcon_ws3/install/custom_interfaces/include/custom_interfaces/custom_interfaces/msg/detail/my_message__type_support.c
[19.100s] -- Up-to-date: /home/henrique/colcon_ws3/install/custom_interfaces/include/custom_interfaces/custom_interfaces/msg/detail/my_message__type_support.h
[19.105s] -- Up-to-date: /home/henrique/colcon_ws3/install/custom_interfaces/include/custom_interfaces/custom_interfaces/msg/detail/my_message__struct.h
[19.106s] -- Up-to-date: /home/henrique/colcon_ws3/install/custom_interfaces/include/custom_interfaces/custom_interfaces/msg/my_message.h
[19.106s] -- Up-to-date: /home/henrique/colcon_ws3/install/custom_interfaces/include/custom_interfaces/custom_interfaces/msg/rosidl_generator_c__visibility_control.h
[19.110s] -- Up-to-date: /home/henrique/colcon_ws3/install/custom_interfaces/share/custom_interfaces/environment/library_path.sh
[19.111s] -- Up-to-date: /home/henrique/colcon_ws3/install/custom_interfaces/share/custom_interfaces/environment/library_path.dsv
[19.112s] -- Up-to-date: /home/henrique/colcon_ws3/install/custom_interfaces/lib/libcustom_interfaces__rosidl_generator_c.so
[19.112s] -- Up-to-date: /home/henrique/colcon_ws3/install/custom_interfaces/include/custom_interfaces/custom_interfaces
[19.112s] -- Up-to-date: /home/henrique/colcon_ws3/install/custom_interfaces/include/custom_interfaces/custom_interfaces/msg
[19.113s] -- Up-to-date: /home/henrique/colcon_ws3/install/custom_interfaces/include/custom_interfaces/custom_interfaces/msg/detail
[19.116s] -- Up-to-date: /home/henrique/colcon_ws3/install/custom_interfaces/include/custom_interfaces/custom_interfaces/msg/detail/my_message__rosidl_typesupport_fastrtps_c.h
[19.117s] -- Up-to-date: /home/henrique/colcon_ws3/install/custom_interfaces/include/custom_interfaces/custom_interfaces/msg/rosidl_typesupport_fastrtps_c__visibility_control.h
[19.119s] -- Up-to-date: /home/henrique/colcon_ws3/install/custom_interfaces/lib/libcustom_interfaces__rosidl_typesupport_fastrtps_c.so
[19.120s] -- Up-to-date: /home/henrique/colcon_ws3/install/custom_interfaces/include/custom_interfaces/custom_interfaces
[19.120s] -- Up-to-date: /home/henrique/colcon_ws3/install/custom_interfaces/include/custom_interfaces/custom_interfaces/msg
[19.123s] -- Up-to-date: /home/henrique/colcon_ws3/install/custom_interfaces/include/custom_interfaces/custom_interfaces/msg/my_message.hpp
[19.123s] -- Up-to-date: /home/henrique/colcon_ws3/install/custom_interfaces/include/custom_interfaces/custom_interfaces/msg/detail
[19.123s] -- Up-to-date: /home/henrique/colcon_ws3/install/custom_interfaces/include/custom_interfaces/custom_interfaces/msg/detail/my_message__type_support.hpp
[19.127s] -- Up-to-date: /home/henrique/colcon_ws3/install/custom_interfaces/include/custom_interfaces/custom_interfaces/msg/detail/my_message__traits.hpp
[19.128s] -- Up-to-date: /home/henrique/colcon_ws3/install/custom_interfaces/include/custom_interfaces/custom_interfaces/msg/detail/my_message__builder.hpp
[19.128s] -- Up-to-date: /home/henrique/colcon_ws3/install/custom_interfaces/include/custom_interfaces/custom_interfaces/msg/detail/my_message__struct.hpp
[19.131s] -- Up-to-date: /home/henrique/colcon_ws3/install/custom_interfaces/include/custom_interfaces/custom_interfaces/msg/rosidl_generator_cpp__visibility_control.hpp
[19.131s] -- Up-to-date: /home/henrique/colcon_ws3/install/custom_interfaces/include/custom_interfaces/custom_interfaces
[19.135s] -- Up-to-date: /home/henrique/colcon_ws3/install/custom_interfaces/include/custom_interfaces/custom_interfaces/msg
[19.135s] -- Up-to-date: /home/henrique/colcon_ws3/install/custom_interfaces/include/custom_interfaces/custom_interfaces/msg/detail
[19.136s] -- Up-to-date: /home/henrique/colcon_ws3/install/custom_interfaces/include/custom_interfaces/custom_interfaces/msg/detail/my_message__rosidl_typesupport_fastrtps_cpp.hpp
[19.142s] -- Up-to-date: /home/henrique/colcon_ws3/install/custom_interfaces/include/custom_interfaces/custom_interfaces/msg/detail/dds_fastrtps
[19.144s] -- Up-to-date: /home/henrique/colcon_ws3/install/custom_interfaces/include/custom_interfaces/custom_interfaces/msg/rosidl_typesupport_fastrtps_cpp__visibility_control.h
[19.145s] -- Up-to-date: /home/henrique/colcon_ws3/install/custom_interfaces/lib/libcustom_interfaces__rosidl_typesupport_fastrtps_cpp.so
[19.150s] -- Up-to-date: /home/henrique/colcon_ws3/install/custom_interfaces/include/custom_interfaces/custom_interfaces
[19.150s] -- Up-to-date: /home/henrique/colcon_ws3/install/custom_interfaces/include/custom_interfaces/custom_interfaces/msg
[19.150s] -- Up-to-date: /home/henrique/colcon_ws3/install/custom_interfaces/include/custom_interfaces/custom_interfaces/msg/detail
[19.151s] -- Installing: /home/henrique/colcon_ws3/install/custom_interfaces/include/custom_interfaces/custom_interfaces/msg/detail/my_message__type_support.c
[19.159s] -- Up-to-date: /home/henrique/colcon_ws3/install/custom_interfaces/include/custom_interfaces/custom_interfaces/msg/detail/my_message__rosidl_typesupport_introspection_c.h
[19.164s] -- Up-to-date: /home/henrique/colcon_ws3/install/custom_interfaces/include/custom_interfaces/custom_interfaces/msg/rosidl_typesupport_introspection_c__visibility_control.h
[19.167s] -- Up-to-date: /home/henrique/colcon_ws3/install/custom_interfaces/lib/libcustom_interfaces__rosidl_typesupport_introspection_c.so
[19.167s] -- Up-to-date: /home/henrique/colcon_ws3/install/custom_interfaces/lib/libcustom_interfaces__rosidl_typesupport_c.so
[19.167s] -- Up-to-date: /home/henrique/colcon_ws3/install/custom_interfaces/include/custom_interfaces/custom_interfaces
[19.168s] -- Up-to-date: /home/henrique/colcon_ws3/install/custom_interfaces/include/custom_interfaces/custom_interfaces/msg
[19.173s] -- Up-to-date: /home/henrique/colcon_ws3/install/custom_interfaces/include/custom_interfaces/custom_interfaces/msg/detail
[19.173s] -- Up-to-date: /home/henrique/colcon_ws3/install/custom_interfaces/include/custom_interfaces/custom_interfaces/msg/detail/my_message__type_support.cpp
[19.174s] -- Up-to-date: /home/henrique/colcon_ws3/install/custom_interfaces/include/custom_interfaces/custom_interfaces/msg/detail/my_message__rosidl_typesupport_introspection_cpp.hpp
[19.187s] -- Up-to-date: /home/henrique/colcon_ws3/install/custom_interfaces/lib/libcustom_interfaces__rosidl_typesupport_introspection_cpp.so
[19.187s] -- Up-to-date: /home/henrique/colcon_ws3/install/custom_interfaces/lib/libcustom_interfaces__rosidl_typesupport_cpp.so
[19.188s] -- Up-to-date: /home/henrique/colcon_ws3/install/custom_interfaces/share/custom_interfaces/environment/pythonpath.sh
[19.188s] -- Up-to-date: /home/henrique/colcon_ws3/install/custom_interfaces/share/custom_interfaces/environment/pythonpath.dsv
[19.188s] -- Up-to-date: /home/henrique/colcon_ws3/install/custom_interfaces/lib/python3.12/site-packages/custom_interfaces-0.0.0-py3.12.egg-info
[19.189s] -- Installing: /home/henrique/colcon_ws3/install/custom_interfaces/lib/python3.12/site-packages/custom_interfaces-0.0.0-py3.12.egg-info/SOURCES.txt
[19.189s] -- Installing: /home/henrique/colcon_ws3/install/custom_interfaces/lib/python3.12/site-packages/custom_interfaces-0.0.0-py3.12.egg-info/top_level.txt
[19.195s] -- Installing: /home/henrique/colcon_ws3/install/custom_interfaces/lib/python3.12/site-packages/custom_interfaces-0.0.0-py3.12.egg-info/dependency_links.txt
[19.207s] -- Installing: /home/henrique/colcon_ws3/install/custom_interfaces/lib/python3.12/site-packages/custom_interfaces-0.0.0-py3.12.egg-info/PKG-INFO
[19.207s] -- Up-to-date: /home/henrique/colcon_ws3/install/custom_interfaces/lib/python3.12/site-packages/custom_interfaces
[19.207s] -- Up-to-date: /home/henrique/colcon_ws3/install/custom_interfaces/lib/python3.12/site-packages/custom_interfaces/custom_interfaces_s__rosidl_typesupport_fastrtps_c.so
[19.208s] -- Up-to-date: /home/henrique/colcon_ws3/install/custom_interfaces/lib/python3.12/site-packages/custom_interfaces/_custom_interfaces_s.ep.rosidl_typesupport_fastrtps_c.c
[19.213s] -- Up-to-date: /home/henrique/colcon_ws3/install/custom_interfaces/lib/python3.12/site-packages/custom_interfaces/custom_interfaces_s__rosidl_typesupport_c.so
[19.214s] -- Up-to-date: /home/henrique/colcon_ws3/install/custom_interfaces/lib/python3.12/site-packages/custom_interfaces/custom_interfaces_s__rosidl_typesupport_introspection_c.so
[19.214s] -- Up-to-date: /home/henrique/colcon_ws3/install/custom_interfaces/lib/python3.12/site-packages/custom_interfaces/__init__.py
[19.214s] -- Up-to-date: /home/henrique/colcon_ws3/install/custom_interfaces/lib/python3.12/site-packages/custom_interfaces/msg
[19.215s] -- Up-to-date: /home/henrique/colcon_ws3/install/custom_interfaces/lib/python3.12/site-packages/custom_interfaces/msg/_my_message_s.c
[19.221s] -- Up-to-date: /home/henrique/colcon_ws3/install/custom_interfaces/lib/python3.12/site-packages/custom_interfaces/msg/__init__.py
[19.222s] -- Up-to-date: /home/henrique/colcon_ws3/install/custom_interfaces/lib/python3.12/site-packages/custom_interfaces/msg/_my_message.py
[19.222s] -- Up-to-date: /home/henrique/colcon_ws3/install/custom_interfaces/lib/python3.12/site-packages/custom_interfaces/_custom_interfaces_s.ep.rosidl_typesupport_introspection_c.c
[19.222s] -- Up-to-date: /home/henrique/colcon_ws3/install/custom_interfaces/lib/python3.12/site-packages/custom_interfaces/_custom_interfaces_s.ep.rosidl_typesupport_c.c
[19.359s] Listing '/home/henrique/colcon_ws3/install/custom_interfaces/lib/python3.12/site-packages/custom_interfaces'...
[19.360s] Listing '/home/henrique/colcon_ws3/install/custom_interfaces/lib/python3.12/site-packages/custom_interfaces/msg'...
[19.395s] -- Up-to-date: /home/henrique/colcon_ws3/install/custom_interfaces/lib/python3.12/site-packages/custom_interfaces/custom_interfaces_s__rosidl_typesupport_fastrtps_c.so
[19.418s] -- Up-to-date: /home/henrique/colcon_ws3/install/custom_interfaces/lib/python3.12/site-packages/custom_interfaces/custom_interfaces_s__rosidl_typesupport_introspection_c.so
[19.428s] -- Up-to-date: /home/henrique/colcon_ws3/install/custom_interfaces/lib/python3.12/site-packages/custom_interfaces/custom_interfaces_s__rosidl_typesupport_c.so
[19.443s] -- Up-to-date: /home/henrique/colcon_ws3/install/custom_interfaces/lib/libcustom_interfaces__rosidl_generator_py.so
[19.453s] -- Up-to-date: /home/henrique/colcon_ws3/install/custom_interfaces/share/custom_interfaces/msg/MyMessage.idl
[19.459s] -- Up-to-date: /home/henrique/colcon_ws3/install/custom_interfaces/share/custom_interfaces/msg/MyMessage.msg
[19.469s] -- Up-to-date: /home/henrique/colcon_ws3/install/custom_interfaces/share/ament_index/resource_index/package_run_dependencies/custom_interfaces
[19.486s] -- Up-to-date: /home/henrique/colcon_ws3/install/custom_interfaces/share/ament_index/resource_index/parent_prefix_path/custom_interfaces
[19.487s] -- Up-to-date: /home/henrique/colcon_ws3/install/custom_interfaces/share/custom_interfaces/environment/ament_prefix_path.sh
[19.489s] -- Up-to-date: /home/henrique/colcon_ws3/install/custom_interfaces/share/custom_interfaces/environment/ament_prefix_path.dsv
[19.490s] -- Up-to-date: /home/henrique/colcon_ws3/install/custom_interfaces/share/custom_interfaces/environment/path.sh
[19.493s] -- Up-to-date: /home/henrique/colcon_ws3/install/custom_interfaces/share/custom_interfaces/environment/path.dsv
[19.505s] -- Up-to-date: /home/henrique/colcon_ws3/install/custom_interfaces/share/custom_interfaces/local_setup.bash
[19.512s] -- Up-to-date: /home/henrique/colcon_ws3/install/custom_interfaces/share/custom_interfaces/local_setup.sh
[19.521s] -- Up-to-date: /home/henrique/colcon_ws3/install/custom_interfaces/share/custom_interfaces/local_setup.zsh
[19.533s] -- Up-to-date: /home/henrique/colcon_ws3/install/custom_interfaces/share/custom_interfaces/local_setup.dsv
[19.538s] -- Up-to-date: /home/henrique/colcon_ws3/install/custom_interfaces/share/custom_interfaces/package.dsv
[19.539s] -- Up-to-date: /home/henrique/colcon_ws3/install/custom_interfaces/share/ament_index/resource_index/packages/custom_interfaces
[19.549s] -- Up-to-date: /home/henrique/colcon_ws3/install/custom_interfaces/share/custom_interfaces/cmake/export_custom_interfaces__rosidl_generator_cExport.cmake
[19.550s] -- Up-to-date: /home/henrique/colcon_ws3/install/custom_interfaces/share/custom_interfaces/cmake/export_custom_interfaces__rosidl_generator_cExport-noconfig.cmake
[19.556s] -- Up-to-date: /home/henrique/colcon_ws3/install/custom_interfaces/share/custom_interfaces/cmake/export_custom_interfaces__rosidl_typesupport_fastrtps_cExport.cmake
[19.576s] -- Up-to-date: /home/henrique/colcon_ws3/install/custom_interfaces/share/custom_interfaces/cmake/export_custom_interfaces__rosidl_typesupport_fastrtps_cExport-noconfig.cmake
[19.581s] -- Up-to-date: /home/henrique/colcon_ws3/install/custom_interfaces/share/custom_interfaces/cmake/export_custom_interfaces__rosidl_generator_cppExport.cmake
[19.587s] -- Up-to-date: /home/henrique/colcon_ws3/install/custom_interfaces/share/custom_interfaces/cmake/export_custom_interfaces__rosidl_typesupport_fastrtps_cppExport.cmake
[19.587s] -- Up-to-date: /home/henrique/colcon_ws3/install/custom_interfaces/share/custom_interfaces/cmake/export_custom_interfaces__rosidl_typesupport_fastrtps_cppExport-noconfig.cmake
[19.594s] -- Up-to-date: /home/henrique/colcon_ws3/install/custom_interfaces/share/custom_interfaces/cmake/custom_interfaces__rosidl_typesupport_introspection_cExport.cmake
[19.603s] -- Up-to-date: /home/henrique/colcon_ws3/install/custom_interfaces/share/custom_interfaces/cmake/custom_interfaces__rosidl_typesupport_introspection_cExport-noconfig.cmake
[19.610s] -- Up-to-date: /home/henrique/colcon_ws3/install/custom_interfaces/share/custom_interfaces/cmake/custom_interfaces__rosidl_typesupport_cExport.cmake
[19.623s] -- Up-to-date: /home/henrique/colcon_ws3/install/custom_interfaces/share/custom_interfaces/cmake/custom_interfaces__rosidl_typesupport_cExport-noconfig.cmake
[19.623s] -- Up-to-date: /home/henrique/colcon_ws3/install/custom_interfaces/share/custom_interfaces/cmake/custom_interfaces__rosidl_typesupport_introspection_cppExport.cmake
[19.624s] -- Up-to-date: /home/henrique/colcon_ws3/install/custom_interfaces/share/custom_interfaces/cmake/custom_interfaces__rosidl_typesupport_introspection_cppExport-noconfig.cmake
[19.636s] -- Up-to-date: /home/henrique/colcon_ws3/install/custom_interfaces/share/custom_interfaces/cmake/custom_interfaces__rosidl_typesupport_cppExport.cmake
[19.641s] -- Up-to-date: /home/henrique/colcon_ws3/install/custom_interfaces/share/custom_interfaces/cmake/custom_interfaces__rosidl_typesupport_cppExport-noconfig.cmake
[19.668s] -- Up-to-date: /home/henrique/colcon_ws3/install/custom_interfaces/share/custom_interfaces/cmake/export_custom_interfaces__rosidl_generator_pyExport.cmake
[19.670s] -- Up-to-date: /home/henrique/colcon_ws3/install/custom_interfaces/share/custom_interfaces/cmake/export_custom_interfaces__rosidl_generator_pyExport-noconfig.cmake
[19.688s] -- Up-to-date: /home/henrique/colcon_ws3/install/custom_interfaces/share/custom_interfaces/cmake/rosidl_cmake-extras.cmake
[19.692s] -- Up-to-date: /home/henrique/colcon_ws3/install/custom_interfaces/share/custom_interfaces/cmake/ament_cmake_export_dependencies-extras.cmake
[19.695s] -- Up-to-date: /home/henrique/colcon_ws3/install/custom_interfaces/share/custom_interfaces/cmake/ament_cmake_export_include_directories-extras.cmake
[19.697s] -- Up-to-date: /home/henrique/colcon_ws3/install/custom_interfaces/share/custom_interfaces/cmake/ament_cmake_export_libraries-extras.cmake
[19.699s] -- Up-to-date: /home/henrique/colcon_ws3/install/custom_interfaces/share/custom_interfaces/cmake/ament_cmake_export_targets-extras.cmake
[19.700s] -- Up-to-date: /home/henrique/colcon_ws3/install/custom_interfaces/share/custom_interfaces/cmake/rosidl_cmake_export_typesupport_targets-extras.cmake
[19.701s] -- Up-to-date: /home/henrique/colcon_ws3/install/custom_interfaces/share/custom_interfaces/cmake/rosidl_cmake_export_typesupport_libraries-extras.cmake
[19.702s] -- Up-to-date: /home/henrique/colcon_ws3/install/custom_interfaces/share/custom_interfaces/cmake/custom_interfacesConfig.cmake
[19.703s] -- Up-to-date: /home/henrique/colcon_ws3/install/custom_interfaces/share/custom_interfaces/cmake/custom_interfacesConfig-version.cmake
[19.704s] -- Up-to-date: /home/henrique/colcon_ws3/install/custom_interfaces/share/custom_interfaces/package.xml
[19.750s] Invoked command in '/home/henrique/colcon_ws3/build/custom_interfaces' returned '0': CMAKE_PREFIX_PATH=${CMAKE_PREFIX_PATH}:/home/henrique/ros2_ws/install/temperature_system:/home/henrique/ros2_ws/install/temperature_monitor:/opt/ros/jazzy DEBUGINFOD_URLS=https://debuginfod.ubuntu.com /usr/bin/cmake --install /home/henrique/colcon_ws3/build/custom_interfaces
