[0.261s] Invoking command in '/home/henrique/colcon_ws3/build/rviz2_marker_demo': CMAKE_PREFIX_PATH=${CMAKE_PREFIX_PATH}:/home/henrique/ros2_ws/install/temperature_system:/home/henrique/ros2_ws/install/temperature_monitor:/opt/ros/jazzy DEBUGINFOD_URLS=https://debuginfod.ubuntu.com /usr/bin/cmake /home/henrique/colcon_ws3/src/rviz2_marker_demo -DCMAKE_INSTALL_PREFIX=/home/henrique/colcon_ws3/install/rviz2_marker_demo
[1.295s] -- The C compiler identification is GNU 13.3.0
[1.779s] -- The CXX compiler identification is GNU 13.3.0
[1.954s] -- Detecting C compiler ABI info
[3.168s] -- Detecting C compiler ABI info - done
[3.197s] -- Check for working C compiler: /usr/bin/cc - skipped
[3.200s] -- Detecting C compile features
[3.205s] -- Detecting C compile features - done
[3.331s] -- Detecting CXX compiler ABI info
[4.275s] -- Detecting CXX compiler ABI info - done
[4.296s] -- Check for working CXX compiler: /usr/bin/c++ - skipped
[4.307s] -- Detecting CXX compile features
[4.311s] -- Detecting CXX compile features - done
[4.358s] -- Found ament_cmake: 2.5.4 (/opt/ros/jazzy/share/ament_cmake/cmake)
[5.321s] -- Found Python3: /usr/bin/python3 (found version "3.12.3") found components: Interpreter 
[6.045s] -- Found rclcpp: 28.1.10 (/opt/ros/jazzy/share/rclcpp/cmake)
[6.462s] -- Found rosidl_generator_c: 4.6.5 (/opt/ros/jazzy/share/rosidl_generator_c/cmake)
[6.569s] -- Found rosidl_generator_cpp: 4.6.5 (/opt/ros/jazzy/share/rosidl_generator_cpp/cmake)
[6.732s] -- Using all available rosidl_typesupport_c: rosidl_typesupport_fastrtps_c;rosidl_typesupport_introspection_c
[6.872s] -- Using all available rosidl_typesupport_cpp: rosidl_typesupport_fastrtps_cpp;rosidl_typesupport_introspection_cpp
[7.470s] -- Found rmw_implementation_cmake: 7.3.2 (/opt/ros/jazzy/share/rmw_implementation_cmake/cmake)
[7.533s] -- Found rmw_fastrtps_cpp: 8.4.2 (/opt/ros/jazzy/share/rmw_fastrtps_cpp/cmake)
[8.284s] -- Found OpenSSL: /usr/lib/x86_64-linux-gnu/libcrypto.so (found version "3.0.13")  
[8.399s] -- Found FastRTPS: /opt/ros/jazzy/include (Required is at least version "2.13") 
[8.544s] -- Using RMW implementation 'rmw_fastrtps_cpp' as default
[8.940s] -- Found std_msgs: 5.3.6 (/opt/ros/jazzy/share/std_msgs/cmake)
[9.072s] -- Found visualization_msgs: 5.3.6 (/opt/ros/jazzy/share/visualization_msgs/cmake)
[9.594s] -- Found ament_lint_auto: 0.17.2 (/opt/ros/jazzy/share/ament_lint_auto/cmake)
[10.097s] -- Added test 'copyright' to check source files copyright and LICENSE
[10.132s] -- Added test 'cppcheck' to perform static code analysis on C / C++ code
[10.139s] -- Configured cppcheck include dirs: 
[10.144s] -- Configured cppcheck exclude dirs and/or files: 
[10.157s] -- Added test 'cpplint' to check C / C++ code against the Google style
[10.158s] -- Configured cpplint exclude dirs and/or files: 
[10.164s] -- Added test 'flake8' to check Python code syntax and style conventions
[10.166s] -- Configured 'flake8' exclude dirs and/or files: 
[10.179s] -- Added test 'lint_cmake' to check CMake code style
[10.196s] -- Added test 'pep257' to check Python code against some of the docstring style conventions in PEP 257
[10.215s] -- Added test 'uncrustify' to check C / C++ code style
[10.215s] -- Configured uncrustify additional arguments: 
[10.221s] -- Added test 'xmllint' to check XML markup files
[10.236s] -- Configuring done (9.7s)
[10.346s] -- Generating done (0.0s)
[10.399s] -- Build files have been written to: /home/henrique/colcon_ws3/build/rviz2_marker_demo
[10.567s] Invoked command in '/home/henrique/colcon_ws3/build/rviz2_marker_demo' returned '0': CMAKE_PREFIX_PATH=${CMAKE_PREFIX_PATH}:/home/henrique/ros2_ws/install/temperature_system:/home/henrique/ros2_ws/install/temperature_monitor:/opt/ros/jazzy DEBUGINFOD_URLS=https://debuginfod.ubuntu.com /usr/bin/cmake /home/henrique/colcon_ws3/src/rviz2_marker_demo -DCMAKE_INSTALL_PREFIX=/home/henrique/colcon_ws3/install/rviz2_marker_demo
[10.575s] Invoking command in '/home/henrique/colcon_ws3/build/rviz2_marker_demo': CMAKE_PREFIX_PATH=${CMAKE_PREFIX_PATH}:/home/henrique/ros2_ws/install/temperature_system:/home/henrique/ros2_ws/install/temperature_monitor:/opt/ros/jazzy DEBUGINFOD_URLS=https://debuginfod.ubuntu.com /usr/bin/cmake --build /home/henrique/colcon_ws3/build/rviz2_marker_demo -- -j2 -l2
[11.390s] [ 50%] [32mBuilding CXX object CMakeFiles/rviz_node.dir/src/rviz_node.cpp.o[0m
[42.217s] [100%] [32m[1mLinking CXX executable rviz_node[0m
[44.029s] [100%] Built target rviz_node
[44.100s] Invoked command in '/home/henrique/colcon_ws3/build/rviz2_marker_demo' returned '0': CMAKE_PREFIX_PATH=${CMAKE_PREFIX_PATH}:/home/henrique/ros2_ws/install/temperature_system:/home/henrique/ros2_ws/install/temperature_monitor:/opt/ros/jazzy DEBUGINFOD_URLS=https://debuginfod.ubuntu.com /usr/bin/cmake --build /home/henrique/colcon_ws3/build/rviz2_marker_demo -- -j2 -l2
[44.153s] Invoking command in '/home/henrique/colcon_ws3/build/rviz2_marker_demo': CMAKE_PREFIX_PATH=${CMAKE_PREFIX_PATH}:/home/henrique/ros2_ws/install/temperature_system:/home/henrique/ros2_ws/install/temperature_monitor:/opt/ros/jazzy DEBUGINFOD_URLS=https://debuginfod.ubuntu.com /usr/bin/cmake --install /home/henrique/colcon_ws3/build/rviz2_marker_demo
[44.227s] -- Install configuration: ""
[44.233s] -- Installing: /home/henrique/colcon_ws3/install/rviz2_marker_demo/lib/rviz2_marker_demo/rviz_node
[44.250s] -- Set non-toolchain portion of runtime path of "/home/henrique/colcon_ws3/install/rviz2_marker_demo/lib/rviz2_marker_demo/rviz_node" to ""
[44.255s] -- Installing: /home/henrique/colcon_ws3/install/rviz2_marker_demo/share/rviz2_marker_demo/launch
[44.255s] -- Installing: /home/henrique/colcon_ws3/install/rviz2_marker_demo/share/rviz2_marker_demo/launch/rviz_marker_demo.launch.py
[44.257s] -- Installing: /home/henrique/colcon_ws3/install/rviz2_marker_demo/share/rviz2_marker_demo/rviz
[44.263s] -- Installing: /home/henrique/colcon_ws3/install/rviz2_marker_demo/share/rviz2_marker_demo/rviz/rviz2_marker_demo.rviz
[44.274s] -- Installing: /home/henrique/colcon_ws3/install/rviz2_marker_demo/share/rviz2_marker_demo/objects
[44.277s] -- Installing: /home/henrique/colcon_ws3/install/rviz2_marker_demo/share/rviz2_marker_demo/objects/fixtures
[44.278s] -- Installing: /home/henrique/colcon_ws3/install/rviz2_marker_demo/share/rviz2_marker_demo/objects/fixtures/Wooden_Plate.stl
[44.283s] -- Installing: /home/henrique/colcon_ws3/install/rviz2_marker_demo/share/rviz2_marker_demo/objects/fixtures/Wooden_Plate.dae
[44.283s] -- Installing: /home/henrique/colcon_ws3/install/rviz2_marker_demo/share/rviz2_marker_demo/objects/plane
[44.288s] -- Installing: /home/henrique/colcon_ws3/install/rviz2_marker_demo/share/rviz2_marker_demo/objects/plane/MotorGrill.stl
[44.327s] -- Installing: /home/henrique/colcon_ws3/install/rviz2_marker_demo/share/rviz2_marker_demo/objects/plane/Propeller.stl
[44.332s] -- Installing: /home/henrique/colcon_ws3/install/rviz2_marker_demo/share/rviz2_marker_demo/objects/plane/UpperBody.stl
[44.376s] -- Installing: /home/henrique/colcon_ws3/install/rviz2_marker_demo/share/rviz2_marker_demo/objects/plane/TopWing.stl
[44.436s] -- Installing: /home/henrique/colcon_ws3/install/rviz2_marker_demo/share/rviz2_marker_demo/objects/plane/Chassis.stl
[44.441s] -- Installing: /home/henrique/colcon_ws3/install/rviz2_marker_demo/share/rviz2_marker_demo/objects/plane/RearWheelRight.stl
[44.444s] -- Installing: /home/henrique/colcon_ws3/install/rviz2_marker_demo/share/rviz2_marker_demo/objects/plane/UpperBody.dae
[44.502s] -- Installing: /home/henrique/colcon_ws3/install/rviz2_marker_demo/share/rviz2_marker_demo/objects/plane/RearWheelLeft.stl
[44.509s] -- Installing: /home/henrique/colcon_ws3/install/rviz2_marker_demo/share/rviz2_marker_demo/objects/plane/TopWing.dae
[44.575s] -- Installing: /home/henrique/colcon_ws3/install/rviz2_marker_demo/share/rviz2_marker_demo/objects/plane/FrontWheel.stl
[44.582s] -- Installing: /home/henrique/colcon_ws3/install/rviz2_marker_demo/share/rviz2_marker_demo/objects/plane/UnderBody.stl
[44.628s] -- Installing: /home/henrique/colcon_ws3/install/rviz2_marker_demo/share/rviz2_marker_demo/objects/plane/RearWing.stl
[44.642s] -- Installing: /home/henrique/colcon_ws3/install/rviz2_marker_demo/share/rviz2_marker_demo/objects/plane/Window.stl
[44.646s] -- Installing: /home/henrique/colcon_ws3/install/rviz2_marker_demo/share/rviz2_marker_demo/objects/plane/BottomWing.stl
[44.670s] -- Installing: /home/henrique/colcon_ws3/install/rviz2_marker_demo/share/ament_index/resource_index/package_run_dependencies/rviz2_marker_demo
[44.674s] -- Installing: /home/henrique/colcon_ws3/install/rviz2_marker_demo/share/ament_index/resource_index/parent_prefix_path/rviz2_marker_demo
[44.676s] -- Installing: /home/henrique/colcon_ws3/install/rviz2_marker_demo/share/rviz2_marker_demo/environment/ament_prefix_path.sh
[44.681s] -- Installing: /home/henrique/colcon_ws3/install/rviz2_marker_demo/share/rviz2_marker_demo/environment/ament_prefix_path.dsv
[44.686s] -- Installing: /home/henrique/colcon_ws3/install/rviz2_marker_demo/share/rviz2_marker_demo/environment/path.sh
[44.693s] -- Installing: /home/henrique/colcon_ws3/install/rviz2_marker_demo/share/rviz2_marker_demo/environment/path.dsv
[44.701s] -- Installing: /home/henrique/colcon_ws3/install/rviz2_marker_demo/share/rviz2_marker_demo/local_setup.bash
[44.702s] -- Installing: /home/henrique/colcon_ws3/install/rviz2_marker_demo/share/rviz2_marker_demo/local_setup.sh
[44.710s] -- Installing: /home/henrique/colcon_ws3/install/rviz2_marker_demo/share/rviz2_marker_demo/local_setup.zsh
[44.713s] -- Installing: /home/henrique/colcon_ws3/install/rviz2_marker_demo/share/rviz2_marker_demo/local_setup.dsv
[44.717s] -- Installing: /home/henrique/colcon_ws3/install/rviz2_marker_demo/share/rviz2_marker_demo/package.dsv
[44.720s] -- Installing: /home/henrique/colcon_ws3/install/rviz2_marker_demo/share/ament_index/resource_index/packages/rviz2_marker_demo
[44.721s] -- Installing: /home/henrique/colcon_ws3/install/rviz2_marker_demo/share/rviz2_marker_demo/cmake/ament_cmake_export_dependencies-extras.cmake
[44.723s] -- Installing: /home/henrique/colcon_ws3/install/rviz2_marker_demo/share/rviz2_marker_demo/cmake/rviz2_marker_demoConfig.cmake
[44.725s] -- Installing: /home/henrique/colcon_ws3/install/rviz2_marker_demo/share/rviz2_marker_demo/cmake/rviz2_marker_demoConfig-version.cmake
[44.727s] -- Installing: /home/henrique/colcon_ws3/install/rviz2_marker_demo/share/rviz2_marker_demo/package.xml
[44.734s] Invoked command in '/home/henrique/colcon_ws3/build/rviz2_marker_demo' returned '0': CMAKE_PREFIX_PATH=${CMAKE_PREFIX_PATH}:/home/henrique/ros2_ws/install/temperature_system:/home/henrique/ros2_ws/install/temperature_monitor:/opt/ros/jazzy DEBUGINFOD_URLS=https://debuginfod.ubuntu.com /usr/bin/cmake --install /home/henrique/colcon_ws3/build/rviz2_marker_demo
