-- The C compiler identification is GNU 13.3.0
-- The CXX compiler identification is GNU 13.3.0
-- Detecting C compiler ABI info
-- Detecting C compiler ABI info - done
-- Check for working C compiler: /usr/bin/cc - skipped
-- Detecting C compile features
-- Detecting C compile features - done
-- Detecting CXX compiler ABI info
-- Detecting CXX compiler ABI info - done
-- Check for working CXX compiler: /usr/bin/c++ - skipped
-- Detecting CXX compile features
-- Detecting CXX compile features - done
-- Found ament_cmake: 2.5.4 (/opt/ros/jazzy/share/ament_cmake/cmake)
-- Found Python3: /usr/bin/python3 (found version "3.12.3") found components: Interpreter 
-- Found rclcpp: 28.1.10 (/opt/ros/jazzy/share/rclcpp/cmake)
-- Found rosidl_generator_c: 4.6.5 (/opt/ros/jazzy/share/rosidl_generator_c/cmake)
-- Found rosidl_generator_cpp: 4.6.5 (/opt/ros/jazzy/share/rosidl_generator_cpp/cmake)
-- Using all available rosidl_typesupport_c: rosidl_typesupport_fastrtps_c;rosidl_typesupport_introspection_c
-- Using all available rosidl_typesupport_cpp: rosidl_typesupport_fastrtps_cpp;rosidl_typesupport_introspection_cpp
-- Found rmw_implementation_cmake: 7.3.2 (/opt/ros/jazzy/share/rmw_implementation_cmake/cmake)
-- Found rmw_fastrtps_cpp: 8.4.2 (/opt/ros/jazzy/share/rmw_fastrtps_cpp/cmake)
-- Found OpenSSL: /usr/lib/x86_64-linux-gnu/libcrypto.so (found version "3.0.13")  
-- Found FastRTPS: /opt/ros/jazzy/include (Required is at least version "2.13") 
-- Using RMW implementation 'rmw_fastrtps_cpp' as default
-- Found custom_interfaces: 0.0.0 (/home/henrique/colcon_ws3/install/custom_interfaces/share/custom_interfaces/cmake)
-- Found ament_lint_auto: 0.17.2 (/opt/ros/jazzy/share/ament_lint_auto/cmake)
-- Added test 'copyright' to check source files copyright and LICENSE
-- Added test 'cppcheck' to perform static code analysis on C / C++ code
-- Configured cppcheck include dirs: 
-- Configured cppcheck exclude dirs and/or files: 
-- Added test 'cpplint' to check C / C++ code against the Google style
-- Configured cpplint exclude dirs and/or files: 
-- Added test 'flake8' to check Python code syntax and style conventions
-- Configured 'flake8' exclude dirs and/or files: 
-- Added test 'lint_cmake' to check CMake code style
-- Added test 'pep257' to check Python code against some of the docstring style conventions in PEP 257
-- Added test 'uncrustify' to check C / C++ code style
-- Configured uncrustify additional arguments: 
-- Added test 'xmllint' to check XML markup files
-- Configuring done (11.4s)
-- Generating done (0.1s)
-- Build files have been written to: /home/henrique/colcon_ws3/build/pubsub_custom_param
[ 25%] [32mBuilding CXX object CMakeFiles/publisher_class.dir/src/publisher_class.cpp.o[0m
[ 50%] [32m[1mLinking CXX executable publisher_class[0m
[ 50%] Built target publisher_class
[ 75%] [32mBuilding CXX object CMakeFiles/subscriber_class.dir/src/subscriber_class.cpp.o[0m
[100%] [32m[1mLinking CXX executable subscriber_class[0m
[100%] Built target subscriber_class
-- Install configuration: ""
-- Installing: /home/henrique/colcon_ws3/install/pubsub_custom_param/lib/pubsub_custom_param/publisher_class
-- Set non-toolchain portion of runtime path of "/home/henrique/colcon_ws3/install/pubsub_custom_param/lib/pubsub_custom_param/publisher_class" to ""
-- Installing: /home/henrique/colcon_ws3/install/pubsub_custom_param/lib/pubsub_custom_param/subscriber_class
-- Set non-toolchain portion of runtime path of "/home/henrique/colcon_ws3/install/pubsub_custom_param/lib/pubsub_custom_param/subscriber_class" to ""
-- Installing: /home/henrique/colcon_ws3/install/pubsub_custom_param/share/pubsub_custom_param/launch
-- Installing: /home/henrique/colcon_ws3/install/pubsub_custom_param/share/pubsub_custom_param/launch/pubsub_paramfile_launch.py
-- Installing: /home/henrique/colcon_ws3/install/pubsub_custom_param/share/pubsub_custom_param/launch/pubsub_argument_launch.py
-- Installing: /home/henrique/colcon_ws3/install/pubsub_custom_param/share/pubsub_custom_param/launch/pubsub_param_launch.py
-- Installing: /home/henrique/colcon_ws3/install/pubsub_custom_param/share/pubsub_custom_param/launch/pubsub_launch.py
-- Installing: /home/henrique/colcon_ws3/install/pubsub_custom_param/share/pubsub_custom_param/launch/pubsub_includer_launch.py
-- Installing: /home/henrique/colcon_ws3/install/pubsub_custom_param/share/pubsub_custom_param/config
-- Installing: /home/henrique/colcon_ws3/install/pubsub_custom_param/share/pubsub_custom_param/config/params.yaml
-- Installing: /home/henrique/colcon_ws3/install/pubsub_custom_param/share/ament_index/resource_index/package_run_dependencies/pubsub_custom_param
-- Installing: /home/henrique/colcon_ws3/install/pubsub_custom_param/share/ament_index/resource_index/parent_prefix_path/pubsub_custom_param
-- Installing: /home/henrique/colcon_ws3/install/pubsub_custom_param/share/pubsub_custom_param/environment/ament_prefix_path.sh
-- Installing: /home/henrique/colcon_ws3/install/pubsub_custom_param/share/pubsub_custom_param/environment/ament_prefix_path.dsv
-- Installing: /home/henrique/colcon_ws3/install/pubsub_custom_param/share/pubsub_custom_param/environment/path.sh
-- Installing: /home/henrique/colcon_ws3/install/pubsub_custom_param/share/pubsub_custom_param/environment/path.dsv
-- Installing: /home/henrique/colcon_ws3/install/pubsub_custom_param/share/pubsub_custom_param/local_setup.bash
-- Installing: /home/henrique/colcon_ws3/install/pubsub_custom_param/share/pubsub_custom_param/local_setup.sh
-- Installing: /home/henrique/colcon_ws3/install/pubsub_custom_param/share/pubsub_custom_param/local_setup.zsh
-- Installing: /home/henrique/colcon_ws3/install/pubsub_custom_param/share/pubsub_custom_param/local_setup.dsv
-- Installing: /home/henrique/colcon_ws3/install/pubsub_custom_param/share/pubsub_custom_param/package.dsv
-- Installing: /home/henrique/colcon_ws3/install/pubsub_custom_param/share/ament_index/resource_index/packages/pubsub_custom_param
-- Installing: /home/henrique/colcon_ws3/install/pubsub_custom_param/share/pubsub_custom_param/cmake/ament_cmake_export_dependencies-extras.cmake
-- Installing: /home/henrique/colcon_ws3/install/pubsub_custom_param/share/pubsub_custom_param/cmake/pubsub_custom_paramConfig.cmake
-- Installing: /home/henrique/colcon_ws3/install/pubsub_custom_param/share/pubsub_custom_param/cmake/pubsub_custom_paramConfig-version.cmake
-- Installing: /home/henrique/colcon_ws3/install/pubsub_custom_param/share/pubsub_custom_param/package.xml
