[0.130s] Invoking command in '/home/henrique/colcon_ws3/build/pubsub_custom_param': AMENT_PREFIX_PATH=/home/henrique/colcon_ws3/install/custom_interfaces:${AMENT_PREFIX_PATH} CMAKE_PREFIX_PATH=/home/henrique/colcon_ws3/install/custom_interfaces:/home/henrique/colcon_ws3/install/urdf_tutorial:/home/henrique/colcon_ws3/install/rviz2_marker_demo:/home/henrique/colcon_ws3/install/learning_tf2:/home/henrique/ros2_ws/install/simple_robot_description:/home/henrique/ros2_ws/install/my_robot_description:/opt/ros/jazzy/opt/gz_sim_vendor:/opt/ros/jazzy/opt/gz_sensors_vendor:/opt/ros/jazzy/opt/gz_physics_vendor:/opt/ros/jazzy/opt/sdformat_vendor:/opt/ros/jazzy/opt/gz_gui_vendor:/opt/ros/jazzy/opt/gz_transport_vendor:/opt/ros/jazzy/opt/gz_rendering_vendor:/opt/ros/jazzy/opt/gz_plugin_vendor:/opt/ros/jazzy/opt/gz_fuel_tools_vendor:/opt/ros/jazzy/opt/gz_msgs_vendor:/opt/ros/jazzy/opt/gz_common_vendor:/opt/ros/jazzy/opt/gz_math_vendor:/opt/ros/jazzy/opt/gz_utils_vendor:/opt/ros/jazzy/opt/gz_tools_vendor:/opt/ros/jazzy/opt/gz_ogre_next_vendor:/opt/ros/jazzy/opt/gz_dartsim_vendor:/opt/ros/jazzy/opt/gz_cmake_vendor:/home/henrique/ros2_ws/install/temperature_system:/home/henrique/ros2_ws/install/temperature_monitor:/opt/ros/jazzy DEBUGINFOD_URLS=https://debuginfod.ubuntu.com LD_LIBRARY_PATH=/home/henrique/colcon_ws3/install/custom_interfaces/lib:${LD_LIBRARY_PATH} PYTHONPATH=/home/henrique/colcon_ws3/install/custom_interfaces/lib/python3.12/site-packages:${PYTHONPATH} /usr/bin/cmake /home/henrique/colcon_ws3/src/all_introduction_to_ros2_packages/pubsub_custom_param -DCMAKE_INSTALL_PREFIX=/home/henrique/colcon_ws3/install/pubsub_custom_param
[1.952s] -- The C compiler identification is GNU 13.3.0
[2.618s] -- The CXX compiler identification is GNU 13.3.0
[2.912s] -- Detecting C compiler ABI info
[4.108s] -- Detecting C compiler ABI info - done
[4.125s] -- Check for working C compiler: /usr/bin/cc - skipped
[4.128s] -- Detecting C compile features
[4.134s] -- Detecting C compile features - done
[4.193s] -- Detecting CXX compiler ABI info
[4.933s] -- Detecting CXX compiler ABI info - done
[4.948s] -- Check for working CXX compiler: /usr/bin/c++ - skipped
[4.950s] -- Detecting CXX compile features
[4.952s] -- Detecting CXX compile features - done
[4.989s] -- Found ament_cmake: 2.5.4 (/opt/ros/jazzy/share/ament_cmake/cmake)
[5.746s] -- Found Python3: /usr/bin/python3 (found version "3.12.3") found components: Interpreter 
[6.707s] -- Found rclcpp: 28.1.10 (/opt/ros/jazzy/share/rclcpp/cmake)
[7.265s] -- Found rosidl_generator_c: 4.6.5 (/opt/ros/jazzy/share/rosidl_generator_c/cmake)
[7.472s] -- Found rosidl_generator_cpp: 4.6.5 (/opt/ros/jazzy/share/rosidl_generator_cpp/cmake)
[7.715s] -- Using all available rosidl_typesupport_c: rosidl_typesupport_fastrtps_c;rosidl_typesupport_introspection_c
[7.905s] -- Using all available rosidl_typesupport_cpp: rosidl_typesupport_fastrtps_cpp;rosidl_typesupport_introspection_cpp
[8.786s] -- Found rmw_implementation_cmake: 7.3.2 (/opt/ros/jazzy/share/rmw_implementation_cmake/cmake)
[8.834s] -- Found rmw_fastrtps_cpp: 8.4.2 (/opt/ros/jazzy/share/rmw_fastrtps_cpp/cmake)
[9.644s] -- Found OpenSSL: /usr/lib/x86_64-linux-gnu/libcrypto.so (found version "3.0.13")  
[9.719s] -- Found FastRTPS: /opt/ros/jazzy/include (Required is at least version "2.13") 
[9.889s] -- Using RMW implementation 'rmw_fastrtps_cpp' as default
[10.495s] -- Found custom_interfaces: 0.0.0 (/home/henrique/colcon_ws3/install/custom_interfaces/share/custom_interfaces/cmake)
[10.788s] -- Found ament_lint_auto: 0.17.2 (/opt/ros/jazzy/share/ament_lint_auto/cmake)
[11.502s] -- Added test 'copyright' to check source files copyright and LICENSE
[11.524s] -- Added test 'cppcheck' to perform static code analysis on C / C++ code
[11.525s] -- Configured cppcheck include dirs: 
[11.525s] -- Configured cppcheck exclude dirs and/or files: 
[11.541s] -- Added test 'cpplint' to check C / C++ code against the Google style
[11.543s] -- Configured cpplint exclude dirs and/or files: 
[11.556s] -- Added test 'flake8' to check Python code syntax and style conventions
[11.557s] -- Configured 'flake8' exclude dirs and/or files: 
[11.565s] -- Added test 'lint_cmake' to check CMake code style
[11.570s] -- Added test 'pep257' to check Python code against some of the docstring style conventions in PEP 257
[11.581s] -- Added test 'uncrustify' to check C / C++ code style
[11.582s] -- Configured uncrustify additional arguments: 
[11.589s] -- Added test 'xmllint' to check XML markup files
[11.610s] -- Configuring done (11.4s)
[11.700s] -- Generating done (0.1s)
[11.735s] -- Build files have been written to: /home/henrique/colcon_ws3/build/pubsub_custom_param
[11.794s] Invoked command in '/home/henrique/colcon_ws3/build/pubsub_custom_param' returned '0': AMENT_PREFIX_PATH=/home/henrique/colcon_ws3/install/custom_interfaces:${AMENT_PREFIX_PATH} CMAKE_PREFIX_PATH=/home/henrique/colcon_ws3/install/custom_interfaces:/home/henrique/colcon_ws3/install/urdf_tutorial:/home/henrique/colcon_ws3/install/rviz2_marker_demo:/home/henrique/colcon_ws3/install/learning_tf2:/home/henrique/ros2_ws/install/simple_robot_description:/home/henrique/ros2_ws/install/my_robot_description:/opt/ros/jazzy/opt/gz_sim_vendor:/opt/ros/jazzy/opt/gz_sensors_vendor:/opt/ros/jazzy/opt/gz_physics_vendor:/opt/ros/jazzy/opt/sdformat_vendor:/opt/ros/jazzy/opt/gz_gui_vendor:/opt/ros/jazzy/opt/gz_transport_vendor:/opt/ros/jazzy/opt/gz_rendering_vendor:/opt/ros/jazzy/opt/gz_plugin_vendor:/opt/ros/jazzy/opt/gz_fuel_tools_vendor:/opt/ros/jazzy/opt/gz_msgs_vendor:/opt/ros/jazzy/opt/gz_common_vendor:/opt/ros/jazzy/opt/gz_math_vendor:/opt/ros/jazzy/opt/gz_utils_vendor:/opt/ros/jazzy/opt/gz_tools_vendor:/opt/ros/jazzy/opt/gz_ogre_next_vendor:/opt/ros/jazzy/opt/gz_dartsim_vendor:/opt/ros/jazzy/opt/gz_cmake_vendor:/home/henrique/ros2_ws/install/temperature_system:/home/henrique/ros2_ws/install/temperature_monitor:/opt/ros/jazzy DEBUGINFOD_URLS=https://debuginfod.ubuntu.com LD_LIBRARY_PATH=/home/henrique/colcon_ws3/install/custom_interfaces/lib:${LD_LIBRARY_PATH} PYTHONPATH=/home/henrique/colcon_ws3/install/custom_interfaces/lib/python3.12/site-packages:${PYTHONPATH} /usr/bin/cmake /home/henrique/colcon_ws3/src/all_introduction_to_ros2_packages/pubsub_custom_param -DCMAKE_INSTALL_PREFIX=/home/henrique/colcon_ws3/install/pubsub_custom_param
[11.799s] Invoking command in '/home/henrique/colcon_ws3/build/pubsub_custom_param': AMENT_PREFIX_PATH=/home/henrique/colcon_ws3/install/custom_interfaces:${AMENT_PREFIX_PATH} CMAKE_PREFIX_PATH=/home/henrique/colcon_ws3/install/custom_interfaces:/home/henrique/colcon_ws3/install/urdf_tutorial:/home/henrique/colcon_ws3/install/rviz2_marker_demo:/home/henrique/colcon_ws3/install/learning_tf2:/home/henrique/ros2_ws/install/simple_robot_description:/home/henrique/ros2_ws/install/my_robot_description:/opt/ros/jazzy/opt/gz_sim_vendor:/opt/ros/jazzy/opt/gz_sensors_vendor:/opt/ros/jazzy/opt/gz_physics_vendor:/opt/ros/jazzy/opt/sdformat_vendor:/opt/ros/jazzy/opt/gz_gui_vendor:/opt/ros/jazzy/opt/gz_transport_vendor:/opt/ros/jazzy/opt/gz_rendering_vendor:/opt/ros/jazzy/opt/gz_plugin_vendor:/opt/ros/jazzy/opt/gz_fuel_tools_vendor:/opt/ros/jazzy/opt/gz_msgs_vendor:/opt/ros/jazzy/opt/gz_common_vendor:/opt/ros/jazzy/opt/gz_math_vendor:/opt/ros/jazzy/opt/gz_utils_vendor:/opt/ros/jazzy/opt/gz_tools_vendor:/opt/ros/jazzy/opt/gz_ogre_next_vendor:/opt/ros/jazzy/opt/gz_dartsim_vendor:/opt/ros/jazzy/opt/gz_cmake_vendor:/home/henrique/ros2_ws/install/temperature_system:/home/henrique/ros2_ws/install/temperature_monitor:/opt/ros/jazzy DEBUGINFOD_URLS=https://debuginfod.ubuntu.com LD_LIBRARY_PATH=/home/henrique/colcon_ws3/install/custom_interfaces/lib:${LD_LIBRARY_PATH} PYTHONPATH=/home/henrique/colcon_ws3/install/custom_interfaces/lib/python3.12/site-packages:${PYTHONPATH} /usr/bin/cmake --build /home/henrique/colcon_ws3/build/pubsub_custom_param -- -j2 -l2
[12.326s] [ 25%] [32mBuilding CXX object CMakeFiles/publisher_class.dir/src/publisher_class.cpp.o[0m
[30.679s] [ 50%] [32m[1mLinking CXX executable publisher_class[0m
[31.821s] [ 50%] Built target publisher_class
[32.023s] [ 75%] [32mBuilding CXX object CMakeFiles/subscriber_class.dir/src/subscriber_class.cpp.o[0m
[55.947s] [100%] [32m[1mLinking CXX executable subscriber_class[0m
[57.414s] [100%] Built target subscriber_class
[57.528s] Invoked command in '/home/henrique/colcon_ws3/build/pubsub_custom_param' returned '0': AMENT_PREFIX_PATH=/home/henrique/colcon_ws3/install/custom_interfaces:${AMENT_PREFIX_PATH} CMAKE_PREFIX_PATH=/home/henrique/colcon_ws3/install/custom_interfaces:/home/henrique/colcon_ws3/install/urdf_tutorial:/home/henrique/colcon_ws3/install/rviz2_marker_demo:/home/henrique/colcon_ws3/install/learning_tf2:/home/henrique/ros2_ws/install/simple_robot_description:/home/henrique/ros2_ws/install/my_robot_description:/opt/ros/jazzy/opt/gz_sim_vendor:/opt/ros/jazzy/opt/gz_sensors_vendor:/opt/ros/jazzy/opt/gz_physics_vendor:/opt/ros/jazzy/opt/sdformat_vendor:/opt/ros/jazzy/opt/gz_gui_vendor:/opt/ros/jazzy/opt/gz_transport_vendor:/opt/ros/jazzy/opt/gz_rendering_vendor:/opt/ros/jazzy/opt/gz_plugin_vendor:/opt/ros/jazzy/opt/gz_fuel_tools_vendor:/opt/ros/jazzy/opt/gz_msgs_vendor:/opt/ros/jazzy/opt/gz_common_vendor:/opt/ros/jazzy/opt/gz_math_vendor:/opt/ros/jazzy/opt/gz_utils_vendor:/opt/ros/jazzy/opt/gz_tools_vendor:/opt/ros/jazzy/opt/gz_ogre_next_vendor:/opt/ros/jazzy/opt/gz_dartsim_vendor:/opt/ros/jazzy/opt/gz_cmake_vendor:/home/henrique/ros2_ws/install/temperature_system:/home/henrique/ros2_ws/install/temperature_monitor:/opt/ros/jazzy DEBUGINFOD_URLS=https://debuginfod.ubuntu.com LD_LIBRARY_PATH=/home/henrique/colcon_ws3/install/custom_interfaces/lib:${LD_LIBRARY_PATH} PYTHONPATH=/home/henrique/colcon_ws3/install/custom_interfaces/lib/python3.12/site-packages:${PYTHONPATH} /usr/bin/cmake --build /home/henrique/colcon_ws3/build/pubsub_custom_param -- -j2 -l2
[57.529s] Invoking command in '/home/henrique/colcon_ws3/build/pubsub_custom_param': AMENT_PREFIX_PATH=/home/henrique/colcon_ws3/install/custom_interfaces:${AMENT_PREFIX_PATH} CMAKE_PREFIX_PATH=/home/henrique/colcon_ws3/install/custom_interfaces:/home/henrique/colcon_ws3/install/urdf_tutorial:/home/henrique/colcon_ws3/install/rviz2_marker_demo:/home/henrique/colcon_ws3/install/learning_tf2:/home/henrique/ros2_ws/install/simple_robot_description:/home/henrique/ros2_ws/install/my_robot_description:/opt/ros/jazzy/opt/gz_sim_vendor:/opt/ros/jazzy/opt/gz_sensors_vendor:/opt/ros/jazzy/opt/gz_physics_vendor:/opt/ros/jazzy/opt/sdformat_vendor:/opt/ros/jazzy/opt/gz_gui_vendor:/opt/ros/jazzy/opt/gz_transport_vendor:/opt/ros/jazzy/opt/gz_rendering_vendor:/opt/ros/jazzy/opt/gz_plugin_vendor:/opt/ros/jazzy/opt/gz_fuel_tools_vendor:/opt/ros/jazzy/opt/gz_msgs_vendor:/opt/ros/jazzy/opt/gz_common_vendor:/opt/ros/jazzy/opt/gz_math_vendor:/opt/ros/jazzy/opt/gz_utils_vendor:/opt/ros/jazzy/opt/gz_tools_vendor:/opt/ros/jazzy/opt/gz_ogre_next_vendor:/opt/ros/jazzy/opt/gz_dartsim_vendor:/opt/ros/jazzy/opt/gz_cmake_vendor:/home/henrique/ros2_ws/install/temperature_system:/home/henrique/ros2_ws/install/temperature_monitor:/opt/ros/jazzy DEBUGINFOD_URLS=https://debuginfod.ubuntu.com LD_LIBRARY_PATH=/home/henrique/colcon_ws3/install/custom_interfaces/lib:${LD_LIBRARY_PATH} PYTHONPATH=/home/henrique/colcon_ws3/install/custom_interfaces/lib/python3.12/site-packages:${PYTHONPATH} /usr/bin/cmake --install /home/henrique/colcon_ws3/build/pubsub_custom_param
[57.598s] -- Install configuration: ""
[57.601s] -- Installing: /home/henrique/colcon_ws3/install/pubsub_custom_param/lib/pubsub_custom_param/publisher_class
[57.612s] -- Set non-toolchain portion of runtime path of "/home/henrique/colcon_ws3/install/pubsub_custom_param/lib/pubsub_custom_param/publisher_class" to ""
[57.614s] -- Installing: /home/henrique/colcon_ws3/install/pubsub_custom_param/lib/pubsub_custom_param/subscriber_class
[57.669s] -- Set non-toolchain portion of runtime path of "/home/henrique/colcon_ws3/install/pubsub_custom_param/lib/pubsub_custom_param/subscriber_class" to ""
[57.669s] -- Installing: /home/henrique/colcon_ws3/install/pubsub_custom_param/share/pubsub_custom_param/launch
[57.671s] -- Installing: /home/henrique/colcon_ws3/install/pubsub_custom_param/share/pubsub_custom_param/launch/pubsub_paramfile_launch.py
[57.675s] -- Installing: /home/henrique/colcon_ws3/install/pubsub_custom_param/share/pubsub_custom_param/launch/pubsub_argument_launch.py
[57.677s] -- Installing: /home/henrique/colcon_ws3/install/pubsub_custom_param/share/pubsub_custom_param/launch/pubsub_param_launch.py
[57.679s] -- Installing: /home/henrique/colcon_ws3/install/pubsub_custom_param/share/pubsub_custom_param/launch/pubsub_launch.py
[57.682s] -- Installing: /home/henrique/colcon_ws3/install/pubsub_custom_param/share/pubsub_custom_param/launch/pubsub_includer_launch.py
[57.684s] -- Installing: /home/henrique/colcon_ws3/install/pubsub_custom_param/share/pubsub_custom_param/config
[57.685s] -- Installing: /home/henrique/colcon_ws3/install/pubsub_custom_param/share/pubsub_custom_param/config/params.yaml
[57.687s] -- Installing: /home/henrique/colcon_ws3/install/pubsub_custom_param/share/ament_index/resource_index/package_run_dependencies/pubsub_custom_param
[57.689s] -- Installing: /home/henrique/colcon_ws3/install/pubsub_custom_param/share/ament_index/resource_index/parent_prefix_path/pubsub_custom_param
[57.691s] -- Installing: /home/henrique/colcon_ws3/install/pubsub_custom_param/share/pubsub_custom_param/environment/ament_prefix_path.sh
[57.692s] -- Installing: /home/henrique/colcon_ws3/install/pubsub_custom_param/share/pubsub_custom_param/environment/ament_prefix_path.dsv
[57.695s] -- Installing: /home/henrique/colcon_ws3/install/pubsub_custom_param/share/pubsub_custom_param/environment/path.sh
[57.699s] -- Installing: /home/henrique/colcon_ws3/install/pubsub_custom_param/share/pubsub_custom_param/environment/path.dsv
[57.702s] -- Installing: /home/henrique/colcon_ws3/install/pubsub_custom_param/share/pubsub_custom_param/local_setup.bash
[57.713s] -- Installing: /home/henrique/colcon_ws3/install/pubsub_custom_param/share/pubsub_custom_param/local_setup.sh
[57.715s] -- Installing: /home/henrique/colcon_ws3/install/pubsub_custom_param/share/pubsub_custom_param/local_setup.zsh
[57.720s] -- Installing: /home/henrique/colcon_ws3/install/pubsub_custom_param/share/pubsub_custom_param/local_setup.dsv
[57.724s] -- Installing: /home/henrique/colcon_ws3/install/pubsub_custom_param/share/pubsub_custom_param/package.dsv
[57.729s] -- Installing: /home/henrique/colcon_ws3/install/pubsub_custom_param/share/ament_index/resource_index/packages/pubsub_custom_param
[57.730s] -- Installing: /home/henrique/colcon_ws3/install/pubsub_custom_param/share/pubsub_custom_param/cmake/ament_cmake_export_dependencies-extras.cmake
[57.738s] -- Installing: /home/henrique/colcon_ws3/install/pubsub_custom_param/share/pubsub_custom_param/cmake/pubsub_custom_paramConfig.cmake
[57.743s] -- Installing: /home/henrique/colcon_ws3/install/pubsub_custom_param/share/pubsub_custom_param/cmake/pubsub_custom_paramConfig-version.cmake
[57.744s] -- Installing: /home/henrique/colcon_ws3/install/pubsub_custom_param/share/pubsub_custom_param/package.xml
[57.744s] Invoked command in '/home/henrique/colcon_ws3/build/pubsub_custom_param' returned '0': AMENT_PREFIX_PATH=/home/henrique/colcon_ws3/install/custom_interfaces:${AMENT_PREFIX_PATH} CMAKE_PREFIX_PATH=/home/henrique/colcon_ws3/install/custom_interfaces:/home/henrique/colcon_ws3/install/urdf_tutorial:/home/henrique/colcon_ws3/install/rviz2_marker_demo:/home/henrique/colcon_ws3/install/learning_tf2:/home/henrique/ros2_ws/install/simple_robot_description:/home/henrique/ros2_ws/install/my_robot_description:/opt/ros/jazzy/opt/gz_sim_vendor:/opt/ros/jazzy/opt/gz_sensors_vendor:/opt/ros/jazzy/opt/gz_physics_vendor:/opt/ros/jazzy/opt/sdformat_vendor:/opt/ros/jazzy/opt/gz_gui_vendor:/opt/ros/jazzy/opt/gz_transport_vendor:/opt/ros/jazzy/opt/gz_rendering_vendor:/opt/ros/jazzy/opt/gz_plugin_vendor:/opt/ros/jazzy/opt/gz_fuel_tools_vendor:/opt/ros/jazzy/opt/gz_msgs_vendor:/opt/ros/jazzy/opt/gz_common_vendor:/opt/ros/jazzy/opt/gz_math_vendor:/opt/ros/jazzy/opt/gz_utils_vendor:/opt/ros/jazzy/opt/gz_tools_vendor:/opt/ros/jazzy/opt/gz_ogre_next_vendor:/opt/ros/jazzy/opt/gz_dartsim_vendor:/opt/ros/jazzy/opt/gz_cmake_vendor:/home/henrique/ros2_ws/install/temperature_system:/home/henrique/ros2_ws/install/temperature_monitor:/opt/ros/jazzy DEBUGINFOD_URLS=https://debuginfod.ubuntu.com LD_LIBRARY_PATH=/home/henrique/colcon_ws3/install/custom_interfaces/lib:${LD_LIBRARY_PATH} PYTHONPATH=/home/henrique/colcon_ws3/install/custom_interfaces/lib/python3.12/site-packages:${PYTHONPATH} /usr/bin/cmake --install /home/henrique/colcon_ws3/build/pubsub_custom_param
