[0.033s] Invoking command in '/home/henrique/colcon_ws3/build/custom_interfaces': CMAKE_PREFIX_PATH=${CMAKE_PREFIX_PATH}:/home/henrique/ros2_ws/install/temperature_system:/home/henrique/ros2_ws/install/temperature_monitor:/opt/ros/jazzy DEBUGINFOD_URLS=https://debuginfod.ubuntu.com /usr/bin/cmake --build /home/henrique/colcon_ws3/build/custom_interfaces -- -j2 -l2
[0.631s] [  2%] Built target custom_interfaces__rosidl_generator_type_description
[0.767s] [  2%] Built target ament_cmake_python_copy_custom_interfaces
[0.858s] [  5%] Built target custom_interfaces__cpp
[0.975s] [ 20%] Built target custom_interfaces__rosidl_generator_c
[1.092s] [ 29%] Built target custom_interfaces__rosidl_typesupport_cpp
[1.362s] [ 38%] Built target custom_interfaces__rosidl_typesupport_fastrtps_c
[1.568s] [ 47%] Built target custom_interfaces__rosidl_typesupport_fastrtps_cpp
[1.751s] [ 55%] Built target custom_interfaces__rosidl_typesupport_introspection_c
[1.920s] [ 64%] Built target custom_interfaces__rosidl_typesupport_c
[2.109s] [ 73%] Built target custom_interfaces__rosidl_typesupport_introspection_cpp
[2.111s] running egg_info
[2.152s] writing custom_interfaces.egg-info/PKG-INFO
[2.152s] writing dependency_links to custom_interfaces.egg-info/dependency_links.txt
[2.156s] writing top-level names to custom_interfaces.egg-info/top_level.txt
[2.190s] [ 73%] Built target custom_interfaces
[2.287s] [ 76%] Built target custom_interfaces__py
[2.293s] reading manifest file 'custom_interfaces.egg-info/SOURCES.txt'
[2.295s] writing manifest file 'custom_interfaces.egg-info/SOURCES.txt'
[2.375s] [ 76%] Built target ament_cmake_python_build_custom_interfaces_egg
[2.403s] [ 82%] Built target custom_interfaces__rosidl_generator_py
[2.541s] [ 88%] Built target custom_interfaces_s__rosidl_typesupport_introspection_c
[2.548s] [ 94%] Built target custom_interfaces_s__rosidl_typesupport_fastrtps_c
[2.601s] [100%] Built target custom_interfaces_s__rosidl_typesupport_c
[2.623s] Invoked command in '/home/henrique/colcon_ws3/build/custom_interfaces' returned '0': CMAKE_PREFIX_PATH=${CMAKE_PREFIX_PATH}:/home/henrique/ros2_ws/install/temperature_system:/home/henrique/ros2_ws/install/temperature_monitor:/opt/ros/jazzy DEBUGINFOD_URLS=https://debuginfod.ubuntu.com /usr/bin/cmake --build /home/henrique/colcon_ws3/build/custom_interfaces -- -j2 -l2
[2.625s] Invoking command in '/home/henrique/colcon_ws3/build/custom_interfaces': CMAKE_PREFIX_PATH=${CMAKE_PREFIX_PATH}:/home/henrique/ros2_ws/install/temperature_system:/home/henrique/ros2_ws/install/temperature_monitor:/opt/ros/jazzy DEBUGINFOD_URLS=https://debuginfod.ubuntu.com /usr/bin/cmake --install /home/henrique/colcon_ws3/build/custom_interfaces
[2.657s] -- Install configuration: ""
[2.657s] -- Up-to-date: /home/henrique/colcon_ws3/install/custom_interfaces/share/ament_index/resource_index/rosidl_interfaces/custom_interfaces
[2.657s] -- Up-to-date: /home/henrique/colcon_ws3/install/custom_interfaces/share/custom_interfaces/msg/MyMessage.json
[2.657s] -- Up-to-date: /home/henrique/colcon_ws3/install/custom_interfaces/include/custom_interfaces/custom_interfaces
[2.657s] -- Up-to-date: /home/henrique/colcon_ws3/install/custom_interfaces/include/custom_interfaces/custom_interfaces/msg
[2.657s] -- Up-to-date: /home/henrique/colcon_ws3/install/custom_interfaces/include/custom_interfaces/custom_interfaces/msg/detail
[2.665s] -- Up-to-date: /home/henrique/colcon_ws3/install/custom_interfaces/include/custom_interfaces/custom_interfaces/msg/detail/my_message__functions.c
[2.665s] -- Up-to-date: /home/henrique/colcon_ws3/install/custom_interfaces/include/custom_interfaces/custom_interfaces/msg/detail/my_message__description.c
[2.665s] -- Up-to-date: /home/henrique/colcon_ws3/install/custom_interfaces/include/custom_interfaces/custom_interfaces/msg/detail/my_message__functions.h
[2.665s] -- Installing: /home/henrique/colcon_ws3/install/custom_interfaces/include/custom_interfaces/custom_interfaces/msg/detail/my_message__type_support.c
[2.666s] -- Up-to-date: /home/henrique/colcon_ws3/install/custom_interfaces/include/custom_interfaces/custom_interfaces/msg/detail/my_message__type_support.h
[2.666s] -- Up-to-date: /home/henrique/colcon_ws3/install/custom_interfaces/include/custom_interfaces/custom_interfaces/msg/detail/my_message__struct.h
[2.666s] -- Up-to-date: /home/henrique/colcon_ws3/install/custom_interfaces/include/custom_interfaces/custom_interfaces/msg/my_message.h
[2.667s] -- Up-to-date: /home/henrique/colcon_ws3/install/custom_interfaces/include/custom_interfaces/custom_interfaces/msg/rosidl_generator_c__visibility_control.h
[2.667s] -- Up-to-date: /home/henrique/colcon_ws3/install/custom_interfaces/share/custom_interfaces/environment/library_path.sh
[2.667s] -- Up-to-date: /home/henrique/colcon_ws3/install/custom_interfaces/share/custom_interfaces/environment/library_path.dsv
[2.667s] -- Up-to-date: /home/henrique/colcon_ws3/install/custom_interfaces/lib/libcustom_interfaces__rosidl_generator_c.so
[2.667s] -- Up-to-date: /home/henrique/colcon_ws3/install/custom_interfaces/include/custom_interfaces/custom_interfaces
[2.667s] -- Up-to-date: /home/henrique/colcon_ws3/install/custom_interfaces/include/custom_interfaces/custom_interfaces/msg
[2.667s] -- Up-to-date: /home/henrique/colcon_ws3/install/custom_interfaces/include/custom_interfaces/custom_interfaces/msg/detail
[2.673s] -- Up-to-date: /home/henrique/colcon_ws3/install/custom_interfaces/include/custom_interfaces/custom_interfaces/msg/detail/my_message__rosidl_typesupport_fastrtps_c.h
[2.676s] -- Up-to-date: /home/henrique/colcon_ws3/install/custom_interfaces/include/custom_interfaces/custom_interfaces/msg/rosidl_typesupport_fastrtps_c__visibility_control.h
[2.676s] -- Up-to-date: /home/henrique/colcon_ws3/install/custom_interfaces/lib/libcustom_interfaces__rosidl_typesupport_fastrtps_c.so
[2.676s] -- Up-to-date: /home/henrique/colcon_ws3/install/custom_interfaces/include/custom_interfaces/custom_interfaces
[2.677s] -- Up-to-date: /home/henrique/colcon_ws3/install/custom_interfaces/include/custom_interfaces/custom_interfaces/msg
[2.677s] -- Up-to-date: /home/henrique/colcon_ws3/install/custom_interfaces/include/custom_interfaces/custom_interfaces/msg/my_message.hpp
[2.686s] -- Up-to-date: /home/henrique/colcon_ws3/install/custom_interfaces/include/custom_interfaces/custom_interfaces/msg/detail
[2.686s] -- Up-to-date: /home/henrique/colcon_ws3/install/custom_interfaces/include/custom_interfaces/custom_interfaces/msg/detail/my_message__type_support.hpp
[2.687s] -- Up-to-date: /home/henrique/colcon_ws3/install/custom_interfaces/include/custom_interfaces/custom_interfaces/msg/detail/my_message__traits.hpp
[2.687s] -- Up-to-date: /home/henrique/colcon_ws3/install/custom_interfaces/include/custom_interfaces/custom_interfaces/msg/detail/my_message__builder.hpp
[2.687s] -- Up-to-date: /home/henrique/colcon_ws3/install/custom_interfaces/include/custom_interfaces/custom_interfaces/msg/detail/my_message__struct.hpp
[2.687s] -- Up-to-date: /home/henrique/colcon_ws3/install/custom_interfaces/include/custom_interfaces/custom_interfaces/msg/rosidl_generator_cpp__visibility_control.hpp
[2.687s] -- Up-to-date: /home/henrique/colcon_ws3/install/custom_interfaces/include/custom_interfaces/custom_interfaces
[2.697s] -- Up-to-date: /home/henrique/colcon_ws3/install/custom_interfaces/include/custom_interfaces/custom_interfaces/msg
[2.697s] -- Up-to-date: /home/henrique/colcon_ws3/install/custom_interfaces/include/custom_interfaces/custom_interfaces/msg/detail
[2.698s] -- Up-to-date: /home/henrique/colcon_ws3/install/custom_interfaces/include/custom_interfaces/custom_interfaces/msg/detail/my_message__rosidl_typesupport_fastrtps_cpp.hpp
[2.698s] -- Up-to-date: /home/henrique/colcon_ws3/install/custom_interfaces/include/custom_interfaces/custom_interfaces/msg/detail/dds_fastrtps
[2.698s] -- Up-to-date: /home/henrique/colcon_ws3/install/custom_interfaces/include/custom_interfaces/custom_interfaces/msg/rosidl_typesupport_fastrtps_cpp__visibility_control.h
[2.698s] -- Up-to-date: /home/henrique/colcon_ws3/install/custom_interfaces/lib/libcustom_interfaces__rosidl_typesupport_fastrtps_cpp.so
[2.698s] -- Up-to-date: /home/henrique/colcon_ws3/install/custom_interfaces/include/custom_interfaces/custom_interfaces
[2.698s] -- Up-to-date: /home/henrique/colcon_ws3/install/custom_interfaces/include/custom_interfaces/custom_interfaces/msg
[2.698s] -- Up-to-date: /home/henrique/colcon_ws3/install/custom_interfaces/include/custom_interfaces/custom_interfaces/msg/detail
[2.698s] -- Installing: /home/henrique/colcon_ws3/install/custom_interfaces/include/custom_interfaces/custom_interfaces/msg/detail/my_message__type_support.c
[2.699s] -- Up-to-date: /home/henrique/colcon_ws3/install/custom_interfaces/include/custom_interfaces/custom_interfaces/msg/detail/my_message__rosidl_typesupport_introspection_c.h
[2.705s] -- Up-to-date: /home/henrique/colcon_ws3/install/custom_interfaces/include/custom_interfaces/custom_interfaces/msg/rosidl_typesupport_introspection_c__visibility_control.h
[2.705s] -- Up-to-date: /home/henrique/colcon_ws3/install/custom_interfaces/lib/libcustom_interfaces__rosidl_typesupport_introspection_c.so
[2.705s] -- Up-to-date: /home/henrique/colcon_ws3/install/custom_interfaces/lib/libcustom_interfaces__rosidl_typesupport_c.so
[2.705s] -- Up-to-date: /home/henrique/colcon_ws3/install/custom_interfaces/include/custom_interfaces/custom_interfaces
[2.705s] -- Up-to-date: /home/henrique/colcon_ws3/install/custom_interfaces/include/custom_interfaces/custom_interfaces/msg
[2.705s] -- Up-to-date: /home/henrique/colcon_ws3/install/custom_interfaces/include/custom_interfaces/custom_interfaces/msg/detail
[2.706s] -- Up-to-date: /home/henrique/colcon_ws3/install/custom_interfaces/include/custom_interfaces/custom_interfaces/msg/detail/my_message__type_support.cpp
[2.706s] -- Up-to-date: /home/henrique/colcon_ws3/install/custom_interfaces/include/custom_interfaces/custom_interfaces/msg/detail/my_message__rosidl_typesupport_introspection_cpp.hpp
[2.706s] -- Up-to-date: /home/henrique/colcon_ws3/install/custom_interfaces/lib/libcustom_interfaces__rosidl_typesupport_introspection_cpp.so
[2.706s] -- Up-to-date: /home/henrique/colcon_ws3/install/custom_interfaces/lib/libcustom_interfaces__rosidl_typesupport_cpp.so
[2.706s] -- Up-to-date: /home/henrique/colcon_ws3/install/custom_interfaces/share/custom_interfaces/environment/pythonpath.sh
[2.706s] -- Up-to-date: /home/henrique/colcon_ws3/install/custom_interfaces/share/custom_interfaces/environment/pythonpath.dsv
[2.706s] -- Up-to-date: /home/henrique/colcon_ws3/install/custom_interfaces/lib/python3.12/site-packages/custom_interfaces-0.0.0-py3.12.egg-info
[2.706s] -- Installing: /home/henrique/colcon_ws3/install/custom_interfaces/lib/python3.12/site-packages/custom_interfaces-0.0.0-py3.12.egg-info/SOURCES.txt
[2.706s] -- Installing: /home/henrique/colcon_ws3/install/custom_interfaces/lib/python3.12/site-packages/custom_interfaces-0.0.0-py3.12.egg-info/top_level.txt
[2.706s] -- Installing: /home/henrique/colcon_ws3/install/custom_interfaces/lib/python3.12/site-packages/custom_interfaces-0.0.0-py3.12.egg-info/dependency_links.txt
[2.706s] -- Installing: /home/henrique/colcon_ws3/install/custom_interfaces/lib/python3.12/site-packages/custom_interfaces-0.0.0-py3.12.egg-info/PKG-INFO
[2.706s] -- Up-to-date: /home/henrique/colcon_ws3/install/custom_interfaces/lib/python3.12/site-packages/custom_interfaces
[2.706s] -- Up-to-date: /home/henrique/colcon_ws3/install/custom_interfaces/lib/python3.12/site-packages/custom_interfaces/custom_interfaces_s__rosidl_typesupport_fastrtps_c.so
[2.707s] -- Up-to-date: /home/henrique/colcon_ws3/install/custom_interfaces/lib/python3.12/site-packages/custom_interfaces/_custom_interfaces_s.ep.rosidl_typesupport_fastrtps_c.c
[2.719s] -- Up-to-date: /home/henrique/colcon_ws3/install/custom_interfaces/lib/python3.12/site-packages/custom_interfaces/custom_interfaces_s__rosidl_typesupport_c.so
[2.719s] -- Up-to-date: /home/henrique/colcon_ws3/install/custom_interfaces/lib/python3.12/site-packages/custom_interfaces/custom_interfaces_s__rosidl_typesupport_introspection_c.so
[2.720s] -- Up-to-date: /home/henrique/colcon_ws3/install/custom_interfaces/lib/python3.12/site-packages/custom_interfaces/__init__.py
[2.720s] -- Up-to-date: /home/henrique/colcon_ws3/install/custom_interfaces/lib/python3.12/site-packages/custom_interfaces/msg
[2.720s] -- Up-to-date: /home/henrique/colcon_ws3/install/custom_interfaces/lib/python3.12/site-packages/custom_interfaces/msg/_my_message_s.c
[2.721s] -- Up-to-date: /home/henrique/colcon_ws3/install/custom_interfaces/lib/python3.12/site-packages/custom_interfaces/msg/__init__.py
[2.725s] -- Up-to-date: /home/henrique/colcon_ws3/install/custom_interfaces/lib/python3.12/site-packages/custom_interfaces/msg/_my_message.py
[2.725s] -- Up-to-date: /home/henrique/colcon_ws3/install/custom_interfaces/lib/python3.12/site-packages/custom_interfaces/_custom_interfaces_s.ep.rosidl_typesupport_introspection_c.c
[2.726s] -- Up-to-date: /home/henrique/colcon_ws3/install/custom_interfaces/lib/python3.12/site-packages/custom_interfaces/_custom_interfaces_s.ep.rosidl_typesupport_c.c
[2.820s] Listing '/home/henrique/colcon_ws3/install/custom_interfaces/lib/python3.12/site-packages/custom_interfaces'...
[2.821s] Listing '/home/henrique/colcon_ws3/install/custom_interfaces/lib/python3.12/site-packages/custom_interfaces/msg'...
[2.832s] -- Up-to-date: /home/henrique/colcon_ws3/install/custom_interfaces/lib/python3.12/site-packages/custom_interfaces/custom_interfaces_s__rosidl_typesupport_fastrtps_c.so
[2.834s] -- Up-to-date: /home/henrique/colcon_ws3/install/custom_interfaces/lib/python3.12/site-packages/custom_interfaces/custom_interfaces_s__rosidl_typesupport_introspection_c.so
[2.835s] -- Up-to-date: /home/henrique/colcon_ws3/install/custom_interfaces/lib/python3.12/site-packages/custom_interfaces/custom_interfaces_s__rosidl_typesupport_c.so
[2.836s] -- Up-to-date: /home/henrique/colcon_ws3/install/custom_interfaces/lib/libcustom_interfaces__rosidl_generator_py.so
[2.837s] -- Up-to-date: /home/henrique/colcon_ws3/install/custom_interfaces/share/custom_interfaces/msg/MyMessage.idl
[2.838s] -- Up-to-date: /home/henrique/colcon_ws3/install/custom_interfaces/share/custom_interfaces/msg/MyMessage.msg
[2.838s] -- Up-to-date: /home/henrique/colcon_ws3/install/custom_interfaces/share/ament_index/resource_index/package_run_dependencies/custom_interfaces
[2.838s] -- Up-to-date: /home/henrique/colcon_ws3/install/custom_interfaces/share/ament_index/resource_index/parent_prefix_path/custom_interfaces
[2.840s] -- Up-to-date: /home/henrique/colcon_ws3/install/custom_interfaces/share/custom_interfaces/environment/ament_prefix_path.sh
[2.840s] -- Up-to-date: /home/henrique/colcon_ws3/install/custom_interfaces/share/custom_interfaces/environment/ament_prefix_path.dsv
[2.841s] -- Up-to-date: /home/henrique/colcon_ws3/install/custom_interfaces/share/custom_interfaces/environment/path.sh
[2.841s] -- Up-to-date: /home/henrique/colcon_ws3/install/custom_interfaces/share/custom_interfaces/environment/path.dsv
[2.841s] -- Up-to-date: /home/henrique/colcon_ws3/install/custom_interfaces/share/custom_interfaces/local_setup.bash
[2.842s] -- Up-to-date: /home/henrique/colcon_ws3/install/custom_interfaces/share/custom_interfaces/local_setup.sh
[2.842s] -- Up-to-date: /home/henrique/colcon_ws3/install/custom_interfaces/share/custom_interfaces/local_setup.zsh
[2.842s] -- Up-to-date: /home/henrique/colcon_ws3/install/custom_interfaces/share/custom_interfaces/local_setup.dsv
[2.842s] -- Installing: /home/henrique/colcon_ws3/install/custom_interfaces/share/custom_interfaces/package.dsv
[2.844s] -- Up-to-date: /home/henrique/colcon_ws3/install/custom_interfaces/share/ament_index/resource_index/packages/custom_interfaces
[2.846s] -- Up-to-date: /home/henrique/colcon_ws3/install/custom_interfaces/share/custom_interfaces/cmake/export_custom_interfaces__rosidl_generator_cExport.cmake
[2.847s] -- Up-to-date: /home/henrique/colcon_ws3/install/custom_interfaces/share/custom_interfaces/cmake/export_custom_interfaces__rosidl_generator_cExport-noconfig.cmake
[2.848s] -- Up-to-date: /home/henrique/colcon_ws3/install/custom_interfaces/share/custom_interfaces/cmake/export_custom_interfaces__rosidl_typesupport_fastrtps_cExport.cmake
[2.848s] -- Up-to-date: /home/henrique/colcon_ws3/install/custom_interfaces/share/custom_interfaces/cmake/export_custom_interfaces__rosidl_typesupport_fastrtps_cExport-noconfig.cmake
[2.849s] -- Up-to-date: /home/henrique/colcon_ws3/install/custom_interfaces/share/custom_interfaces/cmake/export_custom_interfaces__rosidl_generator_cppExport.cmake
[2.850s] -- Up-to-date: /home/henrique/colcon_ws3/install/custom_interfaces/share/custom_interfaces/cmake/export_custom_interfaces__rosidl_typesupport_fastrtps_cppExport.cmake
[2.851s] -- Up-to-date: /home/henrique/colcon_ws3/install/custom_interfaces/share/custom_interfaces/cmake/export_custom_interfaces__rosidl_typesupport_fastrtps_cppExport-noconfig.cmake
[2.853s] -- Up-to-date: /home/henrique/colcon_ws3/install/custom_interfaces/share/custom_interfaces/cmake/custom_interfaces__rosidl_typesupport_introspection_cExport.cmake
[2.853s] -- Up-to-date: /home/henrique/colcon_ws3/install/custom_interfaces/share/custom_interfaces/cmake/custom_interfaces__rosidl_typesupport_introspection_cExport-noconfig.cmake
[2.854s] -- Up-to-date: /home/henrique/colcon_ws3/install/custom_interfaces/share/custom_interfaces/cmake/custom_interfaces__rosidl_typesupport_cExport.cmake
[2.854s] -- Up-to-date: /home/henrique/colcon_ws3/install/custom_interfaces/share/custom_interfaces/cmake/custom_interfaces__rosidl_typesupport_cExport-noconfig.cmake
[2.857s] -- Up-to-date: /home/henrique/colcon_ws3/install/custom_interfaces/share/custom_interfaces/cmake/custom_interfaces__rosidl_typesupport_introspection_cppExport.cmake
[2.857s] -- Up-to-date: /home/henrique/colcon_ws3/install/custom_interfaces/share/custom_interfaces/cmake/custom_interfaces__rosidl_typesupport_introspection_cppExport-noconfig.cmake
[2.859s] -- Up-to-date: /home/henrique/colcon_ws3/install/custom_interfaces/share/custom_interfaces/cmake/custom_interfaces__rosidl_typesupport_cppExport.cmake
[2.860s] -- Up-to-date: /home/henrique/colcon_ws3/install/custom_interfaces/share/custom_interfaces/cmake/custom_interfaces__rosidl_typesupport_cppExport-noconfig.cmake
[2.861s] -- Up-to-date: /home/henrique/colcon_ws3/install/custom_interfaces/share/custom_interfaces/cmake/export_custom_interfaces__rosidl_generator_pyExport.cmake
[2.862s] -- Up-to-date: /home/henrique/colcon_ws3/install/custom_interfaces/share/custom_interfaces/cmake/export_custom_interfaces__rosidl_generator_pyExport-noconfig.cmake
[2.862s] -- Up-to-date: /home/henrique/colcon_ws3/install/custom_interfaces/share/custom_interfaces/cmake/rosidl_cmake-extras.cmake
[2.863s] -- Up-to-date: /home/henrique/colcon_ws3/install/custom_interfaces/share/custom_interfaces/cmake/ament_cmake_export_dependencies-extras.cmake
[2.863s] -- Up-to-date: /home/henrique/colcon_ws3/install/custom_interfaces/share/custom_interfaces/cmake/ament_cmake_export_include_directories-extras.cmake
[2.864s] -- Up-to-date: /home/henrique/colcon_ws3/install/custom_interfaces/share/custom_interfaces/cmake/ament_cmake_export_libraries-extras.cmake
[2.864s] -- Up-to-date: /home/henrique/colcon_ws3/install/custom_interfaces/share/custom_interfaces/cmake/ament_cmake_export_targets-extras.cmake
[2.865s] -- Up-to-date: /home/henrique/colcon_ws3/install/custom_interfaces/share/custom_interfaces/cmake/rosidl_cmake_export_typesupport_targets-extras.cmake
[2.865s] -- Up-to-date: /home/henrique/colcon_ws3/install/custom_interfaces/share/custom_interfaces/cmake/rosidl_cmake_export_typesupport_libraries-extras.cmake
[2.865s] -- Up-to-date: /home/henrique/colcon_ws3/install/custom_interfaces/share/custom_interfaces/cmake/custom_interfacesConfig.cmake
[2.866s] -- Up-to-date: /home/henrique/colcon_ws3/install/custom_interfaces/share/custom_interfaces/cmake/custom_interfacesConfig-version.cmake
[2.866s] -- Up-to-date: /home/henrique/colcon_ws3/install/custom_interfaces/share/custom_interfaces/package.xml
[2.876s] Invoked command in '/home/henrique/colcon_ws3/build/custom_interfaces' returned '0': CMAKE_PREFIX_PATH=${CMAKE_PREFIX_PATH}:/home/henrique/ros2_ws/install/temperature_system:/home/henrique/ros2_ws/install/temperature_monitor:/opt/ros/jazzy DEBUGINFOD_URLS=https://debuginfod.ubuntu.com /usr/bin/cmake --install /home/henrique/colcon_ws3/build/custom_interfaces
